
*****************************************
Setting OMP_NUM_THREADS environment variable for each process to be 1 in default, to avoid your system being overloaded, please further tune the variable for optimal performance in your application as needed. 
*****************************************
Hyperparameters:
  adam_eps: 1e-08
  adam_wd: 0.02
  asymmetric_logit: False
  beta1: 0.9
  beta2: 0.95
  cautious_wd: False
  compressor: brotli
  data_dir: .//data
  datasets_dir: .//data/datasets/fineweb10B_sp8192
  distributed: True
  ema_decay: 0.997
  embed_bits: 8
  embed_clip_sigmas: 20.0
  embed_lr: 0.6
  embed_wd: 0.085
  embedding_dim: 512
  enable_looping_at: 0.5
  etlb_clip: 3.0
  etlb_enabled: False
  etlb_lr: 0.05
  etlb_steps: 5
  eval_seq_len: 2048
  eval_stride: 64
  gated_attn: False
  gptq_calibration_batches: 64
  gptq_reserve_seconds: 12.0
  grad_accum_steps: 1
  grad_clip_norm: 0.3
  head_lr: 0.008
  hessian_clip_lambda: 0.0
  int5_layers_str: 
  is_main_process: True
  iterations: 20000
  ln_scale: True
  local_rank: 0
  logfile: logs/A2_repro_s0.txt
  logit_softcap: 30.0
  loop_end: 5
  loop_start: 3
  matrix_bits: 6
  matrix_clip_sigmas: 12.85
  matrix_lr: 0.02
  max_wallclock_seconds: 600.0
  min_lr: 0.0
  mixed_quant: False
  mlp_mult: 4.0
  model_dim: 512
  model_path: final_model.pt
  muon_backend_steps: 5
  muon_beta2: 0.95
  muon_momentum: 0.97
  muon_momentum_warmup_start: 0.92
  muon_momentum_warmup_steps: 1500
  muon_row_normalize: True
  muon_wd: 0.085
  n_int6_layers: 50
  ngram_agree_bonus: 0.1
  ngram_base_beta: 2.0
  ngram_open_table_bits: 26
  ngram_order_stride: 2
  ngram_tilt_enabled: True
  ngram_within_beta: 0.0
  ngram_within_threshold: 0.25
  ngram_word_beta: 0.0
  ngram_word_threshold: 0.8
  num_heads: 8
  num_kv_heads: 4
  num_layers: 11
  num_loops: 2
  parallel_residual_start: 7
  qk_gain_init: 5.0
  quantized_model_path: final_model.int6.ptz
  rank: 0
  rope_base: 10000.0
  rope_dims: 16
  rope_train_seq_len: 2048
  run_id: A2_repro_s0
  scalar_lr: 0.02
  seed: 0
  skip_gates_enabled: True
  sliding_window_enabled: True
  tie_embeddings: True
  tied_embed_init_std: 0.005
  tied_embed_lr: 0.03
  tokenizer_path: .//data/tokenizers/fineweb_8192_bpe.model
  train_batch_tokens: 786432
  train_files: .//data/datasets/fineweb10B_sp8192/fineweb_train_*.bin
  train_log_every: 500
  train_seq_len: 2048
  ttt_batch_seqs: 32
  ttt_chunk_tokens: 32768
  ttt_enabled: True
  ttt_epochs: 3
  ttt_freeze_blocks: 0
  ttt_grad_clip: 1.0
  ttt_lr: 0.005
  ttt_momentum: 0.9
  use_polar_express: False
  val_batch_tokens: 524288
  val_files: .//data/datasets/fineweb10B_sp8192/fineweb_val_*.bin
  val_loss_every: 4000
  value_residual: False
  vocab_size: 8192
  warmdown_frac: 0.667
  warmup_steps: 20
  world_size: 8
  xsa_last_n: 11
train_shards: 80
val_tokens: 40540160
model_params:35944536
gptq:reserving 12s, effective=588000ms
warmup_step: 1/20
warmup_step: 2/20
warmup_step: 3/20
warmup_step: 4/20
warmup_step: 5/20
warmup_step: 6/20
warmup_step: 10/20
warmup_step: 20/20
loop_warmup:enabled encoder:[0, 1, 2, 3, 4, 5, 3, 4] decoder:[5, 3, 4, 5, 6, 7, 8, 9, 10]
loop_warmup_step: 1/20
loop_warmup_step: 2/20
loop_warmup_step: 3/20
loop_warmup_step: 4/20
loop_warmup_step: 5/20
loop_warmup_step: 6/20
loop_warmup_step: 10/20
loop_warmup_step: 20/20
0/20000 val_loss: 9.0072 val_bpb: 3.4870
1/20000 train_loss: 9.0086 train_time: 0.0m tok/s: 8243511
2/20000 train_loss: 12.3326 train_time: 0.0m tok/s: 8204649
3/20000 train_loss: 11.0305 train_time: 0.0m tok/s: 8091009
4/20000 train_loss: 9.5365 train_time: 0.0m tok/s: 8044283
5/20000 train_loss: 8.4303 train_time: 0.0m tok/s: 8014616
500/20000 train_loss: 3.3749 train_time: 0.8m tok/s: 7792096
1000/20000 train_loss: 3.2672 train_time: 1.7m tok/s: 7804500
1500/20000 train_loss: 3.1774 train_time: 2.5m tok/s: 7810960
2000/20000 train_loss: 3.0897 train_time: 3.4m tok/s: 7815743
2500/20000 train_loss: 3.1727 train_time: 4.2m tok/s: 7818065
layer_loop:enabled step:2924 frac:0.500 encoder:[0, 1, 2, 3, 4, 5, 3, 4] decoder:[5, 3, 4, 5, 6, 7, 8, 9, 10]
3000/20000 train_loss: 2.9591 train_time: 5.1m tok/s: 7727474
3500/20000 train_loss: 2.9792 train_time: 6.3m tok/s: 7257086
4000/20000 train_loss: 2.8559 train_time: 7.6m tok/s: 6940698
4000/20000 val_loss: 2.9142 val_bpb: 1.1282
4500/20000 train_loss: 2.8807 train_time: 8.8m tok/s: 6712623
4911/20000 val_loss: 2.8072 val_bpb: 1.0868
stopping_early: wallclock_cap train_time: 588052ms step: 4911/20000
peak memory allocated: 39046 MiB reserved: 39070 MiB
ema:applying EMA weights
pre-quantization post-ema val_loss:2.80748765 val_bpb:1.08686596 eval_time:6382ms
Serialized model: 135431033 bytes
Code size: 19387 bytes
GPTQ:collecting Hessians from calibration data...
GPTQ:collected 67 Hessians in 12.8s
Quantized weights:
  gptq (int6): blocks.attn.c_k.weight, blocks.attn.c_q.weight, blocks.attn.c_v.weight, blocks.attn.proj.weight, blocks.mlp.fc.weight, blocks.mlp.proj.weight
  gptq (int8): tok_emb.weight
  passthrough (float16): blocks.attn.q_gain, blocks.attn_scale, blocks.mlp_scale, blocks.resid_mix, skip_gates, skip_weights
Serialized model quantized+brotli: 15973959 bytes
Total submission size quantized+brotli: 15993346 bytes
quantized val_loss:2.83553169 val_bpb:1.09772268 eval_time:8714ms
quantized_sliding_window val_loss:2.79238613 val_bpb:1.08101969 eval_time:91781ms
ngram_tilt:precompute n_tok=40540161 hints=9560451 (23.58%) elapsed=33.0s base_beta=2.0 within_beta=0.0 agree_bonus=0.1
ttt_sliding:start chunks=1238 chunk_tokens=32768 total_windows=633409 stride=64 ttt_lr=0.005 ttt_epochs=3 freeze_blocks=0
ttt_sliding:params unfrozen=35944536 frozen=0
  ttt_chunk [1/1238] bpb=1.119094 time=4.8s
  ttt_chunk [11/1238] bpb=1.070516 time=9.4s
  ttt_chunk [21/1238] bpb=1.107145 time=12.1s
  ttt_chunk [31/1238] bpb=1.100273 time=14.7s
  ttt_chunk [41/1238] bpb=1.093650 time=17.4s
  ttt_chunk [51/1238] bpb=1.087515 time=20.1s
  ttt_chunk [61/1238] bpb=1.079426 time=22.7s
  ttt_chunk [71/1238] bpb=1.086541 time=25.4s
  ttt_chunk [81/1238] bpb=1.079778 time=28.1s
  ttt_chunk [91/1238] bpb=1.076220 time=30.8s
  ttt_chunk [101/1238] bpb=1.075967 time=33.4s
  ttt_chunk [111/1238] bpb=1.074348 time=36.1s
  ttt_chunk [121/1238] bpb=1.077391 time=38.8s
  ttt_chunk [131/1238] bpb=1.081103 time=41.5s
  ttt_chunk [141/1238] bpb=1.081543 time=44.2s
  ttt_chunk [151/1238] bpb=1.081287 time=46.9s
  ttt_chunk [161/1238] bpb=1.081698 time=49.5s
  ttt_chunk [171/1238] bpb=1.081652 time=52.2s
  ttt_chunk [181/1238] bpb=1.080120 time=54.9s
  ttt_chunk [191/1238] bpb=1.079836 time=57.6s
  ttt_chunk [201/1238] bpb=1.077408 time=60.3s
  ttt_chunk [211/1238] bpb=1.081871 time=62.9s
  ttt_chunk [221/1238] bpb=1.082261 time=65.6s
  ttt_chunk [231/1238] bpb=1.083979 time=68.2s
  ttt_chunk [241/1238] bpb=1.082099 time=70.9s
  ttt_chunk [251/1238] bpb=1.082077 time=73.6s
  ttt_chunk [261/1238] bpb=1.083177 time=76.2s
  ttt_chunk [271/1238] bpb=1.083661 time=78.9s
  ttt_chunk [281/1238] bpb=1.082986 time=81.5s
  ttt_chunk [291/1238] bpb=1.084183 time=84.2s
  ttt_chunk [301/1238] bpb=1.084374 time=86.9s
  ttt_chunk [311/1238] bpb=1.083278 time=89.6s
  ttt_chunk [321/1238] bpb=1.083083 time=92.3s
  ttt_chunk [331/1238] bpb=1.083346 time=94.9s
  ttt_chunk [341/1238] bpb=1.082473 time=97.6s
  ttt_chunk [351/1238] bpb=1.083215 time=100.3s
  ttt_chunk [361/1238] bpb=1.082158 time=103.0s
  ttt_chunk [371/1238] bpb=1.080580 time=105.6s
  ttt_chunk [381/1238] bpb=1.081051 time=108.3s
  ttt_chunk [391/1238] bpb=1.080724 time=111.0s
  ttt_chunk [401/1238] bpb=1.080802 time=113.6s
  ttt_chunk [411/1238] bpb=1.081371 time=116.3s
  ttt_chunk [421/1238] bpb=1.080868 time=119.0s
  ttt_chunk [431/1238] bpb=1.081074 time=121.7s
  ttt_chunk [441/1238] bpb=1.081137 time=124.3s
  ttt_chunk [451/1238] bpb=1.082349 time=127.0s
  ttt_chunk [461/1238] bpb=1.080627 time=129.7s
  ttt_chunk [471/1238] bpb=1.080593 time=132.3s
  ttt_chunk [481/1238] bpb=1.080727 time=135.7s
  ttt_chunk [491/1238] bpb=1.081128 time=138.4s
  ttt_chunk [501/1238] bpb=1.080760 time=141.1s
  ttt_chunk [511/1238] bpb=1.080389 time=143.8s
  ttt_chunk [521/1238] bpb=1.079907 time=146.8s
  ttt_chunk [531/1238] bpb=1.079883 time=149.5s
  ttt_chunk [541/1238] bpb=1.080008 time=152.3s
  ttt_chunk [551/1238] bpb=1.079540 time=155.0s
  ttt_chunk [561/1238] bpb=1.078827 time=157.7s
  ttt_chunk [571/1238] bpb=1.078288 time=160.4s
  ttt_chunk [581/1238] bpb=1.078667 time=163.1s
  ttt_chunk [591/1238] bpb=1.078863 time=165.8s
  ttt_chunk [601/1238] bpb=1.078786 time=168.5s
  ttt_chunk [611/1238] bpb=1.079363 time=171.2s
  ttt_chunk [621/1238] bpb=1.080215 time=173.9s
  ttt_chunk [631/1238] bpb=1.080300 time=176.6s
  ttt_chunk [641/1238] bpb=1.080771 time=179.3s
  ttt_chunk [651/1238] bpb=1.081129 time=182.0s
  ttt_chunk [661/1238] bpb=1.080476 time=184.7s
  ttt_chunk [671/1238] bpb=1.080222 time=187.3s
  ttt_chunk [681/1238] bpb=1.081542 time=190.0s
  ttt_chunk [691/1238] bpb=1.081719 time=192.8s
  ttt_chunk [701/1238] bpb=1.081527 time=195.5s
  ttt_chunk [711/1238] bpb=1.082201 time=198.2s
  ttt_chunk [721/1238] bpb=1.082501 time=200.9s
  ttt_chunk [731/1238] bpb=1.081851 time=203.6s
  ttt_chunk [741/1238] bpb=1.081537 time=206.3s
  ttt_chunk [751/1238] bpb=1.080625 time=209.0s
  ttt_chunk [761/1238] bpb=1.080037 time=211.7s
  ttt_chunk [771/1238] bpb=1.079048 time=214.4s
  ttt_chunk [781/1238] bpb=1.079021 time=217.1s
  ttt_chunk [791/1238] bpb=1.079360 time=219.8s
  ttt_chunk [801/1238] bpb=1.079628 time=222.5s
  ttt_chunk [811/1238] bpb=1.079147 time=225.2s
  ttt_chunk [821/1238] bpb=1.077965 time=227.9s
  ttt_chunk [831/1238] bpb=1.077633 time=230.6s
  ttt_chunk [841/1238] bpb=1.077156 time=233.3s
  ttt_chunk [851/1238] bpb=1.076836 time=236.0s
  ttt_chunk [861/1238] bpb=1.076485 time=238.6s
  ttt_chunk [871/1238] bpb=1.076377 time=241.3s
  ttt_chunk [881/1238] bpb=1.075934 time=244.0s
  ttt_chunk [891/1238] bpb=1.075399 time=246.7s
  ttt_chunk [901/1238] bpb=1.075777 time=249.4s
  ttt_chunk [911/1238] bpb=1.075470 time=252.1s
  ttt_chunk [921/1238] bpb=1.075732 time=254.8s
  ttt_chunk [931/1238] bpb=1.076414 time=257.5s
  ttt_chunk [941/1238] bpb=1.076801 time=260.1s
  ttt_chunk [951/1238] bpb=1.076714 time=262.8s
  ttt_chunk [961/1238] bpb=1.077535 time=265.5s
  ttt_chunk [971/1238] bpb=1.077932 time=268.2s
  ttt_chunk [981/1238] bpb=1.078309 time=270.8s
  ttt_chunk [991/1238] bpb=1.078099 time=273.5s
  ttt_chunk [1001/1238] bpb=1.078168 time=276.2s
  ttt_chunk [1011/1238] bpb=1.078491 time=278.9s
  ttt_chunk [1021/1238] bpb=1.079213 time=281.5s
  ttt_chunk [1031/1238] bpb=1.079718 time=284.2s
  ttt_chunk [1041/1238] bpb=1.080188 time=286.9s
  ttt_chunk [1051/1238] bpb=1.080118 time=289.5s
  ttt_chunk [1061/1238] bpb=1.080092 time=292.2s
  ttt_chunk [1071/1238] bpb=1.080230 time=294.9s
  ttt_chunk [1081/1238] bpb=1.080119 time=297.5s
  ttt_chunk [1091/1238] bpb=1.080304 time=300.2s
  ttt_chunk [1101/1238] bpb=1.080846 time=302.9s
  ttt_chunk [1111/1238] bpb=1.081128 time=305.6s
  ttt_chunk [1121/1238] bpb=1.081294 time=308.2s
  ttt_chunk [1131/1238] bpb=1.080949 time=310.9s
  ttt_chunk [1141/1238] bpb=1.080626 time=313.6s
  ttt_chunk [1151/1238] bpb=1.080665 time=316.3s
  ttt_chunk [1161/1238] bpb=1.080792 time=318.9s
  ttt_chunk [1171/1238] bpb=1.080566 time=321.6s
  ttt_chunk [1181/1238] bpb=1.080081 time=324.3s
  ttt_chunk [1191/1238] bpb=1.080202 time=326.9s
  ttt_chunk [1201/1238] bpb=1.080294 time=329.6s
  ttt_chunk [1211/1238] bpb=1.079964 time=332.3s
  ttt_chunk [1221/1238] bpb=1.079514 time=335.0s
  ttt_chunk [1231/1238] bpb=1.079141 time=337.6s
  ttt_chunk [1238/1238] bpb=1.079139 time=341.6s
ttt_sliding:done val_loss=2.787901 val_bpb=1.079283 elapsed=341.6s
legal_ttt_exact val_loss:2.78790132 val_bpb:1.07928348 eval_time:341841ms
