
*****************************************
Setting OMP_NUM_THREADS environment variable for each process to be 1 in default, to avoid your system being overloaded, please further tune the variable for optimal performance in your application as needed. 
*****************************************
Hyperparameters:
  adam_eps: 1e-08
  adam_wd: 0.02
  artifact_dir: 
  attn_clip_sigmas: 13.0
  beta1: 0.9
  beta2: 0.95
  compressor: brotli
  data_dir: /home/dex/parameter-golf-with-cc/data
  datasets_dir: /home/dex/parameter-golf-with-cc/data/datasets/fineweb10B_sp8192
  distributed: True
  ema_decay: 0.9965
  embed_bits: 7
  embed_clip_sigmas: 15.0
  embed_lr: 0.6
  embed_wd: 0.085
  enable_looping_at: 0.35
  eval_seq_len: 2048
  eval_stride: 64
  global_ttt_batch_seqs: 32
  global_ttt_chunk_tokens: 32768
  global_ttt_epochs: 1
  global_ttt_grad_clip: 1.0
  global_ttt_lr: 0.001
  global_ttt_momentum: 0.9
  global_ttt_respect_doc_boundaries: True
  global_ttt_warmup_chunks: 0
  global_ttt_warmup_start_lr: 0.0
  gptq_calibration_batches: 16
  gptq_reserve_seconds: 4.0
  grad_accum_steps: 1
  grad_clip_norm: 0.3
  is_main_process: True
  iterations: 20000
  ln_scale: True
  local_rank: 0
  logfile: logs/PR1530_submission_s1234.txt
  logit_softcap: 30.0
  loop_end: 5
  loop_start: 3
  matrix_bits: 6
  matrix_clip_sigmas: 12.85
  matrix_lr: 0.026
  max_wallclock_seconds: 600.0
  min_lr: 0.0
  mlp_clip_sigmas: 12.0
  mlp_mult: 4.0
  model_dim: 512
  model_path: final_model.pt
  muon_backend_steps: 5
  muon_momentum: 0.97
  muon_momentum_warmup_start: 0.92
  muon_momentum_warmup_steps: 1500
  muon_row_normalize: True
  muon_wd: 0.095
  num_heads: 8
  num_kv_heads: 4
  num_layers: 11
  num_loops: 2
  parallel_final_lane: mean
  parallel_start_layer: 8
  phased_ttt_enabled: True
  phased_ttt_num_phases: 3
  phased_ttt_prefix_docs: 2000
  qk_gain_init: 5.0
  quantized_model_path: final_model.int6.ptz
  rank: 0
  rope_base: 10000.0
  rope_dims: 16
  rope_train_seq_len: 2048
  rope_yarn: False
  run_id: PR1530_submission_s1234
  scalar_lr: 0.02
  seed: 1234
  skip_gates_enabled: True
  sliding_window_enabled: False
  tie_embeddings: True
  tied_embed_init_std: 0.005
  tied_embed_lr: 0.03
  tokenizer_path: /home/dex/parameter-golf-with-cc/data/tokenizers/fineweb_8192_bpe.model
  train_batch_tokens: 786432
  train_files: /home/dex/parameter-golf-with-cc/data/datasets/fineweb10B_sp8192/fineweb_train_*.bin
  train_log_every: 500
  train_seq_len: 2048
  ttt_batch_size: 64
  ttt_beta1: 0.0
  ttt_beta2: 0.999
  ttt_chunk_size: 48
  ttt_enabled: True
  ttt_eval_batches: 
  ttt_eval_seq_len: 2048
  ttt_grad_steps: 1
  ttt_k_lora: True
  ttt_lora_lr: 0.0001
  ttt_lora_rank: 96
  ttt_mlp_lora: True
  ttt_o_lora: True
  ttt_optimizer: adam
  ttt_weight_decay: 0.5
  val_batch_tokens: 524288
  val_doc_fraction: 1.0
  val_files: /home/dex/parameter-golf-with-cc/data/datasets/fineweb10B_sp8192/fineweb_val_*.bin
  val_loss_every: 4000
  vocab_size: 8192
  warmdown_frac: 0.75
  warmup_steps: 20
  world_size: 8
  xsa_last_n: 11
train_shards: 80
val_tokens: 40540160
model_params:35944602
gptq:reserving 4s, effective=596000ms
warmup_cu_buckets:64,128,192,256 iters_each:3
warmup_step: 1/20
warmup_step: 2/20
warmup_step: 3/20
warmup_step: 4/20
warmup_step: 5/20
warmup_step: 6/20
warmup_step: 10/20
warmup_step: 20/20
loop_warmup:enabled encoder:[0, 1, 2, 3, 4, 5, 3, 4] decoder:[5, 3, 4, 5, 6, 7, 8, 9, 10]
loop_warmup_step: 1/20
loop_warmup_step: 2/20
loop_warmup_step: 3/20
loop_warmup_step: 4/20
loop_warmup_step: 5/20
loop_warmup_step: 6/20
loop_warmup_step: 10/20
loop_warmup_step: 20/20
0/20000 val_loss: 9.0095 val_bpb: 3.4878
1/20000 train_loss: 9.0098 train_time: 0.0m tok/s: 16626117
2/20000 train_loss: 12.2701 train_time: 0.0m tok/s: 12887317
3/20000 train_loss: 11.1801 train_time: 0.0m tok/s: 11034698
4/20000 train_loss: 9.5353 train_time: 0.0m tok/s: 10273878
5/20000 train_loss: 8.1764 train_time: 0.0m tok/s: 9885434
500/20000 train_loss: 3.2654 train_time: 0.8m tok/s: 8336500
1000/20000 train_loss: 3.0248 train_time: 1.6m tok/s: 8315147
1500/20000 train_loss: 3.0306 train_time: 2.4m tok/s: 8305656
2000/20000 train_loss: 2.9797 train_time: 3.2m tok/s: 8304897
layer_loop:enabled step:2202 frac:0.350 encoder:[0, 1, 2, 3, 4, 5, 3, 4] decoder:[5, 3, 4, 5, 6, 7, 8, 9, 10]
2500/20000 train_loss: 3.0741 train_time: 4.2m tok/s: 7865983
3000/20000 train_loss: 2.9126 train_time: 5.3m tok/s: 7386627
3500/20000 train_loss: 2.9831 train_time: 6.5m tok/s: 7079521
4000/20000 train_loss: 2.9163 train_time: 7.7m tok/s: 6832771
4000/20000 val_loss: 2.8894 val_bpb: 1.1185
4500/20000 train_loss: 2.8685 train_time: 8.8m tok/s: 6679868
4977/20000 val_loss: 2.7699 val_bpb: 1.0723
stopping_early: wallclock_cap train_time: 596178ms step: 4977/20000
peak memory allocated: 40019 MiB reserved: 44090 MiB
ema:applying EMA weights
diagnostic pre-quantization post-ema val_loss:2.76850677 val_bpb:1.07174070 eval_time:5761ms
Serialized model: 135409136 bytes
Code size (uncompressed): 122168 bytes
Code size (compressed): 27610 bytes
GPTQ:collecting Hessians from calibration data...
GPTQ:collected 67 Hessians in 3.4s
Quantized weights:
  gptq (int6): blocks.attn.c_k.weight, blocks.attn.c_q.weight, blocks.attn.c_v.weight, blocks.attn.proj.weight, blocks.mlp.fc.weight, blocks.mlp.proj.weight
  gptq (int7): tok_emb.weight
  passthrough (float16): blocks.attn.q_gain, blocks.attn_scale, blocks.mlp_scale, blocks.resid_mix, parallel_post_lambdas, parallel_resid_lambdas, skip_gates, skip_weights
Serialized model quantized+brotli: 15904809 bytes
Total submission size quantized+brotli: 15932419 bytes
diagnostic quantized val_loss:2.79819549 val_bpb:1.08323376 eval_time:9057ms
ttt_lora:warming up compile (random tokens, no val data)
ttt_lora:compile warmup done (80.8s)

beginning TTT eval timer
ttt_phased: total_docs:50000 prefix_docs:2000 suffix_docs:48000 num_phases:3 boundaries:[666, 1333, 2000]
ttp: b777/782 bl:2.7262 bb:1.0904 rl:2.7262 rb:1.0904 dl:7190-7938 gd:0
ttp: b772/782 bl:2.7655 bb:1.1061 rl:2.7420 rb:1.0967 dl:4937-5193 gd:0
ttp: b767/782 bl:2.7536 bb:1.0994 rl:2.7448 rb:1.0974 dl:3963-4123 gd:0
ttpp: phase:1/3 pd:1104 gd:666 t:142.4s
tttg: c1/95 lr:0.001000 t:0.3s
tttg: c2/95 lr:0.001000 t:0.4s
tttg: c3/95 lr:0.000999 t:0.4s
tttg: c4/95 lr:0.000997 t:0.5s
tttg: c5/95 lr:0.000996 t:0.6s
tttg: c6/95 lr:0.000993 t:0.7s
tttg: c7/95 lr:0.000990 t:0.7s
tttg: c8/95 lr:0.000986 t:0.8s
tttg: c9/95 lr:0.000982 t:0.9s
tttg: c10/95 lr:0.000978 t:0.9s
tttg: c11/95 lr:0.000972 t:1.0s
tttg: c12/95 lr:0.000967 t:1.1s
tttg: c13/95 lr:0.000960 t:1.2s
tttg: c14/95 lr:0.000954 t:1.2s
tttg: c15/95 lr:0.000946 t:1.3s
tttg: c16/95 lr:0.000938 t:1.4s
tttg: c17/95 lr:0.000930 t:1.4s
tttg: c18/95 lr:0.000921 t:1.5s
tttg: c19/95 lr:0.000912 t:1.6s
tttg: c20/95 lr:0.000903 t:1.6s
tttg: c21/95 lr:0.000892 t:1.7s
tttg: c22/95 lr:0.000882 t:1.8s
tttg: c23/95 lr:0.000871 t:1.9s
tttg: c24/95 lr:0.000859 t:1.9s
tttg: c25/95 lr:0.000848 t:2.0s
tttg: c26/95 lr:0.000835 t:2.1s
tttg: c27/95 lr:0.000823 t:2.1s
tttg: c28/95 lr:0.000810 t:2.2s
tttg: c29/95 lr:0.000797 t:2.3s
tttg: c30/95 lr:0.000783 t:2.3s
tttg: c31/95 lr:0.000769 t:2.4s
tttg: c32/95 lr:0.000755 t:2.5s
tttg: c33/95 lr:0.000740 t:2.6s
tttg: c34/95 lr:0.000726 t:2.6s
tttg: c35/95 lr:0.000710 t:2.7s
tttg: c36/95 lr:0.000695 t:2.8s
tttg: c37/95 lr:0.000680 t:2.8s
tttg: c38/95 lr:0.000664 t:2.9s
tttg: c39/95 lr:0.000648 t:3.0s
tttg: c40/95 lr:0.000632 t:3.1s
tttg: c41/95 lr:0.000616 t:3.1s
tttg: c42/95 lr:0.000600 t:3.2s
tttg: c43/95 lr:0.000583 t:3.3s
tttg: c44/95 lr:0.000567 t:3.3s
tttg: c45/95 lr:0.000550 t:3.4s
tttg: c46/95 lr:0.000533 t:3.5s
tttg: c47/95 lr:0.000517 t:3.5s
tttg: c48/95 lr:0.000500 t:3.6s
tttg: c49/95 lr:0.000483 t:3.7s
tttg: c50/95 lr:0.000467 t:3.7s
tttg: c51/95 lr:0.000450 t:3.8s
tttg: c52/95 lr:0.000433 t:3.9s
tttg: c53/95 lr:0.000417 t:4.0s
tttg: c54/95 lr:0.000400 t:4.0s
tttg: c55/95 lr:0.000384 t:4.1s
tttg: c56/95 lr:0.000368 t:4.2s
tttg: c57/95 lr:0.000352 t:4.2s
tttg: c58/95 lr:0.000336 t:4.3s
tttg: c59/95 lr:0.000320 t:4.4s
tttg: c60/95 lr:0.000305 t:4.5s
tttg: c61/95 lr:0.000290 t:4.5s
tttg: c62/95 lr:0.000274 t:4.6s
tttg: c63/95 lr:0.000260 t:4.7s
tttg: c64/95 lr:0.000245 t:4.7s
tttg: c65/95 lr:0.000231 t:4.8s
tttg: c66/95 lr:0.000217 t:4.9s
tttg: c67/95 lr:0.000203 t:4.9s
tttg: c68/95 lr:0.000190 t:5.0s
tttg: c69/95 lr:0.000177 t:5.1s
tttg: c70/95 lr:0.000165 t:5.2s
tttg: c71/95 lr:0.000152 t:5.2s
tttg: c72/95 lr:0.000141 t:5.3s
tttg: c73/95 lr:0.000129 t:5.4s
tttg: c74/95 lr:0.000118 t:5.4s
tttg: c75/95 lr:0.000108 t:5.5s
tttg: c76/95 lr:0.000097 t:5.6s
tttg: c77/95 lr:0.000088 t:5.6s
tttg: c78/95 lr:0.000079 t:5.7s
tttg: c79/95 lr:0.000070 t:5.8s
tttg: c80/95 lr:0.000062 t:5.9s
tttg: c81/95 lr:0.000054 t:5.9s
tttg: c82/95 lr:0.000046 t:6.0s
tttg: c83/95 lr:0.000040 t:6.1s
tttg: c84/95 lr:0.000033 t:6.1s
tttg: c85/95 lr:0.000028 t:6.2s
tttg: c86/95 lr:0.000022 t:6.3s
tttg: c87/95 lr:0.000018 t:6.3s
tttg: c88/95 lr:0.000014 t:6.4s
tttg: c89/95 lr:0.000010 t:6.5s
tttg: c90/95 lr:0.000007 t:6.6s
tttg: c91/95 lr:0.000004 t:6.6s
tttg: c92/95 lr:0.000003 t:6.7s
tttg: c93/95 lr:0.000001 t:6.8s
tttg: c94/95 lr:0.000000 t:6.8s
ttpr: phase:1/3 t:151.1s
ttp: b760/782 bl:2.8394 bb:1.1151 rl:2.7604 rb:1.1003 dl:3255-3334 gd:0
ttp: b754/782 bl:2.6836 bb:1.0530 rl:2.7508 rb:1.0943 dl:2839-2899 gd:0
ttpp: phase:2/3 pd:1808 gd:1333 t:207.8s
tttg: c1/158 lr:0.001000 t:0.1s
tttg: c2/158 lr:0.001000 t:0.1s
tttg: c3/158 lr:0.001000 t:0.2s
tttg: c4/158 lr:0.000999 t:0.3s
tttg: c5/158 lr:0.000998 t:0.4s
tttg: c6/158 lr:0.000997 t:0.4s
tttg: c7/158 lr:0.000996 t:0.5s
tttg: c8/158 lr:0.000995 t:0.6s
tttg: c9/158 lr:0.000994 t:0.6s
tttg: c10/158 lr:0.000992 t:0.7s
tttg: c11/158 lr:0.000990 t:0.8s
tttg: c12/158 lr:0.000988 t:0.8s
tttg: c13/158 lr:0.000986 t:0.9s
tttg: c14/158 lr:0.000983 t:1.0s
tttg: c15/158 lr:0.000981 t:1.1s
tttg: c16/158 lr:0.000978 t:1.1s
tttg: c17/158 lr:0.000975 t:1.2s
tttg: c18/158 lr:0.000971 t:1.3s
tttg: c19/158 lr:0.000968 t:1.3s
tttg: c20/158 lr:0.000964 t:1.4s
tttg: c21/158 lr:0.000960 t:1.5s
tttg: c22/158 lr:0.000957 t:1.5s
tttg: c23/158 lr:0.000952 t:1.6s
tttg: c24/158 lr:0.000948 t:1.7s
tttg: c25/158 lr:0.000943 t:1.8s
tttg: c26/158 lr:0.000939 t:1.8s
tttg: c27/158 lr:0.000934 t:1.9s
tttg: c28/158 lr:0.000929 t:2.0s
tttg: c29/158 lr:0.000924 t:2.0s
tttg: c30/158 lr:0.000918 t:2.1s
tttg: c31/158 lr:0.000913 t:2.2s
tttg: c32/158 lr:0.000907 t:2.3s
tttg: c33/158 lr:0.000901 t:2.3s
tttg: c34/158 lr:0.000895 t:2.4s
tttg: c35/158 lr:0.000889 t:2.5s
tttg: c36/158 lr:0.000882 t:2.5s
tttg: c37/158 lr:0.000876 t:2.6s
tttg: c38/158 lr:0.000869 t:2.7s
tttg: c39/158 lr:0.000862 t:2.8s
tttg: c40/158 lr:0.000855 t:2.8s
tttg: c41/158 lr:0.000848 t:2.9s
tttg: c42/158 lr:0.000841 t:3.0s
tttg: c43/158 lr:0.000834 t:3.0s
tttg: c44/158 lr:0.000826 t:3.1s
tttg: c45/158 lr:0.000818 t:3.2s
tttg: c46/158 lr:0.000811 t:3.3s
tttg: c47/158 lr:0.000803 t:3.3s
tttg: c48/158 lr:0.000795 t:3.4s
tttg: c49/158 lr:0.000787 t:3.5s
tttg: c50/158 lr:0.000778 t:3.6s
tttg: c51/158 lr:0.000770 t:3.6s
tttg: c52/158 lr:0.000761 t:3.7s
tttg: c53/158 lr:0.000753 t:3.8s
tttg: c54/158 lr:0.000744 t:3.8s
tttg: c55/158 lr:0.000735 t:3.9s
tttg: c56/158 lr:0.000727 t:4.0s
tttg: c57/158 lr:0.000718 t:4.0s
tttg: c58/158 lr:0.000709 t:4.1s
tttg: c59/158 lr:0.000699 t:4.2s
tttg: c60/158 lr:0.000690 t:4.3s
tttg: c61/158 lr:0.000681 t:4.3s
tttg: c62/158 lr:0.000672 t:4.4s
tttg: c63/158 lr:0.000662 t:4.5s
tttg: c64/158 lr:0.000653 t:4.5s
tttg: c65/158 lr:0.000643 t:4.6s
tttg: c66/158 lr:0.000633 t:4.7s
tttg: c67/158 lr:0.000624 t:4.8s
tttg: c68/158 lr:0.000614 t:4.8s
tttg: c69/158 lr:0.000604 t:4.9s
tttg: c70/158 lr:0.000594 t:5.0s
tttg: c71/158 lr:0.000585 t:5.0s
tttg: c72/158 lr:0.000575 t:5.1s
tttg: c73/158 lr:0.000565 t:5.2s
tttg: c74/158 lr:0.000555 t:5.3s
tttg: c75/158 lr:0.000545 t:5.3s
tttg: c76/158 lr:0.000535 t:5.4s
tttg: c77/158 lr:0.000525 t:5.5s
tttg: c78/158 lr:0.000515 t:5.5s
tttg: c79/158 lr:0.000505 t:5.6s
tttg: c80/158 lr:0.000495 t:5.7s
tttg: c81/158 lr:0.000485 t:5.8s
tttg: c82/158 lr:0.000475 t:5.8s
tttg: c83/158 lr:0.000465 t:5.9s
tttg: c84/158 lr:0.000455 t:6.0s
tttg: c85/158 lr:0.000445 t:6.0s
tttg: c86/158 lr:0.000435 t:6.1s
tttg: c87/158 lr:0.000425 t:6.2s
tttg: c88/158 lr:0.000415 t:6.3s
tttg: c89/158 lr:0.000406 t:6.3s
tttg: c90/158 lr:0.000396 t:6.4s
tttg: c91/158 lr:0.000386 t:6.5s
tttg: c92/158 lr:0.000376 t:6.5s
tttg: c93/158 lr:0.000367 t:6.6s
tttg: c94/158 lr:0.000357 t:6.7s
tttg: c95/158 lr:0.000347 t:6.8s
tttg: c96/158 lr:0.000338 t:6.8s
tttg: c97/158 lr:0.000328 t:6.9s
tttg: c98/158 lr:0.000319 t:7.0s
tttg: c99/158 lr:0.000310 t:7.0s
tttg: c100/158 lr:0.000301 t:7.1s
tttg: c101/158 lr:0.000291 t:7.2s
tttg: c102/158 lr:0.000282 t:7.3s
tttg: c103/158 lr:0.000273 t:7.3s
tttg: c104/158 lr:0.000265 t:7.4s
tttg: c105/158 lr:0.000256 t:7.5s
tttg: c106/158 lr:0.000247 t:7.5s
tttg: c107/158 lr:0.000239 t:7.6s
tttg: c108/158 lr:0.000230 t:7.7s
tttg: c109/158 lr:0.000222 t:7.8s
tttg: c110/158 lr:0.000213 t:7.8s
tttg: c111/158 lr:0.000205 t:7.9s
tttg: c112/158 lr:0.000197 t:8.0s
tttg: c113/158 lr:0.000189 t:8.0s
tttg: c114/158 lr:0.000182 t:8.1s
tttg: c115/158 lr:0.000174 t:8.2s
tttg: c116/158 lr:0.000166 t:8.2s
tttg: c117/158 lr:0.000159 t:8.3s
tttg: c118/158 lr:0.000152 t:8.4s
tttg: c119/158 lr:0.000145 t:8.5s
tttg: c120/158 lr:0.000138 t:8.5s
tttg: c121/158 lr:0.000131 t:8.6s
tttg: c122/158 lr:0.000124 t:8.7s
tttg: c123/158 lr:0.000118 t:8.8s
tttg: c124/158 lr:0.000111 t:8.8s
tttg: c125/158 lr:0.000105 t:8.9s
tttg: c126/158 lr:0.000099 t:9.0s
tttg: c127/158 lr:0.000093 t:9.0s
tttg: c128/158 lr:0.000087 t:9.1s
tttg: c129/158 lr:0.000082 t:9.2s
tttg: c130/158 lr:0.000076 t:9.2s
tttg: c131/158 lr:0.000071 t:9.3s
tttg: c132/158 lr:0.000066 t:9.4s
tttg: c133/158 lr:0.000061 t:9.5s
tttg: c134/158 lr:0.000057 t:9.5s
tttg: c135/158 lr:0.000052 t:9.6s
tttg: c136/158 lr:0.000048 t:9.7s
tttg: c137/158 lr:0.000043 t:9.7s
tttg: c138/158 lr:0.000040 t:9.8s
tttg: c139/158 lr:0.000036 t:9.9s
tttg: c140/158 lr:0.000032 t:10.0s
tttg: c141/158 lr:0.000029 t:10.0s
tttg: c142/158 lr:0.000025 t:10.1s
tttg: c143/158 lr:0.000022 t:10.2s
tttg: c144/158 lr:0.000019 t:10.2s
tttg: c145/158 lr:0.000017 t:10.3s
tttg: c146/158 lr:0.000014 t:10.4s
tttg: c147/158 lr:0.000012 t:10.5s
tttg: c148/158 lr:0.000010 t:10.5s
tttg: c149/158 lr:0.000008 t:10.6s
tttg: c150/158 lr:0.000006 t:10.7s
tttg: c151/158 lr:0.000005 t:10.7s
tttg: c152/158 lr:0.000004 t:10.8s
tttg: c153/158 lr:0.000003 t:10.9s
tttg: c154/158 lr:0.000002 t:11.0s
tttg: c155/158 lr:0.000001 t:11.0s
tttg: c156/158 lr:0.000000 t:11.1s
tttg: c157/158 lr:0.000000 t:11.2s
ttpr: phase:2/3 t:220.8s
ttp: b753/782 bl:2.7439 bb:1.0465 rl:2.7500 rb:1.0889 dl:2795-2838 gd:0
ttpp: phase:3/3 pd:2448 gd:2000 t:233.9s
tttg: c1/213 lr:0.001000 t:0.1s
tttg: c2/213 lr:0.001000 t:0.1s
tttg: c3/213 lr:0.001000 t:0.2s
tttg: c4/213 lr:0.001000 t:0.3s
tttg: c5/213 lr:0.000999 t:0.4s
tttg: c6/213 lr:0.000999 t:0.4s
tttg: c7/213 lr:0.000998 t:0.5s
tttg: c8/213 lr:0.000997 t:0.6s
tttg: c9/213 lr:0.000996 t:0.6s
tttg: c10/213 lr:0.000996 t:0.7s
tttg: c11/213 lr:0.000995 t:0.8s
tttg: c12/213 lr:0.000993 t:0.9s
tttg: c13/213 lr:0.000992 t:0.9s
tttg: c14/213 lr:0.000991 t:1.0s
tttg: c15/213 lr:0.000989 t:1.1s
tttg: c16/213 lr:0.000988 t:1.1s
tttg: c17/213 lr:0.000986 t:1.2s
tttg: c18/213 lr:0.000984 t:1.3s
tttg: c19/213 lr:0.000982 t:1.3s
tttg: c20/213 lr:0.000980 t:1.4s
tttg: c21/213 lr:0.000978 t:1.5s
tttg: c22/213 lr:0.000976 t:1.6s
tttg: c23/213 lr:0.000974 t:1.6s
tttg: c24/213 lr:0.000971 t:1.7s
tttg: c25/213 lr:0.000969 t:1.8s
tttg: c26/213 lr:0.000966 t:1.8s
tttg: c27/213 lr:0.000963 t:1.9s
tttg: c28/213 lr:0.000961 t:2.0s
tttg: c29/213 lr:0.000958 t:2.0s
tttg: c30/213 lr:0.000955 t:2.1s
tttg: c31/213 lr:0.000951 t:2.2s
tttg: c32/213 lr:0.000948 t:2.3s
tttg: c33/213 lr:0.000945 t:2.3s
tttg: c34/213 lr:0.000941 t:2.4s
tttg: c35/213 lr:0.000938 t:2.5s
tttg: c36/213 lr:0.000934 t:2.5s
tttg: c37/213 lr:0.000931 t:2.6s
tttg: c38/213 lr:0.000927 t:2.7s
tttg: c39/213 lr:0.000923 t:2.8s
tttg: c40/213 lr:0.000919 t:2.8s
tttg: c41/213 lr:0.000915 t:2.9s
tttg: c42/213 lr:0.000911 t:3.0s
tttg: c43/213 lr:0.000906 t:3.0s
tttg: c44/213 lr:0.000902 t:3.1s
tttg: c45/213 lr:0.000897 t:3.2s
tttg: c46/213 lr:0.000893 t:3.3s
tttg: c47/213 lr:0.000888 t:3.3s
tttg: c48/213 lr:0.000884 t:3.4s
tttg: c49/213 lr:0.000879 t:3.5s
tttg: c50/213 lr:0.000874 t:3.5s
tttg: c51/213 lr:0.000869 t:3.6s
tttg: c52/213 lr:0.000864 t:3.7s
tttg: c53/213 lr:0.000859 t:3.8s
tttg: c54/213 lr:0.000854 t:3.8s
tttg: c55/213 lr:0.000848 t:3.9s
tttg: c56/213 lr:0.000843 t:4.0s
tttg: c57/213 lr:0.000837 t:4.0s
tttg: c58/213 lr:0.000832 t:4.1s
tttg: c59/213 lr:0.000826 t:4.2s
tttg: c60/213 lr:0.000821 t:4.2s
tttg: c61/213 lr:0.000815 t:4.3s
tttg: c62/213 lr:0.000809 t:4.4s
tttg: c63/213 lr:0.000803 t:4.5s
tttg: c64/213 lr:0.000797 t:4.5s
tttg: c65/213 lr:0.000791 t:4.6s
tttg: c66/213 lr:0.000785 t:4.7s
tttg: c67/213 lr:0.000779 t:4.7s
tttg: c68/213 lr:0.000773 t:4.8s
tttg: c69/213 lr:0.000767 t:4.9s
tttg: c70/213 lr:0.000761 t:4.9s
tttg: c71/213 lr:0.000754 t:5.0s
tttg: c72/213 lr:0.000748 t:5.1s
tttg: c73/213 lr:0.000741 t:5.2s
tttg: c74/213 lr:0.000735 t:5.2s
tttg: c75/213 lr:0.000728 t:5.3s
tttg: c76/213 lr:0.000722 t:5.4s
tttg: c77/213 lr:0.000715 t:5.4s
tttg: c78/213 lr:0.000708 t:5.5s
tttg: c79/213 lr:0.000702 t:5.6s
tttg: c80/213 lr:0.000695 t:5.7s
tttg: c81/213 lr:0.000688 t:5.7s
tttg: c82/213 lr:0.000681 t:5.8s
tttg: c83/213 lr:0.000674 t:5.9s
tttg: c84/213 lr:0.000667 t:5.9s
tttg: c85/213 lr:0.000660 t:6.0s
tttg: c86/213 lr:0.000653 t:6.1s
tttg: c87/213 lr:0.000646 t:6.1s
tttg: c88/213 lr:0.000639 t:6.2s
tttg: c89/213 lr:0.000632 t:6.3s
tttg: c90/213 lr:0.000625 t:6.4s
tttg: c91/213 lr:0.000617 t:6.4s
tttg: c92/213 lr:0.000610 t:6.5s
tttg: c93/213 lr:0.000603 t:6.6s
tttg: c94/213 lr:0.000596 t:6.6s
tttg: c95/213 lr:0.000588 t:6.7s
tttg: c96/213 lr:0.000581 t:6.8s
tttg: c97/213 lr:0.000574 t:6.9s
tttg: c98/213 lr:0.000566 t:6.9s
tttg: c99/213 lr:0.000559 t:7.0s
tttg: c100/213 lr:0.000552 t:7.1s
tttg: c101/213 lr:0.000544 t:7.1s
tttg: c102/213 lr:0.000537 t:7.2s
tttg: c103/213 lr:0.000530 t:7.3s
tttg: c104/213 lr:0.000522 t:7.3s
tttg: c105/213 lr:0.000515 t:7.4s
tttg: c106/213 lr:0.000507 t:7.5s
tttg: c107/213 lr:0.000500 t:7.6s
tttg: c108/213 lr:0.000493 t:7.6s
tttg: c109/213 lr:0.000485 t:7.7s
tttg: c110/213 lr:0.000478 t:7.8s
tttg: c111/213 lr:0.000470 t:7.8s
tttg: c112/213 lr:0.000463 t:7.9s
tttg: c113/213 lr:0.000456 t:8.0s
tttg: c114/213 lr:0.000448 t:8.1s
tttg: c115/213 lr:0.000441 t:8.1s
tttg: c116/213 lr:0.000434 t:8.2s
tttg: c117/213 lr:0.000426 t:8.3s
tttg: c118/213 lr:0.000419 t:8.3s
tttg: c119/213 lr:0.000412 t:8.4s
tttg: c120/213 lr:0.000404 t:8.5s
tttg: c121/213 lr:0.000397 t:8.5s
tttg: c122/213 lr:0.000390 t:8.6s
tttg: c123/213 lr:0.000383 t:8.7s
tttg: c124/213 lr:0.000375 t:8.8s
tttg: c125/213 lr:0.000368 t:8.8s
tttg: c126/213 lr:0.000361 t:8.9s
tttg: c127/213 lr:0.000354 t:9.0s
tttg: c128/213 lr:0.000347 t:9.0s
tttg: c129/213 lr:0.000340 t:9.1s
tttg: c130/213 lr:0.000333 t:9.2s
tttg: c131/213 lr:0.000326 t:9.3s
tttg: c132/213 lr:0.000319 t:9.3s
tttg: c133/213 lr:0.000312 t:9.4s
tttg: c134/213 lr:0.000305 t:9.5s
tttg: c135/213 lr:0.000298 t:9.5s
tttg: c136/213 lr:0.000292 t:9.6s
tttg: c137/213 lr:0.000285 t:9.7s
tttg: c138/213 lr:0.000278 t:9.7s
tttg: c139/213 lr:0.000272 t:9.8s
tttg: c140/213 lr:0.000265 t:9.9s
tttg: c141/213 lr:0.000259 t:10.0s
tttg: c142/213 lr:0.000252 t:10.0s
tttg: c143/213 lr:0.000246 t:10.1s
tttg: c144/213 lr:0.000239 t:10.2s
tttg: c145/213 lr:0.000233 t:10.2s
tttg: c146/213 lr:0.000227 t:10.3s
tttg: c147/213 lr:0.000221 t:10.4s
tttg: c148/213 lr:0.000215 t:10.5s
tttg: c149/213 lr:0.000209 t:10.5s
tttg: c150/213 lr:0.000203 t:10.6s
tttg: c151/213 lr:0.000197 t:10.7s
tttg: c152/213 lr:0.000191 t:10.7s
tttg: c153/213 lr:0.000185 t:10.8s
tttg: c154/213 lr:0.000179 t:10.9s
tttg: c155/213 lr:0.000174 t:11.0s
tttg: c156/213 lr:0.000168 t:11.0s
tttg: c157/213 lr:0.000163 t:11.1s
tttg: c158/213 lr:0.000157 t:11.2s
tttg: c159/213 lr:0.000152 t:11.2s
tttg: c160/213 lr:0.000146 t:11.3s
tttg: c161/213 lr:0.000141 t:11.4s
tttg: c162/213 lr:0.000136 t:11.4s
tttg: c163/213 lr:0.000131 t:11.5s
tttg: c164/213 lr:0.000126 t:11.6s
tttg: c165/213 lr:0.000121 t:11.7s
tttg: c166/213 lr:0.000116 t:11.7s
tttg: c167/213 lr:0.000112 t:11.8s
tttg: c168/213 lr:0.000107 t:11.9s
tttg: c169/213 lr:0.000103 t:11.9s
tttg: c170/213 lr:0.000098 t:12.0s
tttg: c171/213 lr:0.000094 t:12.1s
tttg: c172/213 lr:0.000089 t:12.1s
tttg: c173/213 lr:0.000085 t:12.2s
tttg: c174/213 lr:0.000081 t:12.3s
tttg: c175/213 lr:0.000077 t:12.4s
tttg: c176/213 lr:0.000073 t:12.4s
tttg: c177/213 lr:0.000069 t:12.5s
tttg: c178/213 lr:0.000066 t:12.6s
tttg: c179/213 lr:0.000062 t:12.6s
tttg: c180/213 lr:0.000059 t:12.7s
tttg: c181/213 lr:0.000055 t:12.8s
tttg: c182/213 lr:0.000052 t:12.9s
tttg: c183/213 lr:0.000049 t:12.9s
tttg: c184/213 lr:0.000045 t:13.0s
tttg: c185/213 lr:0.000042 t:13.1s
tttg: c186/213 lr:0.000039 t:13.1s
tttg: c187/213 lr:0.000037 t:13.2s
tttg: c188/213 lr:0.000034 t:13.3s
tttg: c189/213 lr:0.000031 t:13.3s
tttg: c190/213 lr:0.000029 t:13.4s
tttg: c191/213 lr:0.000026 t:13.5s
tttg: c192/213 lr:0.000024 t:13.6s
tttg: c193/213 lr:0.000022 t:13.6s
tttg: c194/213 lr:0.000020 t:13.7s
tttg: c195/213 lr:0.000018 t:13.8s
tttg: c196/213 lr:0.000016 t:13.8s
tttg: c197/213 lr:0.000014 t:13.9s
tttg: c198/213 lr:0.000012 t:14.0s
tttg: c199/213 lr:0.000011 t:14.1s
tttg: c200/213 lr:0.000009 t:14.1s
tttg: c201/213 lr:0.000008 t:14.2s
tttg: c202/213 lr:0.000007 t:14.3s
tttg: c203/213 lr:0.000005 t:14.3s
tttg: c204/213 lr:0.000004 t:14.4s
tttg: c205/213 lr:0.000004 t:14.5s
tttg: c206/213 lr:0.000003 t:14.6s
tttg: c207/213 lr:0.000002 t:14.6s
tttg: c208/213 lr:0.000001 t:14.7s
tttg: c209/213 lr:0.000001 t:14.8s
tttg: c210/213 lr:0.000000 t:14.8s
tttg: c211/213 lr:0.000000 t:14.9s
tttg: c212/213 lr:0.000000 t:15.0s
ttpr: phase:3/3 t:250.7s
ttp: b740/782 bl:2.7282 bb:1.0300 rl:2.7482 rb:1.0839 dl:2254-2285 gd:1
ttp: b731/782 bl:2.7714 bb:1.0577 rl:2.7498 rb:1.0820 dl:2017-2041 gd:1
ttp: b724/782 bl:2.7456 bb:1.0495 rl:2.7496 rb:1.0800 dl:1885-1900 gd:1
ttp: b716/782 bl:2.8062 bb:1.0356 rl:2.7525 rb:1.0776 dl:1739-1754 gd:1
ttp: b708/782 bl:2.7157 bb:1.0436 rl:2.7508 rb:1.0760 dl:1639-1649 gd:1
ttp: b698/782 bl:2.7771 bb:1.0293 rl:2.7519 rb:1.0739 dl:1534-1543 gd:1
ttp: b689/782 bl:2.7747 bb:1.0616 rl:2.7528 rb:1.0734 dl:1450-1458 gd:1
ttp: b683/782 bl:2.7652 bb:1.0647 rl:2.7532 rb:1.0731 dl:1400-1406 gd:1
ttp: b673/782 bl:2.8087 bb:1.0547 rl:2.7550 rb:1.0725 dl:1327-1334 gd:1
ttp: b670/782 bl:2.8212 bb:1.0548 rl:2.7571 rb:1.0719 dl:1308-1315 gd:1
ttp: b660/782 bl:2.8479 bb:1.0897 rl:2.7597 rb:1.0725 dl:1245-1250 gd:1
ttp: b648/782 bl:2.7382 bb:1.0379 rl:2.7591 rb:1.0715 dl:1177-1182 gd:1
ttp: b644/782 bl:2.7321 bb:1.0309 rl:2.7584 rb:1.0705 dl:1155-1160 gd:1
ttp: b633/782 bl:2.8182 bb:1.0996 rl:2.7598 rb:1.0711 dl:1101-1105 gd:1
ttp: b631/782 bl:2.7630 bb:1.0609 rl:2.7599 rb:1.0709 dl:1092-1096 gd:1
ttp: b623/782 bl:2.7797 bb:1.0699 rl:2.7603 rb:1.0709 dl:1055-1060 gd:1
ttp: b611/782 bl:2.7549 bb:1.0665 rl:2.7602 rb:1.0708 dl:1004-1007 gd:1
ttp: b607/782 bl:2.6873 bb:1.0357 rl:2.7588 rb:1.0701 dl:986-990 gd:1
ttp: b600/782 bl:2.7863 bb:1.0577 rl:2.7593 rb:1.0699 dl:958-963 gd:1
ttp: b581/782 bl:2.7188 bb:1.0142 rl:2.7586 rb:1.0689 dl:894-897 gd:1
ttp: b573/782 bl:2.9254 bb:1.0707 rl:2.7613 rb:1.0689 dl:868-871 gd:1
ttp: b565/782 bl:2.7651 bb:1.0596 rl:2.7614 rb:1.0688 dl:843-846 gd:1
ttp: b557/782 bl:2.7877 bb:1.0394 rl:2.7618 rb:1.0683 dl:818-821 gd:1
ttp: b549/782 bl:2.7555 bb:1.0602 rl:2.7617 rb:1.0682 dl:795-798 gd:1
ttp: b541/782 bl:2.7886 bb:1.0554 rl:2.7620 rb:1.0680 dl:774-776 gd:1
ttp: b533/782 bl:2.7690 bb:1.0342 rl:2.7621 rb:1.0676 dl:754-757 gd:1
ttp: b526/782 bl:2.7629 bb:1.0551 rl:2.7621 rb:1.0674 dl:737-739 gd:1
ttp: b519/782 bl:2.7348 bb:1.0371 rl:2.7618 rb:1.0671 dl:720-723 gd:1
ttp: b510/782 bl:2.7523 bb:1.0179 rl:2.7617 rb:1.0665 dl:698-700 gd:1
ttp: b502/782 bl:2.8238 bb:1.0603 rl:2.7624 rb:1.0664 dl:680-682 gd:1
ttp: b494/782 bl:2.7883 bb:1.0512 rl:2.7627 rb:1.0662 dl:661-664 gd:1
ttp: b487/782 bl:2.8080 bb:1.0727 rl:2.7631 rb:1.0663 dl:647-649 gd:1
ttp: b480/782 bl:2.7905 bb:1.0534 rl:2.7634 rb:1.0662 dl:632-635 gd:1
ttp: b472/782 bl:2.7940 bb:1.0681 rl:2.7637 rb:1.0662 dl:616-618 gd:1
ttp: b464/782 bl:2.7097 bb:1.0738 rl:2.7632 rb:1.0662 dl:600-602 gd:1
ttp: b456/782 bl:2.8174 bb:1.0700 rl:2.7637 rb:1.0663 dl:586-587 gd:1
ttp: b448/782 bl:2.7191 bb:1.0330 rl:2.7633 rb:1.0660 dl:571-573 gd:1
ttp: b440/782 bl:2.8577 bb:1.0911 rl:2.7641 rb:1.0662 dl:556-559 gd:1
ttp: b432/782 bl:2.7572 bb:1.0490 rl:2.7641 rb:1.0661 dl:542-544 gd:1
ttp: b424/782 bl:2.7948 bb:1.0802 rl:2.7643 rb:1.0662 dl:528-530 gd:1
ttp: b416/782 bl:2.7543 bb:1.0339 rl:2.7642 rb:1.0659 dl:514-516 gd:1
ttp: b408/782 bl:2.8244 bb:1.0803 rl:2.7647 rb:1.0660 dl:501-503 gd:1
ttp: b400/782 bl:2.7909 bb:1.0646 rl:2.7649 rb:1.0660 dl:489-490 gd:1
ttp: b393/782 bl:2.8497 bb:1.0853 rl:2.7654 rb:1.0661 dl:478-479 gd:1
ttp: b386/782 bl:2.7275 bb:1.0655 rl:2.7652 rb:1.0661 dl:467-468 gd:1
ttp: b378/782 bl:2.8181 bb:1.0964 rl:2.7655 rb:1.0663 dl:456-457 gd:1
ttp: b370/782 bl:2.6738 bb:1.0403 rl:2.7650 rb:1.0662 dl:444-446 gd:1
ttp: b362/782 bl:2.8105 bb:1.0627 rl:2.7652 rb:1.0661 dl:433-434 gd:1
ttp: b353/782 bl:2.7943 bb:1.0950 rl:2.7654 rb:1.0663 dl:420-422 gd:1
ttp: b345/782 bl:2.8576 bb:1.1082 rl:2.7659 rb:1.0666 dl:410-412 gd:1
ttp: b337/782 bl:2.8275 bb:1.0766 rl:2.7663 rb:1.0666 dl:399-400 gd:1
ttp: b330/782 bl:2.8605 bb:1.0906 rl:2.7668 rb:1.0667 dl:390-392 gd:1
ttp: b323/782 bl:2.8202 bb:1.0490 rl:2.7671 rb:1.0666 dl:381-382 gd:1
ttp: b316/782 bl:2.7715 bb:1.0899 rl:2.7671 rb:1.0668 dl:371-373 gd:1
ttp: b309/782 bl:2.8299 bb:1.1041 rl:2.7674 rb:1.0669 dl:363-364 gd:1
ttp: b302/782 bl:2.8317 bb:1.0982 rl:2.7677 rb:1.0671 dl:354-355 gd:1
ttp: b293/782 bl:2.7596 bb:1.0661 rl:2.7677 rb:1.0671 dl:343-345 gd:1
ttp: b286/782 bl:2.8771 bb:1.0930 rl:2.7682 rb:1.0672 dl:335-336 gd:1
ttp: b278/782 bl:2.8830 bb:1.1367 rl:2.7687 rb:1.0675 dl:326-327 gd:1
ttp: b270/782 bl:2.7760 bb:1.0894 rl:2.7687 rb:1.0676 dl:318-319 gd:1
ttp: b263/782 bl:2.8304 bb:1.1024 rl:2.7690 rb:1.0677 dl:310-311 gd:1
ttp: b255/782 bl:2.8739 bb:1.1341 rl:2.7694 rb:1.0680 dl:300-301 gd:1
ttp: b247/782 bl:2.7874 bb:1.0770 rl:2.7695 rb:1.0680 dl:292-293 gd:1
ttp: b236/782 bl:2.8422 bb:1.1047 rl:2.7697 rb:1.0682 dl:281-282 gd:1
ttp: b228/782 bl:2.8695 bb:1.1355 rl:2.7701 rb:1.0684 dl:273-274 gd:1
ttp: b220/782 bl:2.8547 bb:1.1047 rl:2.7704 rb:1.0685 dl:265-266 gd:1
ttp: b212/782 bl:2.9192 bb:1.1425 rl:2.7709 rb:1.0688 dl:257-258 gd:1
ttp: b205/782 bl:2.8397 bb:1.1080 rl:2.7711 rb:1.0689 dl:251-252 gd:1
ttp: b197/782 bl:2.8420 bb:1.1208 rl:2.7713 rb:1.0691 dl:244-245 gd:1
ttp: b188/782 bl:2.9084 bb:1.1521 rl:2.7717 rb:1.0693 dl:236-237 gd:1
ttp: b180/782 bl:2.8998 bb:1.1308 rl:2.7721 rb:1.0695 dl:229-230 gd:1
ttp: b174/782 bl:2.9702 bb:1.1531 rl:2.7727 rb:1.0697 dl:224-224 gd:1
ttp: b165/782 bl:2.9333 bb:1.1607 rl:2.7731 rb:1.0700 dl:216-217 gd:1
ttp: b157/782 bl:2.8174 bb:1.1105 rl:2.7732 rb:1.0701 dl:209-210 gd:1
ttp: b150/782 bl:2.9366 bb:1.1543 rl:2.7737 rb:1.0703 dl:204-204 gd:1
ttp: b141/782 bl:2.8908 bb:1.1397 rl:2.7740 rb:1.0705 dl:196-197 gd:1
ttp: b133/782 bl:3.0177 bb:1.1921 rl:2.7745 rb:1.0707 dl:189-190 gd:1
ttp: b126/782 bl:2.9310 bb:1.1909 rl:2.7749 rb:1.0710 dl:185-185 gd:1
ttp: b116/782 bl:3.0053 bb:1.1884 rl:2.7754 rb:1.0713 dl:177-178 gd:1
ttp: b110/782 bl:2.9972 bb:1.1637 rl:2.7759 rb:1.0715 dl:173-173 gd:1
ttp: b101/782 bl:2.9660 bb:1.1642 rl:2.7763 rb:1.0716 dl:166-167 gd:1
ttp: b92/782 bl:2.8915 bb:1.1695 rl:2.7765 rb:1.0718 dl:159-160 gd:1
ttp: b86/782 bl:3.0234 bb:1.2583 rl:2.7770 rb:1.0722 dl:154-155 gd:1
ttp: b78/782 bl:2.9096 bb:1.1289 rl:2.7772 rb:1.0723 dl:148-149 gd:1
ttp: b70/782 bl:3.0502 bb:1.1591 rl:2.7777 rb:1.0724 dl:142-143 gd:1
ttp: b62/782 bl:2.9829 bb:1.2066 rl:2.7781 rb:1.0726 dl:136-137 gd:1
ttp: b53/782 bl:3.1199 bb:1.2300 rl:2.7786 rb:1.0729 dl:129-130 gd:1
ttp: b46/782 bl:3.1239 bb:1.2215 rl:2.7791 rb:1.0731 dl:123-124 gd:1
ttp: b40/782 bl:2.9932 bb:1.2040 rl:2.7794 rb:1.0733 dl:119-119 gd:1
ttp: b31/782 bl:3.1786 bb:1.2597 rl:2.7800 rb:1.0735 dl:111-112 gd:1
ttp: b23/782 bl:3.1437 bb:1.2530 rl:2.7805 rb:1.0738 dl:104-105 gd:1
ttp: b15/782 bl:3.2336 bb:1.2371 rl:2.7810 rb:1.0740 dl:95-97 gd:1
ttp: b10/782 bl:3.1365 bb:1.2393 rl:2.7814 rb:1.0741 dl:89-90 gd:1
ttp: b2/782 bl:3.1418 bb:1.1653 rl:2.7817 rb:1.0742 dl:70-75 gd:1
quantized_ttt_phased val_loss:2.76815161 val_bpb:1.07163775 eval_time:332804ms
total_eval_time:332.8s
