
*****************************************
Setting OMP_NUM_THREADS environment variable for each process to be 1 in default, to avoid your system being overloaded, please further tune the variable for optimal performance in your application as needed. 
*****************************************
Hyperparameters:
  adam_eps: 1e-08
  adam_wd: 0.02
  artifact_dir: 
  attn_clip_sigmas: 13.0
  beta1: 0.9
  beta2: 0.95
  compressor: brotli
  data_dir: /home/dex/parameter-golf-with-cc/data
  datasets_dir: /home/dex/parameter-golf-with-cc/data/datasets/fineweb10B_sp8192
  distributed: True
  ema_decay: 0.9965
  embed_bits: 7
  embed_clip_sigmas: 15.0
  embed_lr: 0.6
  embed_wd: 0.085
  enable_looping_at: 0.35
  eval_seq_len: 2048
  eval_stride: 64
  global_ttt_batch_seqs: 32
  global_ttt_chunk_tokens: 32768
  global_ttt_epochs: 1
  global_ttt_grad_clip: 1.0
  global_ttt_lr: 0.001
  global_ttt_momentum: 0.9
  global_ttt_respect_doc_boundaries: True
  global_ttt_warmup_chunks: 0
  global_ttt_warmup_start_lr: 0.0
  gptq_calibration_batches: 16
  gptq_reserve_seconds: 4.0
  grad_accum_steps: 1
  grad_clip_norm: 0.3
  is_main_process: True
  iterations: 20000
  ln_scale: True
  local_rank: 0
  logfile: logs/PR1530_submission_s0.txt
  logit_softcap: 30.0
  loop_end: 5
  loop_start: 3
  matrix_bits: 6
  matrix_clip_sigmas: 12.85
  matrix_lr: 0.026
  max_wallclock_seconds: 600.0
  min_lr: 0.0
  mlp_clip_sigmas: 12.0
  mlp_mult: 4.0
  model_dim: 512
  model_path: final_model.pt
  muon_backend_steps: 5
  muon_momentum: 0.97
  muon_momentum_warmup_start: 0.92
  muon_momentum_warmup_steps: 1500
  muon_row_normalize: True
  muon_wd: 0.095
  num_heads: 8
  num_kv_heads: 4
  num_layers: 11
  num_loops: 2
  parallel_final_lane: mean
  parallel_start_layer: 8
  phased_ttt_enabled: True
  phased_ttt_num_phases: 3
  phased_ttt_prefix_docs: 2000
  qk_gain_init: 5.0
  quantized_model_path: final_model.int6.ptz
  rank: 0
  rope_base: 10000.0
  rope_dims: 16
  rope_train_seq_len: 2048
  rope_yarn: False
  run_id: PR1530_submission_s0
  scalar_lr: 0.02
  seed: 0
  skip_gates_enabled: True
  sliding_window_enabled: False
  tie_embeddings: True
  tied_embed_init_std: 0.005
  tied_embed_lr: 0.03
  tokenizer_path: /home/dex/parameter-golf-with-cc/data/tokenizers/fineweb_8192_bpe.model
  train_batch_tokens: 786432
  train_files: /home/dex/parameter-golf-with-cc/data/datasets/fineweb10B_sp8192/fineweb_train_*.bin
  train_log_every: 500
  train_seq_len: 2048
  ttt_batch_size: 64
  ttt_beta1: 0.0
  ttt_beta2: 0.999
  ttt_chunk_size: 48
  ttt_enabled: True
  ttt_eval_batches: 
  ttt_eval_seq_len: 2048
  ttt_grad_steps: 1
  ttt_k_lora: True
  ttt_lora_lr: 0.0001
  ttt_lora_rank: 96
  ttt_mlp_lora: True
  ttt_o_lora: True
  ttt_optimizer: adam
  ttt_weight_decay: 0.5
  val_batch_tokens: 524288
  val_doc_fraction: 1.0
  val_files: /home/dex/parameter-golf-with-cc/data/datasets/fineweb10B_sp8192/fineweb_val_*.bin
  val_loss_every: 4000
  vocab_size: 8192
  warmdown_frac: 0.75
  warmup_steps: 20
  world_size: 8
  xsa_last_n: 11
train_shards: 80
val_tokens: 40540160
model_params:35944602
gptq:reserving 4s, effective=596000ms
warmup_cu_buckets:64,128,192,256 iters_each:3
warmup_step: 1/20
warmup_step: 2/20
warmup_step: 3/20
warmup_step: 4/20
warmup_step: 5/20
warmup_step: 6/20
warmup_step: 10/20
warmup_step: 20/20
loop_warmup:enabled encoder:[0, 1, 2, 3, 4, 5, 3, 4] decoder:[5, 3, 4, 5, 6, 7, 8, 9, 10]
loop_warmup_step: 1/20
loop_warmup_step: 2/20
loop_warmup_step: 3/20
loop_warmup_step: 4/20
loop_warmup_step: 5/20
loop_warmup_step: 6/20
loop_warmup_step: 10/20
loop_warmup_step: 20/20
0/20000 val_loss: 9.0086 val_bpb: 3.4874
1/20000 train_loss: 9.0089 train_time: 0.0m tok/s: 16596497
2/20000 train_loss: 12.2662 train_time: 0.0m tok/s: 13008545
3/20000 train_loss: 11.2093 train_time: 0.0m tok/s: 11118590
4/20000 train_loss: 9.5679 train_time: 0.0m tok/s: 10293223
5/20000 train_loss: 8.1682 train_time: 0.0m tok/s: 9894611
500/20000 train_loss: 3.2654 train_time: 0.8m tok/s: 8318423
1000/20000 train_loss: 3.0230 train_time: 1.6m tok/s: 8297030
1500/20000 train_loss: 3.0291 train_time: 2.4m tok/s: 8289743
2000/20000 train_loss: 2.9784 train_time: 3.2m tok/s: 8281333
layer_loop:enabled step:2195 frac:0.350 encoder:[0, 1, 2, 3, 4, 5, 3, 4] decoder:[5, 3, 4, 5, 6, 7, 8, 9, 10]
2500/20000 train_loss: 3.0662 train_time: 4.2m tok/s: 7835118
3000/20000 train_loss: 2.9116 train_time: 5.3m tok/s: 7360473
3500/20000 train_loss: 2.9813 train_time: 6.5m tok/s: 7058122
4000/20000 train_loss: 2.9109 train_time: 7.7m tok/s: 6816061
4000/20000 val_loss: 2.8862 val_bpb: 1.1173
4500/20000 train_loss: 2.8674 train_time: 8.9m tok/s: 6663926
4967/20000 val_loss: 2.7681 val_bpb: 1.0716
stopping_early: wallclock_cap train_time: 596103ms step: 4967/20000
peak memory allocated: 40019 MiB reserved: 44090 MiB
ema:applying EMA weights
diagnostic pre-quantization post-ema val_loss:2.76680431 val_bpb:1.07108165 eval_time:6282ms
Serialized model: 135409136 bytes
Code size (uncompressed): 122168 bytes
Code size (compressed): 27610 bytes
GPTQ:collecting Hessians from calibration data...
GPTQ:collected 67 Hessians in 3.4s
Quantized weights:
  gptq (int6): blocks.attn.c_k.weight, blocks.attn.c_q.weight, blocks.attn.c_v.weight, blocks.attn.proj.weight, blocks.mlp.fc.weight, blocks.mlp.proj.weight
  gptq (int7): tok_emb.weight
  passthrough (float16): blocks.attn.q_gain, blocks.attn_scale, blocks.mlp_scale, blocks.resid_mix, parallel_post_lambdas, parallel_resid_lambdas, skip_gates, skip_weights
Serialized model quantized+brotli: 15912231 bytes
Total submission size quantized+brotli: 15939841 bytes
diagnostic quantized val_loss:2.79997898 val_bpb:1.08392419 eval_time:9559ms
ttt_lora:warming up compile (random tokens, no val data)
ttt_lora:compile warmup done (85.8s)

beginning TTT eval timer
ttt_phased: total_docs:50000 prefix_docs:2000 suffix_docs:48000 num_phases:3 boundaries:[666, 1333, 2000]
ttp: b779/782 bl:2.6467 bb:1.0780 rl:2.6467 rb:1.0780 dl:9037-11049 gd:0
ttp: b769/782 bl:2.7698 bb:1.0961 rl:2.6845 rb:1.0837 dl:4307-4479 gd:0
ttpp: phase:1/3 pd:1104 gd:666 t:143.3s
tttg: c1/95 lr:0.001000 t:0.3s
tttg: c2/95 lr:0.001000 t:0.3s
tttg: c3/95 lr:0.000999 t:0.4s
tttg: c4/95 lr:0.000997 t:0.5s
tttg: c5/95 lr:0.000996 t:0.5s
tttg: c6/95 lr:0.000993 t:0.6s
tttg: c7/95 lr:0.000990 t:0.7s
tttg: c8/95 lr:0.000986 t:0.7s
tttg: c9/95 lr:0.000982 t:0.8s
tttg: c10/95 lr:0.000978 t:0.9s
tttg: c11/95 lr:0.000972 t:0.9s
tttg: c12/95 lr:0.000967 t:1.0s
tttg: c13/95 lr:0.000960 t:1.1s
tttg: c14/95 lr:0.000954 t:1.1s
tttg: c15/95 lr:0.000946 t:1.2s
tttg: c16/95 lr:0.000938 t:1.3s
tttg: c17/95 lr:0.000930 t:1.3s
tttg: c18/95 lr:0.000921 t:1.4s
tttg: c19/95 lr:0.000912 t:1.5s
tttg: c20/95 lr:0.000903 t:1.5s
tttg: c21/95 lr:0.000892 t:1.6s
tttg: c22/95 lr:0.000882 t:1.7s
tttg: c23/95 lr:0.000871 t:1.7s
tttg: c24/95 lr:0.000859 t:1.8s
tttg: c25/95 lr:0.000848 t:1.9s
tttg: c26/95 lr:0.000835 t:1.9s
tttg: c27/95 lr:0.000823 t:2.0s
tttg: c28/95 lr:0.000810 t:2.0s
tttg: c29/95 lr:0.000797 t:2.1s
tttg: c30/95 lr:0.000783 t:2.2s
tttg: c31/95 lr:0.000769 t:2.2s
tttg: c32/95 lr:0.000755 t:2.3s
tttg: c33/95 lr:0.000740 t:2.4s
tttg: c34/95 lr:0.000726 t:2.4s
tttg: c35/95 lr:0.000710 t:2.5s
tttg: c36/95 lr:0.000695 t:2.6s
tttg: c37/95 lr:0.000680 t:2.6s
tttg: c38/95 lr:0.000664 t:2.7s
tttg: c39/95 lr:0.000648 t:2.8s
tttg: c40/95 lr:0.000632 t:2.8s
tttg: c41/95 lr:0.000616 t:2.9s
tttg: c42/95 lr:0.000600 t:3.0s
tttg: c43/95 lr:0.000583 t:3.0s
tttg: c44/95 lr:0.000567 t:3.1s
tttg: c45/95 lr:0.000550 t:3.1s
tttg: c46/95 lr:0.000533 t:3.2s
tttg: c47/95 lr:0.000517 t:3.3s
tttg: c48/95 lr:0.000500 t:3.3s
tttg: c49/95 lr:0.000483 t:3.4s
tttg: c50/95 lr:0.000467 t:3.5s
tttg: c51/95 lr:0.000450 t:3.5s
tttg: c52/95 lr:0.000433 t:3.6s
tttg: c53/95 lr:0.000417 t:3.7s
tttg: c54/95 lr:0.000400 t:3.7s
tttg: c55/95 lr:0.000384 t:3.8s
tttg: c56/95 lr:0.000368 t:3.9s
tttg: c57/95 lr:0.000352 t:3.9s
tttg: c58/95 lr:0.000336 t:4.0s
tttg: c59/95 lr:0.000320 t:4.1s
tttg: c60/95 lr:0.000305 t:4.1s
tttg: c61/95 lr:0.000290 t:4.2s
tttg: c62/95 lr:0.000274 t:4.3s
tttg: c63/95 lr:0.000260 t:4.3s
tttg: c64/95 lr:0.000245 t:4.4s
tttg: c65/95 lr:0.000231 t:4.5s
tttg: c66/95 lr:0.000217 t:4.5s
tttg: c67/95 lr:0.000203 t:4.6s
tttg: c68/95 lr:0.000190 t:4.6s
tttg: c69/95 lr:0.000177 t:4.7s
tttg: c70/95 lr:0.000165 t:4.8s
tttg: c71/95 lr:0.000152 t:4.8s
tttg: c72/95 lr:0.000141 t:4.9s
tttg: c73/95 lr:0.000129 t:5.0s
tttg: c74/95 lr:0.000118 t:5.0s
tttg: c75/95 lr:0.000108 t:5.1s
tttg: c76/95 lr:0.000097 t:5.2s
tttg: c77/95 lr:0.000088 t:5.2s
tttg: c78/95 lr:0.000079 t:5.3s
tttg: c79/95 lr:0.000070 t:5.4s
tttg: c80/95 lr:0.000062 t:5.4s
tttg: c81/95 lr:0.000054 t:5.5s
tttg: c82/95 lr:0.000046 t:5.6s
tttg: c83/95 lr:0.000040 t:5.6s
tttg: c84/95 lr:0.000033 t:5.7s
tttg: c85/95 lr:0.000028 t:5.8s
tttg: c86/95 lr:0.000022 t:5.8s
tttg: c87/95 lr:0.000018 t:5.9s
tttg: c88/95 lr:0.000014 t:6.0s
tttg: c89/95 lr:0.000010 t:6.0s
tttg: c90/95 lr:0.000007 t:6.1s
tttg: c91/95 lr:0.000004 t:6.2s
tttg: c92/95 lr:0.000003 t:6.2s
tttg: c93/95 lr:0.000001 t:6.3s
tttg: c94/95 lr:0.000000 t:6.4s
ttpr: phase:1/3 t:151.5s
ttp: b758/782 bl:2.8714 bb:1.0834 rl:2.7182 rb:1.0836 dl:3108-3187 gd:0
ttp: b755/782 bl:2.6890 bb:1.0418 rl:2.7140 rb:1.0775 dl:2899-2972 gd:0
ttpp: phase:2/3 pd:1808 gd:1333 t:208.7s
tttg: c1/158 lr:0.001000 t:0.1s
tttg: c2/158 lr:0.001000 t:0.1s
tttg: c3/158 lr:0.001000 t:0.2s
tttg: c4/158 lr:0.000999 t:0.3s
tttg: c5/158 lr:0.000998 t:0.3s
tttg: c6/158 lr:0.000997 t:0.4s
tttg: c7/158 lr:0.000996 t:0.5s
tttg: c8/158 lr:0.000995 t:0.5s
tttg: c9/158 lr:0.000994 t:0.6s
tttg: c10/158 lr:0.000992 t:0.7s
tttg: c11/158 lr:0.000990 t:0.7s
tttg: c12/158 lr:0.000988 t:0.8s
tttg: c13/158 lr:0.000986 t:0.9s
tttg: c14/158 lr:0.000983 t:0.9s
tttg: c15/158 lr:0.000981 t:1.0s
tttg: c16/158 lr:0.000978 t:1.1s
tttg: c17/158 lr:0.000975 t:1.1s
tttg: c18/158 lr:0.000971 t:1.2s
tttg: c19/158 lr:0.000968 t:1.3s
tttg: c20/158 lr:0.000964 t:1.3s
tttg: c21/158 lr:0.000960 t:1.4s
tttg: c22/158 lr:0.000957 t:1.5s
tttg: c23/158 lr:0.000952 t:1.5s
tttg: c24/158 lr:0.000948 t:1.6s
tttg: c25/158 lr:0.000943 t:1.7s
tttg: c26/158 lr:0.000939 t:1.7s
tttg: c27/158 lr:0.000934 t:1.8s
tttg: c28/158 lr:0.000929 t:1.9s
tttg: c29/158 lr:0.000924 t:1.9s
tttg: c30/158 lr:0.000918 t:2.0s
tttg: c31/158 lr:0.000913 t:2.1s
tttg: c32/158 lr:0.000907 t:2.1s
tttg: c33/158 lr:0.000901 t:2.2s
tttg: c34/158 lr:0.000895 t:2.3s
tttg: c35/158 lr:0.000889 t:2.3s
tttg: c36/158 lr:0.000882 t:2.4s
tttg: c37/158 lr:0.000876 t:2.5s
tttg: c38/158 lr:0.000869 t:2.5s
tttg: c39/158 lr:0.000862 t:2.6s
tttg: c40/158 lr:0.000855 t:2.7s
tttg: c41/158 lr:0.000848 t:2.7s
tttg: c42/158 lr:0.000841 t:2.8s
tttg: c43/158 lr:0.000834 t:2.9s
tttg: c44/158 lr:0.000826 t:2.9s
tttg: c45/158 lr:0.000818 t:3.0s
tttg: c46/158 lr:0.000811 t:3.0s
tttg: c47/158 lr:0.000803 t:3.1s
tttg: c48/158 lr:0.000795 t:3.2s
tttg: c49/158 lr:0.000787 t:3.2s
tttg: c50/158 lr:0.000778 t:3.3s
tttg: c51/158 lr:0.000770 t:3.4s
tttg: c52/158 lr:0.000761 t:3.4s
tttg: c53/158 lr:0.000753 t:3.5s
tttg: c54/158 lr:0.000744 t:3.6s
tttg: c55/158 lr:0.000735 t:3.6s
tttg: c56/158 lr:0.000727 t:3.7s
tttg: c57/158 lr:0.000718 t:3.8s
tttg: c58/158 lr:0.000709 t:3.8s
tttg: c59/158 lr:0.000699 t:3.9s
tttg: c60/158 lr:0.000690 t:4.0s
tttg: c61/158 lr:0.000681 t:4.0s
tttg: c62/158 lr:0.000672 t:4.1s
tttg: c63/158 lr:0.000662 t:4.2s
tttg: c64/158 lr:0.000653 t:4.2s
tttg: c65/158 lr:0.000643 t:4.3s
tttg: c66/158 lr:0.000633 t:4.4s
tttg: c67/158 lr:0.000624 t:4.4s
tttg: c68/158 lr:0.000614 t:4.5s
tttg: c69/158 lr:0.000604 t:4.6s
tttg: c70/158 lr:0.000594 t:4.6s
tttg: c71/158 lr:0.000585 t:4.7s
tttg: c72/158 lr:0.000575 t:4.8s
tttg: c73/158 lr:0.000565 t:4.8s
tttg: c74/158 lr:0.000555 t:4.9s
tttg: c75/158 lr:0.000545 t:5.0s
tttg: c76/158 lr:0.000535 t:5.0s
tttg: c77/158 lr:0.000525 t:5.1s
tttg: c78/158 lr:0.000515 t:5.2s
tttg: c79/158 lr:0.000505 t:5.2s
tttg: c80/158 lr:0.000495 t:5.3s
tttg: c81/158 lr:0.000485 t:5.4s
tttg: c82/158 lr:0.000475 t:5.4s
tttg: c83/158 lr:0.000465 t:5.5s
tttg: c84/158 lr:0.000455 t:5.6s
tttg: c85/158 lr:0.000445 t:5.6s
tttg: c86/158 lr:0.000435 t:5.7s
tttg: c87/158 lr:0.000425 t:5.7s
tttg: c88/158 lr:0.000415 t:5.8s
tttg: c89/158 lr:0.000406 t:5.9s
tttg: c90/158 lr:0.000396 t:5.9s
tttg: c91/158 lr:0.000386 t:6.0s
tttg: c92/158 lr:0.000376 t:6.1s
tttg: c93/158 lr:0.000367 t:6.1s
tttg: c94/158 lr:0.000357 t:6.2s
tttg: c95/158 lr:0.000347 t:6.3s
tttg: c96/158 lr:0.000338 t:6.4s
tttg: c97/158 lr:0.000328 t:6.4s
tttg: c98/158 lr:0.000319 t:6.5s
tttg: c99/158 lr:0.000310 t:6.6s
tttg: c100/158 lr:0.000301 t:6.6s
tttg: c101/158 lr:0.000291 t:6.7s
tttg: c102/158 lr:0.000282 t:6.8s
tttg: c103/158 lr:0.000273 t:6.8s
tttg: c104/158 lr:0.000265 t:6.9s
tttg: c105/158 lr:0.000256 t:7.0s
tttg: c106/158 lr:0.000247 t:7.0s
tttg: c107/158 lr:0.000239 t:7.1s
tttg: c108/158 lr:0.000230 t:7.2s
tttg: c109/158 lr:0.000222 t:7.2s
tttg: c110/158 lr:0.000213 t:7.3s
tttg: c111/158 lr:0.000205 t:7.4s
tttg: c112/158 lr:0.000197 t:7.4s
tttg: c113/158 lr:0.000189 t:7.5s
tttg: c114/158 lr:0.000182 t:7.6s
tttg: c115/158 lr:0.000174 t:7.6s
tttg: c116/158 lr:0.000166 t:7.7s
tttg: c117/158 lr:0.000159 t:7.7s
tttg: c118/158 lr:0.000152 t:7.8s
tttg: c119/158 lr:0.000145 t:7.9s
tttg: c120/158 lr:0.000138 t:7.9s
tttg: c121/158 lr:0.000131 t:8.0s
tttg: c122/158 lr:0.000124 t:8.1s
tttg: c123/158 lr:0.000118 t:8.1s
tttg: c124/158 lr:0.000111 t:8.2s
tttg: c125/158 lr:0.000105 t:8.3s
tttg: c126/158 lr:0.000099 t:8.3s
tttg: c127/158 lr:0.000093 t:8.4s
tttg: c128/158 lr:0.000087 t:8.5s
tttg: c129/158 lr:0.000082 t:8.5s
tttg: c130/158 lr:0.000076 t:8.6s
tttg: c131/158 lr:0.000071 t:8.7s
tttg: c132/158 lr:0.000066 t:8.7s
tttg: c133/158 lr:0.000061 t:8.8s
tttg: c134/158 lr:0.000057 t:8.9s
tttg: c135/158 lr:0.000052 t:8.9s
tttg: c136/158 lr:0.000048 t:9.0s
tttg: c137/158 lr:0.000043 t:9.1s
tttg: c138/158 lr:0.000040 t:9.1s
tttg: c139/158 lr:0.000036 t:9.2s
tttg: c140/158 lr:0.000032 t:9.3s
tttg: c141/158 lr:0.000029 t:9.3s
tttg: c142/158 lr:0.000025 t:9.4s
tttg: c143/158 lr:0.000022 t:9.5s
tttg: c144/158 lr:0.000019 t:9.5s
tttg: c145/158 lr:0.000017 t:9.6s
tttg: c146/158 lr:0.000014 t:9.7s
tttg: c147/158 lr:0.000012 t:9.7s
tttg: c148/158 lr:0.000010 t:9.8s
tttg: c149/158 lr:0.000008 t:9.9s
tttg: c150/158 lr:0.000006 t:9.9s
tttg: c151/158 lr:0.000005 t:10.0s
tttg: c152/158 lr:0.000004 t:10.1s
tttg: c153/158 lr:0.000003 t:10.1s
tttg: c154/158 lr:0.000002 t:10.2s
tttg: c155/158 lr:0.000001 t:10.3s
tttg: c156/158 lr:0.000000 t:10.4s
tttg: c157/158 lr:0.000000 t:10.4s
ttpr: phase:2/3 t:220.9s
ttp: b753/782 bl:2.7452 bb:1.0470 rl:2.7178 rb:1.0736 dl:2795-2838 gd:0
ttpp: phase:3/3 pd:2448 gd:2000 t:234.0s
tttg: c1/213 lr:0.001000 t:0.1s
tttg: c2/213 lr:0.001000 t:0.1s
tttg: c3/213 lr:0.001000 t:0.2s
tttg: c4/213 lr:0.001000 t:0.3s
tttg: c5/213 lr:0.000999 t:0.3s
tttg: c6/213 lr:0.000999 t:0.4s
tttg: c7/213 lr:0.000998 t:0.5s
tttg: c8/213 lr:0.000997 t:0.5s
tttg: c9/213 lr:0.000996 t:0.6s
tttg: c10/213 lr:0.000996 t:0.7s
tttg: c11/213 lr:0.000995 t:0.7s
tttg: c12/213 lr:0.000993 t:0.8s
tttg: c13/213 lr:0.000992 t:0.9s
tttg: c14/213 lr:0.000991 t:0.9s
tttg: c15/213 lr:0.000989 t:1.0s
tttg: c16/213 lr:0.000988 t:1.1s
tttg: c17/213 lr:0.000986 t:1.1s
tttg: c18/213 lr:0.000984 t:1.2s
tttg: c19/213 lr:0.000982 t:1.3s
tttg: c20/213 lr:0.000980 t:1.3s
tttg: c21/213 lr:0.000978 t:1.4s
tttg: c22/213 lr:0.000976 t:1.5s
tttg: c23/213 lr:0.000974 t:1.5s
tttg: c24/213 lr:0.000971 t:1.6s
tttg: c25/213 lr:0.000969 t:1.7s
tttg: c26/213 lr:0.000966 t:1.7s
tttg: c27/213 lr:0.000963 t:1.8s
tttg: c28/213 lr:0.000961 t:1.9s
tttg: c29/213 lr:0.000958 t:1.9s
tttg: c30/213 lr:0.000955 t:2.0s
tttg: c31/213 lr:0.000951 t:2.1s
tttg: c32/213 lr:0.000948 t:2.1s
tttg: c33/213 lr:0.000945 t:2.2s
tttg: c34/213 lr:0.000941 t:2.3s
tttg: c35/213 lr:0.000938 t:2.3s
tttg: c36/213 lr:0.000934 t:2.4s
tttg: c37/213 lr:0.000931 t:2.5s
tttg: c38/213 lr:0.000927 t:2.5s
tttg: c39/213 lr:0.000923 t:2.6s
tttg: c40/213 lr:0.000919 t:2.7s
tttg: c41/213 lr:0.000915 t:2.7s
tttg: c42/213 lr:0.000911 t:2.8s
tttg: c43/213 lr:0.000906 t:2.9s
tttg: c44/213 lr:0.000902 t:2.9s
tttg: c45/213 lr:0.000897 t:3.0s
tttg: c46/213 lr:0.000893 t:3.1s
tttg: c47/213 lr:0.000888 t:3.1s
tttg: c48/213 lr:0.000884 t:3.2s
tttg: c49/213 lr:0.000879 t:3.3s
tttg: c50/213 lr:0.000874 t:3.3s
tttg: c51/213 lr:0.000869 t:3.4s
tttg: c52/213 lr:0.000864 t:3.4s
tttg: c53/213 lr:0.000859 t:3.5s
tttg: c54/213 lr:0.000854 t:3.6s
tttg: c55/213 lr:0.000848 t:3.6s
tttg: c56/213 lr:0.000843 t:3.7s
tttg: c57/213 lr:0.000837 t:3.8s
tttg: c58/213 lr:0.000832 t:3.8s
tttg: c59/213 lr:0.000826 t:3.9s
tttg: c60/213 lr:0.000821 t:4.0s
tttg: c61/213 lr:0.000815 t:4.1s
tttg: c62/213 lr:0.000809 t:4.1s
tttg: c63/213 lr:0.000803 t:4.2s
tttg: c64/213 lr:0.000797 t:4.3s
tttg: c65/213 lr:0.000791 t:4.3s
tttg: c66/213 lr:0.000785 t:4.4s
tttg: c67/213 lr:0.000779 t:4.5s
tttg: c68/213 lr:0.000773 t:4.5s
tttg: c69/213 lr:0.000767 t:4.6s
tttg: c70/213 lr:0.000761 t:4.6s
tttg: c71/213 lr:0.000754 t:4.7s
tttg: c72/213 lr:0.000748 t:4.8s
tttg: c73/213 lr:0.000741 t:4.8s
tttg: c74/213 lr:0.000735 t:4.9s
tttg: c75/213 lr:0.000728 t:5.0s
tttg: c76/213 lr:0.000722 t:5.0s
tttg: c77/213 lr:0.000715 t:5.1s
tttg: c78/213 lr:0.000708 t:5.2s
tttg: c79/213 lr:0.000702 t:5.2s
tttg: c80/213 lr:0.000695 t:5.3s
tttg: c81/213 lr:0.000688 t:5.4s
tttg: c82/213 lr:0.000681 t:5.4s
tttg: c83/213 lr:0.000674 t:5.5s
tttg: c84/213 lr:0.000667 t:5.6s
tttg: c85/213 lr:0.000660 t:5.6s
tttg: c86/213 lr:0.000653 t:5.7s
tttg: c87/213 lr:0.000646 t:5.8s
tttg: c88/213 lr:0.000639 t:5.8s
tttg: c89/213 lr:0.000632 t:5.9s
tttg: c90/213 lr:0.000625 t:6.0s
tttg: c91/213 lr:0.000617 t:6.0s
tttg: c92/213 lr:0.000610 t:6.1s
tttg: c93/213 lr:0.000603 t:6.2s
tttg: c94/213 lr:0.000596 t:6.3s
tttg: c95/213 lr:0.000588 t:6.3s
tttg: c96/213 lr:0.000581 t:6.4s
tttg: c97/213 lr:0.000574 t:6.5s
tttg: c98/213 lr:0.000566 t:6.5s
tttg: c99/213 lr:0.000559 t:6.6s
tttg: c100/213 lr:0.000552 t:6.7s
tttg: c101/213 lr:0.000544 t:6.7s
tttg: c102/213 lr:0.000537 t:6.8s
tttg: c103/213 lr:0.000530 t:6.9s
tttg: c104/213 lr:0.000522 t:6.9s
tttg: c105/213 lr:0.000515 t:7.0s
tttg: c106/213 lr:0.000507 t:7.1s
tttg: c107/213 lr:0.000500 t:7.1s
tttg: c108/213 lr:0.000493 t:7.2s
tttg: c109/213 lr:0.000485 t:7.3s
tttg: c110/213 lr:0.000478 t:7.3s
tttg: c111/213 lr:0.000470 t:7.4s
tttg: c112/213 lr:0.000463 t:7.5s
tttg: c113/213 lr:0.000456 t:7.5s
tttg: c114/213 lr:0.000448 t:7.6s
tttg: c115/213 lr:0.000441 t:7.7s
tttg: c116/213 lr:0.000434 t:7.7s
tttg: c117/213 lr:0.000426 t:7.8s
tttg: c118/213 lr:0.000419 t:7.8s
tttg: c119/213 lr:0.000412 t:7.9s
tttg: c120/213 lr:0.000404 t:8.0s
tttg: c121/213 lr:0.000397 t:8.1s
tttg: c122/213 lr:0.000390 t:8.1s
tttg: c123/213 lr:0.000383 t:8.2s
tttg: c124/213 lr:0.000375 t:8.3s
tttg: c125/213 lr:0.000368 t:8.3s
tttg: c126/213 lr:0.000361 t:8.4s
tttg: c127/213 lr:0.000354 t:8.4s
tttg: c128/213 lr:0.000347 t:8.5s
tttg: c129/213 lr:0.000340 t:8.6s
tttg: c130/213 lr:0.000333 t:8.6s
tttg: c131/213 lr:0.000326 t:8.7s
tttg: c132/213 lr:0.000319 t:8.8s
tttg: c133/213 lr:0.000312 t:8.8s
tttg: c134/213 lr:0.000305 t:8.9s
tttg: c135/213 lr:0.000298 t:9.0s
tttg: c136/213 lr:0.000292 t:9.1s
tttg: c137/213 lr:0.000285 t:9.1s
tttg: c138/213 lr:0.000278 t:9.2s
tttg: c139/213 lr:0.000272 t:9.3s
tttg: c140/213 lr:0.000265 t:9.3s
tttg: c141/213 lr:0.000259 t:9.4s
tttg: c142/213 lr:0.000252 t:9.5s
tttg: c143/213 lr:0.000246 t:9.5s
tttg: c144/213 lr:0.000239 t:9.6s
tttg: c145/213 lr:0.000233 t:9.6s
tttg: c146/213 lr:0.000227 t:9.7s
tttg: c147/213 lr:0.000221 t:9.8s
tttg: c148/213 lr:0.000215 t:9.8s
tttg: c149/213 lr:0.000209 t:9.9s
tttg: c150/213 lr:0.000203 t:10.0s
tttg: c151/213 lr:0.000197 t:10.1s
tttg: c152/213 lr:0.000191 t:10.1s
tttg: c153/213 lr:0.000185 t:10.2s
tttg: c154/213 lr:0.000179 t:10.2s
tttg: c155/213 lr:0.000174 t:10.3s
tttg: c156/213 lr:0.000168 t:10.4s
tttg: c157/213 lr:0.000163 t:10.5s
tttg: c158/213 lr:0.000157 t:10.5s
tttg: c159/213 lr:0.000152 t:10.6s
tttg: c160/213 lr:0.000146 t:10.7s
tttg: c161/213 lr:0.000141 t:10.7s
tttg: c162/213 lr:0.000136 t:10.8s
tttg: c163/213 lr:0.000131 t:10.9s
tttg: c164/213 lr:0.000126 t:10.9s
tttg: c165/213 lr:0.000121 t:11.0s
tttg: c166/213 lr:0.000116 t:11.1s
tttg: c167/213 lr:0.000112 t:11.1s
tttg: c168/213 lr:0.000107 t:11.2s
tttg: c169/213 lr:0.000103 t:11.3s
tttg: c170/213 lr:0.000098 t:11.3s
tttg: c171/213 lr:0.000094 t:11.4s
tttg: c172/213 lr:0.000089 t:11.5s
tttg: c173/213 lr:0.000085 t:11.5s
tttg: c174/213 lr:0.000081 t:11.6s
tttg: c175/213 lr:0.000077 t:11.7s
tttg: c176/213 lr:0.000073 t:11.7s
tttg: c177/213 lr:0.000069 t:11.8s
tttg: c178/213 lr:0.000066 t:11.8s
tttg: c179/213 lr:0.000062 t:11.9s
tttg: c180/213 lr:0.000059 t:12.0s
tttg: c181/213 lr:0.000055 t:12.1s
tttg: c182/213 lr:0.000052 t:12.1s
tttg: c183/213 lr:0.000049 t:12.2s
tttg: c184/213 lr:0.000045 t:12.3s
tttg: c185/213 lr:0.000042 t:12.3s
tttg: c186/213 lr:0.000039 t:12.4s
tttg: c187/213 lr:0.000037 t:12.4s
tttg: c188/213 lr:0.000034 t:12.5s
tttg: c189/213 lr:0.000031 t:12.6s
tttg: c190/213 lr:0.000029 t:12.6s
tttg: c191/213 lr:0.000026 t:12.7s
tttg: c192/213 lr:0.000024 t:12.8s
tttg: c193/213 lr:0.000022 t:12.8s
tttg: c194/213 lr:0.000020 t:12.9s
tttg: c195/213 lr:0.000018 t:13.0s
tttg: c196/213 lr:0.000016 t:13.1s
tttg: c197/213 lr:0.000014 t:13.1s
tttg: c198/213 lr:0.000012 t:13.2s
tttg: c199/213 lr:0.000011 t:13.2s
tttg: c200/213 lr:0.000009 t:13.3s
tttg: c201/213 lr:0.000008 t:13.4s
tttg: c202/213 lr:0.000007 t:13.4s
tttg: c203/213 lr:0.000005 t:13.5s
tttg: c204/213 lr:0.000004 t:13.6s
tttg: c205/213 lr:0.000004 t:13.6s
tttg: c206/213 lr:0.000003 t:13.7s
tttg: c207/213 lr:0.000002 t:13.8s
tttg: c208/213 lr:0.000001 t:13.8s
tttg: c209/213 lr:0.000001 t:13.9s
tttg: c210/213 lr:0.000000 t:14.0s
tttg: c211/213 lr:0.000000 t:14.0s
tttg: c212/213 lr:0.000000 t:14.1s
ttpr: phase:3/3 t:250.0s
ttp: b736/782 bl:2.6688 bb:1.0403 rl:2.7136 rb:1.0708 dl:2140-2165 gd:1
ttp: b734/782 bl:2.7659 bb:1.0547 rl:2.7176 rb:1.0695 dl:2091-2115 gd:1
ttp: b721/782 bl:2.7416 bb:1.0234 rl:2.7191 rb:1.0665 dl:1832-1846 gd:1
ttp: b718/782 bl:2.7695 bb:1.0676 rl:2.7220 rb:1.0665 dl:1773-1792 gd:1
ttp: b704/782 bl:2.7391 bb:1.0215 rl:2.7228 rb:1.0642 dl:1595-1606 gd:1
ttp: b701/782 bl:2.7496 bb:1.0457 rl:2.7241 rb:1.0634 dl:1562-1572 gd:1
ttp: b693/782 bl:2.8085 bb:1.1017 rl:2.7276 rb:1.0649 dl:1485-1494 gd:1
ttp: b680/782 bl:2.7997 bb:1.0532 rl:2.7303 rb:1.0645 dl:1375-1383 gd:1
ttp: b678/782 bl:2.7741 bb:1.0442 rl:2.7318 rb:1.0638 dl:1361-1368 gd:1
ttp: b667/782 bl:2.8116 bb:1.1014 rl:2.7344 rb:1.0650 dl:1288-1295 gd:1
ttp: b663/782 bl:2.7870 bb:1.0578 rl:2.7360 rb:1.0647 dl:1264-1269 gd:1
ttp: b651/782 bl:2.7150 bb:1.0427 rl:2.7354 rb:1.0641 dl:1193-1198 gd:1
ttp: b646/782 bl:2.7711 bb:1.0730 rl:2.7364 rb:1.0644 dl:1166-1171 gd:1
ttp: b636/782 bl:2.7543 bb:1.0684 rl:2.7368 rb:1.0645 dl:1116-1120 gd:1
ttp: b625/782 bl:2.6616 bb:0.9999 rl:2.7351 rb:1.0629 dl:1064-1068 gd:1
ttp: b617/782 bl:2.7360 bb:1.0355 rl:2.7351 rb:1.0623 dl:1027-1031 gd:1
ttp: b610/782 bl:2.8247 bb:1.0605 rl:2.7370 rb:1.0622 dl:999-1004 gd:1
ttp: b606/782 bl:2.8108 bb:1.0815 rl:2.7385 rb:1.0626 dl:982-986 gd:1
ttp: b598/782 bl:2.7937 bb:1.0641 rl:2.7395 rb:1.0627 dl:950-954 gd:1
ttp: b591/782 bl:2.6640 bb:1.0066 rl:2.7382 rb:1.0616 dl:927-930 gd:1
ttp: b585/782 bl:2.7547 bb:1.0621 rl:2.7384 rb:1.0616 dl:908-911 gd:1
ttp: b577/782 bl:2.7482 bb:1.0395 rl:2.7386 rb:1.0612 dl:880-884 gd:1
ttp: b570/782 bl:2.7755 bb:1.0802 rl:2.7392 rb:1.0615 dl:858-862 gd:1
ttp: b561/782 bl:2.7093 bb:1.0625 rl:2.7387 rb:1.0615 dl:831-834 gd:1
ttp: b553/782 bl:2.7618 bb:1.0581 rl:2.7391 rb:1.0615 dl:806-809 gd:1
ttp: b545/782 bl:2.7789 bb:1.0508 rl:2.7396 rb:1.0613 dl:785-788 gd:1
ttp: b537/782 bl:2.7024 bb:1.0218 rl:2.7391 rb:1.0608 dl:764-767 gd:1
ttp: b529/782 bl:2.7678 bb:1.0542 rl:2.7395 rb:1.0607 dl:745-747 gd:1
ttp: b521/782 bl:2.7623 bb:1.0481 rl:2.7398 rb:1.0605 dl:725-727 gd:1
ttp: b512/782 bl:2.7719 bb:1.0523 rl:2.7402 rb:1.0604 dl:703-705 gd:1
ttp: b504/782 bl:2.8619 bb:1.0966 rl:2.7416 rb:1.0609 dl:685-686 gd:1
ttp: b496/782 bl:2.8260 bb:1.0474 rl:2.7425 rb:1.0607 dl:666-668 gd:1
ttp: b488/782 bl:2.8160 bb:1.0495 rl:2.7433 rb:1.0606 dl:649-651 gd:1
ttp: b480/782 bl:2.7894 bb:1.0531 rl:2.7438 rb:1.0605 dl:632-635 gd:1
ttp: b472/782 bl:2.7938 bb:1.0680 rl:2.7443 rb:1.0606 dl:616-618 gd:1
ttp: b463/782 bl:2.7928 bb:1.0721 rl:2.7448 rb:1.0607 dl:599-600 gd:1
ttp: b455/782 bl:2.7879 bb:1.0691 rl:2.7452 rb:1.0608 dl:584-586 gd:1
ttp: b446/782 bl:2.8138 bb:1.0861 rl:2.7458 rb:1.0610 dl:568-569 gd:1
ttp: b439/782 bl:2.7457 bb:1.0406 rl:2.7458 rb:1.0608 dl:555-556 gd:1
ttp: b432/782 bl:2.7617 bb:1.0507 rl:2.7459 rb:1.0607 dl:542-544 gd:1
ttp: b425/782 bl:2.7525 bb:1.0472 rl:2.7460 rb:1.0606 dl:530-532 gd:1
ttp: b418/782 bl:2.8067 bb:1.0706 rl:2.7464 rb:1.0607 dl:517-519 gd:1
ttp: b384/782 bl:2.8399 bb:1.0895 rl:2.7471 rb:1.0609 dl:464-466 gd:1
ttp: b376/782 bl:2.7178 bb:1.0437 rl:2.7469 rb:1.0608 dl:453-454 gd:1
ttp: b368/782 bl:2.8449 bb:1.0854 rl:2.7475 rb:1.0609 dl:441-443 gd:1
ttp: b360/782 bl:2.8336 bb:1.0805 rl:2.7481 rb:1.0611 dl:430-432 gd:1
ttp: b352/782 bl:2.7451 bb:1.0913 rl:2.7481 rb:1.0613 dl:419-420 gd:1
ttp: b344/782 bl:2.8833 bb:1.1052 rl:2.7489 rb:1.0615 dl:408-410 gd:1
ttp: b336/782 bl:2.9467 bb:1.1645 rl:2.7500 rb:1.0621 dl:398-399 gd:1
ttp: b328/782 bl:2.7785 bb:1.0774 rl:2.7502 rb:1.0622 dl:388-389 gd:1
ttp: b320/782 bl:2.7662 bb:1.0791 rl:2.7503 rb:1.0623 dl:377-378 gd:1
ttp: b312/782 bl:2.7303 bb:1.0658 rl:2.7502 rb:1.0623 dl:367-368 gd:1
ttp: b304/782 bl:2.9037 bb:1.1309 rl:2.7510 rb:1.0626 dl:357-358 gd:1
ttp: b296/782 bl:2.8014 bb:1.0834 rl:2.7512 rb:1.0627 dl:347-348 gd:1
ttp: b288/782 bl:2.8067 bb:1.1020 rl:2.7515 rb:1.0629 dl:337-339 gd:1
ttp: b278/782 bl:2.8886 bb:1.1390 rl:2.7521 rb:1.0633 dl:326-327 gd:1
ttp: b270/782 bl:2.7752 bb:1.0891 rl:2.7522 rb:1.0634 dl:318-319 gd:1
ttp: b262/782 bl:2.8504 bb:1.1130 rl:2.7526 rb:1.0636 dl:309-310 gd:1
ttp: b254/782 bl:2.8986 bb:1.1418 rl:2.7532 rb:1.0639 dl:299-300 gd:1
ttp: b246/782 bl:2.8939 bb:1.1335 rl:2.7538 rb:1.0642 dl:291-292 gd:1
ttp: b238/782 bl:2.8886 bb:1.1459 rl:2.7543 rb:1.0645 dl:283-284 gd:1
ttp: b230/782 bl:2.8984 bb:1.1091 rl:2.7549 rb:1.0647 dl:275-276 gd:1
ttp: b222/782 bl:2.8709 bb:1.1153 rl:2.7553 rb:1.0649 dl:267-268 gd:1
ttp: b214/782 bl:2.9277 bb:1.1263 rl:2.7559 rb:1.0651 dl:259-260 gd:1
ttp: b206/782 bl:2.8839 bb:1.1163 rl:2.7563 rb:1.0652 dl:252-253 gd:1
ttp: b198/782 bl:2.9749 bb:1.1505 rl:2.7570 rb:1.0655 dl:245-246 gd:1
ttp: b190/782 bl:2.8734 bb:1.0923 rl:2.7574 rb:1.0656 dl:237-238 gd:1
ttp: b182/782 bl:2.8568 bb:1.1364 rl:2.7577 rb:1.0658 dl:230-231 gd:1
ttp: b173/782 bl:2.9671 bb:1.1535 rl:2.7583 rb:1.0661 dl:223-224 gd:1
ttp: b167/782 bl:2.9618 bb:1.1839 rl:2.7589 rb:1.0664 dl:218-218 gd:1
ttp: b158/782 bl:2.8738 bb:1.1377 rl:2.7593 rb:1.0666 dl:210-211 gd:1
ttp: b149/782 bl:2.9608 bb:1.1673 rl:2.7598 rb:1.0669 dl:203-204 gd:1
ttp: b142/782 bl:2.9671 bb:1.1632 rl:2.7603 rb:1.0671 dl:197-198 gd:1
ttp: b134/782 bl:3.0256 bb:1.2101 rl:2.7610 rb:1.0675 dl:190-191 gd:1
ttp: b125/782 bl:3.0052 bb:1.1909 rl:2.7616 rb:1.0678 dl:184-185 gd:1
ttp: b118/782 bl:2.9434 bb:1.1500 rl:2.7620 rb:1.0679 dl:178-179 gd:1
ttp: b109/782 bl:3.0718 bb:1.2105 rl:2.7627 rb:1.0683 dl:172-173 gd:1
ttp: b103/782 bl:2.8928 bb:1.1196 rl:2.7630 rb:1.0684 dl:168-168 gd:1
ttp: b94/782 bl:2.9831 bb:1.1765 rl:2.7635 rb:1.0686 dl:160-161 gd:1
ttp: b86/782 bl:3.0251 bb:1.2591 rl:2.7640 rb:1.0690 dl:154-155 gd:1
ttp: b78/782 bl:2.9043 bb:1.1268 rl:2.7643 rb:1.0691 dl:148-149 gd:1
ttp: b70/782 bl:3.0688 bb:1.1662 rl:2.7648 rb:1.0692 dl:142-143 gd:1
ttp: b62/782 bl:2.9866 bb:1.2081 rl:2.7652 rb:1.0695 dl:136-137 gd:1
ttp: b53/782 bl:3.1277 bb:1.2331 rl:2.7658 rb:1.0697 dl:129-130 gd:1
ttp: b46/782 bl:3.1312 bb:1.2244 rl:2.7664 rb:1.0700 dl:123-124 gd:1
ttp: b38/782 bl:3.0384 bb:1.2127 rl:2.7668 rb:1.0702 dl:117-118 gd:1
ttp: b30/782 bl:3.1243 bb:1.2515 rl:2.7673 rb:1.0704 dl:110-111 gd:1
ttp: b22/782 bl:3.1723 bb:1.2366 rl:2.7678 rb:1.0707 dl:103-104 gd:1
ttp: b14/782 bl:3.1358 bb:1.2333 rl:2.7683 rb:1.0709 dl:94-95 gd:1
ttp: b7/782 bl:3.2070 bb:1.2305 rl:2.7688 rb:1.0710 dl:84-86 gd:1
quantized_ttt_phased val_loss:2.76738841 val_bpb:1.07134229 eval_time:332086ms
total_eval_time:332.1s
