W0426 20:47:57.175000 888385 torch/distributed/run.py:803] 
W0426 20:47:57.175000 888385 torch/distributed/run.py:803] *****************************************
W0426 20:47:57.175000 888385 torch/distributed/run.py:803] Setting OMP_NUM_THREADS environment variable for each process to be 1 in default, to avoid your system being overloaded, please further tune the variable for optimal performance in your application as needed. 
W0426 20:47:57.175000 888385 torch/distributed/run.py:803] *****************************************
Hyperparameters:
  adam_eps: 1e-08
  adam_wd: 0.02
  artifact_dir: 
  attn_clip_sigmas: 13.0
  attn_out_gate_enabled: False
  attn_out_gate_src: proj
  beta1: 0.9
  beta2: 0.99
  caseops_enabled: True
  compressor: pergroup
  data_dir: /workspace/pr1797_work/data
  datasets_dir: /workspace/pr1797_work/data/datasets/fineweb10B_sp8192_lossless_caps_caseops_v1_reserved
  distributed: True
  ema_decay: 0.9965
  embed_bits: 7
  embed_clip_sigmas: 14.0
  embed_lr: 0.6
  embed_wd: 0.085
  enable_looping_at: 0.35
  eval_seq_len: 2048
  eval_stride: 64
  fused_ce_enabled: True
  gate_window: 12
  gated_attn_enabled: False
  gated_attn_init_std: 0.01
  gated_attn_quant_gate: True
  global_ttt_batch_seqs: 32
  global_ttt_chunk_tokens: 32768
  global_ttt_epochs: 1
  global_ttt_grad_clip: 1.0
  global_ttt_lr: 0.001
  global_ttt_momentum: 0.9
  global_ttt_respect_doc_boundaries: True
  global_ttt_warmup_chunks: 0
  global_ttt_warmup_start_lr: 0.0
  gptq_calibration_batches: 16
  gptq_reserve_seconds: 0.5
  grad_accum_steps: 1
  grad_clip_norm: 0.3
  is_main_process: True
  iterations: 20000
  ln_scale: True
  local_rank: 0
  logfile: logs/record_smearfix_s0.txt
  logit_softcap: 30.0
  loop_end: 5
  loop_start: 3
  lqer_asym_enabled: True
  lqer_asym_group: 64
  lqer_enabled: True
  lqer_factor_bits: 4
  lqer_rank: 4
  lqer_top_k: 3
  matrix_bits: 6
  matrix_clip_sigmas: 12.85
  matrix_lr: 0.026
  max_wallclock_seconds: 600.0
  min_lr: 0.1
  mlp_clip_sigmas: 11.5
  mlp_mult: 4.0
  model_dim: 512
  model_path: final_model.pt
  muon_backend_steps: 5
  muon_momentum: 0.97
  muon_momentum_warmup_start: 0.92
  muon_momentum_warmup_steps: 1500
  muon_row_normalize: True
  muon_wd: 0.095
  num_heads: 8
  num_kv_heads: 4
  num_layers: 11
  num_loops: 2
  parallel_final_lane: mean
  parallel_start_layer: 8
  phased_ttt_num_phases: 3
  phased_ttt_prefix_docs: 2500
  qk_gain_init: 5.0
  quantized_model_path: final_model.int6.ptz
  rank: 0
  rope_base: 10000.0
  rope_dims: 16
  rope_train_seq_len: 2048
  rope_yarn: False
  run_id: record_smearfix_s0
  scalar_lr: 0.02
  seed: 0
  skip_gates_enabled: True
  smear_gate_enabled: True
  sparse_attn_gate_enabled: True
  sparse_attn_gate_init_std: 0.0
  sparse_attn_gate_scale: 0.5
  tie_embeddings: True
  tied_embed_init_std: 0.005
  tied_embed_lr: 0.03
  tokenizer_path: /workspace/pr1797_work/data/tokenizers/fineweb_8192_bpe_lossless_caps_caseops_v1_reserved.model
  train_batch_tokens: 786432
  train_files: /workspace/pr1797_work/data/datasets/fineweb10B_sp8192_lossless_caps_caseops_v1_reserved/fineweb_train_*.bin
  train_log_every: 500
  train_seq_len: 2048
  ttt_batch_size: 64
  ttt_beta1: 0.0
  ttt_beta2: 0.99
  ttt_chunk_size: 48
  ttt_enabled: True
  ttt_eval_batches: 
  ttt_eval_seq_len: 2048
  ttt_grad_steps: 1
  ttt_k_lora: True
  ttt_lora_lr: 0.0001
  ttt_lora_rank: 80
  ttt_mlp_lora: True
  ttt_o_lora: True
  ttt_optimizer: adam
  ttt_weight_decay: 0.5
  val_batch_tokens: 524288
  val_bytes_files: /workspace/pr1797_work/data/datasets/fineweb10B_sp8192_lossless_caps_caseops_v1_reserved/fineweb_val_bytes_*.bin
  val_doc_fraction: 1.0
  val_files: /workspace/pr1797_work/data/datasets/fineweb10B_sp8192_lossless_caps_caseops_v1_reserved/fineweb_val_*.bin
  val_loss_every: 0
  vocab_size: 8192
  warmdown_frac: 0.85
  warmup_steps: 20
  world_size: 8
  xsa_last_n: 11
train_shards: 80
val_tokens: 47851520
model_params:35945671
gptq:reserving 0s, effective=599500ms
warmup_cu_buckets:64,128,192,256 iters_each:3
warmup_step: 1/20
warmup_step: 2/20
warmup_step: 3/20
warmup_step: 4/20
warmup_step: 5/20
warmup_step: 6/20
warmup_step: 10/20
warmup_step: 20/20
loop_warmup:enabled encoder:[0, 1, 2, 3, 4, 5, 3, 4] decoder:[5, 3, 4, 5, 6, 7, 8, 9, 10]
loop_warmup_step: 1/20
loop_warmup_step: 2/20
loop_warmup_step: 3/20
loop_warmup_step: 4/20
loop_warmup_step: 5/20
loop_warmup_step: 6/20
loop_warmup_step: 10/20
loop_warmup_step: 20/20
1/20000 train_loss: 9.0105 train_time: 0.0m tok/s: 12596538
2/20000 train_loss: 12.9462 train_time: 0.0m tok/s: 9276211
3/20000 train_loss: 10.2622 train_time: 0.0m tok/s: 8574353
4/20000 train_loss: 8.7786 train_time: 0.0m tok/s: 8412660
5/20000 train_loss: 8.0071 train_time: 0.0m tok/s: 8221165
500/20000 train_loss: 2.5753 train_time: 0.8m tok/s: 8258040
1000/20000 train_loss: 2.8098 train_time: 1.6m tok/s: 8220287
1500/20000 train_loss: 2.6181 train_time: 2.4m tok/s: 8210237
2000/20000 train_loss: 2.6526 train_time: 3.2m tok/s: 8198088
layer_loop:enabled step:2183 frac:0.350 encoder:[0, 1, 2, 3, 4, 5, 3, 4] decoder:[5, 3, 4, 5, 6, 7, 8, 9, 10]
2500/20000 train_loss: 2.5429 train_time: 4.2m tok/s: 7730924
3000/20000 train_loss: 2.5576 train_time: 5.4m tok/s: 7262364
3500/20000 train_loss: 2.5602 train_time: 6.6m tok/s: 6959973
4000/20000 train_loss: 2.4065 train_time: 7.8m tok/s: 6752497
4500/20000 train_loss: 2.2795 train_time: 9.0m tok/s: 6589531
4932/20000 val_loss: 2.3570 val_bpb: 1.0770
stopping_early: wallclock_cap train_time: 599433ms step: 4932/20000
peak memory allocated: 41707 MiB reserved: 47048 MiB
ema:applying EMA weights
diagnostic pre-quantization post-ema val_loss:2.33174699 val_bpb:1.06544819 eval_time:6737ms
Serialized model: 135417533 bytes
Code size (uncompressed): 157868 bytes
Code size (compressed): 31999 bytes
GPTQ:collecting Hessians from calibration data...
GPTQ:collected 67 Hessians in 4.9s
Quantized weights:
  gate_int8_row: blocks.attn.attn_gate_w
  gptq (int6): blocks.attn.c_k.weight, blocks.attn.c_q.weight, blocks.attn.c_v.weight, blocks.attn.proj.weight, blocks.mlp.fc.weight, blocks.mlp.proj.weight
  gptq (int6)+lqer_asym: blocks.mlp.fc.weight
  gptq (int7)+lqer_asym: tok_emb.weight
  passthrough (float16): blocks.attn.q_gain, blocks.attn_scale, blocks.mlp_scale, blocks.resid_mix, parallel_post_lambdas, parallel_resid_lambdas, skip_gates, skip_weights, smear_gate.weight, smear_lambda
Serialize: per-group lrzip compression...
Serialize: per-group compression done in 97.8s
Serialized model quantized+pergroup: 15868948 bytes
Total submission size quantized+pergroup: 15900947 bytes
Deserialize: per-group lrzip decompression...
Deserialize: decompression done in 18.2s
diagnostic quantized val_loss:2.35060987 val_bpb:1.07406724 eval_time:11612ms
Deserialize: per-group lrzip decompression...
Deserialize: decompression done in 17.0s
ttt_lora:warming up compile (random tokens, no val data)
ttt_lora:compile warmup done (88.8s)

beginning TTT eval timer
ttt_phased: total_docs:50000 prefix_docs:2500 suffix_docs:47500 num_phases:3 boundaries:[833, 1666, 2500]
ttp: b778/782 bl:2.3878 bb:1.1115 rl:2.3878 rb:1.1115 dl:9244-10426 gd:0
ttpp: phase:1/3 pd:1296 gd:833 t:202.7s
tttg: c1/131 lr:0.001000 t:0.3s
tttg: c2/131 lr:0.001000 t:0.5s
tttg: c3/131 lr:0.000999 t:0.6s
tttg: c4/131 lr:0.000999 t:0.7s
tttg: c5/131 lr:0.000998 t:0.8s
tttg: c6/131 lr:0.000996 t:1.0s
tttg: c7/131 lr:0.000995 t:1.1s
tttg: c8/131 lr:0.000993 t:1.2s
tttg: c9/131 lr:0.000991 t:1.3s
tttg: c10/131 lr:0.000988 t:1.5s
tttg: c11/131 lr:0.000985 t:1.6s
tttg: c12/131 lr:0.000982 t:1.7s
tttg: c13/131 lr:0.000979 t:1.9s
tttg: c14/131 lr:0.000976 t:2.0s
tttg: c15/131 lr:0.000972 t:2.1s
tttg: c16/131 lr:0.000968 t:2.2s
tttg: c17/131 lr:0.000963 t:2.4s
tttg: c18/131 lr:0.000958 t:2.5s
tttg: c19/131 lr:0.000953 t:2.6s
tttg: c20/131 lr:0.000948 t:2.7s
tttg: c21/131 lr:0.000943 t:2.9s
tttg: c22/131 lr:0.000937 t:3.0s
tttg: c23/131 lr:0.000931 t:3.1s
tttg: c24/131 lr:0.000925 t:3.3s
tttg: c25/131 lr:0.000918 t:3.4s
tttg: c26/131 lr:0.000911 t:3.5s
tttg: c27/131 lr:0.000905 t:3.6s
tttg: c28/131 lr:0.000897 t:3.8s
tttg: c29/131 lr:0.000890 t:3.9s
tttg: c30/131 lr:0.000882 t:4.0s
tttg: c31/131 lr:0.000874 t:4.1s
tttg: c32/131 lr:0.000866 t:4.3s
tttg: c33/131 lr:0.000858 t:4.4s
tttg: c34/131 lr:0.000849 t:4.5s
tttg: c35/131 lr:0.000841 t:4.7s
tttg: c36/131 lr:0.000832 t:4.8s
tttg: c37/131 lr:0.000822 t:4.9s
tttg: c38/131 lr:0.000813 t:5.0s
tttg: c39/131 lr:0.000804 t:5.2s
tttg: c40/131 lr:0.000794 t:5.3s
tttg: c41/131 lr:0.000784 t:5.4s
tttg: c42/131 lr:0.000774 t:5.6s
tttg: c43/131 lr:0.000764 t:5.7s
tttg: c44/131 lr:0.000753 t:5.8s
tttg: c45/131 lr:0.000743 t:5.9s
tttg: c46/131 lr:0.000732 t:6.1s
tttg: c47/131 lr:0.000722 t:6.2s
tttg: c48/131 lr:0.000711 t:6.3s
tttg: c49/131 lr:0.000700 t:6.4s
tttg: c50/131 lr:0.000689 t:6.6s
tttg: c51/131 lr:0.000677 t:6.7s
tttg: c52/131 lr:0.000666 t:6.8s
tttg: c53/131 lr:0.000655 t:6.9s
tttg: c54/131 lr:0.000643 t:7.1s
tttg: c55/131 lr:0.000631 t:7.2s
tttg: c56/131 lr:0.000620 t:7.3s
tttg: c57/131 lr:0.000608 t:7.4s
tttg: c58/131 lr:0.000596 t:7.6s
tttg: c59/131 lr:0.000584 t:7.7s
tttg: c60/131 lr:0.000572 t:7.8s
tttg: c61/131 lr:0.000560 t:7.9s
tttg: c62/131 lr:0.000548 t:8.1s
tttg: c63/131 lr:0.000536 t:8.2s
tttg: c64/131 lr:0.000524 t:8.3s
tttg: c65/131 lr:0.000512 t:8.4s
tttg: c66/131 lr:0.000500 t:8.6s
tttg: c67/131 lr:0.000488 t:8.7s
tttg: c68/131 lr:0.000476 t:8.8s
tttg: c69/131 lr:0.000464 t:8.9s
tttg: c70/131 lr:0.000452 t:9.1s
tttg: c71/131 lr:0.000440 t:9.2s
tttg: c72/131 lr:0.000428 t:9.3s
tttg: c73/131 lr:0.000416 t:9.4s
tttg: c74/131 lr:0.000404 t:9.6s
tttg: c75/131 lr:0.000392 t:9.7s
tttg: c76/131 lr:0.000380 t:9.8s
tttg: c77/131 lr:0.000369 t:9.9s
tttg: c78/131 lr:0.000357 t:10.1s
tttg: c79/131 lr:0.000345 t:10.2s
tttg: c80/131 lr:0.000334 t:10.3s
tttg: c81/131 lr:0.000323 t:10.5s
tttg: c82/131 lr:0.000311 t:10.6s
tttg: c83/131 lr:0.000300 t:10.7s
tttg: c84/131 lr:0.000289 t:10.8s
tttg: c85/131 lr:0.000278 t:11.0s
tttg: c86/131 lr:0.000268 t:11.1s
tttg: c87/131 lr:0.000257 t:11.2s
tttg: c88/131 lr:0.000247 t:11.3s
tttg: c89/131 lr:0.000236 t:11.5s
tttg: c90/131 lr:0.000226 t:11.6s
tttg: c91/131 lr:0.000216 t:11.7s
tttg: c92/131 lr:0.000206 t:11.8s
tttg: c93/131 lr:0.000196 t:11.9s
tttg: c94/131 lr:0.000187 t:12.0s
tttg: c95/131 lr:0.000178 t:12.1s
tttg: c96/131 lr:0.000168 t:12.2s
tttg: c97/131 lr:0.000159 t:12.3s
tttg: c98/131 lr:0.000151 t:12.4s
tttg: c99/131 lr:0.000142 t:12.5s
tttg: c100/131 lr:0.000134 t:12.6s
tttg: c101/131 lr:0.000126 t:12.7s
tttg: c102/131 lr:0.000118 t:12.8s
tttg: c103/131 lr:0.000110 t:12.9s
tttg: c104/131 lr:0.000103 t:13.0s
tttg: c105/131 lr:0.000095 t:13.1s
tttg: c106/131 lr:0.000089 t:13.2s
tttg: c107/131 lr:0.000082 t:13.3s
tttg: c108/131 lr:0.000075 t:13.4s
tttg: c109/131 lr:0.000069 t:13.5s
tttg: c110/131 lr:0.000063 t:14.7s
tttg: c111/131 lr:0.000057 t:14.7s
tttg: c112/131 lr:0.000052 t:14.8s
tttg: c113/131 lr:0.000047 t:15.0s
tttg: c114/131 lr:0.000042 t:15.1s
tttg: c115/131 lr:0.000037 t:15.2s
tttg: c116/131 lr:0.000032 t:15.3s
tttg: c117/131 lr:0.000028 t:15.4s
tttg: c118/131 lr:0.000024 t:15.5s
tttg: c119/131 lr:0.000021 t:15.6s
tttg: c120/131 lr:0.000018 t:15.7s
tttg: c121/131 lr:0.000015 t:15.8s
tttg: c122/131 lr:0.000012 t:15.9s
tttg: c123/131 lr:0.000009 t:16.0s
tttg: c124/131 lr:0.000007 t:16.1s
tttg: c125/131 lr:0.000005 t:16.2s
tttg: c126/131 lr:0.000004 t:16.3s
tttg: c127/131 lr:0.000002 t:16.4s
tttg: c128/131 lr:0.000001 t:16.5s
tttg: c129/131 lr:0.000001 t:16.6s
tttg: c130/131 lr:0.000000 t:16.7s
ttpr: phase:1/3 t:221.6s
ttp: b754/782 bl:2.2902 bb:1.0593 rl:2.3627 rb:1.0981 dl:3345-3397 gd:0
ttpp: phase:2/3 pd:2128 gd:1666 t:286.1s
tttg: c1/219 lr:0.001000 t:0.1s
tttg: c2/219 lr:0.001000 t:0.1s
tttg: c3/219 lr:0.001000 t:0.2s
tttg: c4/219 lr:0.001000 t:0.3s
tttg: c5/219 lr:0.000999 t:0.5s
tttg: c6/219 lr:0.000999 t:0.6s
tttg: c7/219 lr:0.000998 t:0.7s
tttg: c8/219 lr:0.000997 t:0.8s
tttg: c9/219 lr:0.000997 t:0.9s
tttg: c10/219 lr:0.000996 t:1.0s
tttg: c11/219 lr:0.000995 t:1.1s
tttg: c12/219 lr:0.000994 t:1.2s
tttg: c13/219 lr:0.000993 t:1.3s
tttg: c14/219 lr:0.000991 t:1.4s
tttg: c15/219 lr:0.000990 t:1.5s
tttg: c16/219 lr:0.000988 t:1.6s
tttg: c17/219 lr:0.000987 t:1.7s
tttg: c18/219 lr:0.000985 t:1.8s
tttg: c19/219 lr:0.000983 t:1.9s
tttg: c20/219 lr:0.000981 t:2.0s
tttg: c21/219 lr:0.000979 t:2.1s
tttg: c22/219 lr:0.000977 t:2.2s
tttg: c23/219 lr:0.000975 t:2.3s
tttg: c24/219 lr:0.000973 t:2.4s
tttg: c25/219 lr:0.000970 t:2.5s
tttg: c26/219 lr:0.000968 t:2.6s
tttg: c27/219 lr:0.000965 t:2.7s
tttg: c28/219 lr:0.000963 t:2.8s
tttg: c29/219 lr:0.000960 t:2.9s
tttg: c30/219 lr:0.000957 t:3.0s
tttg: c31/219 lr:0.000954 t:3.1s
tttg: c32/219 lr:0.000951 t:3.2s
tttg: c33/219 lr:0.000948 t:3.3s
tttg: c34/219 lr:0.000945 t:3.4s
tttg: c35/219 lr:0.000941 t:3.5s
tttg: c36/219 lr:0.000938 t:3.7s
tttg: c37/219 lr:0.000934 t:3.8s
tttg: c38/219 lr:0.000931 t:3.9s
tttg: c39/219 lr:0.000927 t:4.0s
tttg: c40/219 lr:0.000923 t:4.1s
tttg: c41/219 lr:0.000919 t:4.2s
tttg: c42/219 lr:0.000915 t:4.3s
tttg: c43/219 lr:0.000911 t:4.4s
tttg: c44/219 lr:0.000907 t:4.6s
tttg: c45/219 lr:0.000903 t:4.7s
tttg: c46/219 lr:0.000898 t:4.8s
tttg: c47/219 lr:0.000894 t:4.9s
tttg: c48/219 lr:0.000890 t:5.0s
tttg: c49/219 lr:0.000885 t:5.2s
tttg: c50/219 lr:0.000880 t:5.3s
tttg: c51/219 lr:0.000876 t:5.4s
tttg: c52/219 lr:0.000871 t:5.5s
tttg: c53/219 lr:0.000866 t:5.6s
tttg: c54/219 lr:0.000861 t:5.7s
tttg: c55/219 lr:0.000856 t:5.8s
tttg: c56/219 lr:0.000851 t:5.9s
tttg: c57/219 lr:0.000846 t:6.0s
tttg: c58/219 lr:0.000841 t:6.1s
tttg: c59/219 lr:0.000835 t:6.2s
tttg: c60/219 lr:0.000830 t:6.3s
tttg: c61/219 lr:0.000824 t:6.4s
tttg: c62/219 lr:0.000819 t:6.5s
tttg: c63/219 lr:0.000813 t:6.6s
tttg: c64/219 lr:0.000808 t:6.7s
tttg: c65/219 lr:0.000802 t:6.8s
tttg: c66/219 lr:0.000796 t:6.9s
tttg: c67/219 lr:0.000790 t:7.0s
tttg: c68/219 lr:0.000784 t:7.1s
tttg: c69/219 lr:0.000779 t:7.2s
tttg: c70/219 lr:0.000773 t:7.3s
tttg: c71/219 lr:0.000766 t:7.4s
tttg: c72/219 lr:0.000760 t:7.5s
tttg: c73/219 lr:0.000754 t:7.6s
tttg: c74/219 lr:0.000748 t:7.7s
tttg: c75/219 lr:0.000742 t:7.9s
tttg: c76/219 lr:0.000735 t:8.0s
tttg: c77/219 lr:0.000729 t:8.1s
tttg: c78/219 lr:0.000722 t:8.2s
tttg: c79/219 lr:0.000716 t:8.3s
tttg: c80/219 lr:0.000709 t:8.4s
tttg: c81/219 lr:0.000703 t:8.5s
tttg: c82/219 lr:0.000696 t:8.6s
tttg: c83/219 lr:0.000690 t:8.7s
tttg: c84/219 lr:0.000683 t:8.8s
tttg: c85/219 lr:0.000676 t:8.9s
tttg: c86/219 lr:0.000670 t:9.0s
tttg: c87/219 lr:0.000663 t:9.1s
tttg: c88/219 lr:0.000656 t:9.2s
tttg: c89/219 lr:0.000649 t:9.3s
tttg: c90/219 lr:0.000642 t:9.5s
tttg: c91/219 lr:0.000635 t:9.6s
tttg: c92/219 lr:0.000628 t:9.7s
tttg: c93/219 lr:0.000621 t:9.8s
tttg: c94/219 lr:0.000614 t:9.9s
tttg: c95/219 lr:0.000607 t:10.0s
tttg: c96/219 lr:0.000600 t:10.1s
tttg: c97/219 lr:0.000593 t:10.2s
tttg: c98/219 lr:0.000586 t:10.3s
tttg: c99/219 lr:0.000579 t:10.4s
tttg: c100/219 lr:0.000572 t:10.5s
tttg: c101/219 lr:0.000565 t:10.6s
tttg: c102/219 lr:0.000558 t:10.7s
tttg: c103/219 lr:0.000550 t:10.8s
tttg: c104/219 lr:0.000543 t:10.9s
tttg: c105/219 lr:0.000536 t:11.0s
tttg: c106/219 lr:0.000529 t:11.1s
tttg: c107/219 lr:0.000522 t:11.2s
tttg: c108/219 lr:0.000514 t:11.4s
tttg: c109/219 lr:0.000507 t:11.5s
tttg: c110/219 lr:0.000500 t:11.6s
tttg: c111/219 lr:0.000493 t:11.7s
tttg: c112/219 lr:0.000486 t:11.8s
tttg: c113/219 lr:0.000478 t:11.9s
tttg: c114/219 lr:0.000471 t:12.0s
tttg: c115/219 lr:0.000464 t:12.1s
tttg: c116/219 lr:0.000457 t:12.2s
tttg: c117/219 lr:0.000450 t:12.3s
tttg: c118/219 lr:0.000442 t:12.4s
tttg: c119/219 lr:0.000435 t:12.5s
tttg: c120/219 lr:0.000428 t:12.6s
tttg: c121/219 lr:0.000421 t:12.7s
tttg: c122/219 lr:0.000414 t:12.8s
tttg: c123/219 lr:0.000407 t:12.9s
tttg: c124/219 lr:0.000400 t:13.0s
tttg: c125/219 lr:0.000393 t:13.1s
tttg: c126/219 lr:0.000386 t:13.2s
tttg: c127/219 lr:0.000379 t:13.4s
tttg: c128/219 lr:0.000372 t:13.5s
tttg: c129/219 lr:0.000365 t:13.6s
tttg: c130/219 lr:0.000358 t:13.7s
tttg: c131/219 lr:0.000351 t:13.8s
tttg: c132/219 lr:0.000344 t:13.9s
tttg: c133/219 lr:0.000337 t:14.0s
tttg: c134/219 lr:0.000330 t:14.1s
tttg: c135/219 lr:0.000324 t:14.2s
tttg: c136/219 lr:0.000317 t:14.3s
tttg: c137/219 lr:0.000310 t:14.4s
tttg: c138/219 lr:0.000304 t:14.5s
tttg: c139/219 lr:0.000297 t:14.6s
tttg: c140/219 lr:0.000291 t:14.7s
tttg: c141/219 lr:0.000284 t:14.8s
tttg: c142/219 lr:0.000278 t:14.9s
tttg: c143/219 lr:0.000271 t:15.0s
tttg: c144/219 lr:0.000265 t:15.1s
tttg: c145/219 lr:0.000258 t:15.2s
tttg: c146/219 lr:0.000252 t:15.3s
tttg: c147/219 lr:0.000246 t:15.4s
tttg: c148/219 lr:0.000240 t:15.5s
tttg: c149/219 lr:0.000234 t:15.6s
tttg: c150/219 lr:0.000227 t:15.7s
tttg: c151/219 lr:0.000221 t:15.8s
tttg: c152/219 lr:0.000216 t:15.9s
tttg: c153/219 lr:0.000210 t:16.0s
tttg: c154/219 lr:0.000204 t:16.1s
tttg: c155/219 lr:0.000198 t:16.2s
tttg: c156/219 lr:0.000192 t:16.3s
tttg: c157/219 lr:0.000187 t:16.5s
tttg: c158/219 lr:0.000181 t:16.6s
tttg: c159/219 lr:0.000176 t:16.7s
tttg: c160/219 lr:0.000170 t:16.8s
tttg: c161/219 lr:0.000165 t:16.9s
tttg: c162/219 lr:0.000159 t:17.0s
tttg: c163/219 lr:0.000154 t:17.1s
tttg: c164/219 lr:0.000149 t:17.2s
tttg: c165/219 lr:0.000144 t:17.3s
tttg: c166/219 lr:0.000139 t:17.4s
tttg: c167/219 lr:0.000134 t:17.5s
tttg: c168/219 lr:0.000129 t:17.6s
tttg: c169/219 lr:0.000124 t:17.7s
tttg: c170/219 lr:0.000120 t:17.8s
tttg: c171/219 lr:0.000115 t:17.9s
tttg: c172/219 lr:0.000110 t:18.0s
tttg: c173/219 lr:0.000106 t:18.1s
tttg: c174/219 lr:0.000102 t:18.2s
tttg: c175/219 lr:0.000097 t:18.3s
tttg: c176/219 lr:0.000093 t:18.4s
tttg: c177/219 lr:0.000089 t:18.5s
tttg: c178/219 lr:0.000085 t:18.6s
tttg: c179/219 lr:0.000081 t:18.7s
tttg: c180/219 lr:0.000077 t:18.8s
tttg: c181/219 lr:0.000073 t:19.0s
tttg: c182/219 lr:0.000069 t:19.1s
tttg: c183/219 lr:0.000066 t:19.2s
tttg: c184/219 lr:0.000062 t:19.3s
tttg: c185/219 lr:0.000059 t:19.4s
tttg: c186/219 lr:0.000055 t:19.5s
tttg: c187/219 lr:0.000052 t:19.6s
tttg: c188/219 lr:0.000049 t:19.7s
tttg: c189/219 lr:0.000046 t:19.8s
tttg: c190/219 lr:0.000043 t:19.9s
tttg: c191/219 lr:0.000040 t:20.0s
tttg: c192/219 lr:0.000037 t:20.1s
tttg: c193/219 lr:0.000035 t:20.2s
tttg: c194/219 lr:0.000032 t:20.3s
tttg: c195/219 lr:0.000030 t:20.4s
tttg: c196/219 lr:0.000027 t:20.5s
tttg: c197/219 lr:0.000025 t:20.6s
tttg: c198/219 lr:0.000023 t:20.7s
tttg: c199/219 lr:0.000021 t:20.8s
tttg: c200/219 lr:0.000019 t:20.9s
tttg: c201/219 lr:0.000017 t:21.0s
tttg: c202/219 lr:0.000015 t:21.1s
tttg: c203/219 lr:0.000013 t:21.2s
tttg: c204/219 lr:0.000012 t:21.3s
tttg: c205/219 lr:0.000010 t:21.4s
tttg: c206/219 lr:0.000009 t:21.5s
tttg: c207/219 lr:0.000007 t:21.6s
tttg: c208/219 lr:0.000006 t:21.7s
tttg: c209/219 lr:0.000005 t:21.8s
tttg: c210/219 lr:0.000004 t:21.9s
tttg: c211/219 lr:0.000003 t:22.0s
tttg: c212/219 lr:0.000003 t:22.1s
tttg: c213/219 lr:0.000002 t:22.2s
tttg: c214/219 lr:0.000001 t:22.3s
tttg: c215/219 lr:0.000001 t:22.4s
tttg: c216/219 lr:0.000000 t:22.5s
tttg: c217/219 lr:0.000000 t:22.6s
tttg: c218/219 lr:0.000000 t:22.7s
ttpr: phase:2/3 t:310.3s
ttp: b741/782 bl:2.3222 bb:1.0414 rl:2.3558 rb:1.0881 dl:2686-2730 gd:0
ttp: b740/782 bl:2.2624 bb:1.0385 rl:2.3423 rb:1.0809 dl:2653-2686 gd:0
ttpp: phase:3/3 pd:2960 gd:2500 t:325.4s
tttg: c1/289 lr:0.001000 t:0.1s
tttg: c2/289 lr:0.001000 t:0.1s
tttg: c3/289 lr:0.001000 t:0.2s
tttg: c4/289 lr:0.001000 t:0.3s
tttg: c5/289 lr:0.001000 t:0.4s
tttg: c6/289 lr:0.000999 t:0.5s
tttg: c7/289 lr:0.000999 t:0.7s
tttg: c8/289 lr:0.000999 t:0.8s
tttg: c9/289 lr:0.000998 t:0.9s
tttg: c10/289 lr:0.000998 t:1.0s
tttg: c11/289 lr:0.000997 t:1.1s
tttg: c12/289 lr:0.000996 t:1.2s
tttg: c13/289 lr:0.000996 t:1.3s
tttg: c14/289 lr:0.000995 t:1.4s
tttg: c15/289 lr:0.000994 t:1.5s
tttg: c16/289 lr:0.000993 t:1.6s
tttg: c17/289 lr:0.000992 t:1.7s
tttg: c18/289 lr:0.000991 t:1.8s
tttg: c19/289 lr:0.000990 t:1.9s
tttg: c20/289 lr:0.000989 t:2.0s
tttg: c21/289 lr:0.000988 t:2.1s
tttg: c22/289 lr:0.000987 t:2.2s
tttg: c23/289 lr:0.000986 t:2.3s
tttg: c24/289 lr:0.000984 t:2.4s
tttg: c25/289 lr:0.000983 t:2.5s
tttg: c26/289 lr:0.000982 t:2.6s
tttg: c27/289 lr:0.000980 t:2.8s
tttg: c28/289 lr:0.000978 t:2.9s
tttg: c29/289 lr:0.000977 t:3.0s
tttg: c30/289 lr:0.000975 t:3.1s
tttg: c31/289 lr:0.000973 t:3.2s
tttg: c32/289 lr:0.000972 t:3.3s
tttg: c33/289 lr:0.000970 t:3.4s
tttg: c34/289 lr:0.000968 t:3.5s
tttg: c35/289 lr:0.000966 t:3.6s
tttg: c36/289 lr:0.000964 t:3.7s
tttg: c37/289 lr:0.000962 t:3.8s
tttg: c38/289 lr:0.000960 t:3.9s
tttg: c39/289 lr:0.000958 t:4.0s
tttg: c40/289 lr:0.000955 t:4.1s
tttg: c41/289 lr:0.000953 t:4.2s
tttg: c42/289 lr:0.000951 t:4.3s
tttg: c43/289 lr:0.000948 t:4.4s
tttg: c44/289 lr:0.000946 t:4.6s
tttg: c45/289 lr:0.000944 t:4.7s
tttg: c46/289 lr:0.000941 t:4.8s
tttg: c47/289 lr:0.000938 t:4.9s
tttg: c48/289 lr:0.000936 t:5.0s
tttg: c49/289 lr:0.000933 t:5.1s
tttg: c50/289 lr:0.000930 t:5.2s
tttg: c51/289 lr:0.000927 t:5.3s
tttg: c52/289 lr:0.000925 t:5.4s
tttg: c53/289 lr:0.000922 t:5.5s
tttg: c54/289 lr:0.000919 t:5.6s
tttg: c55/289 lr:0.000916 t:5.7s
tttg: c56/289 lr:0.000913 t:5.8s
tttg: c57/289 lr:0.000910 t:5.9s
tttg: c58/289 lr:0.000906 t:6.0s
tttg: c59/289 lr:0.000903 t:6.1s
tttg: c60/289 lr:0.000900 t:6.2s
tttg: c61/289 lr:0.000897 t:6.3s
tttg: c62/289 lr:0.000893 t:6.4s
tttg: c63/289 lr:0.000890 t:6.5s
tttg: c64/289 lr:0.000887 t:6.7s
tttg: c65/289 lr:0.000883 t:6.8s
tttg: c66/289 lr:0.000879 t:6.9s
tttg: c67/289 lr:0.000876 t:7.0s
tttg: c68/289 lr:0.000872 t:7.1s
tttg: c69/289 lr:0.000869 t:7.2s
tttg: c70/289 lr:0.000865 t:7.3s
tttg: c71/289 lr:0.000861 t:7.4s
tttg: c72/289 lr:0.000857 t:7.5s
tttg: c73/289 lr:0.000854 t:7.6s
tttg: c74/289 lr:0.000850 t:7.7s
tttg: c75/289 lr:0.000846 t:7.8s
tttg: c76/289 lr:0.000842 t:8.0s
tttg: c77/289 lr:0.000838 t:8.1s
tttg: c78/289 lr:0.000834 t:8.2s
tttg: c79/289 lr:0.000830 t:8.3s
tttg: c80/289 lr:0.000826 t:8.4s
tttg: c81/289 lr:0.000821 t:8.5s
tttg: c82/289 lr:0.000817 t:8.6s
tttg: c83/289 lr:0.000813 t:8.7s
tttg: c84/289 lr:0.000809 t:8.8s
tttg: c85/289 lr:0.000804 t:8.9s
tttg: c86/289 lr:0.000800 t:9.0s
tttg: c87/289 lr:0.000796 t:9.1s
tttg: c88/289 lr:0.000791 t:9.2s
tttg: c89/289 lr:0.000787 t:9.3s
tttg: c90/289 lr:0.000782 t:9.4s
tttg: c91/289 lr:0.000778 t:9.5s
tttg: c92/289 lr:0.000773 t:9.7s
tttg: c93/289 lr:0.000769 t:9.8s
tttg: c94/289 lr:0.000764 t:9.9s
tttg: c95/289 lr:0.000759 t:10.0s
tttg: c96/289 lr:0.000755 t:10.1s
tttg: c97/289 lr:0.000750 t:10.2s
tttg: c98/289 lr:0.000745 t:10.3s
tttg: c99/289 lr:0.000740 t:10.4s
tttg: c100/289 lr:0.000736 t:10.5s
tttg: c101/289 lr:0.000731 t:10.7s
tttg: c102/289 lr:0.000726 t:10.8s
tttg: c103/289 lr:0.000721 t:10.9s
tttg: c104/289 lr:0.000716 t:11.0s
tttg: c105/289 lr:0.000711 t:11.1s
tttg: c106/289 lr:0.000706 t:11.2s
tttg: c107/289 lr:0.000701 t:11.3s
tttg: c108/289 lr:0.000696 t:11.4s
tttg: c109/289 lr:0.000691 t:11.5s
tttg: c110/289 lr:0.000686 t:11.6s
tttg: c111/289 lr:0.000681 t:11.7s
tttg: c112/289 lr:0.000676 t:11.8s
tttg: c113/289 lr:0.000671 t:11.9s
tttg: c114/289 lr:0.000666 t:12.0s
tttg: c115/289 lr:0.000661 t:12.1s
tttg: c116/289 lr:0.000656 t:12.2s
tttg: c117/289 lr:0.000650 t:12.3s
tttg: c118/289 lr:0.000645 t:12.4s
tttg: c119/289 lr:0.000640 t:12.6s
tttg: c120/289 lr:0.000635 t:12.7s
tttg: c121/289 lr:0.000629 t:12.8s
tttg: c122/289 lr:0.000624 t:12.9s
tttg: c123/289 lr:0.000619 t:13.0s
tttg: c124/289 lr:0.000614 t:13.1s
tttg: c125/289 lr:0.000608 t:13.2s
tttg: c126/289 lr:0.000603 t:13.3s
tttg: c127/289 lr:0.000598 t:13.4s
tttg: c128/289 lr:0.000592 t:13.5s
tttg: c129/289 lr:0.000587 t:13.6s
tttg: c130/289 lr:0.000581 t:13.7s
tttg: c131/289 lr:0.000576 t:13.8s
tttg: c132/289 lr:0.000571 t:13.9s
tttg: c133/289 lr:0.000565 t:14.0s
tttg: c134/289 lr:0.000560 t:14.1s
tttg: c135/289 lr:0.000554 t:14.2s
tttg: c136/289 lr:0.000549 t:14.3s
tttg: c137/289 lr:0.000544 t:14.5s
tttg: c138/289 lr:0.000538 t:14.6s
tttg: c139/289 lr:0.000533 t:14.7s
tttg: c140/289 lr:0.000527 t:14.8s
tttg: c141/289 lr:0.000522 t:14.9s
tttg: c142/289 lr:0.000516 t:15.0s
tttg: c143/289 lr:0.000511 t:15.1s
tttg: c144/289 lr:0.000505 t:15.2s
tttg: c145/289 lr:0.000500 t:15.3s
tttg: c146/289 lr:0.000495 t:15.4s
tttg: c147/289 lr:0.000489 t:15.5s
tttg: c148/289 lr:0.000484 t:15.6s
tttg: c149/289 lr:0.000478 t:15.7s
tttg: c150/289 lr:0.000473 t:15.8s
tttg: c151/289 lr:0.000467 t:15.9s
tttg: c152/289 lr:0.000462 t:16.0s
tttg: c153/289 lr:0.000456 t:16.1s
tttg: c154/289 lr:0.000451 t:16.2s
tttg: c155/289 lr:0.000446 t:16.3s
tttg: c156/289 lr:0.000440 t:16.4s
tttg: c157/289 lr:0.000435 t:16.5s
tttg: c158/289 lr:0.000429 t:16.6s
tttg: c159/289 lr:0.000424 t:16.7s
tttg: c160/289 lr:0.000419 t:16.8s
tttg: c161/289 lr:0.000413 t:16.9s
tttg: c162/289 lr:0.000408 t:17.0s
tttg: c163/289 lr:0.000402 t:17.1s
tttg: c164/289 lr:0.000397 t:17.2s
tttg: c165/289 lr:0.000392 t:17.3s
tttg: c166/289 lr:0.000386 t:17.5s
tttg: c167/289 lr:0.000381 t:17.6s
tttg: c168/289 lr:0.000376 t:17.7s
tttg: c169/289 lr:0.000371 t:17.8s
tttg: c170/289 lr:0.000365 t:17.9s
tttg: c171/289 lr:0.000360 t:18.0s
tttg: c172/289 lr:0.000355 t:18.1s
tttg: c173/289 lr:0.000350 t:18.2s
tttg: c174/289 lr:0.000344 t:18.3s
tttg: c175/289 lr:0.000339 t:18.4s
tttg: c176/289 lr:0.000334 t:18.5s
tttg: c177/289 lr:0.000329 t:18.6s
tttg: c178/289 lr:0.000324 t:18.7s
tttg: c179/289 lr:0.000319 t:18.8s
tttg: c180/289 lr:0.000314 t:18.9s
tttg: c181/289 lr:0.000309 t:19.0s
tttg: c182/289 lr:0.000304 t:19.1s
tttg: c183/289 lr:0.000299 t:19.2s
tttg: c184/289 lr:0.000294 t:19.3s
tttg: c185/289 lr:0.000289 t:19.4s
tttg: c186/289 lr:0.000284 t:19.5s
tttg: c187/289 lr:0.000279 t:19.6s
tttg: c188/289 lr:0.000274 t:19.7s
tttg: c189/289 lr:0.000269 t:19.8s
tttg: c190/289 lr:0.000264 t:19.9s
tttg: c191/289 lr:0.000260 t:20.0s
tttg: c192/289 lr:0.000255 t:20.1s
tttg: c193/289 lr:0.000250 t:20.3s
tttg: c194/289 lr:0.000245 t:20.4s
tttg: c195/289 lr:0.000241 t:20.5s
tttg: c196/289 lr:0.000236 t:20.6s
tttg: c197/289 lr:0.000231 t:20.7s
tttg: c198/289 lr:0.000227 t:20.8s
tttg: c199/289 lr:0.000222 t:20.9s
tttg: c200/289 lr:0.000218 t:21.0s
tttg: c201/289 lr:0.000213 t:21.1s
tttg: c202/289 lr:0.000209 t:21.2s
tttg: c203/289 lr:0.000204 t:21.3s
tttg: c204/289 lr:0.000200 t:21.4s
tttg: c205/289 lr:0.000196 t:21.5s
tttg: c206/289 lr:0.000191 t:21.6s
tttg: c207/289 lr:0.000187 t:21.7s
tttg: c208/289 lr:0.000183 t:21.8s
tttg: c209/289 lr:0.000179 t:21.9s
tttg: c210/289 lr:0.000174 t:22.0s
tttg: c211/289 lr:0.000170 t:22.1s
tttg: c212/289 lr:0.000166 t:22.2s
tttg: c213/289 lr:0.000162 t:22.3s
tttg: c214/289 lr:0.000158 t:22.4s
tttg: c215/289 lr:0.000154 t:22.5s
tttg: c216/289 lr:0.000150 t:22.6s
tttg: c217/289 lr:0.000146 t:22.7s
tttg: c218/289 lr:0.000143 t:22.8s
tttg: c219/289 lr:0.000139 t:23.0s
tttg: c220/289 lr:0.000135 t:23.1s
tttg: c221/289 lr:0.000131 t:23.2s
tttg: c222/289 lr:0.000128 t:23.3s
tttg: c223/289 lr:0.000124 t:23.4s
tttg: c224/289 lr:0.000121 t:23.5s
tttg: c225/289 lr:0.000117 t:23.6s
tttg: c226/289 lr:0.000113 t:23.7s
tttg: c227/289 lr:0.000110 t:23.8s
tttg: c228/289 lr:0.000107 t:23.9s
tttg: c229/289 lr:0.000103 t:24.0s
tttg: c230/289 lr:0.000100 t:24.1s
tttg: c231/289 lr:0.000097 t:24.2s
tttg: c232/289 lr:0.000094 t:24.3s
tttg: c233/289 lr:0.000090 t:24.4s
tttg: c234/289 lr:0.000087 t:24.5s
tttg: c235/289 lr:0.000084 t:24.6s
tttg: c236/289 lr:0.000081 t:24.8s
tttg: c237/289 lr:0.000078 t:24.9s
tttg: c238/289 lr:0.000075 t:25.0s
tttg: c239/289 lr:0.000073 t:25.1s
tttg: c240/289 lr:0.000070 t:25.2s
tttg: c241/289 lr:0.000067 t:25.3s
tttg: c242/289 lr:0.000064 t:25.4s
tttg: c243/289 lr:0.000062 t:25.5s
tttg: c244/289 lr:0.000059 t:25.6s
tttg: c245/289 lr:0.000056 t:25.7s
tttg: c246/289 lr:0.000054 t:25.8s
tttg: c247/289 lr:0.000052 t:25.9s
tttg: c248/289 lr:0.000049 t:26.0s
tttg: c249/289 lr:0.000047 t:26.1s
tttg: c250/289 lr:0.000045 t:26.2s
tttg: c251/289 lr:0.000042 t:26.3s
tttg: c252/289 lr:0.000040 t:26.4s
tttg: c253/289 lr:0.000038 t:26.5s
tttg: c254/289 lr:0.000036 t:26.6s
tttg: c255/289 lr:0.000034 t:26.7s
tttg: c256/289 lr:0.000032 t:26.9s
tttg: c257/289 lr:0.000030 t:27.0s
tttg: c258/289 lr:0.000028 t:27.1s
tttg: c259/289 lr:0.000027 t:27.2s
tttg: c260/289 lr:0.000025 t:27.3s
tttg: c261/289 lr:0.000023 t:27.4s
tttg: c262/289 lr:0.000022 t:27.5s
tttg: c263/289 lr:0.000020 t:27.6s
tttg: c264/289 lr:0.000018 t:27.7s
tttg: c265/289 lr:0.000017 t:27.8s
tttg: c266/289 lr:0.000016 t:27.9s
tttg: c267/289 lr:0.000014 t:28.0s
tttg: c268/289 lr:0.000013 t:28.1s
tttg: c269/289 lr:0.000012 t:28.3s
tttg: c270/289 lr:0.000011 t:28.4s
tttg: c271/289 lr:0.000010 t:28.5s
tttg: c272/289 lr:0.000009 t:28.6s
tttg: c273/289 lr:0.000008 t:28.7s
tttg: c274/289 lr:0.000007 t:28.8s
tttg: c275/289 lr:0.000006 t:28.9s
tttg: c276/289 lr:0.000005 t:29.0s
tttg: c277/289 lr:0.000004 t:29.1s
tttg: c278/289 lr:0.000004 t:29.2s
tttg: c279/289 lr:0.000003 t:29.3s
tttg: c280/289 lr:0.000002 t:29.4s
tttg: c281/289 lr:0.000002 t:29.5s
tttg: c282/289 lr:0.000001 t:29.6s
tttg: c283/289 lr:0.000001 t:29.7s
tttg: c284/289 lr:0.000001 t:29.8s
tttg: c285/289 lr:0.000000 t:29.9s
tttg: c286/289 lr:0.000000 t:30.0s
tttg: c287/289 lr:0.000000 t:30.2s
tttg: c288/289 lr:0.000000 t:30.3s
ttpr: phase:3/3 t:357.8s
ttp: b728/782 bl:2.3635 bb:1.0820 rl:2.3446 rb:1.0810 dl:2306-2324 gd:1
ttp: b726/782 bl:2.3363 bb:1.0392 rl:2.3438 rb:1.0768 dl:2254-2276 gd:1
ttp: b716/782 bl:2.2486 bb:1.0391 rl:2.3360 rb:1.0737 dl:2054-2069 gd:1
ttp: b704/782 bl:2.2849 bb:1.0382 rl:2.3325 rb:1.0712 dl:1872-1885 gd:1
ttp: b696/782 bl:2.3101 bb:1.0521 rl:2.3311 rb:1.0700 dl:1779-1790 gd:1
ttp: b689/782 bl:2.3919 bb:1.0769 rl:2.3345 rb:1.0704 dl:1706-1715 gd:1
ttp: b683/782 bl:2.2713 bb:1.0573 rl:2.3312 rb:1.0697 dl:1646-1657 gd:1
ttp: b675/782 bl:2.3662 bb:1.0582 rl:2.3329 rb:1.0692 dl:1578-1586 gd:1
ttp: b664/782 bl:2.3400 bb:1.0269 rl:2.3332 rb:1.0673 dl:1493-1499 gd:1
ttp: b656/782 bl:2.3276 bb:1.1104 rl:2.3330 rb:1.0689 dl:1439-1445 gd:1
ttp: b648/782 bl:2.2855 bb:1.0086 rl:2.3312 rb:1.0666 dl:1387-1392 gd:1
ttp: b640/782 bl:2.3080 bb:1.0514 rl:2.3304 rb:1.0661 dl:1337-1343 gd:1
ttp: b635/782 bl:2.3431 bb:1.0574 rl:2.3308 rb:1.0658 dl:1308-1314 gd:1
ttp: b624/782 bl:2.3551 bb:1.0661 rl:2.3316 rb:1.0658 dl:1249-1255 gd:1
ttp: b617/782 bl:2.3102 bb:1.0209 rl:2.3310 rb:1.0645 dl:1211-1216 gd:1
ttp: b610/782 bl:2.2538 bb:1.0078 rl:2.3289 rb:1.0630 dl:1177-1182 gd:1
ttp: b602/782 bl:2.3735 bb:1.0469 rl:2.3300 rb:1.0626 dl:1141-1146 gd:1
ttp: b594/782 bl:2.3390 bb:1.0678 rl:2.3302 rb:1.0627 dl:1107-1110 gd:1
ttp: b586/782 bl:2.2584 bb:1.0327 rl:2.3286 rb:1.0620 dl:1073-1076 gd:1
ttp: b578/782 bl:2.3527 bb:1.0328 rl:2.3291 rb:1.0614 dl:1041-1044 gd:1
ttp: b570/782 bl:2.3552 bb:1.0549 rl:2.3297 rb:1.0612 dl:1010-1014 gd:1
ttp: b562/782 bl:2.3135 bb:1.0362 rl:2.3294 rb:1.0608 dl:983-987 gd:1
ttp: b554/782 bl:2.4313 bb:1.0945 rl:2.3312 rb:1.0614 dl:955-959 gd:1
ttp: b546/782 bl:2.3267 bb:1.0345 rl:2.3312 rb:1.0609 dl:930-934 gd:1
ttp: b538/782 bl:2.3395 bb:1.0474 rl:2.3313 rb:1.0607 dl:905-909 gd:1
ttp: b530/782 bl:2.4078 bb:1.0830 rl:2.3325 rb:1.0610 dl:882-884 gd:1
ttp: b523/782 bl:2.3114 bb:1.0167 rl:2.3322 rb:1.0603 dl:860-863 gd:1
ttp: b517/782 bl:2.3537 bb:1.0271 rl:2.3325 rb:1.0598 dl:843-846 gd:1
ttp: b509/782 bl:2.3646 bb:1.0381 rl:2.3330 rb:1.0595 dl:820-823 gd:1
ttp: b500/782 bl:2.3247 bb:1.0640 rl:2.3329 rb:1.0595 dl:796-799 gd:1
ttp: b492/782 bl:2.2801 bb:1.0355 rl:2.3322 rb:1.0592 dl:776-778 gd:1
ttp: b484/782 bl:2.3700 bb:1.0501 rl:2.3327 rb:1.0591 dl:756-759 gd:1
ttp: b476/782 bl:2.2800 bb:1.0333 rl:2.3320 rb:1.0588 dl:738-740 gd:1
ttp: b470/782 bl:2.3521 bb:1.0586 rl:2.3323 rb:1.0588 dl:724-726 gd:1
ttp: b464/782 bl:2.2653 bb:1.0151 rl:2.3315 rb:1.0583 dl:710-712 gd:1
ttp: b456/782 bl:2.3523 bb:1.0420 rl:2.3317 rb:1.0581 dl:693-695 gd:1
ttp: b448/782 bl:2.3133 bb:1.0085 rl:2.3315 rb:1.0575 dl:677-678 gd:1
ttp: b440/782 bl:2.2345 bb:0.9836 rl:2.3305 rb:1.0567 dl:659-662 gd:1
ttp: b431/782 bl:2.3740 bb:1.0532 rl:2.3309 rb:1.0567 dl:642-643 gd:1
ttp: b423/782 bl:2.3099 bb:1.0539 rl:2.3307 rb:1.0567 dl:626-629 gd:1
ttp: b415/782 bl:2.2909 bb:1.0611 rl:2.3304 rb:1.0567 dl:611-613 gd:1
ttp: b407/782 bl:2.2741 bb:1.0411 rl:2.3299 rb:1.0566 dl:595-597 gd:1
ttp: b400/782 bl:2.3104 bb:1.0396 rl:2.3297 rb:1.0564 dl:582-584 gd:1
ttp: b391/782 bl:2.3148 bb:1.0662 rl:2.3296 rb:1.0565 dl:566-568 gd:1
ttp: b382/782 bl:2.2962 bb:1.0849 rl:2.3293 rb:1.0567 dl:550-552 gd:1
ttp: b374/782 bl:2.3063 bb:1.0397 rl:2.3291 rb:1.0566 dl:537-538 gd:1
ttp: b366/782 bl:2.3353 bb:1.0699 rl:2.3292 rb:1.0567 dl:524-525 gd:1
ttp: b358/782 bl:2.4058 bb:1.0797 rl:2.3297 rb:1.0569 dl:510-512 gd:1
ttp: b350/782 bl:2.3245 bb:1.0564 rl:2.3297 rb:1.0569 dl:497-498 gd:1
ttp: b341/782 bl:2.3053 bb:1.0798 rl:2.3295 rb:1.0570 dl:483-485 gd:1
ttp: b333/782 bl:2.4310 bb:1.0820 rl:2.3302 rb:1.0572 dl:471-472 gd:1
ttp: b325/782 bl:2.3521 bb:1.0819 rl:2.3303 rb:1.0573 dl:459-461 gd:1
ttp: b317/782 bl:2.3023 bb:1.0460 rl:2.3302 rb:1.0573 dl:446-448 gd:1
ttp: b309/782 bl:2.4142 bb:1.1078 rl:2.3307 rb:1.0576 dl:435-437 gd:1
ttp: b300/782 bl:2.3357 bb:1.0551 rl:2.3307 rb:1.0576 dl:421-422 gd:1
ttp: b292/782 bl:2.3386 bb:1.1073 rl:2.3307 rb:1.0578 dl:409-410 gd:1
ttp: b284/782 bl:2.4528 bb:1.1421 rl:2.3314 rb:1.0583 dl:398-399 gd:1
ttp: b276/782 bl:2.3864 bb:1.1030 rl:2.3317 rb:1.0585 dl:387-388 gd:1
ttp: b264/782 bl:2.4209 bb:1.1032 rl:2.3321 rb:1.0587 dl:371-372 gd:1
ttp: b255/782 bl:2.3641 bb:1.0903 rl:2.3323 rb:1.0589 dl:360-361 gd:1
ttp: b247/782 bl:2.3494 bb:1.0935 rl:2.3324 rb:1.0590 dl:350-351 gd:1
ttp: b238/782 bl:2.3218 bb:1.1074 rl:2.3323 rb:1.0592 dl:338-340 gd:1
ttp: b230/782 bl:2.4573 bb:1.1531 rl:2.3329 rb:1.0596 dl:329-330 gd:1
ttp: b222/782 bl:2.3796 bb:1.1123 rl:2.3331 rb:1.0599 dl:320-321 gd:1
ttp: b179/782 bl:2.3648 bb:1.1274 rl:2.3332 rb:1.0601 dl:273-274 gd:1
ttp: b171/782 bl:2.4753 bb:1.1415 rl:2.3337 rb:1.0604 dl:266-266 gd:1
ttp: b162/782 bl:2.4081 bb:1.1212 rl:2.3339 rb:1.0606 dl:256-257 gd:1
ttp: b152/782 bl:2.3962 bb:1.1477 rl:2.3341 rb:1.0608 dl:247-248 gd:1
ttp: b143/782 bl:2.4112 bb:1.1685 rl:2.3344 rb:1.0611 dl:238-239 gd:1
ttp: b134/782 bl:2.4315 bb:1.1403 rl:2.3347 rb:1.0614 dl:230-231 gd:1
ttp: b124/782 bl:2.3865 bb:1.1657 rl:2.3348 rb:1.0616 dl:220-222 gd:1
ttp: b116/782 bl:2.4849 bb:1.1282 rl:2.3352 rb:1.0618 dl:213-214 gd:1
ttp: b107/782 bl:2.4391 bb:1.1681 rl:2.3355 rb:1.0621 dl:205-206 gd:1
ttp: b94/782 bl:2.5695 bb:1.2141 rl:2.3361 rb:1.0624 dl:193-194 gd:1
ttp: b84/782 bl:2.5255 bb:1.2009 rl:2.3365 rb:1.0628 dl:184-185 gd:1
ttp: b74/782 bl:2.4712 bb:1.1468 rl:2.3368 rb:1.0629 dl:175-176 gd:1
ttp: b63/782 bl:2.5184 bb:1.2013 rl:2.3372 rb:1.0632 dl:166-166 gd:1
ttp: b54/782 bl:2.4775 bb:1.2153 rl:2.3375 rb:1.0635 dl:157-158 gd:1
ttp: b44/782 bl:2.5627 bb:1.1958 rl:2.3379 rb:1.0637 dl:147-148 gd:1
ttp: b32/782 bl:2.6125 bb:1.2181 rl:2.3384 rb:1.0640 dl:135-136 gd:1
ttp: b23/782 bl:2.6006 bb:1.2214 rl:2.3388 rb:1.0642 dl:126-127 gd:1
ttp: b14/782 bl:2.5945 bb:1.1844 rl:2.3391 rb:1.0644 dl:114-115 gd:1
ttp: b5/782 bl:2.6980 bb:1.2276 rl:2.3396 rb:1.0646 dl:96-99 gd:1
quantized_ttt_phased val_loss:2.32239991 val_bpb:1.06124613 eval_time:455128ms
total_eval_time:455.1s
