W0423 19:44:19.606000 40482 torch/distributed/run.py:803] 
W0423 19:44:19.606000 40482 torch/distributed/run.py:803] *****************************************
W0423 19:44:19.606000 40482 torch/distributed/run.py:803] Setting OMP_NUM_THREADS environment variable for each process to be 1 in default, to avoid your system being overloaded, please further tune the variable for optimal performance in your application as needed. 
W0423 19:44:19.606000 40482 torch/distributed/run.py:803] *****************************************
Hyperparameters:
  adam_eps: 1e-08
  adam_wd: 0.02
  artifact_dir: /workspace/draft7_runs/seed_1234
  attn_clip_sigmas: 13.0
  attn_out_gate_enabled: False
  attn_out_gate_src: proj
  beta1: 0.9
  beta2: 0.95
  caseops_enabled: True
  compressor: brotli
  data_dir: /workspace/src/parameter-golf/data
  datasets_dir: /workspace/src/parameter-golf/data/datasets/fineweb10B_sp8192_caseops/datasets/datasets/fineweb10B_sp8192_lossless_caps_caseops_v1_reserved
  distributed: True
  ema_decay: 0.9965
  embed_bits: 7
  embed_clip_sigmas: 15.0
  embed_lr: 0.6
  embed_wd: 0.085
  enable_looping_at: 0.35
  eval_seq_len: 2048
  eval_stride: 64
  fused_ce_enabled: True
  gate_window: 12
  gated_attn_enabled: False
  gated_attn_init_std: 0.01
  gated_attn_quant_gate: True
  global_ttt_batch_seqs: 32
  global_ttt_chunk_tokens: 32768
  global_ttt_epochs: 1
  global_ttt_grad_clip: 1.0
  global_ttt_lr: 0.001
  global_ttt_momentum: 0.9
  global_ttt_respect_doc_boundaries: True
  global_ttt_warmup_chunks: 0
  global_ttt_warmup_start_lr: 0.0
  gptq_calibration_batches: 16
  gptq_reserve_seconds: 0.5
  grad_accum_steps: 1
  grad_clip_norm: 0.3
  is_main_process: True
  iterations: 20000
  ln_scale: True
  local_rank: 0
  logfile: /workspace/draft7_runs/seed_1234/80c65ea0-fbaa-4b20-85c0-f7b7a117829b.txt
  logit_softcap: 30.0
  loop_end: 5
  loop_start: 3
  matrix_bits: 6
  matrix_clip_sigmas: 12.85
  matrix_lr: 0.026
  max_wallclock_seconds: 600.0
  min_lr: 0.1
  mlp_clip_sigmas: 12.0
  mlp_mult: 4.0
  model_dim: 512
  model_path: /workspace/draft7_runs/seed_1234/final_model.pt
  muon_backend_steps: 5
  muon_momentum: 0.97
  muon_momentum_warmup_start: 0.92
  muon_momentum_warmup_steps: 1500
  muon_row_normalize: True
  muon_wd: 0.095
  num_heads: 8
  num_kv_heads: 4
  num_layers: 11
  num_loops: 2
  parallel_final_lane: mean
  parallel_start_layer: 8
  phased_ttt_num_phases: 3
  phased_ttt_prefix_docs: 2000
  qk_gain_init: 5.0
  quantized_model_path: /workspace/draft7_runs/seed_1234/final_model.int6.ptz
  rank: 0
  rope_base: 10000.0
  rope_dims: 16
  rope_train_seq_len: 2048
  rope_yarn: False
  run_id: 80c65ea0-fbaa-4b20-85c0-f7b7a117829b
  scalar_lr: 0.02
  seed: 1234
  skip_gates_enabled: True
  smear_gate_enabled: False
  sparse_attn_gate_enabled: True
  sparse_attn_gate_init_std: 0.0
  sparse_attn_gate_scale: 1.0
  tie_embeddings: True
  tied_embed_init_std: 0.005
  tied_embed_lr: 0.03
  tokenizer_path: /workspace/src/parameter-golf/data/datasets/fineweb10B_sp8192_caseops/datasets/tokenizers/fineweb_8192_bpe_lossless_caps_caseops_v1_reserved.model
  train_batch_tokens: 786432
  train_files: /workspace/src/parameter-golf/data/datasets/fineweb10B_sp8192_caseops/datasets/datasets/fineweb10B_sp8192_lossless_caps_caseops_v1_reserved/fineweb_train_*.bin
  train_log_every: 500
  train_seq_len: 2048
  ttt_batch_size: 64
  ttt_beta1: 0.0
  ttt_beta2: 0.999
  ttt_chunk_size: 48
  ttt_enabled: True
  ttt_eval_batches: 
  ttt_eval_seq_len: 2048
  ttt_grad_steps: 1
  ttt_k_lora: True
  ttt_lora_lr: 0.0001
  ttt_lora_rank: 96
  ttt_mlp_lora: True
  ttt_o_lora: True
  ttt_optimizer: adam
  ttt_weight_decay: 1.0
  val_batch_tokens: 524288
  val_bytes_files: /workspace/src/parameter-golf/data/datasets/fineweb10B_sp8192_caseops/datasets/datasets/fineweb10B_sp8192_lossless_caps_caseops_v1_reserved/fineweb_val_bytes_*.bin
  val_doc_fraction: 1.0
  val_files: /workspace/src/parameter-golf/data/datasets/fineweb10B_sp8192_caseops/datasets/datasets/fineweb10B_sp8192_lossless_caps_caseops_v1_reserved/fineweb_val_*.bin
  val_loss_every: 0
  vocab_size: 8192
  warmdown_frac: 0.75
  warmup_steps: 20
  world_size: 8
  xsa_last_n: 11
train_shards: 0
val_tokens: 47851520
TTT_EVAL_ONLY=1 — skipping training + GPTQ, loading saved artifact for TTT eval
ttt_lora_alpha: 144.0
ttt_warm_start_a: True
ttt_weight_decay: 1.0
ttt_lora:warming up compile (random tokens, no val data)
ttt_lora:compile warmup done (105.1s)

beginning TTT eval timer
ttt_phased: total_docs:50000 prefix_docs:2000 suffix_docs:48000 num_phases:3 boundaries:[666, 1333, 2000]
ttp: b776/782 bl:2.2600 bb:1.0715 rl:2.2600 rb:1.0715 dl:7534-8350 gd:0
ttp: b773/782 bl:2.2014 bb:1.0367 rl:2.2340 rb:1.0560 dl:6104-6447 gd:0
ttp: b768/782 bl:2.2450 bb:1.0455 rl:2.2369 rb:1.0533 dl:4859-5083 gd:0
ttpp: phase:1/3 pd:1104 gd:666 t:208.8s
tttg: c1/111 lr:0.001000 t:0.4s
tttg: c2/111 lr:0.001000 t:0.5s
tttg: c3/111 lr:0.000999 t:0.6s
tttg: c4/111 lr:0.000998 t:0.6s
tttg: c5/111 lr:0.000997 t:0.7s
tttg: c6/111 lr:0.000995 t:0.8s
tttg: c7/111 lr:0.000993 t:0.9s
tttg: c8/111 lr:0.000990 t:0.9s
tttg: c9/111 lr:0.000987 t:1.0s
tttg: c10/111 lr:0.000984 t:1.1s
tttg: c11/111 lr:0.000980 t:1.2s
tttg: c12/111 lr:0.000976 t:1.3s
tttg: c13/111 lr:0.000971 t:1.3s
tttg: c14/111 lr:0.000966 t:1.4s
tttg: c15/111 lr:0.000961 t:1.5s
tttg: c16/111 lr:0.000955 t:1.6s
tttg: c17/111 lr:0.000949 t:1.6s
tttg: c18/111 lr:0.000942 t:1.7s
tttg: c19/111 lr:0.000935 t:1.8s
tttg: c20/111 lr:0.000928 t:1.9s
tttg: c21/111 lr:0.000921 t:1.9s
tttg: c22/111 lr:0.000913 t:2.0s
tttg: c23/111 lr:0.000905 t:2.1s
tttg: c24/111 lr:0.000896 t:2.2s
tttg: c25/111 lr:0.000887 t:2.2s
tttg: c26/111 lr:0.000878 t:2.3s
tttg: c27/111 lr:0.000868 t:2.4s
tttg: c28/111 lr:0.000859 t:2.5s
tttg: c29/111 lr:0.000848 t:2.5s
tttg: c30/111 lr:0.000838 t:2.6s
tttg: c31/111 lr:0.000827 t:2.7s
tttg: c32/111 lr:0.000817 t:2.8s
tttg: c33/111 lr:0.000805 t:2.8s
tttg: c34/111 lr:0.000794 t:2.9s
tttg: c35/111 lr:0.000782 t:3.0s
tttg: c36/111 lr:0.000770 t:3.1s
tttg: c37/111 lr:0.000758 t:3.2s
tttg: c38/111 lr:0.000746 t:3.2s
tttg: c39/111 lr:0.000733 t:3.3s
tttg: c40/111 lr:0.000721 t:3.4s
tttg: c41/111 lr:0.000708 t:3.5s
tttg: c42/111 lr:0.000695 t:3.5s
tttg: c43/111 lr:0.000681 t:3.6s
tttg: c44/111 lr:0.000668 t:3.7s
tttg: c45/111 lr:0.000655 t:3.8s
tttg: c46/111 lr:0.000641 t:3.8s
tttg: c47/111 lr:0.000627 t:3.9s
tttg: c48/111 lr:0.000613 t:4.0s
tttg: c49/111 lr:0.000599 t:4.1s
tttg: c50/111 lr:0.000585 t:4.1s
tttg: c51/111 lr:0.000571 t:4.2s
tttg: c52/111 lr:0.000557 t:4.3s
tttg: c53/111 lr:0.000543 t:4.4s
tttg: c54/111 lr:0.000529 t:4.5s
tttg: c55/111 lr:0.000514 t:4.5s
tttg: c56/111 lr:0.000500 t:4.6s
tttg: c57/111 lr:0.000486 t:4.7s
tttg: c58/111 lr:0.000471 t:4.7s
tttg: c59/111 lr:0.000457 t:4.8s
tttg: c60/111 lr:0.000443 t:4.9s
tttg: c61/111 lr:0.000429 t:5.0s
tttg: c62/111 lr:0.000415 t:5.1s
tttg: c63/111 lr:0.000401 t:5.2s
tttg: c64/111 lr:0.000387 t:5.2s
tttg: c65/111 lr:0.000373 t:5.3s
tttg: c66/111 lr:0.000359 t:5.4s
tttg: c67/111 lr:0.000345 t:5.5s
tttg: c68/111 lr:0.000332 t:5.5s
tttg: c69/111 lr:0.000319 t:5.6s
tttg: c70/111 lr:0.000305 t:5.7s
tttg: c71/111 lr:0.000292 t:5.8s
tttg: c72/111 lr:0.000279 t:5.8s
tttg: c73/111 lr:0.000267 t:5.9s
tttg: c74/111 lr:0.000254 t:6.0s
tttg: c75/111 lr:0.000242 t:6.1s
tttg: c76/111 lr:0.000230 t:6.1s
tttg: c77/111 lr:0.000218 t:6.2s
tttg: c78/111 lr:0.000206 t:6.3s
tttg: c79/111 lr:0.000195 t:6.4s
tttg: c80/111 lr:0.000183 t:6.4s
tttg: c81/111 lr:0.000173 t:6.5s
tttg: c82/111 lr:0.000162 t:6.6s
tttg: c83/111 lr:0.000152 t:6.7s
tttg: c84/111 lr:0.000141 t:6.7s
tttg: c85/111 lr:0.000132 t:6.8s
tttg: c86/111 lr:0.000122 t:6.9s
tttg: c87/111 lr:0.000113 t:7.0s
tttg: c88/111 lr:0.000104 t:7.1s
tttg: c89/111 lr:0.000095 t:7.1s
tttg: c90/111 lr:0.000087 t:7.2s
tttg: c91/111 lr:0.000079 t:7.3s
tttg: c92/111 lr:0.000072 t:7.4s
tttg: c93/111 lr:0.000065 t:7.4s
tttg: c94/111 lr:0.000058 t:7.5s
tttg: c95/111 lr:0.000051 t:7.6s
tttg: c96/111 lr:0.000045 t:7.7s
tttg: c97/111 lr:0.000039 t:7.7s
tttg: c98/111 lr:0.000034 t:7.8s
tttg: c99/111 lr:0.000029 t:7.9s
tttg: c100/111 lr:0.000024 t:8.0s
tttg: c101/111 lr:0.000020 t:8.0s
tttg: c102/111 lr:0.000016 t:8.1s
tttg: c103/111 lr:0.000013 t:8.2s
tttg: c104/111 lr:0.000010 t:8.3s
tttg: c105/111 lr:0.000007 t:8.3s
tttg: c106/111 lr:0.000005 t:8.4s
tttg: c107/111 lr:0.000003 t:8.5s
tttg: c108/111 lr:0.000002 t:8.6s
tttg: c109/111 lr:0.000001 t:8.6s
tttg: c110/111 lr:0.000000 t:8.7s
ttpr: phase:1/3 t:219.5s
ttp: b761/782 bl:2.4198 bb:1.1156 rl:2.2683 rb:1.0642 dl:3916-4032 gd:0
ttpp: phase:2/3 pd:1808 gd:1333 t:290.1s
tttg: c1/185 lr:0.001000 t:0.1s
tttg: c2/185 lr:0.001000 t:0.2s
tttg: c3/185 lr:0.001000 t:0.2s
tttg: c4/185 lr:0.000999 t:0.3s
tttg: c5/185 lr:0.000999 t:0.4s
tttg: c6/185 lr:0.000998 t:0.5s
tttg: c7/185 lr:0.000997 t:0.5s
tttg: c8/185 lr:0.000996 t:0.6s
tttg: c9/185 lr:0.000995 t:0.7s
tttg: c10/185 lr:0.000994 t:0.8s
tttg: c11/185 lr:0.000993 t:0.9s
tttg: c12/185 lr:0.000991 t:0.9s
tttg: c13/185 lr:0.000990 t:1.0s
tttg: c14/185 lr:0.000988 t:1.1s
tttg: c15/185 lr:0.000986 t:1.1s
tttg: c16/185 lr:0.000984 t:1.2s
tttg: c17/185 lr:0.000981 t:1.3s
tttg: c18/185 lr:0.000979 t:1.4s
tttg: c19/185 lr:0.000977 t:1.5s
tttg: c20/185 lr:0.000974 t:1.5s
tttg: c21/185 lr:0.000971 t:1.6s
tttg: c22/185 lr:0.000968 t:1.7s
tttg: c23/185 lr:0.000965 t:1.8s
tttg: c24/185 lr:0.000962 t:1.9s
tttg: c25/185 lr:0.000959 t:1.9s
tttg: c26/185 lr:0.000955 t:2.0s
tttg: c27/185 lr:0.000952 t:2.1s
tttg: c28/185 lr:0.000948 t:2.2s
tttg: c29/185 lr:0.000944 t:2.2s
tttg: c30/185 lr:0.000940 t:2.3s
tttg: c31/185 lr:0.000936 t:2.4s
tttg: c32/185 lr:0.000932 t:2.5s
tttg: c33/185 lr:0.000927 t:2.6s
tttg: c34/185 lr:0.000923 t:2.6s
tttg: c35/185 lr:0.000918 t:2.7s
tttg: c36/185 lr:0.000913 t:2.8s
tttg: c37/185 lr:0.000908 t:2.9s
tttg: c38/185 lr:0.000904 t:2.9s
tttg: c39/185 lr:0.000898 t:3.0s
tttg: c40/185 lr:0.000893 t:3.1s
tttg: c41/185 lr:0.000888 t:3.2s
tttg: c42/185 lr:0.000882 t:3.2s
tttg: c43/185 lr:0.000877 t:3.3s
tttg: c44/185 lr:0.000871 t:3.4s
tttg: c45/185 lr:0.000865 t:3.5s
tttg: c46/185 lr:0.000860 t:3.6s
tttg: c47/185 lr:0.000854 t:3.6s
tttg: c48/185 lr:0.000847 t:3.7s
tttg: c49/185 lr:0.000841 t:3.8s
tttg: c50/185 lr:0.000835 t:3.9s
tttg: c51/185 lr:0.000829 t:3.9s
tttg: c52/185 lr:0.000822 t:4.0s
tttg: c53/185 lr:0.000816 t:4.1s
tttg: c54/185 lr:0.000809 t:4.2s
tttg: c55/185 lr:0.000802 t:4.2s
tttg: c56/185 lr:0.000795 t:4.3s
tttg: c57/185 lr:0.000788 t:4.4s
tttg: c58/185 lr:0.000781 t:4.5s
tttg: c59/185 lr:0.000774 t:4.5s
tttg: c60/185 lr:0.000767 t:4.6s
tttg: c61/185 lr:0.000760 t:4.7s
tttg: c62/185 lr:0.000752 t:4.8s
tttg: c63/185 lr:0.000745 t:4.8s
tttg: c64/185 lr:0.000738 t:4.9s
tttg: c65/185 lr:0.000730 t:5.0s
tttg: c66/185 lr:0.000722 t:5.1s
tttg: c67/185 lr:0.000715 t:5.2s
tttg: c68/185 lr:0.000707 t:5.2s
tttg: c69/185 lr:0.000699 t:5.3s
tttg: c70/185 lr:0.000691 t:5.4s
tttg: c71/185 lr:0.000683 t:5.5s
tttg: c72/185 lr:0.000675 t:5.5s
tttg: c73/185 lr:0.000667 t:5.6s
tttg: c74/185 lr:0.000659 t:5.7s
tttg: c75/185 lr:0.000651 t:5.8s
tttg: c76/185 lr:0.000643 t:5.8s
tttg: c77/185 lr:0.000635 t:5.9s
tttg: c78/185 lr:0.000627 t:6.0s
tttg: c79/185 lr:0.000618 t:6.1s
tttg: c80/185 lr:0.000610 t:6.1s
tttg: c81/185 lr:0.000602 t:6.2s
tttg: c82/185 lr:0.000593 t:6.3s
tttg: c83/185 lr:0.000585 t:6.4s
tttg: c84/185 lr:0.000577 t:6.5s
tttg: c85/185 lr:0.000568 t:6.5s
tttg: c86/185 lr:0.000560 t:6.6s
tttg: c87/185 lr:0.000551 t:6.7s
tttg: c88/185 lr:0.000543 t:6.7s
tttg: c89/185 lr:0.000534 t:6.8s
tttg: c90/185 lr:0.000526 t:6.9s
tttg: c91/185 lr:0.000517 t:7.0s
tttg: c92/185 lr:0.000509 t:7.1s
tttg: c93/185 lr:0.000500 t:7.1s
tttg: c94/185 lr:0.000491 t:7.2s
tttg: c95/185 lr:0.000483 t:7.3s
tttg: c96/185 lr:0.000474 t:7.4s
tttg: c97/185 lr:0.000466 t:7.5s
tttg: c98/185 lr:0.000457 t:7.5s
tttg: c99/185 lr:0.000449 t:7.6s
tttg: c100/185 lr:0.000440 t:7.7s
tttg: c101/185 lr:0.000432 t:7.8s
tttg: c102/185 lr:0.000423 t:7.9s
tttg: c103/185 lr:0.000415 t:7.9s
tttg: c104/185 lr:0.000407 t:8.0s
tttg: c105/185 lr:0.000398 t:8.1s
tttg: c106/185 lr:0.000390 t:8.1s
tttg: c107/185 lr:0.000382 t:8.2s
tttg: c108/185 lr:0.000373 t:8.3s
tttg: c109/185 lr:0.000365 t:8.4s
tttg: c110/185 lr:0.000357 t:8.4s
tttg: c111/185 lr:0.000349 t:8.5s
tttg: c112/185 lr:0.000341 t:8.6s
tttg: c113/185 lr:0.000333 t:8.7s
tttg: c114/185 lr:0.000325 t:8.8s
tttg: c115/185 lr:0.000317 t:8.8s
tttg: c116/185 lr:0.000309 t:8.9s
tttg: c117/185 lr:0.000301 t:9.0s
tttg: c118/185 lr:0.000293 t:9.1s
tttg: c119/185 lr:0.000285 t:9.1s
tttg: c120/185 lr:0.000278 t:9.2s
tttg: c121/185 lr:0.000270 t:9.3s
tttg: c122/185 lr:0.000262 t:9.4s
tttg: c123/185 lr:0.000255 t:9.5s
tttg: c124/185 lr:0.000248 t:9.5s
tttg: c125/185 lr:0.000240 t:9.6s
tttg: c126/185 lr:0.000233 t:9.7s
tttg: c127/185 lr:0.000226 t:9.8s
tttg: c128/185 lr:0.000219 t:9.8s
tttg: c129/185 lr:0.000212 t:9.9s
tttg: c130/185 lr:0.000205 t:10.0s
tttg: c131/185 lr:0.000198 t:10.1s
tttg: c132/185 lr:0.000191 t:10.1s
tttg: c133/185 lr:0.000184 t:10.2s
tttg: c134/185 lr:0.000178 t:10.3s
tttg: c135/185 lr:0.000171 t:10.4s
tttg: c136/185 lr:0.000165 t:10.5s
tttg: c137/185 lr:0.000159 t:10.5s
tttg: c138/185 lr:0.000153 t:10.6s
tttg: c139/185 lr:0.000146 t:10.7s
tttg: c140/185 lr:0.000140 t:10.8s
tttg: c141/185 lr:0.000135 t:10.8s
tttg: c142/185 lr:0.000129 t:10.9s
tttg: c143/185 lr:0.000123 t:11.0s
tttg: c144/185 lr:0.000118 t:11.1s
tttg: c145/185 lr:0.000112 t:11.1s
tttg: c146/185 lr:0.000107 t:11.2s
tttg: c147/185 lr:0.000102 t:11.3s
tttg: c148/185 lr:0.000096 t:11.4s
tttg: c149/185 lr:0.000092 t:11.5s
tttg: c150/185 lr:0.000087 t:11.5s
tttg: c151/185 lr:0.000082 t:11.6s
tttg: c152/185 lr:0.000077 t:11.7s
tttg: c153/185 lr:0.000073 t:11.8s
tttg: c154/185 lr:0.000068 t:11.8s
tttg: c155/185 lr:0.000064 t:11.9s
tttg: c156/185 lr:0.000060 t:12.0s
tttg: c157/185 lr:0.000056 t:12.1s
tttg: c158/185 lr:0.000052 t:12.1s
tttg: c159/185 lr:0.000048 t:12.2s
tttg: c160/185 lr:0.000045 t:12.3s
tttg: c161/185 lr:0.000041 t:12.4s
tttg: c162/185 lr:0.000038 t:12.4s
tttg: c163/185 lr:0.000035 t:12.5s
tttg: c164/185 lr:0.000032 t:12.6s
tttg: c165/185 lr:0.000029 t:12.7s
tttg: c166/185 lr:0.000026 t:12.7s
tttg: c167/185 lr:0.000023 t:12.8s
tttg: c168/185 lr:0.000021 t:12.9s
tttg: c169/185 lr:0.000019 t:13.0s
tttg: c170/185 lr:0.000016 t:13.1s
tttg: c171/185 lr:0.000014 t:13.1s
tttg: c172/185 lr:0.000012 t:13.2s
tttg: c173/185 lr:0.000010 t:13.3s
tttg: c174/185 lr:0.000009 t:13.4s
tttg: c175/185 lr:0.000007 t:13.4s
tttg: c176/185 lr:0.000006 t:13.5s
tttg: c177/185 lr:0.000005 t:13.6s
tttg: c178/185 lr:0.000004 t:13.7s
tttg: c179/185 lr:0.000003 t:13.7s
tttg: c180/185 lr:0.000002 t:13.8s
tttg: c181/185 lr:0.000001 t:13.9s
tttg: c182/185 lr:0.000001 t:14.0s
tttg: c183/185 lr:0.000000 t:14.1s
tttg: c184/185 lr:0.000000 t:14.1s
ttpr: phase:2/3 t:306.2s
ttp: b746/782 bl:2.4180 bb:1.0655 rl:2.2850 rb:1.0643 dl:2884-2943 gd:0
ttp: b745/782 bl:2.2411 bb:1.0260 rl:2.2807 rb:1.0605 dl:2842-2883 gd:0
ttpp: phase:3/3 pd:2448 gd:2000 t:323.4s
tttg: c1/250 lr:0.001000 t:0.1s
tttg: c2/250 lr:0.001000 t:0.2s
tttg: c3/250 lr:0.001000 t:0.2s
tttg: c4/250 lr:0.001000 t:0.3s
tttg: c5/250 lr:0.000999 t:0.4s
tttg: c6/250 lr:0.000999 t:0.5s
tttg: c7/250 lr:0.000999 t:0.5s
tttg: c8/250 lr:0.000998 t:0.6s
tttg: c9/250 lr:0.000997 t:0.7s
tttg: c10/250 lr:0.000997 t:0.8s
tttg: c11/250 lr:0.000996 t:0.8s
tttg: c12/250 lr:0.000995 t:0.9s
tttg: c13/250 lr:0.000994 t:1.0s
tttg: c14/250 lr:0.000993 t:1.1s
tttg: c15/250 lr:0.000992 t:1.2s
tttg: c16/250 lr:0.000991 t:1.2s
tttg: c17/250 lr:0.000990 t:1.3s
tttg: c18/250 lr:0.000989 t:1.4s
tttg: c19/250 lr:0.000987 t:1.5s
tttg: c20/250 lr:0.000986 t:1.5s
tttg: c21/250 lr:0.000984 t:1.6s
tttg: c22/250 lr:0.000983 t:1.7s
tttg: c23/250 lr:0.000981 t:1.8s
tttg: c24/250 lr:0.000979 t:1.8s
tttg: c25/250 lr:0.000977 t:1.9s
tttg: c26/250 lr:0.000975 t:2.0s
tttg: c27/250 lr:0.000973 t:2.1s
tttg: c28/250 lr:0.000971 t:2.2s
tttg: c29/250 lr:0.000969 t:2.2s
tttg: c30/250 lr:0.000967 t:2.3s
tttg: c31/250 lr:0.000965 t:2.4s
tttg: c32/250 lr:0.000962 t:2.5s
tttg: c33/250 lr:0.000960 t:2.5s
tttg: c34/250 lr:0.000957 t:2.6s
tttg: c35/250 lr:0.000955 t:2.7s
tttg: c36/250 lr:0.000952 t:2.8s
tttg: c37/250 lr:0.000949 t:2.8s
tttg: c38/250 lr:0.000947 t:2.9s
tttg: c39/250 lr:0.000944 t:3.0s
tttg: c40/250 lr:0.000941 t:3.1s
tttg: c41/250 lr:0.000938 t:3.1s
tttg: c42/250 lr:0.000935 t:3.2s
tttg: c43/250 lr:0.000931 t:3.3s
tttg: c44/250 lr:0.000928 t:3.4s
tttg: c45/250 lr:0.000925 t:3.5s
tttg: c46/250 lr:0.000922 t:3.5s
tttg: c47/250 lr:0.000918 t:3.6s
tttg: c48/250 lr:0.000915 t:3.7s
tttg: c49/250 lr:0.000911 t:3.8s
tttg: c50/250 lr:0.000907 t:3.8s
tttg: c51/250 lr:0.000904 t:3.9s
tttg: c52/250 lr:0.000900 t:4.0s
tttg: c53/250 lr:0.000896 t:4.1s
tttg: c54/250 lr:0.000892 t:4.2s
tttg: c55/250 lr:0.000888 t:4.2s
tttg: c56/250 lr:0.000884 t:4.3s
tttg: c57/250 lr:0.000880 t:4.4s
tttg: c58/250 lr:0.000876 t:4.5s
tttg: c59/250 lr:0.000872 t:4.5s
tttg: c60/250 lr:0.000868 t:4.6s
tttg: c61/250 lr:0.000863 t:4.7s
tttg: c62/250 lr:0.000859 t:4.8s
tttg: c63/250 lr:0.000855 t:4.8s
tttg: c64/250 lr:0.000850 t:4.9s
tttg: c65/250 lr:0.000846 t:5.0s
tttg: c66/250 lr:0.000841 t:5.1s
tttg: c67/250 lr:0.000836 t:5.2s
tttg: c68/250 lr:0.000832 t:5.2s
tttg: c69/250 lr:0.000827 t:5.3s
tttg: c70/250 lr:0.000822 t:5.4s
tttg: c71/250 lr:0.000817 t:5.5s
tttg: c72/250 lr:0.000812 t:5.5s
tttg: c73/250 lr:0.000807 t:5.6s
tttg: c74/250 lr:0.000803 t:5.7s
tttg: c75/250 lr:0.000797 t:5.8s
tttg: c76/250 lr:0.000792 t:5.8s
tttg: c77/250 lr:0.000787 t:5.9s
tttg: c78/250 lr:0.000782 t:6.0s
tttg: c79/250 lr:0.000777 t:6.1s
tttg: c80/250 lr:0.000772 t:6.1s
tttg: c81/250 lr:0.000766 t:6.2s
tttg: c82/250 lr:0.000761 t:6.3s
tttg: c83/250 lr:0.000755 t:6.4s
tttg: c84/250 lr:0.000750 t:6.5s
tttg: c85/250 lr:0.000745 t:6.5s
tttg: c86/250 lr:0.000739 t:6.6s
tttg: c87/250 lr:0.000733 t:6.7s
tttg: c88/250 lr:0.000728 t:6.7s
tttg: c89/250 lr:0.000722 t:6.8s
tttg: c90/250 lr:0.000717 t:6.9s
tttg: c91/250 lr:0.000711 t:7.0s
tttg: c92/250 lr:0.000705 t:7.1s
tttg: c93/250 lr:0.000699 t:7.1s
tttg: c94/250 lr:0.000694 t:7.2s
tttg: c95/250 lr:0.000688 t:7.3s
tttg: c96/250 lr:0.000682 t:7.4s
tttg: c97/250 lr:0.000676 t:7.5s
tttg: c98/250 lr:0.000670 t:7.5s
tttg: c99/250 lr:0.000664 t:7.6s
tttg: c100/250 lr:0.000658 t:7.7s
tttg: c101/250 lr:0.000652 t:7.8s
tttg: c102/250 lr:0.000646 t:7.8s
tttg: c103/250 lr:0.000640 t:7.9s
tttg: c104/250 lr:0.000634 t:8.0s
tttg: c105/250 lr:0.000628 t:8.1s
tttg: c106/250 lr:0.000622 t:8.1s
tttg: c107/250 lr:0.000616 t:8.2s
tttg: c108/250 lr:0.000610 t:8.3s
tttg: c109/250 lr:0.000603 t:8.4s
tttg: c110/250 lr:0.000597 t:8.5s
tttg: c111/250 lr:0.000591 t:8.5s
tttg: c112/250 lr:0.000585 t:8.6s
tttg: c113/250 lr:0.000579 t:8.7s
tttg: c114/250 lr:0.000572 t:8.8s
tttg: c115/250 lr:0.000566 t:8.8s
tttg: c116/250 lr:0.000560 t:8.9s
tttg: c117/250 lr:0.000554 t:9.0s
tttg: c118/250 lr:0.000547 t:9.1s
tttg: c119/250 lr:0.000541 t:9.2s
tttg: c120/250 lr:0.000535 t:9.2s
tttg: c121/250 lr:0.000528 t:9.3s
tttg: c122/250 lr:0.000522 t:9.4s
tttg: c123/250 lr:0.000516 t:9.5s
tttg: c124/250 lr:0.000509 t:9.5s
tttg: c125/250 lr:0.000503 t:9.6s
tttg: c126/250 lr:0.000497 t:9.7s
tttg: c127/250 lr:0.000491 t:9.8s
tttg: c128/250 lr:0.000484 t:9.8s
tttg: c129/250 lr:0.000478 t:9.9s
tttg: c130/250 lr:0.000472 t:10.0s
tttg: c131/250 lr:0.000465 t:10.1s
tttg: c132/250 lr:0.000459 t:10.2s
tttg: c133/250 lr:0.000453 t:10.2s
tttg: c134/250 lr:0.000446 t:10.3s
tttg: c135/250 lr:0.000440 t:10.4s
tttg: c136/250 lr:0.000434 t:10.5s
tttg: c137/250 lr:0.000428 t:10.5s
tttg: c138/250 lr:0.000421 t:10.6s
tttg: c139/250 lr:0.000415 t:10.7s
tttg: c140/250 lr:0.000409 t:10.8s
tttg: c141/250 lr:0.000403 t:10.8s
tttg: c142/250 lr:0.000397 t:10.9s
tttg: c143/250 lr:0.000390 t:11.0s
tttg: c144/250 lr:0.000384 t:11.1s
tttg: c145/250 lr:0.000378 t:11.2s
tttg: c146/250 lr:0.000372 t:11.2s
tttg: c147/250 lr:0.000366 t:11.3s
tttg: c148/250 lr:0.000360 t:11.4s
tttg: c149/250 lr:0.000354 t:11.5s
tttg: c150/250 lr:0.000348 t:11.5s
tttg: c151/250 lr:0.000342 t:11.6s
tttg: c152/250 lr:0.000336 t:11.7s
tttg: c153/250 lr:0.000330 t:11.8s
tttg: c154/250 lr:0.000324 t:11.9s
tttg: c155/250 lr:0.000318 t:11.9s
tttg: c156/250 lr:0.000312 t:12.0s
tttg: c157/250 lr:0.000306 t:12.1s
tttg: c158/250 lr:0.000301 t:12.2s
tttg: c159/250 lr:0.000295 t:12.2s
tttg: c160/250 lr:0.000289 t:12.3s
tttg: c161/250 lr:0.000283 t:12.4s
tttg: c162/250 lr:0.000278 t:12.5s
tttg: c163/250 lr:0.000272 t:12.5s
tttg: c164/250 lr:0.000267 t:12.6s
tttg: c165/250 lr:0.000261 t:12.7s
tttg: c166/250 lr:0.000255 t:12.8s
tttg: c167/250 lr:0.000250 t:12.8s
tttg: c168/250 lr:0.000245 t:12.9s
tttg: c169/250 lr:0.000239 t:13.0s
tttg: c170/250 lr:0.000234 t:13.1s
tttg: c171/250 lr:0.000228 t:13.1s
tttg: c172/250 lr:0.000223 t:13.2s
tttg: c173/250 lr:0.000218 t:13.3s
tttg: c174/250 lr:0.000213 t:13.4s
tttg: c175/250 lr:0.000208 t:13.5s
tttg: c176/250 lr:0.000203 t:13.5s
tttg: c177/250 lr:0.000197 t:13.6s
tttg: c178/250 lr:0.000193 t:13.7s
tttg: c179/250 lr:0.000188 t:13.8s
tttg: c180/250 lr:0.000183 t:13.8s
tttg: c181/250 lr:0.000178 t:13.9s
tttg: c182/250 lr:0.000173 t:14.0s
tttg: c183/250 lr:0.000168 t:14.1s
tttg: c184/250 lr:0.000164 t:14.1s
tttg: c185/250 lr:0.000159 t:14.2s
tttg: c186/250 lr:0.000154 t:14.3s
tttg: c187/250 lr:0.000150 t:14.4s
tttg: c188/250 lr:0.000145 t:14.4s
tttg: c189/250 lr:0.000141 t:14.5s
tttg: c190/250 lr:0.000137 t:14.6s
tttg: c191/250 lr:0.000132 t:14.7s
tttg: c192/250 lr:0.000128 t:14.8s
tttg: c193/250 lr:0.000124 t:14.8s
tttg: c194/250 lr:0.000120 t:14.9s
tttg: c195/250 lr:0.000116 t:15.0s
tttg: c196/250 lr:0.000112 t:15.1s
tttg: c197/250 lr:0.000108 t:15.1s
tttg: c198/250 lr:0.000104 t:15.2s
tttg: c199/250 lr:0.000100 t:15.3s
tttg: c200/250 lr:0.000096 t:15.4s
tttg: c201/250 lr:0.000093 t:15.5s
tttg: c202/250 lr:0.000089 t:15.5s
tttg: c203/250 lr:0.000085 t:15.6s
tttg: c204/250 lr:0.000082 t:15.7s
tttg: c205/250 lr:0.000078 t:15.8s
tttg: c206/250 lr:0.000075 t:15.8s
tttg: c207/250 lr:0.000072 t:15.9s
tttg: c208/250 lr:0.000069 t:16.0s
tttg: c209/250 lr:0.000065 t:16.1s
tttg: c210/250 lr:0.000062 t:16.1s
tttg: c211/250 lr:0.000059 t:16.2s
tttg: c212/250 lr:0.000056 t:16.3s
tttg: c213/250 lr:0.000053 t:16.4s
tttg: c214/250 lr:0.000051 t:16.4s
tttg: c215/250 lr:0.000048 t:16.5s
tttg: c216/250 lr:0.000045 t:16.6s
tttg: c217/250 lr:0.000043 t:16.7s
tttg: c218/250 lr:0.000040 t:16.8s
tttg: c219/250 lr:0.000038 t:16.8s
tttg: c220/250 lr:0.000035 t:16.9s
tttg: c221/250 lr:0.000033 t:17.0s
tttg: c222/250 lr:0.000031 t:17.1s
tttg: c223/250 lr:0.000029 t:17.1s
tttg: c224/250 lr:0.000027 t:17.2s
tttg: c225/250 lr:0.000025 t:17.3s
tttg: c226/250 lr:0.000023 t:17.4s
tttg: c227/250 lr:0.000021 t:17.4s
tttg: c228/250 lr:0.000019 t:17.5s
tttg: c229/250 lr:0.000017 t:17.6s
tttg: c230/250 lr:0.000016 t:17.7s
tttg: c231/250 lr:0.000014 t:17.7s
tttg: c232/250 lr:0.000013 t:17.8s
tttg: c233/250 lr:0.000011 t:17.9s
tttg: c234/250 lr:0.000010 t:18.0s
tttg: c235/250 lr:0.000009 t:18.0s
tttg: c236/250 lr:0.000008 t:18.1s
tttg: c237/250 lr:0.000007 t:18.2s
tttg: c238/250 lr:0.000006 t:18.3s
tttg: c239/250 lr:0.000005 t:18.4s
tttg: c240/250 lr:0.000004 t:18.4s
tttg: c241/250 lr:0.000003 t:18.5s
tttg: c242/250 lr:0.000003 t:18.6s
tttg: c243/250 lr:0.000002 t:18.7s
tttg: c244/250 lr:0.000001 t:18.7s
tttg: c245/250 lr:0.000001 t:18.8s
tttg: c246/250 lr:0.000001 t:18.9s
tttg: c247/250 lr:0.000000 t:19.0s
tttg: c248/250 lr:0.000000 t:19.1s
tttg: c249/250 lr:0.000000 t:19.1s
ttpr: phase:3/3 t:344.5s
ttp: b743/782 bl:2.3396 bb:1.0660 rl:2.2859 rb:1.0610 dl:2762-2805 gd:1
ttp: b728/782 bl:2.3637 bb:1.0821 rl:2.2912 rb:1.0624 dl:2306-2324 gd:1
ttp: b720/782 bl:2.3612 bb:1.0679 rl:2.2953 rb:1.0628 dl:2125-2144 gd:1
ttp: b717/782 bl:2.2614 bb:1.0354 rl:2.2934 rb:1.0613 dl:2070-2088 gd:1
ttp: b706/782 bl:2.4054 bb:1.0758 rl:2.2988 rb:1.0620 dl:1898-1910 gd:1
ttp: b700/782 bl:2.2982 bb:1.0263 rl:2.2987 rb:1.0604 dl:1824-1834 gd:1
ttp: b689/782 bl:2.3938 bb:1.0778 rl:2.3025 rb:1.0611 dl:1706-1715 gd:1
ttp: b686/782 bl:2.4457 bb:1.0766 rl:2.3078 rb:1.0617 dl:1675-1685 gd:1
ttp: b673/782 bl:2.3679 bb:1.0629 rl:2.3098 rb:1.0617 dl:1562-1571 gd:1
ttp: b665/782 bl:2.3367 bb:1.0498 rl:2.3106 rb:1.0613 dl:1500-1507 gd:1
ttp: b657/782 bl:2.3319 bb:1.0598 rl:2.3112 rb:1.0613 dl:1445-1452 gd:1
ttp: b649/782 bl:2.2912 bb:1.0187 rl:2.3107 rb:1.0601 dl:1392-1398 gd:1
ttp: b641/782 bl:2.2976 bb:1.0283 rl:2.3103 rb:1.0592 dl:1343-1349 gd:1
ttp: b632/782 bl:2.3558 bb:1.0365 rl:2.3114 rb:1.0587 dl:1290-1297 gd:1
ttp: b625/782 bl:2.4146 bb:1.0535 rl:2.3138 rb:1.0586 dl:1255-1260 gd:1
ttp: b617/782 bl:2.3183 bb:1.0245 rl:2.3139 rb:1.0578 dl:1211-1216 gd:1
ttp: b609/782 bl:2.2776 bb:1.0204 rl:2.3131 rb:1.0570 dl:1172-1177 gd:1
ttp: b601/782 bl:2.3339 bb:1.0217 rl:2.3135 rb:1.0563 dl:1137-1141 gd:1
ttp: b593/782 bl:2.2974 bb:1.0141 rl:2.3132 rb:1.0555 dl:1103-1107 gd:1
ttp: b584/782 bl:2.3047 bb:1.0420 rl:2.3131 rb:1.0553 dl:1064-1069 gd:1
ttp: b576/782 bl:2.3823 bb:1.0958 rl:2.3143 rb:1.0559 dl:1033-1037 gd:1
ttp: b568/782 bl:2.3613 bb:1.0840 rl:2.3150 rb:1.0564 dl:1004-1007 gd:1
ttp: b561/782 bl:2.2502 bb:1.0150 rl:2.3140 rb:1.0557 dl:979-983 gd:1
ttp: b552/782 bl:2.2750 bb:1.0192 rl:2.3134 rb:1.0552 dl:949-952 gd:1
ttp: b544/782 bl:2.3515 bb:1.0716 rl:2.3140 rb:1.0554 dl:924-927 gd:1
ttp: b536/782 bl:2.3237 bb:1.0464 rl:2.3141 rb:1.0553 dl:899-902 gd:1
ttp: b528/782 bl:2.3423 bb:1.0469 rl:2.3145 rb:1.0552 dl:875-878 gd:1
ttp: b520/782 bl:2.3343 bb:1.0066 rl:2.3147 rb:1.0545 dl:852-854 gd:1
ttp: b512/782 bl:2.3071 bb:1.0655 rl:2.3146 rb:1.0547 dl:829-832 gd:1
ttp: b504/782 bl:2.3230 bb:1.0363 rl:2.3147 rb:1.0545 dl:807-809 gd:1
ttp: b496/782 bl:2.4299 bb:1.0520 rl:2.3160 rb:1.0544 dl:785-788 gd:1
ttp: b488/782 bl:2.2991 bb:1.0117 rl:2.3158 rb:1.0540 dl:766-769 gd:1
ttp: b480/782 bl:2.4418 bb:1.0872 rl:2.3171 rb:1.0543 dl:747-749 gd:1
ttp: b472/782 bl:2.3912 bb:1.0854 rl:2.3179 rb:1.0546 dl:728-730 gd:1
ttp: b464/782 bl:2.2747 bb:1.0193 rl:2.3174 rb:1.0543 dl:710-712 gd:1
ttp: b457/782 bl:2.2570 bb:1.0333 rl:2.3169 rb:1.0541 dl:695-697 gd:1
ttp: b450/782 bl:2.3634 bb:1.0360 rl:2.3173 rb:1.0539 dl:680-682 gd:1
ttp: b443/782 bl:2.2402 bb:1.0540 rl:2.3166 rb:1.0539 dl:666-668 gd:1
ttp: b437/782 bl:2.2995 bb:1.0581 rl:2.3165 rb:1.0539 dl:653-655 gd:1
ttp: b429/782 bl:2.2516 bb:1.0269 rl:2.3159 rb:1.0537 dl:638-640 gd:1
ttp: b420/782 bl:2.3607 bb:1.0538 rl:2.3163 rb:1.0537 dl:620-622 gd:1
ttp: b413/782 bl:2.3749 bb:1.0644 rl:2.3168 rb:1.0538 dl:607-609 gd:1
ttp: b405/782 bl:2.3639 bb:1.0608 rl:2.3171 rb:1.0539 dl:592-593 gd:1
ttp: b397/782 bl:2.3657 bb:1.0492 rl:2.3175 rb:1.0538 dl:577-579 gd:1
ttp: b387/782 bl:2.3668 bb:1.0856 rl:2.3178 rb:1.0540 dl:559-561 gd:1
ttp: b379/782 bl:2.4336 bb:1.0940 rl:2.3186 rb:1.0543 dl:545-547 gd:1
ttp: b371/782 bl:2.2638 bb:1.1054 rl:2.3182 rb:1.0546 dl:532-533 gd:1
ttp: b363/782 bl:2.3875 bb:1.0686 rl:2.3187 rb:1.0547 dl:518-521 gd:1
ttp: b355/782 bl:2.3167 bb:1.0750 rl:2.3187 rb:1.0548 dl:504-506 gd:1
ttp: b347/782 bl:2.3390 bb:1.1116 rl:2.3188 rb:1.0552 dl:492-494 gd:1
ttp: b339/782 bl:2.3443 bb:1.0825 rl:2.3189 rb:1.0553 dl:480-482 gd:1
ttp: b332/782 bl:2.3092 bb:1.0453 rl:2.3189 rb:1.0553 dl:469-471 gd:1
ttp: b325/782 bl:2.3540 bb:1.0828 rl:2.3191 rb:1.0554 dl:459-461 gd:1
ttp: b317/782 bl:2.3076 bb:1.0484 rl:2.3190 rb:1.0554 dl:446-448 gd:1
ttp: b309/782 bl:2.4189 bb:1.1099 rl:2.3195 rb:1.0557 dl:435-437 gd:1
ttp: b301/782 bl:2.3558 bb:1.0936 rl:2.3197 rb:1.0558 dl:422-424 gd:1
ttp: b293/782 bl:2.4445 bb:1.1022 rl:2.3203 rb:1.0561 dl:410-412 gd:1
ttp: b285/782 bl:2.3800 bb:1.0843 rl:2.3206 rb:1.0562 dl:399-400 gd:1
ttp: b277/782 bl:2.2712 bb:1.0696 rl:2.3203 rb:1.0563 dl:388-389 gd:1
ttp: b269/782 bl:2.3422 bb:1.1113 rl:2.3204 rb:1.0565 dl:378-379 gd:1
ttp: b261/782 bl:2.4278 bb:1.1175 rl:2.3209 rb:1.0567 dl:367-369 gd:1
ttp: b253/782 bl:2.3422 bb:1.1125 rl:2.3210 rb:1.0570 dl:357-358 gd:1
ttp: b245/782 bl:2.3688 bb:1.1090 rl:2.3212 rb:1.0572 dl:347-349 gd:1
ttp: b237/782 bl:2.3358 bb:1.0972 rl:2.3212 rb:1.0573 dl:337-338 gd:1
ttp: b229/782 bl:2.3688 bb:1.0676 rl:2.3214 rb:1.0573 dl:328-329 gd:1
ttp: b220/782 bl:2.4077 bb:1.1392 rl:2.3217 rb:1.0576 dl:317-318 gd:1
ttp: b212/782 bl:2.3752 bb:1.0842 rl:2.3219 rb:1.0577 dl:308-309 gd:1
ttp: b204/782 bl:2.4622 bb:1.1553 rl:2.3224 rb:1.0580 dl:300-301 gd:1
ttp: b197/782 bl:2.3710 bb:1.1208 rl:2.3225 rb:1.0582 dl:292-294 gd:1
ttp: b190/782 bl:2.3479 bb:1.0795 rl:2.3226 rb:1.0583 dl:284-285 gd:1
ttp: b182/782 bl:2.3574 bb:1.1208 rl:2.3227 rb:1.0585 dl:276-277 gd:1
ttp: b174/782 bl:2.4488 bb:1.1550 rl:2.3231 rb:1.0588 dl:268-269 gd:1
ttp: b166/782 bl:2.4739 bb:1.1058 rl:2.3235 rb:1.0589 dl:260-262 gd:1
ttp: b158/782 bl:2.3515 bb:1.1118 rl:2.3236 rb:1.0590 dl:253-254 gd:1
ttp: b149/782 bl:2.3778 bb:1.1582 rl:2.3237 rb:1.0593 dl:244-245 gd:1
ttp: b141/782 bl:2.4698 bb:1.1271 rl:2.3241 rb:1.0594 dl:236-237 gd:1
ttp: b134/782 bl:2.4408 bb:1.1446 rl:2.3244 rb:1.0597 dl:230-231 gd:1
ttp: b108/782 bl:2.4007 bb:1.1574 rl:2.3246 rb:1.0599 dl:206-207 gd:1
ttp: b99/782 bl:2.5100 bb:1.1822 rl:2.3250 rb:1.0601 dl:198-199 gd:1
ttp: b91/782 bl:2.4657 bb:1.1557 rl:2.3253 rb:1.0603 dl:190-191 gd:1
ttp: b83/782 bl:2.4426 bb:1.1527 rl:2.3255 rb:1.0605 dl:183-184 gd:1
ttp: b75/782 bl:2.5763 bb:1.1945 rl:2.3260 rb:1.0607 dl:176-177 gd:1
ttp: b67/782 bl:2.5473 bb:1.2059 rl:2.3264 rb:1.0610 dl:169-170 gd:1
ttp: b61/782 bl:2.4578 bb:1.2166 rl:2.3266 rb:1.0612 dl:164-165 gd:1
ttp: b54/782 bl:2.4723 bb:1.2128 rl:2.3268 rb:1.0615 dl:157-158 gd:1
ttp: b46/782 bl:2.5531 bb:1.2190 rl:2.3272 rb:1.0617 dl:149-150 gd:1
ttp: b38/782 bl:2.6156 bb:1.1996 rl:2.3276 rb:1.0619 dl:141-142 gd:1
ttp: b29/782 bl:2.6426 bb:1.2225 rl:2.3281 rb:1.0621 dl:132-133 gd:1
ttp: b21/782 bl:2.6122 bb:1.2323 rl:2.3284 rb:1.0624 dl:123-124 gd:1
ttp: b13/782 bl:2.6815 bb:1.2149 rl:2.3289 rb:1.0625 dl:112-114 gd:1
ttp: b5/782 bl:2.7171 bb:1.2363 rl:2.3293 rb:1.0627 dl:96-99 gd:1
quantized_ttt_phased val_loss:2.32616480 val_bpb:1.06296654 eval_time:448507ms
total_eval_time:448.5s
