W0423 19:23:21.391000 1797 torch/distributed/run.py:803] 
W0423 19:23:21.391000 1797 torch/distributed/run.py:803] *****************************************
W0423 19:23:21.391000 1797 torch/distributed/run.py:803] Setting OMP_NUM_THREADS environment variable for each process to be 1 in default, to avoid your system being overloaded, please further tune the variable for optimal performance in your application as needed. 
W0423 19:23:21.391000 1797 torch/distributed/run.py:803] *****************************************
Hyperparameters:
  adam_eps: 1e-08
  adam_wd: 0.02
  artifact_dir: /workspace/draft7_runs/seed_42
  attn_clip_sigmas: 13.0
  attn_out_gate_enabled: False
  attn_out_gate_src: proj
  beta1: 0.9
  beta2: 0.95
  caseops_enabled: True
  compressor: brotli
  data_dir: /workspace/src/parameter-golf/data
  datasets_dir: /workspace/src/parameter-golf/data/datasets/fineweb10B_sp8192_caseops/datasets/datasets/fineweb10B_sp8192_lossless_caps_caseops_v1_reserved
  distributed: True
  ema_decay: 0.9965
  embed_bits: 7
  embed_clip_sigmas: 15.0
  embed_lr: 0.6
  embed_wd: 0.085
  enable_looping_at: 0.35
  eval_seq_len: 2048
  eval_stride: 64
  fused_ce_enabled: True
  gate_window: 12
  gated_attn_enabled: False
  gated_attn_init_std: 0.01
  gated_attn_quant_gate: True
  global_ttt_batch_seqs: 32
  global_ttt_chunk_tokens: 32768
  global_ttt_epochs: 1
  global_ttt_grad_clip: 1.0
  global_ttt_lr: 0.001
  global_ttt_momentum: 0.9
  global_ttt_respect_doc_boundaries: True
  global_ttt_warmup_chunks: 0
  global_ttt_warmup_start_lr: 0.0
  gptq_calibration_batches: 16
  gptq_reserve_seconds: 0.5
  grad_accum_steps: 1
  grad_clip_norm: 0.3
  is_main_process: True
  iterations: 20000
  ln_scale: True
  local_rank: 0
  logfile: /workspace/draft7_runs/seed_42/461ceddd-32b3-4c1c-974a-3352dfdd1e39.txt
  logit_softcap: 30.0
  loop_end: 5
  loop_start: 3
  matrix_bits: 6
  matrix_clip_sigmas: 12.85
  matrix_lr: 0.026
  max_wallclock_seconds: 600.0
  min_lr: 0.1
  mlp_clip_sigmas: 12.0
  mlp_mult: 4.0
  model_dim: 512
  model_path: /workspace/draft7_runs/seed_42/final_model.pt
  muon_backend_steps: 5
  muon_momentum: 0.97
  muon_momentum_warmup_start: 0.92
  muon_momentum_warmup_steps: 1500
  muon_row_normalize: True
  muon_wd: 0.095
  num_heads: 8
  num_kv_heads: 4
  num_layers: 11
  num_loops: 2
  parallel_final_lane: mean
  parallel_start_layer: 8
  phased_ttt_num_phases: 3
  phased_ttt_prefix_docs: 2000
  qk_gain_init: 5.0
  quantized_model_path: /workspace/draft7_runs/seed_42/final_model.int6.ptz
  rank: 0
  rope_base: 10000.0
  rope_dims: 16
  rope_train_seq_len: 2048
  rope_yarn: False
  run_id: 461ceddd-32b3-4c1c-974a-3352dfdd1e39
  scalar_lr: 0.02
  seed: 42
  skip_gates_enabled: True
  smear_gate_enabled: False
  sparse_attn_gate_enabled: True
  sparse_attn_gate_init_std: 0.0
  sparse_attn_gate_scale: 1.0
  tie_embeddings: True
  tied_embed_init_std: 0.005
  tied_embed_lr: 0.03
  tokenizer_path: /workspace/src/parameter-golf/data/datasets/fineweb10B_sp8192_caseops/datasets/tokenizers/fineweb_8192_bpe_lossless_caps_caseops_v1_reserved.model
  train_batch_tokens: 786432
  train_files: /workspace/src/parameter-golf/data/datasets/fineweb10B_sp8192_caseops/datasets/datasets/fineweb10B_sp8192_lossless_caps_caseops_v1_reserved/fineweb_train_*.bin
  train_log_every: 500
  train_seq_len: 2048
  ttt_batch_size: 64
  ttt_beta1: 0.0
  ttt_beta2: 0.999
  ttt_chunk_size: 48
  ttt_enabled: True
  ttt_eval_batches: 
  ttt_eval_seq_len: 2048
  ttt_grad_steps: 1
  ttt_k_lora: True
  ttt_lora_lr: 0.0001
  ttt_lora_rank: 96
  ttt_mlp_lora: True
  ttt_o_lora: True
  ttt_optimizer: adam
  ttt_weight_decay: 1.0
  val_batch_tokens: 524288
  val_bytes_files: /workspace/src/parameter-golf/data/datasets/fineweb10B_sp8192_caseops/datasets/datasets/fineweb10B_sp8192_lossless_caps_caseops_v1_reserved/fineweb_val_bytes_*.bin
  val_doc_fraction: 1.0
  val_files: /workspace/src/parameter-golf/data/datasets/fineweb10B_sp8192_caseops/datasets/datasets/fineweb10B_sp8192_lossless_caps_caseops_v1_reserved/fineweb_val_*.bin
  val_loss_every: 0
  vocab_size: 8192
  warmdown_frac: 0.75
  warmup_steps: 20
  world_size: 8
  xsa_last_n: 11
train_shards: 0
val_tokens: 47851520
TTT_EVAL_ONLY=1 — skipping training + GPTQ, loading saved artifact for TTT eval
ttt_lora_alpha: 144.0
ttt_warm_start_a: True
ttt_weight_decay: 1.0
ttt_lora:warming up compile (random tokens, no val data)
ttt_lora:compile warmup done (166.1s)

beginning TTT eval timer
ttt_phased: total_docs:50000 prefix_docs:2000 suffix_docs:48000 num_phases:3 boundaries:[666, 1333, 2000]
ttp: b775/782 bl:2.2837 bb:1.0616 rl:2.2837 rb:1.0616 dl:6892-7524 gd:0
ttp: b774/782 bl:2.2954 bb:1.0687 rl:2.2893 rb:1.0650 dl:6447-6872 gd:0
ttp: b769/782 bl:2.3360 bb:1.0875 rl:2.3021 rb:1.0712 dl:5097-5309 gd:0
ttpp: phase:1/3 pd:1104 gd:666 t:228.5s
tttg: c1/111 lr:0.001000 t:2.7s
tttg: c2/111 lr:0.001000 t:2.8s
tttg: c3/111 lr:0.000999 t:2.8s
tttg: c4/111 lr:0.000998 t:2.9s
tttg: c5/111 lr:0.000997 t:3.0s
tttg: c6/111 lr:0.000995 t:3.1s
tttg: c7/111 lr:0.000993 t:3.2s
tttg: c8/111 lr:0.000990 t:3.2s
tttg: c9/111 lr:0.000987 t:3.3s
tttg: c10/111 lr:0.000984 t:3.4s
tttg: c11/111 lr:0.000980 t:3.5s
tttg: c12/111 lr:0.000976 t:3.5s
tttg: c13/111 lr:0.000971 t:3.6s
tttg: c14/111 lr:0.000966 t:3.7s
tttg: c15/111 lr:0.000961 t:3.8s
tttg: c16/111 lr:0.000955 t:3.8s
tttg: c17/111 lr:0.000949 t:3.9s
tttg: c18/111 lr:0.000942 t:4.0s
tttg: c19/111 lr:0.000935 t:4.1s
tttg: c20/111 lr:0.000928 t:4.2s
tttg: c21/111 lr:0.000921 t:4.2s
tttg: c22/111 lr:0.000913 t:4.3s
tttg: c23/111 lr:0.000905 t:4.4s
tttg: c24/111 lr:0.000896 t:4.5s
tttg: c25/111 lr:0.000887 t:4.5s
tttg: c26/111 lr:0.000878 t:4.6s
tttg: c27/111 lr:0.000868 t:4.7s
tttg: c28/111 lr:0.000859 t:4.8s
tttg: c29/111 lr:0.000848 t:4.9s
tttg: c30/111 lr:0.000838 t:4.9s
tttg: c31/111 lr:0.000827 t:5.0s
tttg: c32/111 lr:0.000817 t:5.1s
tttg: c33/111 lr:0.000805 t:5.1s
tttg: c34/111 lr:0.000794 t:5.2s
tttg: c35/111 lr:0.000782 t:5.3s
tttg: c36/111 lr:0.000770 t:5.4s
tttg: c37/111 lr:0.000758 t:5.5s
tttg: c38/111 lr:0.000746 t:5.5s
tttg: c39/111 lr:0.000733 t:5.6s
tttg: c40/111 lr:0.000721 t:5.7s
tttg: c41/111 lr:0.000708 t:5.8s
tttg: c42/111 lr:0.000695 t:5.8s
tttg: c43/111 lr:0.000681 t:5.9s
tttg: c44/111 lr:0.000668 t:6.0s
tttg: c45/111 lr:0.000655 t:6.1s
tttg: c46/111 lr:0.000641 t:6.1s
tttg: c47/111 lr:0.000627 t:6.2s
tttg: c48/111 lr:0.000613 t:6.3s
tttg: c49/111 lr:0.000599 t:6.4s
tttg: c50/111 lr:0.000585 t:6.4s
tttg: c51/111 lr:0.000571 t:6.5s
tttg: c52/111 lr:0.000557 t:6.6s
tttg: c53/111 lr:0.000543 t:6.7s
tttg: c54/111 lr:0.000529 t:6.7s
tttg: c55/111 lr:0.000514 t:6.8s
tttg: c56/111 lr:0.000500 t:6.9s
tttg: c57/111 lr:0.000486 t:7.0s
tttg: c58/111 lr:0.000471 t:7.0s
tttg: c59/111 lr:0.000457 t:7.1s
tttg: c60/111 lr:0.000443 t:7.2s
tttg: c61/111 lr:0.000429 t:7.3s
tttg: c62/111 lr:0.000415 t:7.3s
tttg: c63/111 lr:0.000401 t:7.4s
tttg: c64/111 lr:0.000387 t:7.5s
tttg: c65/111 lr:0.000373 t:7.6s
tttg: c66/111 lr:0.000359 t:7.6s
tttg: c67/111 lr:0.000345 t:7.7s
tttg: c68/111 lr:0.000332 t:7.8s
tttg: c69/111 lr:0.000319 t:7.9s
tttg: c70/111 lr:0.000305 t:7.9s
tttg: c71/111 lr:0.000292 t:8.0s
tttg: c72/111 lr:0.000279 t:8.1s
tttg: c73/111 lr:0.000267 t:8.2s
tttg: c74/111 lr:0.000254 t:8.2s
tttg: c75/111 lr:0.000242 t:8.3s
tttg: c76/111 lr:0.000230 t:8.4s
tttg: c77/111 lr:0.000218 t:8.5s
tttg: c78/111 lr:0.000206 t:8.5s
tttg: c79/111 lr:0.000195 t:8.6s
tttg: c80/111 lr:0.000183 t:8.7s
tttg: c81/111 lr:0.000173 t:8.8s
tttg: c82/111 lr:0.000162 t:8.8s
tttg: c83/111 lr:0.000152 t:8.9s
tttg: c84/111 lr:0.000141 t:9.0s
tttg: c85/111 lr:0.000132 t:9.1s
tttg: c86/111 lr:0.000122 t:9.1s
tttg: c87/111 lr:0.000113 t:9.2s
tttg: c88/111 lr:0.000104 t:9.3s
tttg: c89/111 lr:0.000095 t:9.4s
tttg: c90/111 lr:0.000087 t:9.4s
tttg: c91/111 lr:0.000079 t:9.5s
tttg: c92/111 lr:0.000072 t:9.6s
tttg: c93/111 lr:0.000065 t:9.6s
tttg: c94/111 lr:0.000058 t:9.7s
tttg: c95/111 lr:0.000051 t:9.8s
tttg: c96/111 lr:0.000045 t:9.9s
tttg: c97/111 lr:0.000039 t:9.9s
tttg: c98/111 lr:0.000034 t:10.0s
tttg: c99/111 lr:0.000029 t:10.1s
tttg: c100/111 lr:0.000024 t:10.2s
tttg: c101/111 lr:0.000020 t:10.3s
tttg: c102/111 lr:0.000016 t:10.3s
tttg: c103/111 lr:0.000013 t:10.4s
tttg: c104/111 lr:0.000010 t:10.5s
tttg: c105/111 lr:0.000007 t:10.5s
tttg: c106/111 lr:0.000005 t:10.6s
tttg: c107/111 lr:0.000003 t:10.7s
tttg: c108/111 lr:0.000002 t:10.8s
tttg: c109/111 lr:0.000001 t:10.8s
tttg: c110/111 lr:0.000000 t:10.9s
ttpr: phase:1/3 t:241.4s
ttp: b760/782 bl:2.3597 bb:1.0449 rl:2.3118 rb:1.0665 dl:3817-3916 gd:0
ttp: b755/782 bl:2.3917 bb:1.0803 rl:2.3222 rb:1.0684 dl:3397-3466 gd:0
ttpp: phase:2/3 pd:1808 gd:1333 t:369.3s
tttg: c1/185 lr:0.001000 t:0.1s
tttg: c2/185 lr:0.001000 t:0.2s
tttg: c3/185 lr:0.001000 t:0.2s
tttg: c4/185 lr:0.000999 t:0.3s
tttg: c5/185 lr:0.000999 t:0.4s
tttg: c6/185 lr:0.000998 t:0.4s
tttg: c7/185 lr:0.000997 t:0.5s
tttg: c8/185 lr:0.000996 t:0.6s
tttg: c9/185 lr:0.000995 t:0.7s
tttg: c10/185 lr:0.000994 t:0.8s
tttg: c11/185 lr:0.000993 t:0.8s
tttg: c12/185 lr:0.000991 t:0.9s
tttg: c13/185 lr:0.000990 t:1.0s
tttg: c14/185 lr:0.000988 t:1.1s
tttg: c15/185 lr:0.000986 t:1.1s
tttg: c16/185 lr:0.000984 t:1.2s
tttg: c17/185 lr:0.000981 t:1.3s
tttg: c18/185 lr:0.000979 t:1.4s
tttg: c19/185 lr:0.000977 t:1.4s
tttg: c20/185 lr:0.000974 t:1.5s
tttg: c21/185 lr:0.000971 t:1.6s
tttg: c22/185 lr:0.000968 t:1.7s
tttg: c23/185 lr:0.000965 t:1.7s
tttg: c24/185 lr:0.000962 t:1.8s
tttg: c25/185 lr:0.000959 t:1.9s
tttg: c26/185 lr:0.000955 t:1.9s
tttg: c27/185 lr:0.000952 t:2.0s
tttg: c28/185 lr:0.000948 t:2.1s
tttg: c29/185 lr:0.000944 t:2.2s
tttg: c30/185 lr:0.000940 t:2.2s
tttg: c31/185 lr:0.000936 t:2.3s
tttg: c32/185 lr:0.000932 t:2.4s
tttg: c33/185 lr:0.000927 t:2.5s
tttg: c34/185 lr:0.000923 t:2.6s
tttg: c35/185 lr:0.000918 t:2.6s
tttg: c36/185 lr:0.000913 t:2.7s
tttg: c37/185 lr:0.000908 t:2.8s
tttg: c38/185 lr:0.000904 t:2.9s
tttg: c39/185 lr:0.000898 t:2.9s
tttg: c40/185 lr:0.000893 t:3.0s
tttg: c41/185 lr:0.000888 t:3.1s
tttg: c42/185 lr:0.000882 t:3.2s
tttg: c43/185 lr:0.000877 t:3.2s
tttg: c44/185 lr:0.000871 t:3.3s
tttg: c45/185 lr:0.000865 t:3.4s
tttg: c46/185 lr:0.000860 t:3.5s
tttg: c47/185 lr:0.000854 t:3.5s
tttg: c48/185 lr:0.000847 t:3.6s
tttg: c49/185 lr:0.000841 t:3.7s
tttg: c50/185 lr:0.000835 t:3.8s
tttg: c51/185 lr:0.000829 t:3.8s
tttg: c52/185 lr:0.000822 t:3.9s
tttg: c53/185 lr:0.000816 t:4.0s
tttg: c54/185 lr:0.000809 t:4.1s
tttg: c55/185 lr:0.000802 t:4.2s
tttg: c56/185 lr:0.000795 t:4.2s
tttg: c57/185 lr:0.000788 t:4.3s
tttg: c58/185 lr:0.000781 t:4.4s
tttg: c59/185 lr:0.000774 t:4.5s
tttg: c60/185 lr:0.000767 t:4.5s
tttg: c61/185 lr:0.000760 t:4.6s
tttg: c62/185 lr:0.000752 t:4.7s
tttg: c63/185 lr:0.000745 t:4.8s
tttg: c64/185 lr:0.000738 t:4.8s
tttg: c65/185 lr:0.000730 t:4.9s
tttg: c66/185 lr:0.000722 t:5.0s
tttg: c67/185 lr:0.000715 t:5.1s
tttg: c68/185 lr:0.000707 t:5.1s
tttg: c69/185 lr:0.000699 t:5.2s
tttg: c70/185 lr:0.000691 t:5.3s
tttg: c71/185 lr:0.000683 t:5.4s
tttg: c72/185 lr:0.000675 t:5.4s
tttg: c73/185 lr:0.000667 t:5.5s
tttg: c74/185 lr:0.000659 t:5.6s
tttg: c75/185 lr:0.000651 t:5.7s
tttg: c76/185 lr:0.000643 t:5.7s
tttg: c77/185 lr:0.000635 t:5.8s
tttg: c78/185 lr:0.000627 t:5.9s
tttg: c79/185 lr:0.000618 t:6.0s
tttg: c80/185 lr:0.000610 t:6.0s
tttg: c81/185 lr:0.000602 t:6.1s
tttg: c82/185 lr:0.000593 t:6.2s
tttg: c83/185 lr:0.000585 t:6.3s
tttg: c84/185 lr:0.000577 t:6.3s
tttg: c85/185 lr:0.000568 t:6.4s
tttg: c86/185 lr:0.000560 t:6.5s
tttg: c87/185 lr:0.000551 t:6.6s
tttg: c88/185 lr:0.000543 t:6.6s
tttg: c89/185 lr:0.000534 t:6.7s
tttg: c90/185 lr:0.000526 t:6.8s
tttg: c91/185 lr:0.000517 t:6.9s
tttg: c92/185 lr:0.000509 t:7.0s
tttg: c93/185 lr:0.000500 t:7.0s
tttg: c94/185 lr:0.000491 t:7.1s
tttg: c95/185 lr:0.000483 t:7.2s
tttg: c96/185 lr:0.000474 t:7.3s
tttg: c97/185 lr:0.000466 t:7.3s
tttg: c98/185 lr:0.000457 t:7.4s
tttg: c99/185 lr:0.000449 t:7.5s
tttg: c100/185 lr:0.000440 t:7.6s
tttg: c101/185 lr:0.000432 t:7.6s
tttg: c102/185 lr:0.000423 t:7.7s
tttg: c103/185 lr:0.000415 t:7.8s
tttg: c104/185 lr:0.000407 t:7.9s
tttg: c105/185 lr:0.000398 t:7.9s
tttg: c106/185 lr:0.000390 t:8.0s
tttg: c107/185 lr:0.000382 t:8.1s
tttg: c108/185 lr:0.000373 t:8.2s
tttg: c109/185 lr:0.000365 t:8.2s
tttg: c110/185 lr:0.000357 t:8.3s
tttg: c111/185 lr:0.000349 t:8.4s
tttg: c112/185 lr:0.000341 t:8.5s
tttg: c113/185 lr:0.000333 t:8.5s
tttg: c114/185 lr:0.000325 t:8.6s
tttg: c115/185 lr:0.000317 t:8.7s
tttg: c116/185 lr:0.000309 t:8.8s
tttg: c117/185 lr:0.000301 t:8.9s
tttg: c118/185 lr:0.000293 t:8.9s
tttg: c119/185 lr:0.000285 t:9.0s
tttg: c120/185 lr:0.000278 t:9.1s
tttg: c121/185 lr:0.000270 t:9.2s
tttg: c122/185 lr:0.000262 t:9.2s
tttg: c123/185 lr:0.000255 t:9.3s
tttg: c124/185 lr:0.000248 t:9.4s
tttg: c125/185 lr:0.000240 t:9.5s
tttg: c126/185 lr:0.000233 t:9.5s
tttg: c127/185 lr:0.000226 t:9.6s
tttg: c128/185 lr:0.000219 t:9.7s
tttg: c129/185 lr:0.000212 t:9.8s
tttg: c130/185 lr:0.000205 t:9.8s
tttg: c131/185 lr:0.000198 t:9.9s
tttg: c132/185 lr:0.000191 t:10.0s
tttg: c133/185 lr:0.000184 t:10.1s
tttg: c134/185 lr:0.000178 t:10.1s
tttg: c135/185 lr:0.000171 t:10.2s
tttg: c136/185 lr:0.000165 t:10.3s
tttg: c137/185 lr:0.000159 t:10.4s
tttg: c138/185 lr:0.000153 t:10.5s
tttg: c139/185 lr:0.000146 t:10.5s
tttg: c140/185 lr:0.000140 t:10.6s
tttg: c141/185 lr:0.000135 t:10.7s
tttg: c142/185 lr:0.000129 t:10.8s
tttg: c143/185 lr:0.000123 t:10.9s
tttg: c144/185 lr:0.000118 t:10.9s
tttg: c145/185 lr:0.000112 t:11.0s
tttg: c146/185 lr:0.000107 t:11.1s
tttg: c147/185 lr:0.000102 t:11.2s
tttg: c148/185 lr:0.000096 t:11.2s
tttg: c149/185 lr:0.000092 t:11.3s
tttg: c150/185 lr:0.000087 t:11.4s
tttg: c151/185 lr:0.000082 t:11.5s
tttg: c152/185 lr:0.000077 t:11.6s
tttg: c153/185 lr:0.000073 t:11.6s
tttg: c154/185 lr:0.000068 t:11.7s
tttg: c155/185 lr:0.000064 t:11.8s
tttg: c156/185 lr:0.000060 t:11.8s
tttg: c157/185 lr:0.000056 t:11.9s
tttg: c158/185 lr:0.000052 t:12.0s
tttg: c159/185 lr:0.000048 t:12.1s
tttg: c160/185 lr:0.000045 t:12.2s
tttg: c161/185 lr:0.000041 t:12.2s
tttg: c162/185 lr:0.000038 t:12.3s
tttg: c163/185 lr:0.000035 t:12.4s
tttg: c164/185 lr:0.000032 t:12.5s
tttg: c165/185 lr:0.000029 t:12.5s
tttg: c166/185 lr:0.000026 t:12.6s
tttg: c167/185 lr:0.000023 t:12.7s
tttg: c168/185 lr:0.000021 t:12.8s
tttg: c169/185 lr:0.000019 t:12.8s
tttg: c170/185 lr:0.000016 t:12.9s
tttg: c171/185 lr:0.000014 t:13.0s
tttg: c172/185 lr:0.000012 t:13.1s
tttg: c173/185 lr:0.000010 t:13.2s
tttg: c174/185 lr:0.000009 t:13.2s
tttg: c175/185 lr:0.000007 t:13.3s
tttg: c176/185 lr:0.000006 t:13.4s
tttg: c177/185 lr:0.000005 t:13.4s
tttg: c178/185 lr:0.000004 t:13.5s
tttg: c179/185 lr:0.000003 t:13.6s
tttg: c180/185 lr:0.000002 t:13.7s
tttg: c181/185 lr:0.000001 t:13.8s
tttg: c182/185 lr:0.000001 t:13.8s
tttg: c183/185 lr:0.000000 t:13.9s
tttg: c184/185 lr:0.000000 t:14.0s
ttpr: phase:2/3 t:385.3s
ttp: b750/782 bl:2.3952 bb:1.0762 rl:2.3300 rb:1.0692 dl:3090-3149 gd:0
ttpp: phase:3/3 pd:2448 gd:2000 t:402.3s
tttg: c1/250 lr:0.001000 t:0.1s
tttg: c2/250 lr:0.001000 t:0.2s
tttg: c3/250 lr:0.001000 t:0.2s
tttg: c4/250 lr:0.001000 t:0.3s
tttg: c5/250 lr:0.000999 t:0.4s
tttg: c6/250 lr:0.000999 t:0.4s
tttg: c7/250 lr:0.000999 t:0.5s
tttg: c8/250 lr:0.000998 t:0.6s
tttg: c9/250 lr:0.000997 t:0.7s
tttg: c10/250 lr:0.000997 t:0.7s
tttg: c11/250 lr:0.000996 t:0.8s
tttg: c12/250 lr:0.000995 t:0.9s
tttg: c13/250 lr:0.000994 t:1.0s
tttg: c14/250 lr:0.000993 t:1.0s
tttg: c15/250 lr:0.000992 t:1.1s
tttg: c16/250 lr:0.000991 t:1.2s
tttg: c17/250 lr:0.000990 t:1.3s
tttg: c18/250 lr:0.000989 t:1.4s
tttg: c19/250 lr:0.000987 t:1.4s
tttg: c20/250 lr:0.000986 t:1.5s
tttg: c21/250 lr:0.000984 t:1.6s
tttg: c22/250 lr:0.000983 t:1.7s
tttg: c23/250 lr:0.000981 t:1.7s
tttg: c24/250 lr:0.000979 t:1.8s
tttg: c25/250 lr:0.000977 t:1.9s
tttg: c26/250 lr:0.000975 t:2.0s
tttg: c27/250 lr:0.000973 t:2.0s
tttg: c28/250 lr:0.000971 t:2.1s
tttg: c29/250 lr:0.000969 t:2.2s
tttg: c30/250 lr:0.000967 t:2.3s
tttg: c31/250 lr:0.000965 t:2.3s
tttg: c32/250 lr:0.000962 t:2.4s
tttg: c33/250 lr:0.000960 t:2.5s
tttg: c34/250 lr:0.000957 t:2.6s
tttg: c35/250 lr:0.000955 t:2.6s
tttg: c36/250 lr:0.000952 t:2.7s
tttg: c37/250 lr:0.000949 t:2.8s
tttg: c38/250 lr:0.000947 t:2.9s
tttg: c39/250 lr:0.000944 t:2.9s
tttg: c40/250 lr:0.000941 t:3.0s
tttg: c41/250 lr:0.000938 t:3.1s
tttg: c42/250 lr:0.000935 t:3.2s
tttg: c43/250 lr:0.000931 t:3.2s
tttg: c44/250 lr:0.000928 t:3.3s
tttg: c45/250 lr:0.000925 t:3.4s
tttg: c46/250 lr:0.000922 t:3.5s
tttg: c47/250 lr:0.000918 t:3.5s
tttg: c48/250 lr:0.000915 t:3.6s
tttg: c49/250 lr:0.000911 t:3.7s
tttg: c50/250 lr:0.000907 t:3.8s
tttg: c51/250 lr:0.000904 t:3.9s
tttg: c52/250 lr:0.000900 t:3.9s
tttg: c53/250 lr:0.000896 t:4.0s
tttg: c54/250 lr:0.000892 t:4.1s
tttg: c55/250 lr:0.000888 t:4.1s
tttg: c56/250 lr:0.000884 t:4.2s
tttg: c57/250 lr:0.000880 t:4.3s
tttg: c58/250 lr:0.000876 t:4.4s
tttg: c59/250 lr:0.000872 t:4.5s
tttg: c60/250 lr:0.000868 t:4.5s
tttg: c61/250 lr:0.000863 t:4.6s
tttg: c62/250 lr:0.000859 t:4.7s
tttg: c63/250 lr:0.000855 t:4.8s
tttg: c64/250 lr:0.000850 t:4.8s
tttg: c65/250 lr:0.000846 t:4.9s
tttg: c66/250 lr:0.000841 t:5.0s
tttg: c67/250 lr:0.000836 t:5.1s
tttg: c68/250 lr:0.000832 t:5.2s
tttg: c69/250 lr:0.000827 t:5.2s
tttg: c70/250 lr:0.000822 t:5.3s
tttg: c71/250 lr:0.000817 t:5.4s
tttg: c72/250 lr:0.000812 t:5.5s
tttg: c73/250 lr:0.000807 t:5.5s
tttg: c74/250 lr:0.000803 t:5.6s
tttg: c75/250 lr:0.000797 t:5.7s
tttg: c76/250 lr:0.000792 t:5.8s
tttg: c77/250 lr:0.000787 t:5.8s
tttg: c78/250 lr:0.000782 t:5.9s
tttg: c79/250 lr:0.000777 t:6.0s
tttg: c80/250 lr:0.000772 t:6.0s
tttg: c81/250 lr:0.000766 t:6.1s
tttg: c82/250 lr:0.000761 t:6.2s
tttg: c83/250 lr:0.000755 t:6.3s
tttg: c84/250 lr:0.000750 t:6.3s
tttg: c85/250 lr:0.000745 t:6.4s
tttg: c86/250 lr:0.000739 t:6.5s
tttg: c87/250 lr:0.000733 t:6.6s
tttg: c88/250 lr:0.000728 t:6.7s
tttg: c89/250 lr:0.000722 t:6.7s
tttg: c90/250 lr:0.000717 t:6.8s
tttg: c91/250 lr:0.000711 t:6.9s
tttg: c92/250 lr:0.000705 t:7.0s
tttg: c93/250 lr:0.000699 t:7.0s
tttg: c94/250 lr:0.000694 t:7.1s
tttg: c95/250 lr:0.000688 t:7.2s
tttg: c96/250 lr:0.000682 t:7.3s
tttg: c97/250 lr:0.000676 t:7.3s
tttg: c98/250 lr:0.000670 t:7.4s
tttg: c99/250 lr:0.000664 t:7.5s
tttg: c100/250 lr:0.000658 t:7.6s
tttg: c101/250 lr:0.000652 t:7.6s
tttg: c102/250 lr:0.000646 t:7.7s
tttg: c103/250 lr:0.000640 t:7.8s
tttg: c104/250 lr:0.000634 t:7.9s
tttg: c105/250 lr:0.000628 t:7.9s
tttg: c106/250 lr:0.000622 t:8.0s
tttg: c107/250 lr:0.000616 t:8.1s
tttg: c108/250 lr:0.000610 t:8.2s
tttg: c109/250 lr:0.000603 t:8.2s
tttg: c110/250 lr:0.000597 t:8.3s
tttg: c111/250 lr:0.000591 t:8.4s
tttg: c112/250 lr:0.000585 t:8.5s
tttg: c113/250 lr:0.000579 t:8.5s
tttg: c114/250 lr:0.000572 t:8.6s
tttg: c115/250 lr:0.000566 t:8.7s
tttg: c116/250 lr:0.000560 t:8.8s
tttg: c117/250 lr:0.000554 t:8.8s
tttg: c118/250 lr:0.000547 t:8.9s
tttg: c119/250 lr:0.000541 t:9.0s
tttg: c120/250 lr:0.000535 t:9.1s
tttg: c121/250 lr:0.000528 t:9.1s
tttg: c122/250 lr:0.000522 t:9.2s
tttg: c123/250 lr:0.000516 t:9.3s
tttg: c124/250 lr:0.000509 t:9.4s
tttg: c125/250 lr:0.000503 t:9.4s
tttg: c126/250 lr:0.000497 t:9.5s
tttg: c127/250 lr:0.000491 t:9.6s
tttg: c128/250 lr:0.000484 t:9.7s
tttg: c129/250 lr:0.000478 t:9.7s
tttg: c130/250 lr:0.000472 t:9.8s
tttg: c131/250 lr:0.000465 t:9.9s
tttg: c132/250 lr:0.000459 t:10.0s
tttg: c133/250 lr:0.000453 t:10.0s
tttg: c134/250 lr:0.000446 t:10.1s
tttg: c135/250 lr:0.000440 t:10.2s
tttg: c136/250 lr:0.000434 t:10.3s
tttg: c137/250 lr:0.000428 t:10.3s
tttg: c138/250 lr:0.000421 t:10.4s
tttg: c139/250 lr:0.000415 t:10.5s
tttg: c140/250 lr:0.000409 t:10.6s
tttg: c141/250 lr:0.000403 t:10.6s
tttg: c142/250 lr:0.000397 t:10.7s
tttg: c143/250 lr:0.000390 t:10.8s
tttg: c144/250 lr:0.000384 t:10.9s
tttg: c145/250 lr:0.000378 t:10.9s
tttg: c146/250 lr:0.000372 t:11.0s
tttg: c147/250 lr:0.000366 t:11.1s
tttg: c148/250 lr:0.000360 t:11.2s
tttg: c149/250 lr:0.000354 t:11.2s
tttg: c150/250 lr:0.000348 t:11.3s
tttg: c151/250 lr:0.000342 t:11.4s
tttg: c152/250 lr:0.000336 t:11.5s
tttg: c153/250 lr:0.000330 t:11.6s
tttg: c154/250 lr:0.000324 t:11.6s
tttg: c155/250 lr:0.000318 t:11.7s
tttg: c156/250 lr:0.000312 t:11.8s
tttg: c157/250 lr:0.000306 t:11.9s
tttg: c158/250 lr:0.000301 t:11.9s
tttg: c159/250 lr:0.000295 t:12.0s
tttg: c160/250 lr:0.000289 t:12.1s
tttg: c161/250 lr:0.000283 t:12.2s
tttg: c162/250 lr:0.000278 t:12.2s
tttg: c163/250 lr:0.000272 t:12.3s
tttg: c164/250 lr:0.000267 t:12.4s
tttg: c165/250 lr:0.000261 t:12.5s
tttg: c166/250 lr:0.000255 t:12.5s
tttg: c167/250 lr:0.000250 t:12.6s
tttg: c168/250 lr:0.000245 t:12.7s
tttg: c169/250 lr:0.000239 t:12.8s
tttg: c170/250 lr:0.000234 t:12.8s
tttg: c171/250 lr:0.000228 t:12.9s
tttg: c172/250 lr:0.000223 t:13.0s
tttg: c173/250 lr:0.000218 t:13.1s
tttg: c174/250 lr:0.000213 t:13.1s
tttg: c175/250 lr:0.000208 t:13.2s
tttg: c176/250 lr:0.000203 t:13.3s
tttg: c177/250 lr:0.000197 t:13.4s
tttg: c178/250 lr:0.000193 t:13.5s
tttg: c179/250 lr:0.000188 t:13.5s
tttg: c180/250 lr:0.000183 t:13.6s
tttg: c181/250 lr:0.000178 t:13.7s
tttg: c182/250 lr:0.000173 t:13.8s
tttg: c183/250 lr:0.000168 t:13.8s
tttg: c184/250 lr:0.000164 t:13.9s
tttg: c185/250 lr:0.000159 t:14.0s
tttg: c186/250 lr:0.000154 t:14.1s
tttg: c187/250 lr:0.000150 t:14.1s
tttg: c188/250 lr:0.000145 t:14.2s
tttg: c189/250 lr:0.000141 t:14.3s
tttg: c190/250 lr:0.000137 t:14.4s
tttg: c191/250 lr:0.000132 t:14.4s
tttg: c192/250 lr:0.000128 t:14.5s
tttg: c193/250 lr:0.000124 t:14.6s
tttg: c194/250 lr:0.000120 t:14.6s
tttg: c195/250 lr:0.000116 t:14.7s
tttg: c196/250 lr:0.000112 t:14.8s
tttg: c197/250 lr:0.000108 t:14.9s
tttg: c198/250 lr:0.000104 t:14.9s
tttg: c199/250 lr:0.000100 t:15.0s
tttg: c200/250 lr:0.000096 t:15.1s
tttg: c201/250 lr:0.000093 t:15.2s
tttg: c202/250 lr:0.000089 t:15.3s
tttg: c203/250 lr:0.000085 t:15.3s
tttg: c204/250 lr:0.000082 t:15.4s
tttg: c205/250 lr:0.000078 t:15.5s
tttg: c206/250 lr:0.000075 t:15.6s
tttg: c207/250 lr:0.000072 t:15.6s
tttg: c208/250 lr:0.000069 t:15.7s
tttg: c209/250 lr:0.000065 t:15.8s
tttg: c210/250 lr:0.000062 t:15.9s
tttg: c211/250 lr:0.000059 t:15.9s
tttg: c212/250 lr:0.000056 t:16.0s
tttg: c213/250 lr:0.000053 t:16.1s
tttg: c214/250 lr:0.000051 t:16.2s
tttg: c215/250 lr:0.000048 t:16.2s
tttg: c216/250 lr:0.000045 t:16.3s
tttg: c217/250 lr:0.000043 t:16.4s
tttg: c218/250 lr:0.000040 t:16.5s
tttg: c219/250 lr:0.000038 t:16.6s
tttg: c220/250 lr:0.000035 t:16.6s
tttg: c221/250 lr:0.000033 t:16.7s
tttg: c222/250 lr:0.000031 t:16.8s
tttg: c223/250 lr:0.000029 t:16.9s
tttg: c224/250 lr:0.000027 t:16.9s
tttg: c225/250 lr:0.000025 t:17.0s
tttg: c226/250 lr:0.000023 t:17.1s
tttg: c227/250 lr:0.000021 t:17.2s
tttg: c228/250 lr:0.000019 t:17.2s
tttg: c229/250 lr:0.000017 t:17.3s
tttg: c230/250 lr:0.000016 t:17.4s
tttg: c231/250 lr:0.000014 t:17.5s
tttg: c232/250 lr:0.000013 t:17.5s
tttg: c233/250 lr:0.000011 t:17.6s
tttg: c234/250 lr:0.000010 t:17.7s
tttg: c235/250 lr:0.000009 t:17.8s
tttg: c236/250 lr:0.000008 t:17.8s
tttg: c237/250 lr:0.000007 t:17.9s
tttg: c238/250 lr:0.000006 t:18.0s
tttg: c239/250 lr:0.000005 t:18.1s
tttg: c240/250 lr:0.000004 t:18.1s
tttg: c241/250 lr:0.000003 t:18.2s
tttg: c242/250 lr:0.000003 t:18.3s
tttg: c243/250 lr:0.000002 t:18.4s
tttg: c244/250 lr:0.000001 t:18.4s
tttg: c245/250 lr:0.000001 t:18.5s
tttg: c246/250 lr:0.000001 t:18.6s
tttg: c247/250 lr:0.000000 t:18.7s
tttg: c248/250 lr:0.000000 t:18.7s
tttg: c249/250 lr:0.000000 t:18.8s
ttpr: phase:3/3 t:423.0s
ttp: b739/782 bl:2.3005 bb:1.0264 rl:2.3275 rb:1.0656 dl:2619-2652 gd:1
ttp: b731/782 bl:2.3482 bb:1.0473 rl:2.3290 rb:1.0643 dl:2377-2414 gd:1
ttp: b721/782 bl:2.3157 bb:1.0284 rl:2.3282 rb:1.0621 dl:2144-2163 gd:1
ttp: b716/782 bl:2.2567 bb:1.0428 rl:2.3244 rb:1.0611 dl:2054-2069 gd:1
ttp: b705/782 bl:2.3700 bb:1.0653 rl:2.3265 rb:1.0613 dl:1885-1898 gd:1
ttp: b702/782 bl:2.4354 bb:1.0853 rl:2.3313 rb:1.0624 dl:1847-1858 gd:1
ttp: b690/782 bl:2.3028 bb:1.0690 rl:2.3302 rb:1.0626 dl:1715-1725 gd:1
ttp: b687/782 bl:2.3185 bb:1.0587 rl:2.3297 rb:1.0625 dl:1685-1696 gd:1
ttp: b673/782 bl:2.3696 bb:1.0637 rl:2.3310 rb:1.0625 dl:1562-1571 gd:1
ttp: b670/782 bl:2.3524 bb:1.0704 rl:2.3317 rb:1.0628 dl:1537-1544 gd:1
ttp: b656/782 bl:2.3333 bb:1.1131 rl:2.3318 rb:1.0642 dl:1439-1445 gd:1
ttp: b648/782 bl:2.2928 bb:1.0118 rl:2.3307 rb:1.0627 dl:1387-1392 gd:1
ttp: b645/782 bl:2.3090 bb:1.0331 rl:2.3302 rb:1.0619 dl:1367-1375 gd:1
ttp: b636/782 bl:2.3852 bb:1.0690 rl:2.3315 rb:1.0621 dl:1314-1320 gd:1
ttp: b628/782 bl:2.3264 bb:1.0322 rl:2.3314 rb:1.0614 dl:1271-1276 gd:1
ttp: b620/782 bl:2.3507 bb:1.0588 rl:2.3318 rb:1.0613 dl:1226-1231 gd:1
ttp: b610/782 bl:2.2585 bb:1.0099 rl:2.3303 rb:1.0603 dl:1177-1182 gd:1
ttp: b604/782 bl:2.3879 bb:1.0481 rl:2.3314 rb:1.0600 dl:1150-1154 gd:1
ttp: b593/782 bl:2.2996 bb:1.0151 rl:2.3308 rb:1.0592 dl:1103-1107 gd:1
ttp: b586/782 bl:2.2651 bb:1.0357 rl:2.3297 rb:1.0588 dl:1073-1076 gd:1
ttp: b578/782 bl:2.3611 bb:1.0365 rl:2.3302 rb:1.0584 dl:1041-1044 gd:1
ttp: b573/782 bl:2.3723 bb:1.0694 rl:2.3309 rb:1.0586 dl:1021-1025 gd:1
ttp: b565/782 bl:2.3903 bb:1.0355 rl:2.3318 rb:1.0582 dl:993-997 gd:1
ttp: b557/782 bl:2.3450 bb:1.0534 rl:2.3320 rb:1.0581 dl:965-968 gd:1
ttp: b548/782 bl:2.2531 bb:1.0525 rl:2.3309 rb:1.0581 dl:937-939 gd:1
ttp: b540/782 bl:2.3581 bb:1.0772 rl:2.3313 rb:1.0583 dl:912-915 gd:1
ttp: b529/782 bl:2.3185 bb:1.0185 rl:2.3311 rb:1.0578 dl:878-882 gd:1
ttp: b522/782 bl:2.3145 bb:1.0380 rl:2.3309 rb:1.0575 dl:858-860 gd:1
ttp: b519/782 bl:2.3073 bb:1.0467 rl:2.3306 rb:1.0574 dl:850-852 gd:1
ttp: b511/782 bl:2.3911 bb:1.0519 rl:2.3313 rb:1.0573 dl:826-829 gd:1
ttp: b500/782 bl:2.3353 bb:1.0688 rl:2.3313 rb:1.0575 dl:796-799 gd:1
ttp: b492/782 bl:2.2870 bb:1.0387 rl:2.3309 rb:1.0573 dl:776-778 gd:1
ttp: b484/782 bl:2.3718 bb:1.0510 rl:2.3313 rb:1.0572 dl:756-759 gd:1
ttp: b476/782 bl:2.2826 bb:1.0344 rl:2.3308 rb:1.0570 dl:738-740 gd:1
ttp: b468/782 bl:2.3644 bb:1.0643 rl:2.3311 rb:1.0570 dl:719-721 gd:1
ttp: b464/782 bl:2.2815 bb:1.0224 rl:2.3307 rb:1.0567 dl:710-712 gd:1
ttp: b455/782 bl:2.3137 bb:1.0428 rl:2.3305 rb:1.0566 dl:691-693 gd:1
ttp: b447/782 bl:2.3341 bb:1.0722 rl:2.3305 rb:1.0567 dl:674-676 gd:1
ttp: b434/782 bl:2.3738 bb:1.0538 rl:2.3309 rb:1.0567 dl:647-648 gd:1
ttp: b426/782 bl:2.2636 bb:1.0475 rl:2.3304 rb:1.0566 dl:632-634 gd:1
ttp: b419/782 bl:2.3279 bb:1.0554 rl:2.3303 rb:1.0566 dl:618-620 gd:1
ttp: b415/782 bl:2.2927 bb:1.0620 rl:2.3300 rb:1.0566 dl:611-613 gd:1
ttp: b406/782 bl:2.3193 bb:1.0680 rl:2.3300 rb:1.0567 dl:593-595 gd:1
ttp: b398/782 bl:2.2571 bb:1.0079 rl:2.3294 rb:1.0564 dl:579-581 gd:1
ttp: b386/782 bl:2.3518 bb:1.1044 rl:2.3296 rb:1.0567 dl:557-559 gd:1
ttp: b379/782 bl:2.4345 bb:1.0944 rl:2.3303 rb:1.0569 dl:545-547 gd:1
ttp: b371/782 bl:2.2681 bb:1.1075 rl:2.3299 rb:1.0573 dl:532-533 gd:1
ttp: b363/782 bl:2.3892 bb:1.0694 rl:2.3303 rb:1.0573 dl:518-521 gd:1
ttp: b356/782 bl:2.3446 bb:1.0558 rl:2.3304 rb:1.0573 dl:506-508 gd:1
ttp: b348/782 bl:2.3723 bb:1.0640 rl:2.3306 rb:1.0574 dl:494-495 gd:1
ttp: b340/782 bl:2.4689 bb:1.0853 rl:2.3314 rb:1.0575 dl:482-483 gd:1
ttp: b330/782 bl:2.2458 bb:1.0701 rl:2.3309 rb:1.0576 dl:466-468 gd:1
ttp: b322/782 bl:2.3726 bb:1.0589 rl:2.3311 rb:1.0576 dl:455-457 gd:1
ttp: b315/782 bl:2.4097 bb:1.1071 rl:2.3316 rb:1.0579 dl:444-445 gd:1
ttp: b307/782 bl:2.3390 bb:1.1308 rl:2.3316 rb:1.0582 dl:432-433 gd:1
ttp: b304/782 bl:2.3502 bb:1.0780 rl:2.3317 rb:1.0583 dl:427-429 gd:1
ttp: b296/782 bl:2.3910 bb:1.1008 rl:2.3320 rb:1.0585 dl:415-417 gd:1
ttp: b288/782 bl:2.2451 bb:1.0219 rl:2.3316 rb:1.0583 dl:403-405 gd:1
ttp: b280/782 bl:2.3428 bb:1.0923 rl:2.3316 rb:1.0585 dl:392-394 gd:1
ttp: b272/782 bl:2.3749 bb:1.0970 rl:2.3318 rb:1.0586 dl:382-383 gd:1
ttp: b264/782 bl:2.4257 bb:1.1054 rl:2.3322 rb:1.0588 dl:371-372 gd:1
ttp: b256/782 bl:2.5464 bb:1.1240 rl:2.3331 rb:1.0591 dl:361-362 gd:1
ttp: b248/782 bl:2.4746 bb:1.1943 rl:2.3336 rb:1.0596 dl:351-352 gd:1
ttp: b240/782 bl:2.3114 bb:1.0609 rl:2.3335 rb:1.0596 dl:341-342 gd:1
ttp: b229/782 bl:2.3762 bb:1.0710 rl:2.3337 rb:1.0597 dl:328-329 gd:1
ttp: b221/782 bl:2.4169 bb:1.1263 rl:2.3340 rb:1.0599 dl:318-320 gd:1
ttp: b213/782 bl:2.2709 bb:1.0789 rl:2.3338 rb:1.0600 dl:309-310 gd:1
ttp: b205/782 bl:2.3328 bb:1.1169 rl:2.3338 rb:1.0601 dl:301-302 gd:1
ttp: b196/782 bl:2.4589 bb:1.1221 rl:2.3342 rb:1.0603 dl:291-292 gd:1
ttp: b189/782 bl:2.4232 bb:1.1432 rl:2.3345 rb:1.0606 dl:283-284 gd:1
ttp: b182/782 bl:2.3579 bb:1.1211 rl:2.3345 rb:1.0608 dl:276-277 gd:1
ttp: b176/782 bl:2.3264 bb:1.1299 rl:2.3345 rb:1.0609 dl:270-271 gd:1
ttp: b167/782 bl:2.5335 bb:1.1303 rl:2.3351 rb:1.0611 dl:262-263 gd:1
ttp: b159/782 bl:2.4773 bb:1.1493 rl:2.3355 rb:1.0614 dl:254-255 gd:1
ttp: b153/782 bl:2.2629 bb:1.0467 rl:2.3353 rb:1.0613 dl:248-249 gd:1
ttp: b146/782 bl:2.4614 bb:1.1760 rl:2.3356 rb:1.0616 dl:241-242 gd:1
ttp: b138/782 bl:2.3883 bb:1.1111 rl:2.3357 rb:1.0617 dl:233-234 gd:1
ttp: b130/782 bl:2.5821 bb:1.1832 rl:2.3363 rb:1.0620 dl:226-227 gd:1
ttp: b123/782 bl:2.3921 bb:1.1631 rl:2.3365 rb:1.0623 dl:219-220 gd:1
ttp: b117/782 bl:2.4797 bb:1.2049 rl:2.3368 rb:1.0626 dl:214-215 gd:1
ttp: b109/782 bl:2.4983 bb:1.1906 rl:2.3371 rb:1.0628 dl:207-208 gd:1
ttp: b102/782 bl:2.5832 bb:1.1973 rl:2.3377 rb:1.0631 dl:201-202 gd:1
ttp: b95/782 bl:2.3358 bb:1.1419 rl:2.3377 rb:1.0633 dl:194-195 gd:1
ttp: b87/782 bl:2.4643 bb:1.1761 rl:2.3379 rb:1.0635 dl:187-188 gd:1
ttp: b80/782 bl:2.4674 bb:1.1500 rl:2.3382 rb:1.0636 dl:181-182 gd:1
ttp: b72/782 bl:2.3867 bb:1.1553 rl:2.3382 rb:1.0638 dl:173-174 gd:1
ttp: b64/782 bl:2.5352 bb:1.1563 rl:2.3386 rb:1.0640 dl:166-167 gd:1
ttp: b56/782 bl:2.5491 bb:1.2218 rl:2.3389 rb:1.0642 dl:159-160 gd:1
ttp: b48/782 bl:2.5341 bb:1.2218 rl:2.3393 rb:1.0644 dl:151-152 gd:1
quantized_ttt_phased val_loss:2.32843161 val_bpb:1.06400238 eval_time:525719ms
total_eval_time:525.7s
