W0423 19:35:19.032000 35157 torch/distributed/run.py:803] 
W0423 19:35:19.032000 35157 torch/distributed/run.py:803] *****************************************
W0423 19:35:19.032000 35157 torch/distributed/run.py:803] Setting OMP_NUM_THREADS environment variable for each process to be 1 in default, to avoid your system being overloaded, please further tune the variable for optimal performance in your application as needed. 
W0423 19:35:19.032000 35157 torch/distributed/run.py:803] *****************************************
Hyperparameters:
  adam_eps: 1e-08
  adam_wd: 0.02
  artifact_dir: /workspace/draft7_runs/seed_0
  attn_clip_sigmas: 13.0
  attn_out_gate_enabled: False
  attn_out_gate_src: proj
  beta1: 0.9
  beta2: 0.95
  caseops_enabled: True
  compressor: brotli
  data_dir: /workspace/src/parameter-golf/data
  datasets_dir: /workspace/src/parameter-golf/data/datasets/fineweb10B_sp8192_caseops/datasets/datasets/fineweb10B_sp8192_lossless_caps_caseops_v1_reserved
  distributed: True
  ema_decay: 0.9965
  embed_bits: 7
  embed_clip_sigmas: 15.0
  embed_lr: 0.6
  embed_wd: 0.085
  enable_looping_at: 0.35
  eval_seq_len: 2048
  eval_stride: 64
  fused_ce_enabled: True
  gate_window: 12
  gated_attn_enabled: False
  gated_attn_init_std: 0.01
  gated_attn_quant_gate: True
  global_ttt_batch_seqs: 32
  global_ttt_chunk_tokens: 32768
  global_ttt_epochs: 1
  global_ttt_grad_clip: 1.0
  global_ttt_lr: 0.001
  global_ttt_momentum: 0.9
  global_ttt_respect_doc_boundaries: True
  global_ttt_warmup_chunks: 0
  global_ttt_warmup_start_lr: 0.0
  gptq_calibration_batches: 16
  gptq_reserve_seconds: 0.5
  grad_accum_steps: 1
  grad_clip_norm: 0.3
  is_main_process: True
  iterations: 20000
  ln_scale: True
  local_rank: 0
  logfile: /workspace/draft7_runs/seed_0/011baa51-b690-4254-957c-43d172073cb3.txt
  logit_softcap: 30.0
  loop_end: 5
  loop_start: 3
  matrix_bits: 6
  matrix_clip_sigmas: 12.85
  matrix_lr: 0.026
  max_wallclock_seconds: 600.0
  min_lr: 0.1
  mlp_clip_sigmas: 12.0
  mlp_mult: 4.0
  model_dim: 512
  model_path: /workspace/draft7_runs/seed_0/final_model.pt
  muon_backend_steps: 5
  muon_momentum: 0.97
  muon_momentum_warmup_start: 0.92
  muon_momentum_warmup_steps: 1500
  muon_row_normalize: True
  muon_wd: 0.095
  num_heads: 8
  num_kv_heads: 4
  num_layers: 11
  num_loops: 2
  parallel_final_lane: mean
  parallel_start_layer: 8
  phased_ttt_num_phases: 3
  phased_ttt_prefix_docs: 2000
  qk_gain_init: 5.0
  quantized_model_path: /workspace/draft7_runs/seed_0/final_model.int6.ptz
  rank: 0
  rope_base: 10000.0
  rope_dims: 16
  rope_train_seq_len: 2048
  rope_yarn: False
  run_id: 011baa51-b690-4254-957c-43d172073cb3
  scalar_lr: 0.02
  seed: 0
  skip_gates_enabled: True
  smear_gate_enabled: False
  sparse_attn_gate_enabled: True
  sparse_attn_gate_init_std: 0.0
  sparse_attn_gate_scale: 1.0
  tie_embeddings: True
  tied_embed_init_std: 0.005
  tied_embed_lr: 0.03
  tokenizer_path: /workspace/src/parameter-golf/data/datasets/fineweb10B_sp8192_caseops/datasets/tokenizers/fineweb_8192_bpe_lossless_caps_caseops_v1_reserved.model
  train_batch_tokens: 786432
  train_files: /workspace/src/parameter-golf/data/datasets/fineweb10B_sp8192_caseops/datasets/datasets/fineweb10B_sp8192_lossless_caps_caseops_v1_reserved/fineweb_train_*.bin
  train_log_every: 500
  train_seq_len: 2048
  ttt_batch_size: 64
  ttt_beta1: 0.0
  ttt_beta2: 0.999
  ttt_chunk_size: 48
  ttt_enabled: True
  ttt_eval_batches: 
  ttt_eval_seq_len: 2048
  ttt_grad_steps: 1
  ttt_k_lora: True
  ttt_lora_lr: 0.0001
  ttt_lora_rank: 96
  ttt_mlp_lora: True
  ttt_o_lora: True
  ttt_optimizer: adam
  ttt_weight_decay: 1.0
  val_batch_tokens: 524288
  val_bytes_files: /workspace/src/parameter-golf/data/datasets/fineweb10B_sp8192_caseops/datasets/datasets/fineweb10B_sp8192_lossless_caps_caseops_v1_reserved/fineweb_val_bytes_*.bin
  val_doc_fraction: 1.0
  val_files: /workspace/src/parameter-golf/data/datasets/fineweb10B_sp8192_caseops/datasets/datasets/fineweb10B_sp8192_lossless_caps_caseops_v1_reserved/fineweb_val_*.bin
  val_loss_every: 0
  vocab_size: 8192
  warmdown_frac: 0.75
  warmup_steps: 20
  world_size: 8
  xsa_last_n: 11
train_shards: 0
val_tokens: 47851520
TTT_EVAL_ONLY=1 — skipping training + GPTQ, loading saved artifact for TTT eval
ttt_lora_alpha: 144.0
ttt_warm_start_a: True
ttt_weight_decay: 1.0
ttt_lora:warming up compile (random tokens, no val data)
ttt_lora:compile warmup done (101.3s)

beginning TTT eval timer
ttt_phased: total_docs:50000 prefix_docs:2000 suffix_docs:48000 num_phases:3 boundaries:[666, 1333, 2000]
ttp: b779/782 bl:2.2306 bb:1.0552 rl:2.2306 rb:1.0552 dl:10442-13079 gd:0
ttp: b770/782 bl:2.2929 bb:1.0825 rl:2.2503 rb:1.0638 dl:5311-5522 gd:0
ttpp: phase:1/3 pd:1104 gd:666 t:172.8s
tttg: c1/111 lr:0.001000 t:0.4s
tttg: c2/111 lr:0.001000 t:0.5s
tttg: c3/111 lr:0.000999 t:0.6s
tttg: c4/111 lr:0.000998 t:0.6s
tttg: c5/111 lr:0.000997 t:0.7s
tttg: c6/111 lr:0.000995 t:0.8s
tttg: c7/111 lr:0.000993 t:0.9s
tttg: c8/111 lr:0.000990 t:0.9s
tttg: c9/111 lr:0.000987 t:1.0s
tttg: c10/111 lr:0.000984 t:1.1s
tttg: c11/111 lr:0.000980 t:1.1s
tttg: c12/111 lr:0.000976 t:1.2s
tttg: c13/111 lr:0.000971 t:1.3s
tttg: c14/111 lr:0.000966 t:1.4s
tttg: c15/111 lr:0.000961 t:1.4s
tttg: c16/111 lr:0.000955 t:1.5s
tttg: c17/111 lr:0.000949 t:1.6s
tttg: c18/111 lr:0.000942 t:1.7s
tttg: c19/111 lr:0.000935 t:1.7s
tttg: c20/111 lr:0.000928 t:1.8s
tttg: c21/111 lr:0.000921 t:1.9s
tttg: c22/111 lr:0.000913 t:2.0s
tttg: c23/111 lr:0.000905 t:2.1s
tttg: c24/111 lr:0.000896 t:2.1s
tttg: c25/111 lr:0.000887 t:2.2s
tttg: c26/111 lr:0.000878 t:2.3s
tttg: c27/111 lr:0.000868 t:2.4s
tttg: c28/111 lr:0.000859 t:2.4s
tttg: c29/111 lr:0.000848 t:2.5s
tttg: c30/111 lr:0.000838 t:2.6s
tttg: c31/111 lr:0.000827 t:2.6s
tttg: c32/111 lr:0.000817 t:2.7s
tttg: c33/111 lr:0.000805 t:2.8s
tttg: c34/111 lr:0.000794 t:2.9s
tttg: c35/111 lr:0.000782 t:2.9s
tttg: c36/111 lr:0.000770 t:3.0s
tttg: c37/111 lr:0.000758 t:3.1s
tttg: c38/111 lr:0.000746 t:3.2s
tttg: c39/111 lr:0.000733 t:3.2s
tttg: c40/111 lr:0.000721 t:3.3s
tttg: c41/111 lr:0.000708 t:3.4s
tttg: c42/111 lr:0.000695 t:3.5s
tttg: c43/111 lr:0.000681 t:3.5s
tttg: c44/111 lr:0.000668 t:3.6s
tttg: c45/111 lr:0.000655 t:3.7s
tttg: c46/111 lr:0.000641 t:3.7s
tttg: c47/111 lr:0.000627 t:3.8s
tttg: c48/111 lr:0.000613 t:3.9s
tttg: c49/111 lr:0.000599 t:4.0s
tttg: c50/111 lr:0.000585 t:4.0s
tttg: c51/111 lr:0.000571 t:4.1s
tttg: c52/111 lr:0.000557 t:4.2s
tttg: c53/111 lr:0.000543 t:4.3s
tttg: c54/111 lr:0.000529 t:4.3s
tttg: c55/111 lr:0.000514 t:4.4s
tttg: c56/111 lr:0.000500 t:4.5s
tttg: c57/111 lr:0.000486 t:4.6s
tttg: c58/111 lr:0.000471 t:4.6s
tttg: c59/111 lr:0.000457 t:4.7s
tttg: c60/111 lr:0.000443 t:4.8s
tttg: c61/111 lr:0.000429 t:4.9s
tttg: c62/111 lr:0.000415 t:4.9s
tttg: c63/111 lr:0.000401 t:5.0s
tttg: c64/111 lr:0.000387 t:5.1s
tttg: c65/111 lr:0.000373 t:5.2s
tttg: c66/111 lr:0.000359 t:5.2s
tttg: c67/111 lr:0.000345 t:5.3s
tttg: c68/111 lr:0.000332 t:5.4s
tttg: c69/111 lr:0.000319 t:5.5s
tttg: c70/111 lr:0.000305 t:5.5s
tttg: c71/111 lr:0.000292 t:5.6s
tttg: c72/111 lr:0.000279 t:5.7s
tttg: c73/111 lr:0.000267 t:5.8s
tttg: c74/111 lr:0.000254 t:5.8s
tttg: c75/111 lr:0.000242 t:5.9s
tttg: c76/111 lr:0.000230 t:6.0s
tttg: c77/111 lr:0.000218 t:6.0s
tttg: c78/111 lr:0.000206 t:6.1s
tttg: c79/111 lr:0.000195 t:6.2s
tttg: c80/111 lr:0.000183 t:6.3s
tttg: c81/111 lr:0.000173 t:6.3s
tttg: c82/111 lr:0.000162 t:6.4s
tttg: c83/111 lr:0.000152 t:6.5s
tttg: c84/111 lr:0.000141 t:6.6s
tttg: c85/111 lr:0.000132 t:6.6s
tttg: c86/111 lr:0.000122 t:6.7s
tttg: c87/111 lr:0.000113 t:6.8s
tttg: c88/111 lr:0.000104 t:6.8s
tttg: c89/111 lr:0.000095 t:6.9s
tttg: c90/111 lr:0.000087 t:7.0s
tttg: c91/111 lr:0.000079 t:7.1s
tttg: c92/111 lr:0.000072 t:7.1s
tttg: c93/111 lr:0.000065 t:7.2s
tttg: c94/111 lr:0.000058 t:7.3s
tttg: c95/111 lr:0.000051 t:7.4s
tttg: c96/111 lr:0.000045 t:7.4s
tttg: c97/111 lr:0.000039 t:7.5s
tttg: c98/111 lr:0.000034 t:7.6s
tttg: c99/111 lr:0.000029 t:7.7s
tttg: c100/111 lr:0.000024 t:7.8s
tttg: c101/111 lr:0.000020 t:7.8s
tttg: c102/111 lr:0.000016 t:7.9s
tttg: c103/111 lr:0.000013 t:8.0s
tttg: c104/111 lr:0.000010 t:8.0s
tttg: c105/111 lr:0.000007 t:8.1s
tttg: c106/111 lr:0.000005 t:8.2s
tttg: c107/111 lr:0.000003 t:8.3s
tttg: c108/111 lr:0.000002 t:8.3s
tttg: c109/111 lr:0.000001 t:8.4s
tttg: c110/111 lr:0.000000 t:8.5s
ttpr: phase:1/3 t:183.3s
ttp: b759/782 bl:2.3837 bb:1.0854 rl:2.2744 rb:1.0679 dl:3741-3817 gd:0
ttp: b754/782 bl:2.2909 bb:1.0597 rl:2.2767 rb:1.0667 dl:3345-3397 gd:0
ttpp: phase:2/3 pd:1808 gd:1333 t:254.6s
tttg: c1/185 lr:0.001000 t:0.1s
tttg: c2/185 lr:0.001000 t:0.1s
tttg: c3/185 lr:0.001000 t:0.2s
tttg: c4/185 lr:0.000999 t:0.3s
tttg: c5/185 lr:0.000999 t:0.4s
tttg: c6/185 lr:0.000998 t:0.4s
tttg: c7/185 lr:0.000997 t:0.5s
tttg: c8/185 lr:0.000996 t:0.6s
tttg: c9/185 lr:0.000995 t:0.7s
tttg: c10/185 lr:0.000994 t:0.7s
tttg: c11/185 lr:0.000993 t:0.8s
tttg: c12/185 lr:0.000991 t:0.9s
tttg: c13/185 lr:0.000990 t:1.0s
tttg: c14/185 lr:0.000988 t:1.0s
tttg: c15/185 lr:0.000986 t:1.1s
tttg: c16/185 lr:0.000984 t:1.2s
tttg: c17/185 lr:0.000981 t:1.2s
tttg: c18/185 lr:0.000979 t:1.3s
tttg: c19/185 lr:0.000977 t:1.4s
tttg: c20/185 lr:0.000974 t:1.5s
tttg: c21/185 lr:0.000971 t:1.5s
tttg: c22/185 lr:0.000968 t:1.6s
tttg: c23/185 lr:0.000965 t:1.7s
tttg: c24/185 lr:0.000962 t:1.8s
tttg: c25/185 lr:0.000959 t:1.8s
tttg: c26/185 lr:0.000955 t:1.9s
tttg: c27/185 lr:0.000952 t:2.0s
tttg: c28/185 lr:0.000948 t:2.1s
tttg: c29/185 lr:0.000944 t:2.1s
tttg: c30/185 lr:0.000940 t:2.2s
tttg: c31/185 lr:0.000936 t:2.3s
tttg: c32/185 lr:0.000932 t:2.3s
tttg: c33/185 lr:0.000927 t:2.4s
tttg: c34/185 lr:0.000923 t:2.5s
tttg: c35/185 lr:0.000918 t:2.6s
tttg: c36/185 lr:0.000913 t:2.6s
tttg: c37/185 lr:0.000908 t:2.7s
tttg: c38/185 lr:0.000904 t:2.8s
tttg: c39/185 lr:0.000898 t:2.9s
tttg: c40/185 lr:0.000893 t:3.0s
tttg: c41/185 lr:0.000888 t:3.0s
tttg: c42/185 lr:0.000882 t:3.1s
tttg: c43/185 lr:0.000877 t:3.2s
tttg: c44/185 lr:0.000871 t:3.3s
tttg: c45/185 lr:0.000865 t:3.3s
tttg: c46/185 lr:0.000860 t:3.4s
tttg: c47/185 lr:0.000854 t:3.5s
tttg: c48/185 lr:0.000847 t:3.6s
tttg: c49/185 lr:0.000841 t:3.6s
tttg: c50/185 lr:0.000835 t:3.7s
tttg: c51/185 lr:0.000829 t:3.8s
tttg: c52/185 lr:0.000822 t:3.9s
tttg: c53/185 lr:0.000816 t:3.9s
tttg: c54/185 lr:0.000809 t:4.0s
tttg: c55/185 lr:0.000802 t:4.1s
tttg: c56/185 lr:0.000795 t:4.2s
tttg: c57/185 lr:0.000788 t:4.2s
tttg: c58/185 lr:0.000781 t:4.3s
tttg: c59/185 lr:0.000774 t:4.4s
tttg: c60/185 lr:0.000767 t:4.5s
tttg: c61/185 lr:0.000760 t:4.5s
tttg: c62/185 lr:0.000752 t:4.6s
tttg: c63/185 lr:0.000745 t:4.7s
tttg: c64/185 lr:0.000738 t:4.8s
tttg: c65/185 lr:0.000730 t:4.8s
tttg: c66/185 lr:0.000722 t:4.9s
tttg: c67/185 lr:0.000715 t:5.0s
tttg: c68/185 lr:0.000707 t:5.0s
tttg: c69/185 lr:0.000699 t:5.1s
tttg: c70/185 lr:0.000691 t:5.2s
tttg: c71/185 lr:0.000683 t:5.3s
tttg: c72/185 lr:0.000675 t:5.3s
tttg: c73/185 lr:0.000667 t:5.4s
tttg: c74/185 lr:0.000659 t:5.5s
tttg: c75/185 lr:0.000651 t:5.6s
tttg: c76/185 lr:0.000643 t:5.6s
tttg: c77/185 lr:0.000635 t:5.7s
tttg: c78/185 lr:0.000627 t:5.8s
tttg: c79/185 lr:0.000618 t:5.9s
tttg: c80/185 lr:0.000610 t:5.9s
tttg: c81/185 lr:0.000602 t:6.0s
tttg: c82/185 lr:0.000593 t:6.1s
tttg: c83/185 lr:0.000585 t:6.2s
tttg: c84/185 lr:0.000577 t:6.2s
tttg: c85/185 lr:0.000568 t:6.3s
tttg: c86/185 lr:0.000560 t:6.4s
tttg: c87/185 lr:0.000551 t:6.5s
tttg: c88/185 lr:0.000543 t:6.5s
tttg: c89/185 lr:0.000534 t:6.6s
tttg: c90/185 lr:0.000526 t:6.7s
tttg: c91/185 lr:0.000517 t:6.8s
tttg: c92/185 lr:0.000509 t:6.8s
tttg: c93/185 lr:0.000500 t:6.9s
tttg: c94/185 lr:0.000491 t:7.0s
tttg: c95/185 lr:0.000483 t:7.0s
tttg: c96/185 lr:0.000474 t:7.1s
tttg: c97/185 lr:0.000466 t:7.2s
tttg: c98/185 lr:0.000457 t:7.3s
tttg: c99/185 lr:0.000449 t:7.3s
tttg: c100/185 lr:0.000440 t:7.4s
tttg: c101/185 lr:0.000432 t:7.5s
tttg: c102/185 lr:0.000423 t:7.6s
tttg: c103/185 lr:0.000415 t:7.6s
tttg: c104/185 lr:0.000407 t:7.7s
tttg: c105/185 lr:0.000398 t:7.8s
tttg: c106/185 lr:0.000390 t:7.9s
tttg: c107/185 lr:0.000382 t:7.9s
tttg: c108/185 lr:0.000373 t:8.0s
tttg: c109/185 lr:0.000365 t:8.1s
tttg: c110/185 lr:0.000357 t:8.2s
tttg: c111/185 lr:0.000349 t:8.2s
tttg: c112/185 lr:0.000341 t:8.3s
tttg: c113/185 lr:0.000333 t:8.4s
tttg: c114/185 lr:0.000325 t:8.5s
tttg: c115/185 lr:0.000317 t:8.5s
tttg: c116/185 lr:0.000309 t:8.6s
tttg: c117/185 lr:0.000301 t:8.7s
tttg: c118/185 lr:0.000293 t:8.7s
tttg: c119/185 lr:0.000285 t:8.8s
tttg: c120/185 lr:0.000278 t:8.9s
tttg: c121/185 lr:0.000270 t:9.0s
tttg: c122/185 lr:0.000262 t:9.1s
tttg: c123/185 lr:0.000255 t:9.1s
tttg: c124/185 lr:0.000248 t:9.2s
tttg: c125/185 lr:0.000240 t:9.3s
tttg: c126/185 lr:0.000233 t:9.3s
tttg: c127/185 lr:0.000226 t:9.4s
tttg: c128/185 lr:0.000219 t:9.5s
tttg: c129/185 lr:0.000212 t:9.6s
tttg: c130/185 lr:0.000205 t:9.6s
tttg: c131/185 lr:0.000198 t:9.7s
tttg: c132/185 lr:0.000191 t:9.8s
tttg: c133/185 lr:0.000184 t:9.9s
tttg: c134/185 lr:0.000178 t:9.9s
tttg: c135/185 lr:0.000171 t:10.0s
tttg: c136/185 lr:0.000165 t:10.1s
tttg: c137/185 lr:0.000159 t:10.2s
tttg: c138/185 lr:0.000153 t:10.2s
tttg: c139/185 lr:0.000146 t:10.3s
tttg: c140/185 lr:0.000140 t:10.4s
tttg: c141/185 lr:0.000135 t:10.4s
tttg: c142/185 lr:0.000129 t:10.5s
tttg: c143/185 lr:0.000123 t:10.6s
tttg: c144/185 lr:0.000118 t:10.7s
tttg: c145/185 lr:0.000112 t:10.8s
tttg: c146/185 lr:0.000107 t:10.8s
tttg: c147/185 lr:0.000102 t:10.9s
tttg: c148/185 lr:0.000096 t:11.0s
tttg: c149/185 lr:0.000092 t:11.0s
tttg: c150/185 lr:0.000087 t:11.1s
tttg: c151/185 lr:0.000082 t:11.2s
tttg: c152/185 lr:0.000077 t:11.3s
tttg: c153/185 lr:0.000073 t:11.4s
tttg: c154/185 lr:0.000068 t:11.4s
tttg: c155/185 lr:0.000064 t:11.5s
tttg: c156/185 lr:0.000060 t:11.6s
tttg: c157/185 lr:0.000056 t:11.6s
tttg: c158/185 lr:0.000052 t:11.7s
tttg: c159/185 lr:0.000048 t:11.8s
tttg: c160/185 lr:0.000045 t:11.9s
tttg: c161/185 lr:0.000041 t:11.9s
tttg: c162/185 lr:0.000038 t:12.0s
tttg: c163/185 lr:0.000035 t:12.1s
tttg: c164/185 lr:0.000032 t:12.2s
tttg: c165/185 lr:0.000029 t:12.2s
tttg: c166/185 lr:0.000026 t:12.3s
tttg: c167/185 lr:0.000023 t:12.4s
tttg: c168/185 lr:0.000021 t:12.4s
tttg: c169/185 lr:0.000019 t:12.5s
tttg: c170/185 lr:0.000016 t:12.6s
tttg: c171/185 lr:0.000014 t:12.7s
tttg: c172/185 lr:0.000012 t:12.7s
tttg: c173/185 lr:0.000010 t:12.8s
tttg: c174/185 lr:0.000009 t:12.9s
tttg: c175/185 lr:0.000007 t:13.0s
tttg: c176/185 lr:0.000006 t:13.0s
tttg: c177/185 lr:0.000005 t:13.1s
tttg: c178/185 lr:0.000004 t:13.2s
tttg: c179/185 lr:0.000003 t:13.3s
tttg: c180/185 lr:0.000002 t:13.3s
tttg: c181/185 lr:0.000001 t:13.4s
tttg: c182/185 lr:0.000001 t:13.5s
tttg: c183/185 lr:0.000000 t:13.6s
tttg: c184/185 lr:0.000000 t:13.6s
ttpr: phase:2/3 t:270.2s
ttp: b746/782 bl:2.4189 bb:1.0658 rl:2.2920 rb:1.0666 dl:2884-2943 gd:0
ttp: b745/782 bl:2.2393 bb:1.0252 rl:2.2869 rb:1.0626 dl:2842-2883 gd:0
ttpp: phase:3/3 pd:2448 gd:2000 t:287.3s
tttg: c1/250 lr:0.001000 t:0.1s
tttg: c2/250 lr:0.001000 t:0.2s
tttg: c3/250 lr:0.001000 t:0.2s
tttg: c4/250 lr:0.001000 t:0.3s
tttg: c5/250 lr:0.000999 t:0.4s
tttg: c6/250 lr:0.000999 t:0.4s
tttg: c7/250 lr:0.000999 t:0.5s
tttg: c8/250 lr:0.000998 t:0.6s
tttg: c9/250 lr:0.000997 t:0.7s
tttg: c10/250 lr:0.000997 t:0.7s
tttg: c11/250 lr:0.000996 t:0.8s
tttg: c12/250 lr:0.000995 t:0.9s
tttg: c13/250 lr:0.000994 t:1.0s
tttg: c14/250 lr:0.000993 t:1.0s
tttg: c15/250 lr:0.000992 t:1.1s
tttg: c16/250 lr:0.000991 t:1.2s
tttg: c17/250 lr:0.000990 t:1.2s
tttg: c18/250 lr:0.000989 t:1.3s
tttg: c19/250 lr:0.000987 t:1.4s
tttg: c20/250 lr:0.000986 t:1.5s
tttg: c21/250 lr:0.000984 t:1.5s
tttg: c22/250 lr:0.000983 t:1.6s
tttg: c23/250 lr:0.000981 t:1.7s
tttg: c24/250 lr:0.000979 t:1.8s
tttg: c25/250 lr:0.000977 t:1.9s
tttg: c26/250 lr:0.000975 t:1.9s
tttg: c27/250 lr:0.000973 t:2.0s
tttg: c28/250 lr:0.000971 t:2.1s
tttg: c29/250 lr:0.000969 t:2.2s
tttg: c30/250 lr:0.000967 t:2.2s
tttg: c31/250 lr:0.000965 t:2.3s
tttg: c32/250 lr:0.000962 t:2.4s
tttg: c33/250 lr:0.000960 t:2.5s
tttg: c34/250 lr:0.000957 t:2.5s
tttg: c35/250 lr:0.000955 t:2.6s
tttg: c36/250 lr:0.000952 t:2.7s
tttg: c37/250 lr:0.000949 t:2.8s
tttg: c38/250 lr:0.000947 t:2.8s
tttg: c39/250 lr:0.000944 t:2.9s
tttg: c40/250 lr:0.000941 t:3.0s
tttg: c41/250 lr:0.000938 t:3.0s
tttg: c42/250 lr:0.000935 t:3.1s
tttg: c43/250 lr:0.000931 t:3.2s
tttg: c44/250 lr:0.000928 t:3.3s
tttg: c45/250 lr:0.000925 t:3.3s
tttg: c46/250 lr:0.000922 t:3.4s
tttg: c47/250 lr:0.000918 t:3.5s
tttg: c48/250 lr:0.000915 t:3.6s
tttg: c49/250 lr:0.000911 t:3.6s
tttg: c50/250 lr:0.000907 t:3.7s
tttg: c51/250 lr:0.000904 t:3.8s
tttg: c52/250 lr:0.000900 t:3.9s
tttg: c53/250 lr:0.000896 t:3.9s
tttg: c54/250 lr:0.000892 t:4.0s
tttg: c55/250 lr:0.000888 t:4.1s
tttg: c56/250 lr:0.000884 t:4.2s
tttg: c57/250 lr:0.000880 t:4.2s
tttg: c58/250 lr:0.000876 t:4.3s
tttg: c59/250 lr:0.000872 t:4.4s
tttg: c60/250 lr:0.000868 t:4.5s
tttg: c61/250 lr:0.000863 t:4.5s
tttg: c62/250 lr:0.000859 t:4.6s
tttg: c63/250 lr:0.000855 t:4.7s
tttg: c64/250 lr:0.000850 t:4.8s
tttg: c65/250 lr:0.000846 t:4.8s
tttg: c66/250 lr:0.000841 t:4.9s
tttg: c67/250 lr:0.000836 t:5.0s
tttg: c68/250 lr:0.000832 t:5.0s
tttg: c69/250 lr:0.000827 t:5.1s
tttg: c70/250 lr:0.000822 t:5.2s
tttg: c71/250 lr:0.000817 t:5.3s
tttg: c72/250 lr:0.000812 t:5.3s
tttg: c73/250 lr:0.000807 t:5.4s
tttg: c74/250 lr:0.000803 t:5.5s
tttg: c75/250 lr:0.000797 t:5.6s
tttg: c76/250 lr:0.000792 t:5.6s
tttg: c77/250 lr:0.000787 t:5.7s
tttg: c78/250 lr:0.000782 t:5.8s
tttg: c79/250 lr:0.000777 t:5.9s
tttg: c80/250 lr:0.000772 t:5.9s
tttg: c81/250 lr:0.000766 t:6.0s
tttg: c82/250 lr:0.000761 t:6.1s
tttg: c83/250 lr:0.000755 t:6.2s
tttg: c84/250 lr:0.000750 t:6.2s
tttg: c85/250 lr:0.000745 t:6.3s
tttg: c86/250 lr:0.000739 t:6.4s
tttg: c87/250 lr:0.000733 t:6.5s
tttg: c88/250 lr:0.000728 t:6.5s
tttg: c89/250 lr:0.000722 t:6.6s
tttg: c90/250 lr:0.000717 t:6.7s
tttg: c91/250 lr:0.000711 t:6.8s
tttg: c92/250 lr:0.000705 t:6.8s
tttg: c93/250 lr:0.000699 t:6.9s
tttg: c94/250 lr:0.000694 t:7.0s
tttg: c95/250 lr:0.000688 t:7.1s
tttg: c96/250 lr:0.000682 t:7.1s
tttg: c97/250 lr:0.000676 t:7.2s
tttg: c98/250 lr:0.000670 t:7.3s
tttg: c99/250 lr:0.000664 t:7.4s
tttg: c100/250 lr:0.000658 t:7.4s
tttg: c101/250 lr:0.000652 t:7.5s
tttg: c102/250 lr:0.000646 t:7.6s
tttg: c103/250 lr:0.000640 t:7.7s
tttg: c104/250 lr:0.000634 t:7.7s
tttg: c105/250 lr:0.000628 t:7.8s
tttg: c106/250 lr:0.000622 t:7.9s
tttg: c107/250 lr:0.000616 t:7.9s
tttg: c108/250 lr:0.000610 t:8.0s
tttg: c109/250 lr:0.000603 t:8.1s
tttg: c110/250 lr:0.000597 t:8.2s
tttg: c111/250 lr:0.000591 t:8.2s
tttg: c112/250 lr:0.000585 t:8.3s
tttg: c113/250 lr:0.000579 t:8.4s
tttg: c114/250 lr:0.000572 t:8.5s
tttg: c115/250 lr:0.000566 t:8.5s
tttg: c116/250 lr:0.000560 t:8.6s
tttg: c117/250 lr:0.000554 t:8.7s
tttg: c118/250 lr:0.000547 t:8.7s
tttg: c119/250 lr:0.000541 t:8.8s
tttg: c120/250 lr:0.000535 t:8.9s
tttg: c121/250 lr:0.000528 t:9.0s
tttg: c122/250 lr:0.000522 t:9.0s
tttg: c123/250 lr:0.000516 t:9.1s
tttg: c124/250 lr:0.000509 t:9.2s
tttg: c125/250 lr:0.000503 t:9.3s
tttg: c126/250 lr:0.000497 t:9.3s
tttg: c127/250 lr:0.000491 t:9.4s
tttg: c128/250 lr:0.000484 t:9.5s
tttg: c129/250 lr:0.000478 t:9.6s
tttg: c130/250 lr:0.000472 t:9.6s
tttg: c131/250 lr:0.000465 t:9.7s
tttg: c132/250 lr:0.000459 t:9.8s
tttg: c133/250 lr:0.000453 t:9.9s
tttg: c134/250 lr:0.000446 t:9.9s
tttg: c135/250 lr:0.000440 t:10.0s
tttg: c136/250 lr:0.000434 t:10.1s
tttg: c137/250 lr:0.000428 t:10.2s
tttg: c138/250 lr:0.000421 t:10.2s
tttg: c139/250 lr:0.000415 t:10.3s
tttg: c140/250 lr:0.000409 t:10.4s
tttg: c141/250 lr:0.000403 t:10.5s
tttg: c142/250 lr:0.000397 t:10.5s
tttg: c143/250 lr:0.000390 t:10.6s
tttg: c144/250 lr:0.000384 t:10.7s
tttg: c145/250 lr:0.000378 t:10.8s
tttg: c146/250 lr:0.000372 t:10.9s
tttg: c147/250 lr:0.000366 t:10.9s
tttg: c148/250 lr:0.000360 t:11.0s
tttg: c149/250 lr:0.000354 t:11.1s
tttg: c150/250 lr:0.000348 t:11.2s
tttg: c151/250 lr:0.000342 t:11.2s
tttg: c152/250 lr:0.000336 t:11.3s
tttg: c153/250 lr:0.000330 t:11.4s
tttg: c154/250 lr:0.000324 t:11.5s
tttg: c155/250 lr:0.000318 t:11.5s
tttg: c156/250 lr:0.000312 t:11.6s
tttg: c157/250 lr:0.000306 t:11.7s
tttg: c158/250 lr:0.000301 t:11.8s
tttg: c159/250 lr:0.000295 t:11.8s
tttg: c160/250 lr:0.000289 t:11.9s
tttg: c161/250 lr:0.000283 t:12.0s
tttg: c162/250 lr:0.000278 t:12.0s
tttg: c163/250 lr:0.000272 t:12.1s
tttg: c164/250 lr:0.000267 t:12.2s
tttg: c165/250 lr:0.000261 t:12.3s
tttg: c166/250 lr:0.000255 t:12.4s
tttg: c167/250 lr:0.000250 t:12.4s
tttg: c168/250 lr:0.000245 t:12.5s
tttg: c169/250 lr:0.000239 t:12.6s
tttg: c170/250 lr:0.000234 t:12.7s
tttg: c171/250 lr:0.000228 t:12.7s
tttg: c172/250 lr:0.000223 t:12.8s
tttg: c173/250 lr:0.000218 t:12.9s
tttg: c174/250 lr:0.000213 t:12.9s
tttg: c175/250 lr:0.000208 t:13.0s
tttg: c176/250 lr:0.000203 t:13.1s
tttg: c177/250 lr:0.000197 t:13.2s
tttg: c178/250 lr:0.000193 t:13.2s
tttg: c179/250 lr:0.000188 t:13.3s
tttg: c180/250 lr:0.000183 t:13.4s
tttg: c181/250 lr:0.000178 t:13.5s
tttg: c182/250 lr:0.000173 t:13.5s
tttg: c183/250 lr:0.000168 t:13.6s
tttg: c184/250 lr:0.000164 t:13.7s
tttg: c185/250 lr:0.000159 t:13.8s
tttg: c186/250 lr:0.000154 t:13.8s
tttg: c187/250 lr:0.000150 t:13.9s
tttg: c188/250 lr:0.000145 t:14.0s
tttg: c189/250 lr:0.000141 t:14.1s
tttg: c190/250 lr:0.000137 t:14.1s
tttg: c191/250 lr:0.000132 t:14.2s
tttg: c192/250 lr:0.000128 t:14.3s
tttg: c193/250 lr:0.000124 t:14.4s
tttg: c194/250 lr:0.000120 t:14.4s
tttg: c195/250 lr:0.000116 t:14.5s
tttg: c196/250 lr:0.000112 t:14.6s
tttg: c197/250 lr:0.000108 t:14.7s
tttg: c198/250 lr:0.000104 t:14.7s
tttg: c199/250 lr:0.000100 t:14.8s
tttg: c200/250 lr:0.000096 t:14.9s
tttg: c201/250 lr:0.000093 t:14.9s
tttg: c202/250 lr:0.000089 t:15.0s
tttg: c203/250 lr:0.000085 t:15.1s
tttg: c204/250 lr:0.000082 t:15.2s
tttg: c205/250 lr:0.000078 t:15.2s
tttg: c206/250 lr:0.000075 t:15.3s
tttg: c207/250 lr:0.000072 t:15.4s
tttg: c208/250 lr:0.000069 t:15.5s
tttg: c209/250 lr:0.000065 t:15.5s
tttg: c210/250 lr:0.000062 t:15.6s
tttg: c211/250 lr:0.000059 t:15.7s
tttg: c212/250 lr:0.000056 t:15.8s
tttg: c213/250 lr:0.000053 t:15.8s
tttg: c214/250 lr:0.000051 t:15.9s
tttg: c215/250 lr:0.000048 t:16.0s
tttg: c216/250 lr:0.000045 t:16.1s
tttg: c217/250 lr:0.000043 t:16.1s
tttg: c218/250 lr:0.000040 t:16.2s
tttg: c219/250 lr:0.000038 t:16.3s
tttg: c220/250 lr:0.000035 t:16.4s
tttg: c221/250 lr:0.000033 t:16.4s
tttg: c222/250 lr:0.000031 t:16.5s
tttg: c223/250 lr:0.000029 t:16.6s
tttg: c224/250 lr:0.000027 t:16.6s
tttg: c225/250 lr:0.000025 t:16.7s
tttg: c226/250 lr:0.000023 t:16.8s
tttg: c227/250 lr:0.000021 t:16.9s
tttg: c228/250 lr:0.000019 t:17.0s
tttg: c229/250 lr:0.000017 t:17.0s
tttg: c230/250 lr:0.000016 t:17.1s
tttg: c231/250 lr:0.000014 t:17.2s
tttg: c232/250 lr:0.000013 t:17.2s
tttg: c233/250 lr:0.000011 t:17.4s
tttg: c234/250 lr:0.000010 t:17.4s
tttg: c235/250 lr:0.000009 t:17.5s
tttg: c236/250 lr:0.000008 t:17.6s
tttg: c237/250 lr:0.000007 t:17.7s
tttg: c238/250 lr:0.000006 t:17.7s
tttg: c239/250 lr:0.000005 t:17.8s
tttg: c240/250 lr:0.000004 t:17.9s
tttg: c241/250 lr:0.000003 t:17.9s
tttg: c242/250 lr:0.000003 t:18.0s
tttg: c243/250 lr:0.000002 t:18.1s
tttg: c244/250 lr:0.000001 t:18.2s
tttg: c245/250 lr:0.000001 t:18.3s
tttg: c246/250 lr:0.000001 t:18.3s
tttg: c247/250 lr:0.000000 t:18.4s
tttg: c248/250 lr:0.000000 t:18.5s
tttg: c249/250 lr:0.000000 t:18.5s
ttpr: phase:3/3 t:307.7s
ttp: b739/782 bl:2.2987 bb:1.0256 rl:2.2879 rb:1.0595 dl:2619-2652 gd:1
ttp: b731/782 bl:2.3448 bb:1.0458 rl:2.2918 rb:1.0585 dl:2377-2414 gd:1
ttp: b721/782 bl:2.3154 bb:1.0282 rl:2.2931 rb:1.0567 dl:2144-2163 gd:1
ttp: b716/782 bl:2.2546 bb:1.0418 rl:2.2911 rb:1.0559 dl:2054-2069 gd:1
ttp: b706/782 bl:2.4070 bb:1.0765 rl:2.2965 rb:1.0569 dl:1898-1910 gd:1
ttp: b696/782 bl:2.3167 bb:1.0550 rl:2.2973 rb:1.0568 dl:1779-1790 gd:1
ttp: b689/782 bl:2.3963 bb:1.0789 rl:2.3011 rb:1.0577 dl:1706-1715 gd:1
ttp: b681/782 bl:2.3368 bb:1.0447 rl:2.3024 rb:1.0572 dl:1628-1637 gd:1
ttp: b676/782 bl:2.3370 bb:1.0512 rl:2.3035 rb:1.0570 dl:1586-1595 gd:1
ttp: b668/782 bl:2.3433 bb:1.0713 rl:2.3047 rb:1.0575 dl:1521-1530 gd:1
ttp: b660/782 bl:2.3813 bb:1.0527 rl:2.3070 rb:1.0573 dl:1466-1474 gd:1
ttp: b653/782 bl:2.2977 bb:1.0417 rl:2.3067 rb:1.0569 dl:1419-1425 gd:1
ttp: b645/782 bl:2.3052 bb:1.0314 rl:2.3067 rb:1.0562 dl:1367-1375 gd:1
ttp: b637/782 bl:2.3688 bb:1.0802 rl:2.3082 rb:1.0568 dl:1320-1325 gd:1
ttp: b628/782 bl:2.3230 bb:1.0307 rl:2.3085 rb:1.0562 dl:1271-1276 gd:1
ttp: b620/782 bl:2.3513 bb:1.0591 rl:2.3094 rb:1.0563 dl:1226-1231 gd:1
ttp: b613/782 bl:2.3392 bb:1.0415 rl:2.3100 rb:1.0560 dl:1190-1195 gd:1
ttp: b605/782 bl:2.2520 bb:1.0270 rl:2.3089 rb:1.0554 dl:1154-1159 gd:1
ttp: b594/782 bl:2.3373 bb:1.0671 rl:2.3094 rb:1.0556 dl:1107-1110 gd:1
ttp: b586/782 bl:2.2630 bb:1.0348 rl:2.3086 rb:1.0552 dl:1073-1076 gd:1
ttp: b578/782 bl:2.3546 bb:1.0336 rl:2.3094 rb:1.0549 dl:1041-1044 gd:1
ttp: b571/782 bl:2.3071 bb:1.0092 rl:2.3093 rb:1.0541 dl:1014-1017 gd:1
ttp: b563/782 bl:2.2658 bb:1.0182 rl:2.3087 rb:1.0536 dl:987-990 gd:1
ttp: b555/782 bl:2.3217 bb:1.0245 rl:2.3089 rb:1.0531 dl:959-961 gd:1
ttp: b549/782 bl:2.2624 bb:1.0229 rl:2.3082 rb:1.0527 dl:939-943 gd:1
ttp: b541/782 bl:2.3334 bb:1.0354 rl:2.3085 rb:1.0525 dl:915-918 gd:1
ttp: b530/782 bl:2.4132 bb:1.0854 rl:2.3099 rb:1.0529 dl:882-884 gd:1
ttp: b522/782 bl:2.3116 bb:1.0367 rl:2.3099 rb:1.0527 dl:858-860 gd:1
ttp: b518/782 bl:2.2423 bb:1.0093 rl:2.3091 rb:1.0522 dl:846-850 gd:1
ttp: b510/782 bl:2.3862 bb:1.0750 rl:2.3100 rb:1.0524 dl:823-826 gd:1
ttp: b499/782 bl:2.3404 bb:1.0568 rl:2.3103 rb:1.0525 dl:794-796 gd:1
ttp: b490/782 bl:2.3958 bb:1.0580 rl:2.3112 rb:1.0525 dl:771-773 gd:1
ttp: b481/782 bl:2.3018 bb:1.0463 rl:2.3111 rb:1.0525 dl:749-752 gd:1
ttp: b473/782 bl:2.2699 bb:1.0328 rl:2.3107 rb:1.0523 dl:730-733 gd:1
ttp: b464/782 bl:2.2727 bb:1.0184 rl:2.3104 rb:1.0519 dl:710-712 gd:1
ttp: b460/782 bl:2.2552 bb:1.0550 rl:2.3099 rb:1.0520 dl:701-703 gd:1
ttp: b452/782 bl:2.2673 bb:1.0147 rl:2.3095 rb:1.0516 dl:685-687 gd:1
ttp: b444/782 bl:2.3129 bb:1.0656 rl:2.3095 rb:1.0518 dl:668-670 gd:1
ttp: b437/782 bl:2.2986 bb:1.0576 rl:2.3094 rb:1.0518 dl:653-655 gd:1
ttp: b428/782 bl:2.3118 bb:1.0534 rl:2.3094 rb:1.0518 dl:636-638 gd:1
ttp: b420/782 bl:2.3632 bb:1.0550 rl:2.3099 rb:1.0518 dl:620-622 gd:1
ttp: b414/782 bl:2.2101 bb:1.0119 rl:2.3091 rb:1.0515 dl:609-611 gd:1
ttp: b406/782 bl:2.3161 bb:1.0666 rl:2.3091 rb:1.0516 dl:593-595 gd:1
ttp: b398/782 bl:2.2557 bb:1.0073 rl:2.3088 rb:1.0513 dl:579-581 gd:1
ttp: b385/782 bl:2.4114 bb:1.0753 rl:2.3095 rb:1.0515 dl:555-557 gd:1
ttp: b377/782 bl:2.2340 bb:1.0234 rl:2.3090 rb:1.0513 dl:542-544 gd:1
ttp: b369/782 bl:2.3526 bb:1.0629 rl:2.3092 rb:1.0514 dl:528-530 gd:1
ttp: b360/782 bl:2.3121 bb:1.0816 rl:2.3093 rb:1.0516 dl:513-515 gd:1
ttp: b352/782 bl:2.4252 bb:1.0974 rl:2.3099 rb:1.0518 dl:499-501 gd:1
ttp: b344/782 bl:2.3904 bb:1.0653 rl:2.3104 rb:1.0519 dl:488-489 gd:1
ttp: b336/782 bl:2.4062 bb:1.0844 rl:2.3110 rb:1.0521 dl:476-477 gd:1
ttp: b332/782 bl:2.3111 bb:1.0461 rl:2.3110 rb:1.0521 dl:469-471 gd:1
ttp: b324/782 bl:2.3219 bb:1.0855 rl:2.3110 rb:1.0522 dl:458-459 gd:1
ttp: b316/782 bl:2.3755 bb:1.0837 rl:2.3114 rb:1.0524 dl:445-446 gd:1
ttp: b308/782 bl:2.4136 bb:1.0947 rl:2.3119 rb:1.0526 dl:433-435 gd:1
ttp: b298/782 bl:2.4265 bb:1.1049 rl:2.3124 rb:1.0529 dl:418-420 gd:1
ttp: b290/782 bl:2.3420 bb:1.0728 rl:2.3126 rb:1.0530 dl:406-407 gd:1
ttp: b282/782 bl:2.3248 bb:1.0729 rl:2.3126 rb:1.0531 dl:395-396 gd:1
ttp: b274/782 bl:2.3009 bb:1.0696 rl:2.3126 rb:1.0531 dl:384-385 gd:1
ttp: b272/782 bl:2.3759 bb:1.0974 rl:2.3128 rb:1.0533 dl:382-383 gd:1
ttp: b250/782 bl:2.3192 bb:1.0753 rl:2.3129 rb:1.0534 dl:354-355 gd:1
ttp: b242/782 bl:2.3848 bb:1.1039 rl:2.3131 rb:1.0536 dl:344-345 gd:1
ttp: b233/782 bl:2.3673 bb:1.1310 rl:2.3133 rb:1.0539 dl:333-334 gd:1
ttp: b223/782 bl:2.3369 bb:1.1283 rl:2.3134 rb:1.0541 dl:321-322 gd:1
ttp: b215/782 bl:2.4021 bb:1.1011 rl:2.3137 rb:1.0543 dl:312-313 gd:1
ttp: b205/782 bl:2.3253 bb:1.1133 rl:2.3138 rb:1.0545 dl:301-302 gd:1
ttp: b198/782 bl:2.3989 bb:1.0612 rl:2.3140 rb:1.0545 dl:294-295 gd:1
ttp: b191/782 bl:2.4212 bb:1.1015 rl:2.3144 rb:1.0546 dl:285-286 gd:1
ttp: b183/782 bl:2.3311 bb:1.0736 rl:2.3144 rb:1.0547 dl:277-278 gd:1
ttp: b175/782 bl:2.3917 bb:1.1557 rl:2.3147 rb:1.0550 dl:269-270 gd:1
ttp: b167/782 bl:2.5306 bb:1.1290 rl:2.3153 rb:1.0552 dl:262-263 gd:1
ttp: b161/782 bl:2.3577 bb:1.1349 rl:2.3154 rb:1.0554 dl:256-256 gd:1
ttp: b154/782 bl:2.4689 bb:1.2041 rl:2.3158 rb:1.0558 dl:249-250 gd:1
ttp: b146/782 bl:2.4549 bb:1.1729 rl:2.3162 rb:1.0561 dl:241-242 gd:1
ttp: b136/782 bl:2.4332 bb:1.1441 rl:2.3165 rb:1.0563 dl:232-233 gd:1
ttp: b131/782 bl:2.4003 bb:1.1590 rl:2.3167 rb:1.0565 dl:227-228 gd:1
ttp: b127/782 bl:2.4777 bb:1.1884 rl:2.3171 rb:1.0568 dl:223-224 gd:1
ttp: b122/782 bl:2.4052 bb:1.1387 rl:2.3173 rb:1.0570 dl:219-219 gd:1
ttp: b114/782 bl:2.4832 bb:1.1515 rl:2.3176 rb:1.0572 dl:211-212 gd:1
ttp: b106/782 bl:2.4375 bb:1.1733 rl:2.3179 rb:1.0575 dl:204-205 gd:1
ttp: b98/782 bl:2.5992 bb:1.2196 rl:2.3185 rb:1.0578 dl:197-198 gd:1
ttp: b90/782 bl:2.4719 bb:1.2105 rl:2.3188 rb:1.0581 dl:190-190 gd:1
ttp: b82/782 bl:2.4907 bb:1.1855 rl:2.3191 rb:1.0583 dl:183-183 gd:1
ttp: b73/782 bl:2.5426 bb:1.2480 rl:2.3195 rb:1.0586 dl:174-175 gd:1
ttp: b66/782 bl:2.6436 bb:1.2371 rl:2.3201 rb:1.0589 dl:169-169 gd:1
ttp: b57/782 bl:2.4711 bb:1.1636 rl:2.3204 rb:1.0591 dl:160-161 gd:1
ttp: b49/782 bl:2.4505 bb:1.1652 rl:2.3206 rb:1.0593 dl:152-153 gd:1
ttp: b41/782 bl:2.5377 bb:1.2167 rl:2.3209 rb:1.0595 dl:144-145 gd:1
ttp: b34/782 bl:2.6192 bb:1.1991 rl:2.3213 rb:1.0597 dl:137-138 gd:1
ttp: b26/782 bl:2.6055 bb:1.2969 rl:2.3217 rb:1.0600 dl:129-130 gd:1
ttp: b22/782 bl:2.5712 bb:1.2036 rl:2.3220 rb:1.0602 dl:124-126 gd:1
ttp: b14/782 bl:2.6012 bb:1.1874 rl:2.3224 rb:1.0603 dl:114-115 gd:1
ttp: b5/782 bl:2.7160 bb:1.2357 rl:2.3228 rb:1.0605 dl:96-99 gd:1
quantized_ttt_phased val_loss:2.32641216 val_bpb:1.06307957 eval_time:416500ms
total_eval_time:416.5s
