=== TTT-only eval (PR-1767 improvements) start 2026-04-23T19:23:20Z ===
[19:23:20] RUN seed=42
[19:35:17] DONE seed=42 rc=0 dur=717s
=== seed=42 result ===
{
  "seed": 42,
  "status": "completed",
  "duration_s": 717,
  "post_ttt_val_loss": 2.32843161,
  "post_ttt_val_bpb": 1.06400238,
  "post_ttt_eval_time_ms": 525719
}
[19:35:17] RUN seed=0
[19:44:18] DONE seed=0 rc=0 dur=541s
=== seed=0 result ===
{
  "seed": 0,
  "status": "completed",
  "duration_s": 541,
  "post_ttt_val_loss": 2.32641216,
  "post_ttt_val_bpb": 1.06307957,
  "post_ttt_eval_time_ms": 416500
}
[19:44:18] RUN seed=1234
[19:53:54] DONE seed=1234 rc=0 dur=576s
=== seed=1234 result ===
{
  "seed": 1234,
  "status": "completed",
  "duration_s": 576,
  "post_ttt_val_loss": 2.3261648,
  "post_ttt_val_bpb": 1.06296654,
  "post_ttt_eval_time_ms": 448507
}
=== TTT-only eval end 2026-04-23T19:53:54Z ===
