
*****************************************
Setting OMP_NUM_THREADS environment variable for each process to be 1 in default, to avoid your system being overloaded, please further tune the variable for optimal performance in your application as needed. 
*****************************************
Hyperparameters:
  adam_eps: 1e-08
  adam_wd: 0.02
  artifact_dir: 
  attn_clip_sigmas: 13.0
  attn_out_gate_enabled: False
  attn_out_gate_src: proj
  beta1: 0.9
  beta2: 0.95
  caseops_enabled: True
  compressor: brotli
  data_dir: ./data
  datasets_dir: ./data/datasets/fineweb10B_sp8192_caseops/datasets/datasets/fineweb10B_sp8192_lossless_caps_caseops_v1_reserved
  distributed: True
  ema_decay: 0.9965
  embed_bits: 7
  embed_clip_sigmas: 15.0
  embed_lr: 0.6
  embed_wd: 0.085
  enable_looping_at: 0.35
  eval_seq_len: 2048
  eval_stride: 64
  gate_window: 12
  gated_attn_enabled: True
  gated_attn_init_std: 0.005
  gated_attn_quant_gate: True
  global_ttt_batch_seqs: 32
  global_ttt_chunk_tokens: 32768
  global_ttt_epochs: 1
  global_ttt_grad_clip: 1.0
  global_ttt_lr: 0.001
  global_ttt_momentum: 0.9
  global_ttt_respect_doc_boundaries: True
  global_ttt_warmup_chunks: 0
  global_ttt_warmup_start_lr: 0.0
  gptq_calibration_batches: 16
  gptq_reserve_seconds: 4.0
  grad_accum_steps: 1
  grad_clip_norm: 0.3
  is_main_process: True
  iterations: 20000
  ln_scale: True
  local_rank: 0
  logfile: logs/PR1530_gattn005_caseops_quantgate_s1234.txt
  logit_softcap: 30.0
  loop_end: 5
  loop_start: 3
  matrix_bits: 6
  matrix_clip_sigmas: 12.85
  matrix_lr: 0.026
  max_wallclock_seconds: 600.0
  min_lr: 0.0
  mlp_clip_sigmas: 12.0
  mlp_mult: 4.0
  model_dim: 512
  model_path: final_model.pt
  muon_backend_steps: 5
  muon_momentum: 0.97
  muon_momentum_warmup_start: 0.92
  muon_momentum_warmup_steps: 1500
  muon_row_normalize: True
  muon_wd: 0.095
  num_heads: 8
  num_kv_heads: 4
  num_layers: 11
  num_loops: 2
  parallel_final_lane: mean
  parallel_start_layer: 8
  phased_ttt_num_phases: 3
  phased_ttt_prefix_docs: 2000
  qk_gain_init: 5.0
  quantized_model_path: final_model.int6.ptz
  rank: 0
  rope_base: 10000.0
  rope_dims: 16
  rope_train_seq_len: 2048
  rope_yarn: False
  run_id: PR1530_gattn005_caseops_quantgate_s1234
  scalar_lr: 0.02
  seed: 1234
  skip_gates_enabled: True
  smear_gate_enabled: False
  tie_embeddings: True
  tied_embed_init_std: 0.005
  tied_embed_lr: 0.03
  tokenizer_path: ./data/datasets/fineweb10B_sp8192_caseops/datasets/tokenizers/fineweb_8192_bpe_lossless_caps_caseops_v1_reserved.model
  train_batch_tokens: 786432
  train_files: ./data/datasets/fineweb10B_sp8192_caseops/datasets/datasets/fineweb10B_sp8192_lossless_caps_caseops_v1_reserved/fineweb_train_*.bin
  train_log_every: 500
  train_seq_len: 2048
  ttt_batch_size: 64
  ttt_beta1: 0.0
  ttt_beta2: 0.999
  ttt_chunk_size: 48
  ttt_enabled: True
  ttt_eval_batches: 
  ttt_eval_seq_len: 2048
  ttt_grad_steps: 1
  ttt_k_lora: True
  ttt_lora_lr: 0.0001
  ttt_lora_rank: 96
  ttt_mlp_lora: True
  ttt_o_lora: True
  ttt_optimizer: adam
  ttt_weight_decay: 0.5
  val_batch_tokens: 524288
  val_bytes_files: ./data/datasets/fineweb10B_sp8192_caseops/datasets/datasets/fineweb10B_sp8192_lossless_caps_caseops_v1_reserved/fineweb_val_bytes_*.bin
  val_doc_fraction: 1.0
  val_files: ./data/datasets/fineweb10B_sp8192_caseops/datasets/datasets/fineweb10B_sp8192_lossless_caps_caseops_v1_reserved/fineweb_val_*.bin
  val_loss_every: 4000
  vocab_size: 8192
  warmdown_frac: 0.75
  warmup_steps: 20
  world_size: 8
  xsa_last_n: 11
train_shards: 80
val_tokens: 47851520
model_params:35989658
gptq:reserving 4s, effective=596000ms
warmup_cu_buckets:64,128,192,256 iters_each:3
warmup_step: 1/20
warmup_step: 2/20
warmup_step: 3/20
warmup_step: 4/20
warmup_step: 5/20
warmup_step: 6/20
warmup_step: 10/20
warmup_step: 20/20
loop_warmup:enabled encoder:[0, 1, 2, 3, 4, 5, 3, 4] decoder:[5, 3, 4, 5, 6, 7, 8, 9, 10]
loop_warmup_step: 1/20
loop_warmup_step: 2/20
loop_warmup_step: 3/20
loop_warmup_step: 4/20
loop_warmup_step: 5/20
loop_warmup_step: 6/20
loop_warmup_step: 10/20
loop_warmup_step: 20/20
0/20000 val_loss: 9.0188 val_bpb: 4.1210
1/20000 train_loss: 9.0208 train_time: 0.0m tok/s: 12792123
2/20000 train_loss: 12.9592 train_time: 0.0m tok/s: 11405692
3/20000 train_loss: 10.1713 train_time: 0.0m tok/s: 10162280
4/20000 train_loss: 8.6705 train_time: 0.0m tok/s: 9670403
5/20000 train_loss: 7.9006 train_time: 0.0m tok/s: 9368271
500/20000 train_loss: 2.5784 train_time: 0.8m tok/s: 8092624
1000/20000 train_loss: 2.8108 train_time: 1.6m tok/s: 8069886
1500/20000 train_loss: 2.6406 train_time: 2.4m tok/s: 8052575
2000/20000 train_loss: 2.6715 train_time: 3.3m tok/s: 8046811
layer_loop:enabled step:2135 frac:0.350 encoder:[0, 1, 2, 3, 4, 5, 3, 4] decoder:[5, 3, 4, 5, 6, 7, 8, 9, 10]
2500/20000 train_loss: 2.5558 train_time: 4.3m tok/s: 7535271
3000/20000 train_loss: 2.5684 train_time: 5.5m tok/s: 7100420
3500/20000 train_loss: 2.5666 train_time: 6.7m tok/s: 6816520
4000/20000 train_loss: 2.4099 train_time: 7.9m tok/s: 6619733
4000/20000 val_loss: 2.4320 val_bpb: 1.1112
4500/20000 train_loss: 2.2790 train_time: 9.1m tok/s: 6475672
4847/20000 val_loss: 2.3401 val_bpb: 1.0692
stopping_early: wallclock_cap train_time: 596083ms step: 4847/20000
peak memory allocated: 40032 MiB reserved: 40040 MiB
ema:applying EMA weights
diagnostic pre-quantization post-ema val_loss:2.33889919 val_bpb:1.06871626 eval_time:7270ms
Serialized model: 135592891 bytes
Code size (uncompressed): 131887 bytes
Code size (compressed): 28025 bytes
GPTQ:collecting Hessians from calibration data...
GPTQ:collected 67 Hessians in 3.4s
Quantized weights:
  gate_int8_row: blocks.attn.attn_gate_w
  gptq (int6): blocks.attn.c_k.weight, blocks.attn.c_q.weight, blocks.attn.c_v.weight, blocks.attn.proj.weight, blocks.mlp.fc.weight, blocks.mlp.proj.weight
  gptq (int7): tok_emb.weight
  passthrough (float16): blocks.attn.q_gain, blocks.attn_scale, blocks.mlp_scale, blocks.resid_mix, parallel_post_lambdas, parallel_resid_lambdas, skip_gates, skip_weights
Serialized model quantized+brotli: 15947025 bytes
Total submission size quantized+brotli: 15975050 bytes
diagnostic quantized val_loss:2.35945636 val_bpb:1.07810947 eval_time:10349ms
ttt_lora:warming up compile (random tokens, no val data)
ttt_lora:compile warmup done (93.5s)

beginning TTT eval timer
ttt_phased: total_docs:50000 prefix_docs:2000 suffix_docs:48000 num_phases:3 boundaries:[666, 1333, 2000]
ttp: b780/782 bl:2.2478 bb:1.0829 rl:2.2478 rb:1.0829 dl:13091-17244 gd:0
ttpp: phase:1/3 pd:1104 gd:666 t:166.4s
tttg: c1/111 lr:0.001000 t:0.3s
tttg: c2/111 lr:0.001000 t:0.4s
tttg: c3/111 lr:0.000999 t:0.4s
tttg: c4/111 lr:0.000998 t:0.5s
tttg: c5/111 lr:0.000997 t:0.6s
tttg: c6/111 lr:0.000995 t:0.7s
tttg: c7/111 lr:0.000993 t:0.7s
tttg: c8/111 lr:0.000990 t:0.8s
tttg: c9/111 lr:0.000987 t:0.9s
tttg: c10/111 lr:0.000984 t:1.0s
tttg: c11/111 lr:0.000980 t:1.0s
tttg: c12/111 lr:0.000976 t:1.1s
tttg: c13/111 lr:0.000971 t:1.2s
tttg: c14/111 lr:0.000966 t:1.3s
tttg: c15/111 lr:0.000961 t:1.3s
tttg: c16/111 lr:0.000955 t:1.4s
tttg: c17/111 lr:0.000949 t:1.5s
tttg: c18/111 lr:0.000942 t:1.5s
tttg: c19/111 lr:0.000935 t:1.6s
tttg: c20/111 lr:0.000928 t:1.7s
tttg: c21/111 lr:0.000921 t:1.8s
tttg: c22/111 lr:0.000913 t:1.8s
tttg: c23/111 lr:0.000905 t:1.9s
tttg: c24/111 lr:0.000896 t:2.0s
tttg: c25/111 lr:0.000887 t:2.1s
tttg: c26/111 lr:0.000878 t:2.1s
tttg: c27/111 lr:0.000868 t:2.2s
tttg: c28/111 lr:0.000859 t:2.3s
tttg: c29/111 lr:0.000848 t:2.3s
tttg: c30/111 lr:0.000838 t:2.4s
tttg: c31/111 lr:0.000827 t:2.5s
tttg: c32/111 lr:0.000817 t:2.6s
tttg: c33/111 lr:0.000805 t:2.6s
tttg: c34/111 lr:0.000794 t:2.7s
tttg: c35/111 lr:0.000782 t:2.8s
tttg: c36/111 lr:0.000770 t:2.9s
tttg: c37/111 lr:0.000758 t:2.9s
tttg: c38/111 lr:0.000746 t:3.0s
tttg: c39/111 lr:0.000733 t:3.1s
tttg: c40/111 lr:0.000721 t:3.1s
tttg: c41/111 lr:0.000708 t:3.2s
tttg: c42/111 lr:0.000695 t:3.3s
tttg: c43/111 lr:0.000681 t:3.4s
tttg: c44/111 lr:0.000668 t:3.4s
tttg: c45/111 lr:0.000655 t:3.5s
tttg: c46/111 lr:0.000641 t:3.6s
tttg: c47/111 lr:0.000627 t:3.7s
tttg: c48/111 lr:0.000613 t:3.7s
tttg: c49/111 lr:0.000599 t:3.8s
tttg: c50/111 lr:0.000585 t:3.9s
tttg: c51/111 lr:0.000571 t:3.9s
tttg: c52/111 lr:0.000557 t:4.0s
tttg: c53/111 lr:0.000543 t:4.1s
tttg: c54/111 lr:0.000529 t:4.2s
tttg: c55/111 lr:0.000514 t:4.2s
tttg: c56/111 lr:0.000500 t:4.3s
tttg: c57/111 lr:0.000486 t:4.4s
tttg: c58/111 lr:0.000471 t:4.5s
tttg: c59/111 lr:0.000457 t:4.5s
tttg: c60/111 lr:0.000443 t:4.6s
tttg: c61/111 lr:0.000429 t:4.7s
tttg: c62/111 lr:0.000415 t:4.7s
tttg: c63/111 lr:0.000401 t:4.8s
tttg: c64/111 lr:0.000387 t:4.9s
tttg: c65/111 lr:0.000373 t:5.0s
tttg: c66/111 lr:0.000359 t:5.0s
tttg: c67/111 lr:0.000345 t:5.1s
tttg: c68/111 lr:0.000332 t:5.2s
tttg: c69/111 lr:0.000319 t:5.3s
tttg: c70/111 lr:0.000305 t:5.3s
tttg: c71/111 lr:0.000292 t:5.4s
tttg: c72/111 lr:0.000279 t:5.5s
tttg: c73/111 lr:0.000267 t:5.6s
tttg: c74/111 lr:0.000254 t:5.6s
tttg: c75/111 lr:0.000242 t:5.7s
tttg: c76/111 lr:0.000230 t:5.8s
tttg: c77/111 lr:0.000218 t:5.8s
tttg: c78/111 lr:0.000206 t:5.9s
tttg: c79/111 lr:0.000195 t:6.0s
tttg: c80/111 lr:0.000183 t:6.1s
tttg: c81/111 lr:0.000173 t:6.1s
tttg: c82/111 lr:0.000162 t:6.2s
tttg: c83/111 lr:0.000152 t:6.3s
tttg: c84/111 lr:0.000141 t:6.4s
tttg: c85/111 lr:0.000132 t:6.4s
tttg: c86/111 lr:0.000122 t:6.5s
tttg: c87/111 lr:0.000113 t:6.6s
tttg: c88/111 lr:0.000104 t:6.7s
tttg: c89/111 lr:0.000095 t:6.7s
tttg: c90/111 lr:0.000087 t:6.8s
tttg: c91/111 lr:0.000079 t:6.9s
tttg: c92/111 lr:0.000072 t:6.9s
tttg: c93/111 lr:0.000065 t:7.0s
tttg: c94/111 lr:0.000058 t:7.1s
tttg: c95/111 lr:0.000051 t:7.2s
tttg: c96/111 lr:0.000045 t:7.2s
tttg: c97/111 lr:0.000039 t:7.3s
tttg: c98/111 lr:0.000034 t:7.4s
tttg: c99/111 lr:0.000029 t:7.4s
tttg: c100/111 lr:0.000024 t:7.5s
tttg: c101/111 lr:0.000020 t:7.6s
tttg: c102/111 lr:0.000016 t:7.7s
tttg: c103/111 lr:0.000013 t:7.7s
tttg: c104/111 lr:0.000010 t:7.8s
tttg: c105/111 lr:0.000007 t:7.9s
tttg: c106/111 lr:0.000005 t:8.0s
tttg: c107/111 lr:0.000003 t:8.0s
tttg: c108/111 lr:0.000002 t:8.1s
tttg: c109/111 lr:0.000001 t:8.2s
tttg: c110/111 lr:0.000000 t:8.2s
ttpr: phase:1/3 t:176.4s
ttp: b762/782 bl:2.3618 bb:1.0937 rl:2.2726 rb:1.0853 dl:4032-4142 gd:0
ttpp: phase:2/3 pd:1808 gd:1333 t:239.8s
tttg: c1/185 lr:0.001000 t:0.1s
tttg: c2/185 lr:0.001000 t:0.2s
tttg: c3/185 lr:0.001000 t:0.2s
tttg: c4/185 lr:0.000999 t:0.3s
tttg: c5/185 lr:0.000999 t:0.4s
tttg: c6/185 lr:0.000998 t:0.5s
tttg: c7/185 lr:0.000997 t:0.5s
tttg: c8/185 lr:0.000996 t:0.6s
tttg: c9/185 lr:0.000995 t:0.7s
tttg: c10/185 lr:0.000994 t:0.7s
tttg: c11/185 lr:0.000993 t:0.8s
tttg: c12/185 lr:0.000991 t:0.9s
tttg: c13/185 lr:0.000990 t:1.0s
tttg: c14/185 lr:0.000988 t:1.0s
tttg: c15/185 lr:0.000986 t:1.1s
tttg: c16/185 lr:0.000984 t:1.2s
tttg: c17/185 lr:0.000981 t:1.3s
tttg: c18/185 lr:0.000979 t:1.3s
tttg: c19/185 lr:0.000977 t:1.4s
tttg: c20/185 lr:0.000974 t:1.5s
tttg: c21/185 lr:0.000971 t:1.6s
tttg: c22/185 lr:0.000968 t:1.6s
tttg: c23/185 lr:0.000965 t:1.7s
tttg: c24/185 lr:0.000962 t:1.8s
tttg: c25/185 lr:0.000959 t:1.9s
tttg: c26/185 lr:0.000955 t:1.9s
tttg: c27/185 lr:0.000952 t:2.0s
tttg: c28/185 lr:0.000948 t:2.1s
tttg: c29/185 lr:0.000944 t:2.2s
tttg: c30/185 lr:0.000940 t:2.2s
tttg: c31/185 lr:0.000936 t:2.3s
tttg: c32/185 lr:0.000932 t:2.4s
tttg: c33/185 lr:0.000927 t:2.5s
tttg: c34/185 lr:0.000923 t:2.5s
tttg: c35/185 lr:0.000918 t:2.6s
tttg: c36/185 lr:0.000913 t:2.7s
tttg: c37/185 lr:0.000908 t:2.8s
tttg: c38/185 lr:0.000904 t:2.8s
tttg: c39/185 lr:0.000898 t:2.9s
tttg: c40/185 lr:0.000893 t:3.0s
tttg: c41/185 lr:0.000888 t:3.1s
tttg: c42/185 lr:0.000882 t:3.1s
tttg: c43/185 lr:0.000877 t:3.2s
tttg: c44/185 lr:0.000871 t:3.3s
tttg: c45/185 lr:0.000865 t:3.4s
tttg: c46/185 lr:0.000860 t:3.4s
tttg: c47/185 lr:0.000854 t:3.5s
tttg: c48/185 lr:0.000847 t:3.6s
tttg: c49/185 lr:0.000841 t:3.7s
tttg: c50/185 lr:0.000835 t:3.7s
tttg: c51/185 lr:0.000829 t:3.8s
tttg: c52/185 lr:0.000822 t:3.9s
tttg: c53/185 lr:0.000816 t:4.0s
tttg: c54/185 lr:0.000809 t:4.0s
tttg: c55/185 lr:0.000802 t:4.1s
tttg: c56/185 lr:0.000795 t:4.2s
tttg: c57/185 lr:0.000788 t:4.3s
tttg: c58/185 lr:0.000781 t:4.3s
tttg: c59/185 lr:0.000774 t:4.4s
tttg: c60/185 lr:0.000767 t:4.5s
tttg: c61/185 lr:0.000760 t:4.6s
tttg: c62/185 lr:0.000752 t:4.6s
tttg: c63/185 lr:0.000745 t:4.7s
tttg: c64/185 lr:0.000738 t:4.8s
tttg: c65/185 lr:0.000730 t:4.9s
tttg: c66/185 lr:0.000722 t:4.9s
tttg: c67/185 lr:0.000715 t:5.0s
tttg: c68/185 lr:0.000707 t:5.1s
tttg: c69/185 lr:0.000699 t:5.2s
tttg: c70/185 lr:0.000691 t:5.2s
tttg: c71/185 lr:0.000683 t:5.3s
tttg: c72/185 lr:0.000675 t:5.4s
tttg: c73/185 lr:0.000667 t:5.5s
tttg: c74/185 lr:0.000659 t:5.5s
tttg: c75/185 lr:0.000651 t:5.6s
tttg: c76/185 lr:0.000643 t:5.7s
tttg: c77/185 lr:0.000635 t:5.8s
tttg: c78/185 lr:0.000627 t:5.9s
tttg: c79/185 lr:0.000618 t:5.9s
tttg: c80/185 lr:0.000610 t:6.0s
tttg: c81/185 lr:0.000602 t:6.1s
tttg: c82/185 lr:0.000593 t:6.2s
tttg: c83/185 lr:0.000585 t:6.3s
tttg: c84/185 lr:0.000577 t:6.4s
tttg: c85/185 lr:0.000568 t:6.5s
tttg: c86/185 lr:0.000560 t:6.6s
tttg: c87/185 lr:0.000551 t:6.6s
tttg: c88/185 lr:0.000543 t:6.7s
tttg: c89/185 lr:0.000534 t:6.8s
tttg: c90/185 lr:0.000526 t:6.9s
tttg: c91/185 lr:0.000517 t:7.0s
tttg: c92/185 lr:0.000509 t:7.1s
tttg: c93/185 lr:0.000500 t:7.2s
tttg: c94/185 lr:0.000491 t:7.2s
tttg: c95/185 lr:0.000483 t:7.3s
tttg: c96/185 lr:0.000474 t:7.4s
tttg: c97/185 lr:0.000466 t:7.5s
tttg: c98/185 lr:0.000457 t:7.6s
tttg: c99/185 lr:0.000449 t:7.7s
tttg: c100/185 lr:0.000440 t:7.8s
tttg: c101/185 lr:0.000432 t:7.9s
tttg: c102/185 lr:0.000423 t:7.9s
tttg: c103/185 lr:0.000415 t:8.0s
tttg: c104/185 lr:0.000407 t:8.1s
tttg: c105/185 lr:0.000398 t:8.2s
tttg: c106/185 lr:0.000390 t:8.3s
tttg: c107/185 lr:0.000382 t:8.4s
tttg: c108/185 lr:0.000373 t:8.5s
tttg: c109/185 lr:0.000365 t:8.6s
tttg: c110/185 lr:0.000357 t:8.6s
tttg: c111/185 lr:0.000349 t:8.7s
tttg: c112/185 lr:0.000341 t:8.8s
tttg: c113/185 lr:0.000333 t:8.9s
tttg: c114/185 lr:0.000325 t:8.9s
tttg: c115/185 lr:0.000317 t:9.0s
tttg: c116/185 lr:0.000309 t:9.1s
tttg: c117/185 lr:0.000301 t:9.2s
tttg: c118/185 lr:0.000293 t:9.2s
tttg: c119/185 lr:0.000285 t:9.3s
tttg: c120/185 lr:0.000278 t:9.4s
tttg: c121/185 lr:0.000270 t:9.5s
tttg: c122/185 lr:0.000262 t:9.5s
tttg: c123/185 lr:0.000255 t:9.6s
tttg: c124/185 lr:0.000248 t:9.7s
tttg: c125/185 lr:0.000240 t:9.8s
tttg: c126/185 lr:0.000233 t:9.8s
tttg: c127/185 lr:0.000226 t:9.9s
tttg: c128/185 lr:0.000219 t:10.0s
tttg: c129/185 lr:0.000212 t:10.0s
tttg: c130/185 lr:0.000205 t:10.1s
tttg: c131/185 lr:0.000198 t:10.2s
tttg: c132/185 lr:0.000191 t:10.3s
tttg: c133/185 lr:0.000184 t:10.4s
tttg: c134/185 lr:0.000178 t:10.4s
tttg: c135/185 lr:0.000171 t:10.5s
tttg: c136/185 lr:0.000165 t:10.6s
tttg: c137/185 lr:0.000159 t:10.7s
tttg: c138/185 lr:0.000153 t:10.7s
tttg: c139/185 lr:0.000146 t:10.8s
tttg: c140/185 lr:0.000140 t:10.9s
tttg: c141/185 lr:0.000135 t:11.0s
tttg: c142/185 lr:0.000129 t:11.0s
tttg: c143/185 lr:0.000123 t:11.1s
tttg: c144/185 lr:0.000118 t:11.2s
tttg: c145/185 lr:0.000112 t:11.3s
tttg: c146/185 lr:0.000107 t:11.3s
tttg: c147/185 lr:0.000102 t:11.4s
tttg: c148/185 lr:0.000096 t:11.5s
tttg: c149/185 lr:0.000092 t:11.6s
tttg: c150/185 lr:0.000087 t:11.7s
tttg: c151/185 lr:0.000082 t:11.7s
tttg: c152/185 lr:0.000077 t:11.8s
tttg: c153/185 lr:0.000073 t:11.9s
tttg: c154/185 lr:0.000068 t:11.9s
tttg: c155/185 lr:0.000064 t:12.0s
tttg: c156/185 lr:0.000060 t:12.1s
tttg: c157/185 lr:0.000056 t:12.2s
tttg: c158/185 lr:0.000052 t:12.3s
tttg: c159/185 lr:0.000048 t:12.3s
tttg: c160/185 lr:0.000045 t:12.4s
tttg: c161/185 lr:0.000041 t:12.5s
tttg: c162/185 lr:0.000038 t:12.6s
tttg: c163/185 lr:0.000035 t:12.6s
tttg: c164/185 lr:0.000032 t:12.7s
tttg: c165/185 lr:0.000029 t:12.8s
tttg: c166/185 lr:0.000026 t:12.8s
tttg: c167/185 lr:0.000023 t:12.9s
tttg: c168/185 lr:0.000021 t:13.0s
tttg: c169/185 lr:0.000019 t:13.1s
tttg: c170/185 lr:0.000016 t:13.2s
tttg: c171/185 lr:0.000014 t:13.2s
tttg: c172/185 lr:0.000012 t:13.3s
tttg: c173/185 lr:0.000010 t:13.4s
tttg: c174/185 lr:0.000009 t:13.5s
tttg: c175/185 lr:0.000007 t:13.5s
tttg: c176/185 lr:0.000006 t:13.6s
tttg: c177/185 lr:0.000005 t:13.7s
tttg: c178/185 lr:0.000004 t:13.8s
tttg: c179/185 lr:0.000003 t:13.8s
tttg: c180/185 lr:0.000002 t:13.9s
tttg: c181/185 lr:0.000001 t:14.0s
tttg: c182/185 lr:0.000001 t:14.0s
tttg: c183/185 lr:0.000000 t:14.1s
tttg: c184/185 lr:0.000000 t:14.2s
ttpr: phase:2/3 t:255.9s
ttp: b753/782 bl:2.2289 bb:1.0062 rl:2.2660 rb:1.0728 dl:3284-3344 gd:0
ttpp: phase:3/3 pd:2448 gd:2000 t:272.9s
tttg: c1/250 lr:0.001000 t:0.1s
tttg: c2/250 lr:0.001000 t:0.2s
tttg: c3/250 lr:0.001000 t:0.2s
tttg: c4/250 lr:0.001000 t:0.3s
tttg: c5/250 lr:0.000999 t:0.4s
tttg: c6/250 lr:0.000999 t:0.4s
tttg: c7/250 lr:0.000999 t:0.5s
tttg: c8/250 lr:0.000998 t:0.6s
tttg: c9/250 lr:0.000997 t:0.7s
tttg: c10/250 lr:0.000997 t:0.7s
tttg: c11/250 lr:0.000996 t:0.8s
tttg: c12/250 lr:0.000995 t:0.9s
tttg: c13/250 lr:0.000994 t:1.0s
tttg: c14/250 lr:0.000993 t:1.0s
tttg: c15/250 lr:0.000992 t:1.1s
tttg: c16/250 lr:0.000991 t:1.2s
tttg: c17/250 lr:0.000990 t:1.3s
tttg: c18/250 lr:0.000989 t:1.3s
tttg: c19/250 lr:0.000987 t:1.4s
tttg: c20/250 lr:0.000986 t:1.5s
tttg: c21/250 lr:0.000984 t:1.6s
tttg: c22/250 lr:0.000983 t:1.6s
tttg: c23/250 lr:0.000981 t:1.7s
tttg: c24/250 lr:0.000979 t:1.8s
tttg: c25/250 lr:0.000977 t:1.9s
tttg: c26/250 lr:0.000975 t:1.9s
tttg: c27/250 lr:0.000973 t:2.0s
tttg: c28/250 lr:0.000971 t:2.1s
tttg: c29/250 lr:0.000969 t:2.2s
tttg: c30/250 lr:0.000967 t:2.2s
tttg: c31/250 lr:0.000965 t:2.3s
tttg: c32/250 lr:0.000962 t:2.4s
tttg: c33/250 lr:0.000960 t:2.5s
tttg: c34/250 lr:0.000957 t:2.5s
tttg: c35/250 lr:0.000955 t:2.6s
tttg: c36/250 lr:0.000952 t:2.7s
tttg: c37/250 lr:0.000949 t:2.8s
tttg: c38/250 lr:0.000947 t:2.8s
tttg: c39/250 lr:0.000944 t:2.9s
tttg: c40/250 lr:0.000941 t:3.0s
tttg: c41/250 lr:0.000938 t:3.1s
tttg: c42/250 lr:0.000935 t:3.1s
tttg: c43/250 lr:0.000931 t:3.2s
tttg: c44/250 lr:0.000928 t:3.3s
tttg: c45/250 lr:0.000925 t:3.4s
tttg: c46/250 lr:0.000922 t:3.4s
tttg: c47/250 lr:0.000918 t:3.5s
tttg: c48/250 lr:0.000915 t:3.6s
tttg: c49/250 lr:0.000911 t:3.7s
tttg: c50/250 lr:0.000907 t:3.7s
tttg: c51/250 lr:0.000904 t:3.8s
tttg: c52/250 lr:0.000900 t:3.9s
tttg: c53/250 lr:0.000896 t:4.0s
tttg: c54/250 lr:0.000892 t:4.1s
tttg: c55/250 lr:0.000888 t:4.1s
tttg: c56/250 lr:0.000884 t:4.2s
tttg: c57/250 lr:0.000880 t:4.3s
tttg: c58/250 lr:0.000876 t:4.4s
tttg: c59/250 lr:0.000872 t:4.4s
tttg: c60/250 lr:0.000868 t:4.5s
tttg: c61/250 lr:0.000863 t:4.6s
tttg: c62/250 lr:0.000859 t:4.7s
tttg: c63/250 lr:0.000855 t:4.7s
tttg: c64/250 lr:0.000850 t:4.8s
tttg: c65/250 lr:0.000846 t:4.9s
tttg: c66/250 lr:0.000841 t:5.0s
tttg: c67/250 lr:0.000836 t:5.0s
tttg: c68/250 lr:0.000832 t:5.1s
tttg: c69/250 lr:0.000827 t:5.2s
tttg: c70/250 lr:0.000822 t:5.2s
tttg: c71/250 lr:0.000817 t:5.3s
tttg: c72/250 lr:0.000812 t:5.4s
tttg: c73/250 lr:0.000807 t:5.5s
tttg: c74/250 lr:0.000803 t:5.5s
tttg: c75/250 lr:0.000797 t:5.6s
tttg: c76/250 lr:0.000792 t:5.7s
tttg: c77/250 lr:0.000787 t:5.8s
tttg: c78/250 lr:0.000782 t:5.8s
tttg: c79/250 lr:0.000777 t:5.9s
tttg: c80/250 lr:0.000772 t:6.0s
tttg: c81/250 lr:0.000766 t:6.1s
tttg: c82/250 lr:0.000761 t:6.2s
tttg: c83/250 lr:0.000755 t:6.2s
tttg: c84/250 lr:0.000750 t:6.3s
tttg: c85/250 lr:0.000745 t:6.4s
tttg: c86/250 lr:0.000739 t:6.4s
tttg: c87/250 lr:0.000733 t:6.5s
tttg: c88/250 lr:0.000728 t:6.6s
tttg: c89/250 lr:0.000722 t:6.7s
tttg: c90/250 lr:0.000717 t:6.7s
tttg: c91/250 lr:0.000711 t:6.8s
tttg: c92/250 lr:0.000705 t:6.9s
tttg: c93/250 lr:0.000699 t:7.0s
tttg: c94/250 lr:0.000694 t:7.1s
tttg: c95/250 lr:0.000688 t:7.1s
tttg: c96/250 lr:0.000682 t:7.2s
tttg: c97/250 lr:0.000676 t:7.3s
tttg: c98/250 lr:0.000670 t:7.3s
tttg: c99/250 lr:0.000664 t:7.4s
tttg: c100/250 lr:0.000658 t:7.5s
tttg: c101/250 lr:0.000652 t:7.6s
tttg: c102/250 lr:0.000646 t:7.6s
tttg: c103/250 lr:0.000640 t:7.7s
tttg: c104/250 lr:0.000634 t:7.8s
tttg: c105/250 lr:0.000628 t:7.9s
tttg: c106/250 lr:0.000622 t:7.9s
tttg: c107/250 lr:0.000616 t:8.0s
tttg: c108/250 lr:0.000610 t:8.1s
tttg: c109/250 lr:0.000603 t:8.2s
tttg: c110/250 lr:0.000597 t:8.2s
tttg: c111/250 lr:0.000591 t:8.3s
tttg: c112/250 lr:0.000585 t:8.4s
tttg: c113/250 lr:0.000579 t:8.5s
tttg: c114/250 lr:0.000572 t:8.5s
tttg: c115/250 lr:0.000566 t:8.6s
tttg: c116/250 lr:0.000560 t:8.7s
tttg: c117/250 lr:0.000554 t:8.8s
tttg: c118/250 lr:0.000547 t:8.8s
tttg: c119/250 lr:0.000541 t:8.9s
tttg: c120/250 lr:0.000535 t:9.0s
tttg: c121/250 lr:0.000528 t:9.1s
tttg: c122/250 lr:0.000522 t:9.1s
tttg: c123/250 lr:0.000516 t:9.2s
tttg: c124/250 lr:0.000509 t:9.3s
tttg: c125/250 lr:0.000503 t:9.4s
tttg: c126/250 lr:0.000497 t:9.4s
tttg: c127/250 lr:0.000491 t:9.5s
tttg: c128/250 lr:0.000484 t:9.6s
tttg: c129/250 lr:0.000478 t:9.7s
tttg: c130/250 lr:0.000472 t:9.7s
tttg: c131/250 lr:0.000465 t:9.8s
tttg: c132/250 lr:0.000459 t:9.9s
tttg: c133/250 lr:0.000453 t:10.0s
tttg: c134/250 lr:0.000446 t:10.0s
tttg: c135/250 lr:0.000440 t:10.1s
tttg: c136/250 lr:0.000434 t:10.2s
tttg: c137/250 lr:0.000428 t:10.3s
tttg: c138/250 lr:0.000421 t:10.3s
tttg: c139/250 lr:0.000415 t:10.4s
tttg: c140/250 lr:0.000409 t:10.5s
tttg: c141/250 lr:0.000403 t:10.6s
tttg: c142/250 lr:0.000397 t:10.6s
tttg: c143/250 lr:0.000390 t:10.7s
tttg: c144/250 lr:0.000384 t:10.8s
tttg: c145/250 lr:0.000378 t:10.9s
tttg: c146/250 lr:0.000372 t:10.9s
tttg: c147/250 lr:0.000366 t:11.0s
tttg: c148/250 lr:0.000360 t:11.1s
tttg: c149/250 lr:0.000354 t:11.2s
tttg: c150/250 lr:0.000348 t:11.2s
tttg: c151/250 lr:0.000342 t:11.3s
tttg: c152/250 lr:0.000336 t:11.4s
tttg: c153/250 lr:0.000330 t:11.5s
tttg: c154/250 lr:0.000324 t:11.5s
tttg: c155/250 lr:0.000318 t:11.6s
tttg: c156/250 lr:0.000312 t:11.7s
tttg: c157/250 lr:0.000306 t:11.8s
tttg: c158/250 lr:0.000301 t:11.8s
tttg: c159/250 lr:0.000295 t:11.9s
tttg: c160/250 lr:0.000289 t:12.0s
tttg: c161/250 lr:0.000283 t:12.1s
tttg: c162/250 lr:0.000278 t:12.2s
tttg: c163/250 lr:0.000272 t:12.2s
tttg: c164/250 lr:0.000267 t:12.3s
tttg: c165/250 lr:0.000261 t:12.4s
tttg: c166/250 lr:0.000255 t:12.5s
tttg: c167/250 lr:0.000250 t:12.5s
tttg: c168/250 lr:0.000245 t:12.6s
tttg: c169/250 lr:0.000239 t:12.7s
tttg: c170/250 lr:0.000234 t:12.8s
tttg: c171/250 lr:0.000228 t:12.8s
tttg: c172/250 lr:0.000223 t:12.9s
tttg: c173/250 lr:0.000218 t:13.0s
tttg: c174/250 lr:0.000213 t:13.1s
tttg: c175/250 lr:0.000208 t:13.1s
tttg: c176/250 lr:0.000203 t:13.2s
tttg: c177/250 lr:0.000197 t:13.3s
tttg: c178/250 lr:0.000193 t:13.4s
tttg: c179/250 lr:0.000188 t:13.4s
tttg: c180/250 lr:0.000183 t:13.5s
tttg: c181/250 lr:0.000178 t:13.6s
tttg: c182/250 lr:0.000173 t:13.7s
tttg: c183/250 lr:0.000168 t:13.7s
tttg: c184/250 lr:0.000164 t:13.8s
tttg: c185/250 lr:0.000159 t:13.9s
tttg: c186/250 lr:0.000154 t:14.0s
tttg: c187/250 lr:0.000150 t:14.0s
tttg: c188/250 lr:0.000145 t:14.1s
tttg: c189/250 lr:0.000141 t:14.2s
tttg: c190/250 lr:0.000137 t:14.3s
tttg: c191/250 lr:0.000132 t:14.3s
tttg: c192/250 lr:0.000128 t:14.4s
tttg: c193/250 lr:0.000124 t:14.5s
tttg: c194/250 lr:0.000120 t:14.6s
tttg: c195/250 lr:0.000116 t:14.6s
tttg: c196/250 lr:0.000112 t:14.7s
tttg: c197/250 lr:0.000108 t:14.8s
tttg: c198/250 lr:0.000104 t:14.9s
tttg: c199/250 lr:0.000100 t:14.9s
tttg: c200/250 lr:0.000096 t:15.0s
tttg: c201/250 lr:0.000093 t:15.1s
tttg: c202/250 lr:0.000089 t:15.2s
tttg: c203/250 lr:0.000085 t:15.2s
tttg: c204/250 lr:0.000082 t:15.3s
tttg: c205/250 lr:0.000078 t:15.4s
tttg: c206/250 lr:0.000075 t:15.5s
tttg: c207/250 lr:0.000072 t:15.5s
tttg: c208/250 lr:0.000069 t:15.6s
tttg: c209/250 lr:0.000065 t:15.7s
tttg: c210/250 lr:0.000062 t:15.8s
tttg: c211/250 lr:0.000059 t:15.8s
tttg: c212/250 lr:0.000056 t:15.9s
tttg: c213/250 lr:0.000053 t:16.0s
tttg: c214/250 lr:0.000051 t:16.1s
tttg: c215/250 lr:0.000048 t:16.2s
tttg: c216/250 lr:0.000045 t:16.2s
tttg: c217/250 lr:0.000043 t:16.3s
tttg: c218/250 lr:0.000040 t:16.4s
tttg: c219/250 lr:0.000038 t:16.4s
tttg: c220/250 lr:0.000035 t:16.5s
tttg: c221/250 lr:0.000033 t:16.6s
tttg: c222/250 lr:0.000031 t:16.7s
tttg: c223/250 lr:0.000029 t:16.7s
tttg: c224/250 lr:0.000027 t:16.8s
tttg: c225/250 lr:0.000025 t:16.9s
tttg: c226/250 lr:0.000023 t:17.0s
tttg: c227/250 lr:0.000021 t:17.0s
tttg: c228/250 lr:0.000019 t:17.1s
tttg: c229/250 lr:0.000017 t:17.2s
tttg: c230/250 lr:0.000016 t:17.3s
tttg: c231/250 lr:0.000014 t:17.3s
tttg: c232/250 lr:0.000013 t:17.4s
tttg: c233/250 lr:0.000011 t:17.5s
tttg: c234/250 lr:0.000010 t:17.6s
tttg: c235/250 lr:0.000009 t:17.6s
tttg: c236/250 lr:0.000008 t:17.7s
tttg: c237/250 lr:0.000007 t:17.8s
tttg: c238/250 lr:0.000006 t:17.9s
tttg: c239/250 lr:0.000005 t:17.9s
tttg: c240/250 lr:0.000004 t:18.0s
tttg: c241/250 lr:0.000003 t:18.1s
tttg: c242/250 lr:0.000003 t:18.2s
tttg: c243/250 lr:0.000002 t:18.3s
tttg: c244/250 lr:0.000001 t:18.3s
tttg: c245/250 lr:0.000001 t:18.4s
tttg: c246/250 lr:0.000001 t:18.5s
tttg: c247/250 lr:0.000000 t:18.6s
tttg: c248/250 lr:0.000000 t:18.6s
tttg: c249/250 lr:0.000000 t:18.7s
ttpr: phase:3/3 t:293.4s
ttp: b736/782 bl:2.2540 bb:1.0619 rl:2.2648 rb:1.0717 dl:2526-2550 gd:1
ttp: b734/782 bl:2.2755 bb:1.0352 rl:2.2658 rb:1.0682 dl:2469-2495 gd:1
ttp: b727/782 bl:2.2773 bb:1.0495 rl:2.2667 rb:1.0667 dl:2277-2305 gd:1
ttp: b714/782 bl:2.3188 bb:1.0271 rl:2.2700 rb:1.0640 dl:2018-2035 gd:1
ttp: b709/782 bl:2.4589 bb:1.0999 rl:2.2810 rb:1.0662 dl:1937-1952 gd:1
ttp: b701/782 bl:2.3218 bb:1.0410 rl:2.2832 rb:1.0649 dl:1835-1847 gd:1
ttp: b690/782 bl:2.3078 bb:1.0714 rl:2.2843 rb:1.0652 dl:1715-1725 gd:1
ttp: b687/782 bl:2.3223 bb:1.0605 rl:2.2860 rb:1.0649 dl:1685-1696 gd:1
ttp: b673/782 bl:2.3761 bb:1.0666 rl:2.2895 rb:1.0650 dl:1562-1571 gd:1
ttp: b670/782 bl:2.3548 bb:1.0716 rl:2.2919 rb:1.0653 dl:1537-1544 gd:1
ttp: b656/782 bl:2.3382 bb:1.1155 rl:2.2934 rb:1.0669 dl:1439-1445 gd:1
ttp: b649/782 bl:2.2941 bb:1.0200 rl:2.2935 rb:1.0654 dl:1392-1398 gd:1
ttp: b640/782 bl:2.3182 bb:1.0560 rl:2.2942 rb:1.0651 dl:1337-1343 gd:1
ttp: b636/782 bl:2.3932 bb:1.0726 rl:2.2970 rb:1.0653 dl:1314-1320 gd:1
ttp: b627/782 bl:2.3897 bb:1.0759 rl:2.2994 rb:1.0656 dl:1266-1271 gd:1
ttp: b619/782 bl:2.3364 bb:1.0655 rl:2.3003 rb:1.0656 dl:1221-1226 gd:1
ttp: b611/782 bl:2.3050 bb:1.0293 rl:2.3004 rb:1.0647 dl:1182-1186 gd:1
ttp: b603/782 bl:2.4358 bb:1.0669 rl:2.3034 rb:1.0648 dl:1146-1150 gd:1
ttp: b599/782 bl:2.3749 bb:1.0743 rl:2.3049 rb:1.0650 dl:1129-1133 gd:1
ttp: b590/782 bl:2.3207 bb:1.0634 rl:2.3052 rb:1.0649 dl:1089-1093 gd:1
ttp: b582/782 bl:2.3575 bb:1.0355 rl:2.3062 rb:1.0643 dl:1056-1060 gd:1
ttp: b569/782 bl:2.3162 bb:1.0473 rl:2.3064 rb:1.0640 dl:1007-1010 gd:1
ttp: b560/782 bl:2.2804 bb:1.0148 rl:2.3060 rb:1.0632 dl:975-979 gd:1
ttp: b552/782 bl:2.2847 bb:1.0235 rl:2.3056 rb:1.0625 dl:949-952 gd:1
ttp: b545/782 bl:2.3420 bb:1.0356 rl:2.3062 rb:1.0621 dl:927-930 gd:1
ttp: b536/782 bl:2.3265 bb:1.0476 rl:2.3065 rb:1.0618 dl:899-902 gd:1
ttp: b532/782 bl:2.4030 bb:1.0732 rl:2.3079 rb:1.0620 dl:887-889 gd:1
ttp: b524/782 bl:2.3838 bb:1.0710 rl:2.3090 rb:1.0621 dl:863-866 gd:1
ttp: b514/782 bl:2.3162 bb:1.0692 rl:2.3090 rb:1.0622 dl:835-838 gd:1
ttp: b506/782 bl:2.3598 bb:1.0190 rl:2.3097 rb:1.0616 dl:812-814 gd:1
ttp: b503/782 bl:2.3578 bb:1.0682 rl:2.3103 rb:1.0617 dl:804-807 gd:1
ttp: b495/782 bl:2.3226 bb:1.0375 rl:2.3104 rb:1.0614 dl:783-785 gd:1
ttp: b487/782 bl:2.2890 bb:1.0718 rl:2.3102 rb:1.0615 dl:764-766 gd:1
ttp: b477/782 bl:2.4173 bb:1.0410 rl:2.3114 rb:1.0613 dl:740-742 gd:1
ttp: b469/782 bl:2.3396 bb:1.0289 rl:2.3117 rb:1.0609 dl:721-724 gd:1
ttp: b458/782 bl:2.2141 bb:1.0268 rl:2.3107 rb:1.0606 dl:697-700 gd:1
ttp: b450/782 bl:2.3750 bb:1.0411 rl:2.3113 rb:1.0604 dl:680-682 gd:1
ttp: b442/782 bl:2.2652 bb:1.0337 rl:2.3109 rb:1.0601 dl:664-666 gd:1
ttp: b437/782 bl:2.3041 bb:1.0601 rl:2.3108 rb:1.0601 dl:653-655 gd:1
ttp: b429/782 bl:2.2507 bb:1.0265 rl:2.3103 rb:1.0598 dl:638-640 gd:1
ttp: b421/782 bl:2.3001 bb:1.0070 rl:2.3102 rb:1.0593 dl:622-624 gd:1
ttp: b415/782 bl:2.2915 bb:1.0614 rl:2.3100 rb:1.0594 dl:611-613 gd:1
ttp: b407/782 bl:2.2825 bb:1.0449 rl:2.3098 rb:1.0592 dl:595-597 gd:1
ttp: b399/782 bl:2.2961 bb:1.0362 rl:2.3097 rb:1.0591 dl:581-582 gd:1
ttp: b387/782 bl:2.3693 bb:1.0867 rl:2.3101 rb:1.0593 dl:559-561 gd:1
ttp: b379/782 bl:2.4327 bb:1.0936 rl:2.3111 rb:1.0595 dl:545-547 gd:1
ttp: b371/782 bl:2.2695 bb:1.1082 rl:2.3108 rb:1.0598 dl:532-533 gd:1
ttp: b364/782 bl:2.3530 bb:1.0640 rl:2.3110 rb:1.0599 dl:521-522 gd:1
ttp: b357/782 bl:2.3402 bb:1.0729 rl:2.3112 rb:1.0600 dl:508-510 gd:1
ttp: b350/782 bl:2.3329 bb:1.0602 rl:2.3114 rb:1.0600 dl:497-498 gd:1
ttp: b343/782 bl:2.2309 bb:1.0499 rl:2.3109 rb:1.0599 dl:486-488 gd:1
ttp: b335/782 bl:2.3790 bb:1.0777 rl:2.3113 rb:1.0600 dl:474-476 gd:1
ttp: b327/782 bl:2.3452 bb:1.0904 rl:2.3115 rb:1.0602 dl:462-463 gd:1
ttp: b319/782 bl:2.4041 bb:1.0840 rl:2.3120 rb:1.0603 dl:450-451 gd:1
ttp: b311/782 bl:2.3575 bb:1.0866 rl:2.3123 rb:1.0605 dl:438-439 gd:1
ttp: b303/782 bl:2.4051 bb:1.0970 rl:2.3128 rb:1.0607 dl:426-427 gd:1
ttp: b295/782 bl:2.2721 bb:1.0659 rl:2.3126 rb:1.0607 dl:414-415 gd:1
ttp: b287/782 bl:2.4118 bb:1.0988 rl:2.3131 rb:1.0609 dl:402-403 gd:1
ttp: b279/782 bl:2.3240 bb:1.0981 rl:2.3131 rb:1.0611 dl:391-392 gd:1
ttp: b272/782 bl:2.3799 bb:1.0993 rl:2.3134 rb:1.0613 dl:382-383 gd:1
ttp: b265/782 bl:2.3693 bb:1.1024 rl:2.3137 rb:1.0614 dl:372-374 gd:1
ttp: b258/782 bl:2.4528 bb:1.1006 rl:2.3143 rb:1.0616 dl:364-365 gd:1
ttp: b251/782 bl:2.3766 bb:1.0987 rl:2.3146 rb:1.0618 dl:355-356 gd:1
ttp: b244/782 bl:2.3425 bb:1.1147 rl:2.3147 rb:1.0620 dl:346-347 gd:1
ttp: b237/782 bl:2.3445 bb:1.1013 rl:2.3148 rb:1.0621 dl:337-338 gd:1
ttp: b228/782 bl:2.3478 bb:1.0931 rl:2.3150 rb:1.0623 dl:327-328 gd:1
ttp: b220/782 bl:2.4240 bb:1.1469 rl:2.3154 rb:1.0626 dl:317-318 gd:1
ttp: b212/782 bl:2.3819 bb:1.0873 rl:2.3156 rb:1.0627 dl:308-309 gd:1
ttp: b204/782 bl:2.4731 bb:1.1604 rl:2.3162 rb:1.0630 dl:300-301 gd:1
ttp: b196/782 bl:2.4613 bb:1.1232 rl:2.3167 rb:1.0632 dl:291-292 gd:1
ttp: b188/782 bl:2.3514 bb:1.1041 rl:2.3168 rb:1.0634 dl:282-283 gd:1
ttp: b179/782 bl:2.3835 bb:1.1363 rl:2.3170 rb:1.0636 dl:273-274 gd:1
ttp: b172/782 bl:2.5321 bb:1.1609 rl:2.3177 rb:1.0639 dl:266-267 gd:1
ttp: b162/782 bl:2.4108 bb:1.1224 rl:2.3180 rb:1.0641 dl:256-257 gd:1
ttp: b153/782 bl:2.2640 bb:1.0472 rl:2.3178 rb:1.0640 dl:248-249 gd:1
ttp: b146/782 bl:2.4650 bb:1.1778 rl:2.3182 rb:1.0643 dl:241-242 gd:1
ttp: b139/782 bl:2.4396 bb:1.1365 rl:2.3186 rb:1.0645 dl:234-235 gd:1
ttp: b131/782 bl:2.4057 bb:1.1616 rl:2.3188 rb:1.0648 dl:227-228 gd:1
ttp: b125/782 bl:2.4854 bb:1.1451 rl:2.3192 rb:1.0650 dl:222-222 gd:1
ttp: b117/782 bl:2.4796 bb:1.2048 rl:2.3196 rb:1.0653 dl:214-215 gd:1
ttp: b110/782 bl:2.3860 bb:1.1323 rl:2.3198 rb:1.0655 dl:208-208 gd:1
ttp: b101/782 bl:2.5275 bb:1.1617 rl:2.3203 rb:1.0657 dl:200-201 gd:1
ttp: b93/782 bl:2.4881 bb:1.1934 rl:2.3206 rb:1.0659 dl:192-193 gd:1
ttp: b87/782 bl:2.4623 bb:1.1752 rl:2.3209 rb:1.0662 dl:187-188 gd:1
ttp: b79/782 bl:2.3998 bb:1.1472 rl:2.3211 rb:1.0663 dl:180-181 gd:1
ttp: b70/782 bl:2.5259 bb:1.2310 rl:2.3215 rb:1.0666 dl:172-173 gd:1
ttp: b63/782 bl:2.5299 bb:1.2068 rl:2.3219 rb:1.0669 dl:166-166 gd:1
ttp: b54/782 bl:2.4865 bb:1.2197 rl:2.3222 rb:1.0671 dl:157-158 gd:1
ttp: b46/782 bl:2.5563 bb:1.2206 rl:2.3226 rb:1.0674 dl:149-150 gd:1
ttp: b38/782 bl:2.6150 bb:1.1993 rl:2.3230 rb:1.0676 dl:141-142 gd:1
ttp: b30/782 bl:2.6043 bb:1.2698 rl:2.3235 rb:1.0679 dl:133-134 gd:1
ttp: b22/782 bl:2.5551 bb:1.1960 rl:2.3238 rb:1.0681 dl:124-126 gd:1
ttp: b13/782 bl:2.6799 bb:1.2141 rl:2.3242 rb:1.0683 dl:112-114 gd:1
ttp: b5/782 bl:2.7182 bb:1.2367 rl:2.3247 rb:1.0684 dl:96-99 gd:1
quantized_ttt_phased val_loss:2.33198782 val_bpb:1.06562743 eval_time:395504ms
total_eval_time:395.5s
[W419 09:46:36.518793301 AllocatorConfig.cpp:28] Warning: PYTORCH_CUDA_ALLOC_CONF is deprecated, use PYTORCH_ALLOC_CONF instead (function operator())
[W419 09:46:37.757945411 AllocatorConfig.cpp:28] Warning: PYTORCH_CUDA_ALLOC_CONF is deprecated, use PYTORCH_ALLOC_CONF instead (function operator())
[W419 09:46:37.784624485 AllocatorConfig.cpp:28] Warning: PYTORCH_CUDA_ALLOC_CONF is deprecated, use PYTORCH_ALLOC_CONF instead (function operator())
[W419 09:46:37.794735552 AllocatorConfig.cpp:28] Warning: PYTORCH_CUDA_ALLOC_CONF is deprecated, use PYTORCH_ALLOC_CONF instead (function operator())
[W419 09:46:37.846219870 AllocatorConfig.cpp:28] Warning: PYTORCH_CUDA_ALLOC_CONF is deprecated, use PYTORCH_ALLOC_CONF instead (function operator())
[W419 09:46:37.519785910 AllocatorConfig.cpp:28] Warning: PYTORCH_CUDA_ALLOC_CONF is deprecated, use PYTORCH_ALLOC_CONF instead (function operator())
[W419 09:46:37.584332966 AllocatorConfig.cpp:28] Warning: PYTORCH_CUDA_ALLOC_CONF is deprecated, use PYTORCH_ALLOC_CONF instead (function operator())
[W419 09:46:38.773266520 AllocatorConfig.cpp:28] Warning: PYTORCH_CUDA_ALLOC_CONF is deprecated, use PYTORCH_ALLOC_CONF instead (function operator())
[W419 09:46:39.134594631 AllocatorConfig.cpp:28] Warning: PYTORCH_CUDA_ALLOC_CONF is deprecated, use PYTORCH_ALLOC_CONF instead (function operator())
