
*****************************************
Setting OMP_NUM_THREADS environment variable for each process to be 1 in default, to avoid your system being overloaded, please further tune the variable for optimal performance in your application as needed. 
*****************************************
Hyperparameters:
  adam_eps: 1e-08
  adam_wd: 0.02
  artifact_dir: 
  attn_clip_sigmas: 13.0
  attn_out_gate_enabled: False
  attn_out_gate_src: proj
  beta1: 0.9
  beta2: 0.95
  caseops_enabled: True
  compressor: brotli
  data_dir: ./data
  datasets_dir: ./data/datasets/fineweb10B_sp8192_caseops/datasets/datasets/fineweb10B_sp8192_lossless_caps_caseops_v1_reserved
  distributed: True
  ema_decay: 0.9965
  embed_bits: 7
  embed_clip_sigmas: 15.0
  embed_lr: 0.6
  embed_wd: 0.085
  enable_looping_at: 0.35
  eval_seq_len: 2048
  eval_stride: 64
  gate_window: 12
  gated_attn_enabled: True
  gated_attn_init_std: 0.005
  gated_attn_quant_gate: True
  global_ttt_batch_seqs: 32
  global_ttt_chunk_tokens: 32768
  global_ttt_epochs: 1
  global_ttt_grad_clip: 1.0
  global_ttt_lr: 0.001
  global_ttt_momentum: 0.9
  global_ttt_respect_doc_boundaries: True
  global_ttt_warmup_chunks: 0
  global_ttt_warmup_start_lr: 0.0
  gptq_calibration_batches: 16
  gptq_reserve_seconds: 4.0
  grad_accum_steps: 1
  grad_clip_norm: 0.3
  is_main_process: True
  iterations: 20000
  ln_scale: True
  local_rank: 0
  logfile: logs/PR1530_gattn005_caseops_quantgate_s0.txt
  logit_softcap: 30.0
  loop_end: 5
  loop_start: 3
  matrix_bits: 6
  matrix_clip_sigmas: 12.85
  matrix_lr: 0.026
  max_wallclock_seconds: 600.0
  min_lr: 0.0
  mlp_clip_sigmas: 12.0
  mlp_mult: 4.0
  model_dim: 512
  model_path: final_model.pt
  muon_backend_steps: 5
  muon_momentum: 0.97
  muon_momentum_warmup_start: 0.92
  muon_momentum_warmup_steps: 1500
  muon_row_normalize: True
  muon_wd: 0.095
  num_heads: 8
  num_kv_heads: 4
  num_layers: 11
  num_loops: 2
  parallel_final_lane: mean
  parallel_start_layer: 8
  phased_ttt_num_phases: 3
  phased_ttt_prefix_docs: 2000
  qk_gain_init: 5.0
  quantized_model_path: final_model.int6.ptz
  rank: 0
  rope_base: 10000.0
  rope_dims: 16
  rope_train_seq_len: 2048
  rope_yarn: False
  run_id: PR1530_gattn005_caseops_quantgate_s0
  scalar_lr: 0.02
  seed: 0
  skip_gates_enabled: True
  smear_gate_enabled: False
  tie_embeddings: True
  tied_embed_init_std: 0.005
  tied_embed_lr: 0.03
  tokenizer_path: ./data/datasets/fineweb10B_sp8192_caseops/datasets/tokenizers/fineweb_8192_bpe_lossless_caps_caseops_v1_reserved.model
  train_batch_tokens: 786432
  train_files: ./data/datasets/fineweb10B_sp8192_caseops/datasets/datasets/fineweb10B_sp8192_lossless_caps_caseops_v1_reserved/fineweb_train_*.bin
  train_log_every: 500
  train_seq_len: 2048
  ttt_batch_size: 64
  ttt_beta1: 0.0
  ttt_beta2: 0.999
  ttt_chunk_size: 48
  ttt_enabled: True
  ttt_eval_batches: 
  ttt_eval_seq_len: 2048
  ttt_grad_steps: 1
  ttt_k_lora: True
  ttt_lora_lr: 0.0001
  ttt_lora_rank: 96
  ttt_mlp_lora: True
  ttt_o_lora: True
  ttt_optimizer: adam
  ttt_weight_decay: 0.5
  val_batch_tokens: 524288
  val_bytes_files: ./data/datasets/fineweb10B_sp8192_caseops/datasets/datasets/fineweb10B_sp8192_lossless_caps_caseops_v1_reserved/fineweb_val_bytes_*.bin
  val_doc_fraction: 1.0
  val_files: ./data/datasets/fineweb10B_sp8192_caseops/datasets/datasets/fineweb10B_sp8192_lossless_caps_caseops_v1_reserved/fineweb_val_*.bin
  val_loss_every: 4000
  vocab_size: 8192
  warmdown_frac: 0.75
  warmup_steps: 20
  world_size: 8
  xsa_last_n: 11
train_shards: 80
val_tokens: 47851520
model_params:35989658
gptq:reserving 4s, effective=596000ms
warmup_cu_buckets:64,128,192,256 iters_each:3
warmup_step: 1/20
warmup_step: 2/20
warmup_step: 3/20
warmup_step: 4/20
warmup_step: 5/20
warmup_step: 6/20
warmup_step: 10/20
warmup_step: 20/20
loop_warmup:enabled encoder:[0, 1, 2, 3, 4, 5, 3, 4] decoder:[5, 3, 4, 5, 6, 7, 8, 9, 10]
loop_warmup_step: 1/20
loop_warmup_step: 2/20
loop_warmup_step: 3/20
loop_warmup_step: 4/20
loop_warmup_step: 5/20
loop_warmup_step: 6/20
loop_warmup_step: 10/20
loop_warmup_step: 20/20
0/20000 val_loss: 9.0314 val_bpb: 4.1267
1/20000 train_loss: 9.0333 train_time: 0.0m tok/s: 12829435
2/20000 train_loss: 12.9221 train_time: 0.0m tok/s: 11466933
3/20000 train_loss: 10.1811 train_time: 0.0m tok/s: 10184728
4/20000 train_loss: 8.6205 train_time: 0.0m tok/s: 9658488
5/20000 train_loss: 7.8692 train_time: 0.0m tok/s: 9353707
500/20000 train_loss: 2.5866 train_time: 0.8m tok/s: 8103300
1000/20000 train_loss: 2.8104 train_time: 1.6m tok/s: 8075806
1500/20000 train_loss: 2.6392 train_time: 2.4m tok/s: 8054274
2000/20000 train_loss: 2.6685 train_time: 3.3m tok/s: 8050325
layer_loop:enabled step:2134 frac:0.350 encoder:[0, 1, 2, 3, 4, 5, 3, 4] decoder:[5, 3, 4, 5, 6, 7, 8, 9, 10]
2500/20000 train_loss: 2.5506 train_time: 4.3m tok/s: 7533117
3000/20000 train_loss: 2.5650 train_time: 5.5m tok/s: 7090969
3500/20000 train_loss: 2.5661 train_time: 6.7m tok/s: 6809108
4000/20000 train_loss: 2.4048 train_time: 7.9m tok/s: 6613894
4000/20000 val_loss: 2.4294 val_bpb: 1.1101
4500/20000 train_loss: 2.2793 train_time: 9.1m tok/s: 6468433
4843/20000 val_loss: 2.3380 val_bpb: 1.0683
stopping_early: wallclock_cap train_time: 596169ms step: 4843/20000
peak memory allocated: 40032 MiB reserved: 40040 MiB
ema:applying EMA weights
diagnostic pre-quantization post-ema val_loss:2.33687404 val_bpb:1.06779090 eval_time:6892ms
Serialized model: 135592891 bytes
Code size (uncompressed): 131887 bytes
Code size (compressed): 28025 bytes
GPTQ:collecting Hessians from calibration data...
GPTQ:collected 67 Hessians in 3.4s
Quantized weights:
  gate_int8_row: blocks.attn.attn_gate_w
  gptq (int6): blocks.attn.c_k.weight, blocks.attn.c_q.weight, blocks.attn.c_v.weight, blocks.attn.proj.weight, blocks.mlp.fc.weight, blocks.mlp.proj.weight
  gptq (int7): tok_emb.weight
  passthrough (float16): blocks.attn.q_gain, blocks.attn_scale, blocks.mlp_scale, blocks.resid_mix, parallel_post_lambdas, parallel_resid_lambdas, skip_gates, skip_weights
Serialized model quantized+brotli: 15943451 bytes
Total submission size quantized+brotli: 15971476 bytes
diagnostic quantized val_loss:2.35745273 val_bpb:1.07719395 eval_time:10152ms
ttt_lora:warming up compile (random tokens, no val data)
ttt_lora:compile warmup done (90.3s)

beginning TTT eval timer
ttt_phased: total_docs:50000 prefix_docs:2000 suffix_docs:48000 num_phases:3 boundaries:[666, 1333, 2000]
ttp: b775/782 bl:2.2858 bb:1.0627 rl:2.2858 rb:1.0627 dl:6892-7524 gd:0
ttp: b774/782 bl:2.2977 bb:1.0698 rl:2.2915 rb:1.0661 dl:6447-6872 gd:0
ttp: b769/782 bl:2.3366 bb:1.0877 rl:2.3038 rb:1.0720 dl:5097-5309 gd:0
ttpp: phase:1/3 pd:1104 gd:666 t:166.7s
tttg: c1/111 lr:0.001000 t:0.3s
tttg: c2/111 lr:0.001000 t:0.4s
tttg: c3/111 lr:0.000999 t:0.4s
tttg: c4/111 lr:0.000998 t:0.5s
tttg: c5/111 lr:0.000997 t:0.6s
tttg: c6/111 lr:0.000995 t:0.7s
tttg: c7/111 lr:0.000993 t:0.8s
tttg: c8/111 lr:0.000990 t:0.8s
tttg: c9/111 lr:0.000987 t:0.9s
tttg: c10/111 lr:0.000984 t:1.0s
tttg: c11/111 lr:0.000980 t:1.1s
tttg: c12/111 lr:0.000976 t:1.1s
tttg: c13/111 lr:0.000971 t:1.2s
tttg: c14/111 lr:0.000966 t:1.3s
tttg: c15/111 lr:0.000961 t:1.4s
tttg: c16/111 lr:0.000955 t:1.4s
tttg: c17/111 lr:0.000949 t:1.5s
tttg: c18/111 lr:0.000942 t:1.6s
tttg: c19/111 lr:0.000935 t:1.7s
tttg: c20/111 lr:0.000928 t:1.7s
tttg: c21/111 lr:0.000921 t:1.8s
tttg: c22/111 lr:0.000913 t:1.9s
tttg: c23/111 lr:0.000905 t:2.0s
tttg: c24/111 lr:0.000896 t:2.0s
tttg: c25/111 lr:0.000887 t:2.1s
tttg: c26/111 lr:0.000878 t:2.2s
tttg: c27/111 lr:0.000868 t:2.3s
tttg: c28/111 lr:0.000859 t:2.3s
tttg: c29/111 lr:0.000848 t:2.4s
tttg: c30/111 lr:0.000838 t:2.5s
tttg: c31/111 lr:0.000827 t:2.6s
tttg: c32/111 lr:0.000817 t:2.6s
tttg: c33/111 lr:0.000805 t:2.7s
tttg: c34/111 lr:0.000794 t:2.8s
tttg: c35/111 lr:0.000782 t:2.9s
tttg: c36/111 lr:0.000770 t:2.9s
tttg: c37/111 lr:0.000758 t:3.0s
tttg: c38/111 lr:0.000746 t:3.1s
tttg: c39/111 lr:0.000733 t:3.2s
tttg: c40/111 lr:0.000721 t:3.2s
tttg: c41/111 lr:0.000708 t:3.3s
tttg: c42/111 lr:0.000695 t:3.4s
tttg: c43/111 lr:0.000681 t:3.5s
tttg: c44/111 lr:0.000668 t:3.5s
tttg: c45/111 lr:0.000655 t:3.6s
tttg: c46/111 lr:0.000641 t:3.7s
tttg: c47/111 lr:0.000627 t:3.8s
tttg: c48/111 lr:0.000613 t:3.9s
tttg: c49/111 lr:0.000599 t:4.0s
tttg: c50/111 lr:0.000585 t:4.1s
tttg: c51/111 lr:0.000571 t:4.2s
tttg: c52/111 lr:0.000557 t:4.3s
tttg: c53/111 lr:0.000543 t:4.3s
tttg: c54/111 lr:0.000529 t:4.4s
tttg: c55/111 lr:0.000514 t:4.5s
tttg: c56/111 lr:0.000500 t:4.6s
tttg: c57/111 lr:0.000486 t:4.7s
tttg: c58/111 lr:0.000471 t:4.8s
tttg: c59/111 lr:0.000457 t:4.9s
tttg: c60/111 lr:0.000443 t:5.0s
tttg: c61/111 lr:0.000429 t:5.0s
tttg: c62/111 lr:0.000415 t:5.1s
tttg: c63/111 lr:0.000401 t:5.2s
tttg: c64/111 lr:0.000387 t:5.3s
tttg: c65/111 lr:0.000373 t:5.4s
tttg: c66/111 lr:0.000359 t:5.5s
tttg: c67/111 lr:0.000345 t:5.6s
tttg: c68/111 lr:0.000332 t:5.6s
tttg: c69/111 lr:0.000319 t:5.7s
tttg: c70/111 lr:0.000305 t:5.8s
tttg: c71/111 lr:0.000292 t:5.9s
tttg: c72/111 lr:0.000279 t:6.0s
tttg: c73/111 lr:0.000267 t:6.1s
tttg: c74/111 lr:0.000254 t:6.1s
tttg: c75/111 lr:0.000242 t:6.2s
tttg: c76/111 lr:0.000230 t:6.3s
tttg: c77/111 lr:0.000218 t:6.4s
tttg: c78/111 lr:0.000206 t:6.5s
tttg: c79/111 lr:0.000195 t:6.5s
tttg: c80/111 lr:0.000183 t:6.6s
tttg: c81/111 lr:0.000173 t:6.7s
tttg: c82/111 lr:0.000162 t:6.8s
tttg: c83/111 lr:0.000152 t:6.8s
tttg: c84/111 lr:0.000141 t:6.9s
tttg: c85/111 lr:0.000132 t:7.0s
tttg: c86/111 lr:0.000122 t:7.1s
tttg: c87/111 lr:0.000113 t:7.1s
tttg: c88/111 lr:0.000104 t:7.2s
tttg: c89/111 lr:0.000095 t:7.3s
tttg: c90/111 lr:0.000087 t:7.4s
tttg: c91/111 lr:0.000079 t:7.4s
tttg: c92/111 lr:0.000072 t:7.5s
tttg: c93/111 lr:0.000065 t:7.6s
tttg: c94/111 lr:0.000058 t:7.7s
tttg: c95/111 lr:0.000051 t:7.7s
tttg: c96/111 lr:0.000045 t:7.8s
tttg: c97/111 lr:0.000039 t:7.9s
tttg: c98/111 lr:0.000034 t:8.0s
tttg: c99/111 lr:0.000029 t:8.0s
tttg: c100/111 lr:0.000024 t:8.1s
tttg: c101/111 lr:0.000020 t:8.2s
tttg: c102/111 lr:0.000016 t:8.3s
tttg: c103/111 lr:0.000013 t:8.3s
tttg: c104/111 lr:0.000010 t:8.4s
tttg: c105/111 lr:0.000007 t:8.5s
tttg: c106/111 lr:0.000005 t:8.6s
tttg: c107/111 lr:0.000003 t:8.6s
tttg: c108/111 lr:0.000002 t:8.7s
tttg: c109/111 lr:0.000001 t:8.8s
tttg: c110/111 lr:0.000000 t:8.9s
ttpr: phase:1/3 t:177.4s
ttp: b762/782 bl:2.3611 bb:1.0934 rl:2.3140 rb:1.0758 dl:4032-4142 gd:0
ttpp: phase:2/3 pd:1808 gd:1333 t:240.6s
tttg: c1/185 lr:0.001000 t:0.1s
tttg: c2/185 lr:0.001000 t:0.1s
tttg: c3/185 lr:0.001000 t:0.2s
tttg: c4/185 lr:0.000999 t:0.3s
tttg: c5/185 lr:0.000999 t:0.4s
tttg: c6/185 lr:0.000998 t:0.4s
tttg: c7/185 lr:0.000997 t:0.5s
tttg: c8/185 lr:0.000996 t:0.6s
tttg: c9/185 lr:0.000995 t:0.7s
tttg: c10/185 lr:0.000994 t:0.7s
tttg: c11/185 lr:0.000993 t:0.8s
tttg: c12/185 lr:0.000991 t:0.9s
tttg: c13/185 lr:0.000990 t:1.0s
tttg: c14/185 lr:0.000988 t:1.1s
tttg: c15/185 lr:0.000986 t:1.1s
tttg: c16/185 lr:0.000984 t:1.2s
tttg: c17/185 lr:0.000981 t:1.3s
tttg: c18/185 lr:0.000979 t:1.3s
tttg: c19/185 lr:0.000977 t:1.4s
tttg: c20/185 lr:0.000974 t:1.5s
tttg: c21/185 lr:0.000971 t:1.6s
tttg: c22/185 lr:0.000968 t:1.7s
tttg: c23/185 lr:0.000965 t:1.7s
tttg: c24/185 lr:0.000962 t:1.8s
tttg: c25/185 lr:0.000959 t:1.9s
tttg: c26/185 lr:0.000955 t:2.0s
tttg: c27/185 lr:0.000952 t:2.0s
tttg: c28/185 lr:0.000948 t:2.1s
tttg: c29/185 lr:0.000944 t:2.2s
tttg: c30/185 lr:0.000940 t:2.3s
tttg: c31/185 lr:0.000936 t:2.3s
tttg: c32/185 lr:0.000932 t:2.4s
tttg: c33/185 lr:0.000927 t:2.5s
tttg: c34/185 lr:0.000923 t:2.6s
tttg: c35/185 lr:0.000918 t:2.6s
tttg: c36/185 lr:0.000913 t:2.7s
tttg: c37/185 lr:0.000908 t:2.8s
tttg: c38/185 lr:0.000904 t:2.9s
tttg: c39/185 lr:0.000898 t:2.9s
tttg: c40/185 lr:0.000893 t:3.0s
tttg: c41/185 lr:0.000888 t:3.1s
tttg: c42/185 lr:0.000882 t:3.2s
tttg: c43/185 lr:0.000877 t:3.2s
tttg: c44/185 lr:0.000871 t:3.3s
tttg: c45/185 lr:0.000865 t:3.4s
tttg: c46/185 lr:0.000860 t:3.5s
tttg: c47/185 lr:0.000854 t:3.5s
tttg: c48/185 lr:0.000847 t:3.6s
tttg: c49/185 lr:0.000841 t:3.7s
tttg: c50/185 lr:0.000835 t:3.8s
tttg: c51/185 lr:0.000829 t:3.8s
tttg: c52/185 lr:0.000822 t:3.9s
tttg: c53/185 lr:0.000816 t:4.0s
tttg: c54/185 lr:0.000809 t:4.1s
tttg: c55/185 lr:0.000802 t:4.1s
tttg: c56/185 lr:0.000795 t:4.2s
tttg: c57/185 lr:0.000788 t:4.3s
tttg: c58/185 lr:0.000781 t:4.4s
tttg: c59/185 lr:0.000774 t:4.4s
tttg: c60/185 lr:0.000767 t:4.5s
tttg: c61/185 lr:0.000760 t:4.6s
tttg: c62/185 lr:0.000752 t:4.7s
tttg: c63/185 lr:0.000745 t:4.7s
tttg: c64/185 lr:0.000738 t:4.8s
tttg: c65/185 lr:0.000730 t:4.9s
tttg: c66/185 lr:0.000722 t:5.0s
tttg: c67/185 lr:0.000715 t:5.0s
tttg: c68/185 lr:0.000707 t:5.1s
tttg: c69/185 lr:0.000699 t:5.2s
tttg: c70/185 lr:0.000691 t:5.3s
tttg: c71/185 lr:0.000683 t:5.3s
tttg: c72/185 lr:0.000675 t:5.4s
tttg: c73/185 lr:0.000667 t:5.5s
tttg: c74/185 lr:0.000659 t:5.6s
tttg: c75/185 lr:0.000651 t:5.7s
tttg: c76/185 lr:0.000643 t:5.7s
tttg: c77/185 lr:0.000635 t:5.8s
tttg: c78/185 lr:0.000627 t:5.9s
tttg: c79/185 lr:0.000618 t:6.0s
tttg: c80/185 lr:0.000610 t:6.0s
tttg: c81/185 lr:0.000602 t:6.1s
tttg: c82/185 lr:0.000593 t:6.2s
tttg: c83/185 lr:0.000585 t:6.3s
tttg: c84/185 lr:0.000577 t:6.3s
tttg: c85/185 lr:0.000568 t:6.4s
tttg: c86/185 lr:0.000560 t:6.5s
tttg: c87/185 lr:0.000551 t:6.6s
tttg: c88/185 lr:0.000543 t:6.6s
tttg: c89/185 lr:0.000534 t:6.7s
tttg: c90/185 lr:0.000526 t:6.8s
tttg: c91/185 lr:0.000517 t:6.9s
tttg: c92/185 lr:0.000509 t:6.9s
tttg: c93/185 lr:0.000500 t:7.0s
tttg: c94/185 lr:0.000491 t:7.1s
tttg: c95/185 lr:0.000483 t:7.2s
tttg: c96/185 lr:0.000474 t:7.2s
tttg: c97/185 lr:0.000466 t:7.3s
tttg: c98/185 lr:0.000457 t:7.4s
tttg: c99/185 lr:0.000449 t:7.5s
tttg: c100/185 lr:0.000440 t:7.5s
tttg: c101/185 lr:0.000432 t:7.6s
tttg: c102/185 lr:0.000423 t:7.7s
tttg: c103/185 lr:0.000415 t:7.8s
tttg: c104/185 lr:0.000407 t:7.9s
tttg: c105/185 lr:0.000398 t:7.9s
tttg: c106/185 lr:0.000390 t:8.0s
tttg: c107/185 lr:0.000382 t:8.1s
tttg: c108/185 lr:0.000373 t:8.2s
tttg: c109/185 lr:0.000365 t:8.2s
tttg: c110/185 lr:0.000357 t:8.3s
tttg: c111/185 lr:0.000349 t:8.4s
tttg: c112/185 lr:0.000341 t:8.5s
tttg: c113/185 lr:0.000333 t:8.5s
tttg: c114/185 lr:0.000325 t:8.6s
tttg: c115/185 lr:0.000317 t:8.7s
tttg: c116/185 lr:0.000309 t:8.8s
tttg: c117/185 lr:0.000301 t:8.8s
tttg: c118/185 lr:0.000293 t:8.9s
tttg: c119/185 lr:0.000285 t:9.0s
tttg: c120/185 lr:0.000278 t:9.1s
tttg: c121/185 lr:0.000270 t:9.1s
tttg: c122/185 lr:0.000262 t:9.2s
tttg: c123/185 lr:0.000255 t:9.3s
tttg: c124/185 lr:0.000248 t:9.4s
tttg: c125/185 lr:0.000240 t:9.4s
tttg: c126/185 lr:0.000233 t:9.5s
tttg: c127/185 lr:0.000226 t:9.6s
tttg: c128/185 lr:0.000219 t:9.7s
tttg: c129/185 lr:0.000212 t:9.7s
tttg: c130/185 lr:0.000205 t:9.8s
tttg: c131/185 lr:0.000198 t:9.9s
tttg: c132/185 lr:0.000191 t:10.0s
tttg: c133/185 lr:0.000184 t:10.1s
tttg: c134/185 lr:0.000178 t:10.1s
tttg: c135/185 lr:0.000171 t:10.2s
tttg: c136/185 lr:0.000165 t:10.3s
tttg: c137/185 lr:0.000159 t:10.4s
tttg: c138/185 lr:0.000153 t:10.4s
tttg: c139/185 lr:0.000146 t:10.5s
tttg: c140/185 lr:0.000140 t:10.6s
tttg: c141/185 lr:0.000135 t:10.7s
tttg: c142/185 lr:0.000129 t:10.7s
tttg: c143/185 lr:0.000123 t:10.8s
tttg: c144/185 lr:0.000118 t:10.9s
tttg: c145/185 lr:0.000112 t:11.0s
tttg: c146/185 lr:0.000107 t:11.0s
tttg: c147/185 lr:0.000102 t:11.1s
tttg: c148/185 lr:0.000096 t:11.2s
tttg: c149/185 lr:0.000092 t:11.3s
tttg: c150/185 lr:0.000087 t:11.3s
tttg: c151/185 lr:0.000082 t:11.4s
tttg: c152/185 lr:0.000077 t:11.5s
tttg: c153/185 lr:0.000073 t:11.6s
tttg: c154/185 lr:0.000068 t:11.7s
tttg: c155/185 lr:0.000064 t:11.7s
tttg: c156/185 lr:0.000060 t:11.8s
tttg: c157/185 lr:0.000056 t:11.9s
tttg: c158/185 lr:0.000052 t:12.0s
tttg: c159/185 lr:0.000048 t:12.0s
tttg: c160/185 lr:0.000045 t:12.1s
tttg: c161/185 lr:0.000041 t:12.2s
tttg: c162/185 lr:0.000038 t:12.3s
tttg: c163/185 lr:0.000035 t:12.3s
tttg: c164/185 lr:0.000032 t:12.4s
tttg: c165/185 lr:0.000029 t:12.5s
tttg: c166/185 lr:0.000026 t:12.6s
tttg: c167/185 lr:0.000023 t:12.6s
tttg: c168/185 lr:0.000021 t:12.7s
tttg: c169/185 lr:0.000019 t:12.8s
tttg: c170/185 lr:0.000016 t:12.9s
tttg: c171/185 lr:0.000014 t:13.0s
tttg: c172/185 lr:0.000012 t:13.0s
tttg: c173/185 lr:0.000010 t:13.1s
tttg: c174/185 lr:0.000009 t:13.2s
tttg: c175/185 lr:0.000007 t:13.2s
tttg: c176/185 lr:0.000006 t:13.3s
tttg: c177/185 lr:0.000005 t:13.4s
tttg: c178/185 lr:0.000004 t:13.5s
tttg: c179/185 lr:0.000003 t:13.6s
tttg: c180/185 lr:0.000002 t:13.6s
tttg: c181/185 lr:0.000001 t:13.7s
tttg: c182/185 lr:0.000001 t:13.8s
tttg: c183/185 lr:0.000000 t:13.9s
tttg: c184/185 lr:0.000000 t:13.9s
ttpr: phase:2/3 t:256.4s
ttp: b748/782 bl:2.3225 bb:1.0839 rl:2.3149 rb:1.0767 dl:2992-3039 gd:0
ttpp: phase:3/3 pd:2448 gd:2000 t:273.4s
tttg: c1/250 lr:0.001000 t:0.1s
tttg: c2/250 lr:0.001000 t:0.2s
tttg: c3/250 lr:0.001000 t:0.2s
tttg: c4/250 lr:0.001000 t:0.3s
tttg: c5/250 lr:0.000999 t:0.4s
tttg: c6/250 lr:0.000999 t:0.5s
tttg: c7/250 lr:0.000999 t:0.5s
tttg: c8/250 lr:0.000998 t:0.6s
tttg: c9/250 lr:0.000997 t:0.7s
tttg: c10/250 lr:0.000997 t:0.8s
tttg: c11/250 lr:0.000996 t:0.8s
tttg: c12/250 lr:0.000995 t:0.9s
tttg: c13/250 lr:0.000994 t:1.0s
tttg: c14/250 lr:0.000993 t:1.1s
tttg: c15/250 lr:0.000992 t:1.1s
tttg: c16/250 lr:0.000991 t:1.2s
tttg: c17/250 lr:0.000990 t:1.3s
tttg: c18/250 lr:0.000989 t:1.4s
tttg: c19/250 lr:0.000987 t:1.4s
tttg: c20/250 lr:0.000986 t:1.5s
tttg: c21/250 lr:0.000984 t:1.6s
tttg: c22/250 lr:0.000983 t:1.7s
tttg: c23/250 lr:0.000981 t:1.7s
tttg: c24/250 lr:0.000979 t:1.8s
tttg: c25/250 lr:0.000977 t:1.9s
tttg: c26/250 lr:0.000975 t:2.0s
tttg: c27/250 lr:0.000973 t:2.0s
tttg: c28/250 lr:0.000971 t:2.1s
tttg: c29/250 lr:0.000969 t:2.2s
tttg: c30/250 lr:0.000967 t:2.3s
tttg: c31/250 lr:0.000965 t:2.3s
tttg: c32/250 lr:0.000962 t:2.4s
tttg: c33/250 lr:0.000960 t:2.5s
tttg: c34/250 lr:0.000957 t:2.6s
tttg: c35/250 lr:0.000955 t:2.6s
tttg: c36/250 lr:0.000952 t:2.7s
tttg: c37/250 lr:0.000949 t:2.8s
tttg: c38/250 lr:0.000947 t:2.9s
tttg: c39/250 lr:0.000944 t:2.9s
tttg: c40/250 lr:0.000941 t:3.0s
tttg: c41/250 lr:0.000938 t:3.1s
tttg: c42/250 lr:0.000935 t:3.2s
tttg: c43/250 lr:0.000931 t:3.2s
tttg: c44/250 lr:0.000928 t:3.3s
tttg: c45/250 lr:0.000925 t:3.4s
tttg: c46/250 lr:0.000922 t:3.5s
tttg: c47/250 lr:0.000918 t:3.5s
tttg: c48/250 lr:0.000915 t:3.6s
tttg: c49/250 lr:0.000911 t:3.7s
tttg: c50/250 lr:0.000907 t:3.8s
tttg: c51/250 lr:0.000904 t:3.8s
tttg: c52/250 lr:0.000900 t:3.9s
tttg: c53/250 lr:0.000896 t:4.0s
tttg: c54/250 lr:0.000892 t:4.1s
tttg: c55/250 lr:0.000888 t:4.2s
tttg: c56/250 lr:0.000884 t:4.2s
tttg: c57/250 lr:0.000880 t:4.3s
tttg: c58/250 lr:0.000876 t:4.4s
tttg: c59/250 lr:0.000872 t:4.4s
tttg: c60/250 lr:0.000868 t:4.5s
tttg: c61/250 lr:0.000863 t:4.6s
tttg: c62/250 lr:0.000859 t:4.7s
tttg: c63/250 lr:0.000855 t:4.8s
tttg: c64/250 lr:0.000850 t:4.8s
tttg: c65/250 lr:0.000846 t:4.9s
tttg: c66/250 lr:0.000841 t:5.0s
tttg: c67/250 lr:0.000836 t:5.1s
tttg: c68/250 lr:0.000832 t:5.1s
tttg: c69/250 lr:0.000827 t:5.2s
tttg: c70/250 lr:0.000822 t:5.3s
tttg: c71/250 lr:0.000817 t:5.4s
tttg: c72/250 lr:0.000812 t:5.4s
tttg: c73/250 lr:0.000807 t:5.5s
tttg: c74/250 lr:0.000803 t:5.6s
tttg: c75/250 lr:0.000797 t:5.7s
tttg: c76/250 lr:0.000792 t:5.7s
tttg: c77/250 lr:0.000787 t:5.8s
tttg: c78/250 lr:0.000782 t:5.9s
tttg: c79/250 lr:0.000777 t:6.0s
tttg: c80/250 lr:0.000772 t:6.1s
tttg: c81/250 lr:0.000766 t:6.1s
tttg: c82/250 lr:0.000761 t:6.2s
tttg: c83/250 lr:0.000755 t:6.3s
tttg: c84/250 lr:0.000750 t:6.4s
tttg: c85/250 lr:0.000745 t:6.4s
tttg: c86/250 lr:0.000739 t:6.5s
tttg: c87/250 lr:0.000733 t:6.6s
tttg: c88/250 lr:0.000728 t:6.7s
tttg: c89/250 lr:0.000722 t:6.7s
tttg: c90/250 lr:0.000717 t:6.8s
tttg: c91/250 lr:0.000711 t:6.9s
tttg: c92/250 lr:0.000705 t:7.0s
tttg: c93/250 lr:0.000699 t:7.0s
tttg: c94/250 lr:0.000694 t:7.1s
tttg: c95/250 lr:0.000688 t:7.2s
tttg: c96/250 lr:0.000682 t:7.3s
tttg: c97/250 lr:0.000676 t:7.3s
tttg: c98/250 lr:0.000670 t:7.4s
tttg: c99/250 lr:0.000664 t:7.5s
tttg: c100/250 lr:0.000658 t:7.6s
tttg: c101/250 lr:0.000652 t:7.6s
tttg: c102/250 lr:0.000646 t:7.7s
tttg: c103/250 lr:0.000640 t:7.8s
tttg: c104/250 lr:0.000634 t:7.9s
tttg: c105/250 lr:0.000628 t:8.0s
tttg: c106/250 lr:0.000622 t:8.0s
tttg: c107/250 lr:0.000616 t:8.1s
tttg: c108/250 lr:0.000610 t:8.2s
tttg: c109/250 lr:0.000603 t:8.3s
tttg: c110/250 lr:0.000597 t:8.3s
tttg: c111/250 lr:0.000591 t:8.4s
tttg: c112/250 lr:0.000585 t:8.5s
tttg: c113/250 lr:0.000579 t:8.6s
tttg: c114/250 lr:0.000572 t:8.6s
tttg: c115/250 lr:0.000566 t:8.7s
tttg: c116/250 lr:0.000560 t:8.8s
tttg: c117/250 lr:0.000554 t:8.9s
tttg: c118/250 lr:0.000547 t:9.0s
tttg: c119/250 lr:0.000541 t:9.0s
tttg: c120/250 lr:0.000535 t:9.1s
tttg: c121/250 lr:0.000528 t:9.2s
tttg: c122/250 lr:0.000522 t:9.3s
tttg: c123/250 lr:0.000516 t:9.3s
tttg: c124/250 lr:0.000509 t:9.4s
tttg: c125/250 lr:0.000503 t:9.5s
tttg: c126/250 lr:0.000497 t:9.6s
tttg: c127/250 lr:0.000491 t:9.6s
tttg: c128/250 lr:0.000484 t:9.7s
tttg: c129/250 lr:0.000478 t:9.8s
tttg: c130/250 lr:0.000472 t:9.9s
tttg: c131/250 lr:0.000465 t:9.9s
tttg: c132/250 lr:0.000459 t:10.0s
tttg: c133/250 lr:0.000453 t:10.1s
tttg: c134/250 lr:0.000446 t:10.2s
tttg: c135/250 lr:0.000440 t:10.2s
tttg: c136/250 lr:0.000434 t:10.3s
tttg: c137/250 lr:0.000428 t:10.4s
tttg: c138/250 lr:0.000421 t:10.5s
tttg: c139/250 lr:0.000415 t:10.5s
tttg: c140/250 lr:0.000409 t:10.6s
tttg: c141/250 lr:0.000403 t:10.7s
tttg: c142/250 lr:0.000397 t:10.8s
tttg: c143/250 lr:0.000390 t:10.9s
tttg: c144/250 lr:0.000384 t:10.9s
tttg: c145/250 lr:0.000378 t:11.0s
tttg: c146/250 lr:0.000372 t:11.1s
tttg: c147/250 lr:0.000366 t:11.2s
tttg: c148/250 lr:0.000360 t:11.2s
tttg: c149/250 lr:0.000354 t:11.3s
tttg: c150/250 lr:0.000348 t:11.4s
tttg: c151/250 lr:0.000342 t:11.5s
tttg: c152/250 lr:0.000336 t:11.5s
tttg: c153/250 lr:0.000330 t:11.6s
tttg: c154/250 lr:0.000324 t:11.7s
tttg: c155/250 lr:0.000318 t:11.8s
tttg: c156/250 lr:0.000312 t:11.8s
tttg: c157/250 lr:0.000306 t:11.9s
tttg: c158/250 lr:0.000301 t:12.0s
tttg: c159/250 lr:0.000295 t:12.1s
tttg: c160/250 lr:0.000289 t:12.1s
tttg: c161/250 lr:0.000283 t:12.2s
tttg: c162/250 lr:0.000278 t:12.3s
tttg: c163/250 lr:0.000272 t:12.4s
tttg: c164/250 lr:0.000267 t:12.4s
tttg: c165/250 lr:0.000261 t:12.5s
tttg: c166/250 lr:0.000255 t:12.6s
tttg: c167/250 lr:0.000250 t:12.7s
tttg: c168/250 lr:0.000245 t:12.8s
tttg: c169/250 lr:0.000239 t:12.8s
tttg: c170/250 lr:0.000234 t:12.9s
tttg: c171/250 lr:0.000228 t:13.0s
tttg: c172/250 lr:0.000223 t:13.1s
tttg: c173/250 lr:0.000218 t:13.1s
tttg: c174/250 lr:0.000213 t:13.2s
tttg: c175/250 lr:0.000208 t:13.3s
tttg: c176/250 lr:0.000203 t:13.4s
tttg: c177/250 lr:0.000197 t:13.4s
tttg: c178/250 lr:0.000193 t:13.5s
tttg: c179/250 lr:0.000188 t:13.6s
tttg: c180/250 lr:0.000183 t:13.7s
tttg: c181/250 lr:0.000178 t:13.7s
tttg: c182/250 lr:0.000173 t:13.8s
tttg: c183/250 lr:0.000168 t:13.9s
tttg: c184/250 lr:0.000164 t:14.0s
tttg: c185/250 lr:0.000159 t:14.1s
tttg: c186/250 lr:0.000154 t:14.1s
tttg: c187/250 lr:0.000150 t:14.2s
tttg: c188/250 lr:0.000145 t:14.3s
tttg: c189/250 lr:0.000141 t:14.4s
tttg: c190/250 lr:0.000137 t:14.4s
tttg: c191/250 lr:0.000132 t:14.5s
tttg: c192/250 lr:0.000128 t:14.6s
tttg: c193/250 lr:0.000124 t:14.7s
tttg: c194/250 lr:0.000120 t:14.7s
tttg: c195/250 lr:0.000116 t:14.8s
tttg: c196/250 lr:0.000112 t:14.9s
tttg: c197/250 lr:0.000108 t:15.0s
tttg: c198/250 lr:0.000104 t:15.0s
tttg: c199/250 lr:0.000100 t:15.1s
tttg: c200/250 lr:0.000096 t:15.2s
tttg: c201/250 lr:0.000093 t:15.3s
tttg: c202/250 lr:0.000089 t:15.3s
tttg: c203/250 lr:0.000085 t:15.4s
tttg: c204/250 lr:0.000082 t:15.5s
tttg: c205/250 lr:0.000078 t:15.6s
tttg: c206/250 lr:0.000075 t:15.6s
tttg: c207/250 lr:0.000072 t:15.7s
tttg: c208/250 lr:0.000069 t:15.8s
tttg: c209/250 lr:0.000065 t:15.9s
tttg: c210/250 lr:0.000062 t:16.0s
tttg: c211/250 lr:0.000059 t:16.0s
tttg: c212/250 lr:0.000056 t:16.1s
tttg: c213/250 lr:0.000053 t:16.2s
tttg: c214/250 lr:0.000051 t:16.3s
tttg: c215/250 lr:0.000048 t:16.3s
tttg: c216/250 lr:0.000045 t:16.4s
tttg: c217/250 lr:0.000043 t:16.5s
tttg: c218/250 lr:0.000040 t:16.6s
tttg: c219/250 lr:0.000038 t:16.6s
tttg: c220/250 lr:0.000035 t:16.7s
tttg: c221/250 lr:0.000033 t:16.8s
tttg: c222/250 lr:0.000031 t:16.9s
tttg: c223/250 lr:0.000029 t:17.0s
tttg: c224/250 lr:0.000027 t:17.0s
tttg: c225/250 lr:0.000025 t:17.1s
tttg: c226/250 lr:0.000023 t:17.2s
tttg: c227/250 lr:0.000021 t:17.3s
tttg: c228/250 lr:0.000019 t:17.3s
tttg: c229/250 lr:0.000017 t:17.4s
tttg: c230/250 lr:0.000016 t:17.5s
tttg: c231/250 lr:0.000014 t:17.6s
tttg: c232/250 lr:0.000013 t:17.6s
tttg: c233/250 lr:0.000011 t:17.7s
tttg: c234/250 lr:0.000010 t:17.8s
tttg: c235/250 lr:0.000009 t:17.9s
tttg: c236/250 lr:0.000008 t:17.9s
tttg: c237/250 lr:0.000007 t:18.0s
tttg: c238/250 lr:0.000006 t:18.1s
tttg: c239/250 lr:0.000005 t:18.2s
tttg: c240/250 lr:0.000004 t:18.2s
tttg: c241/250 lr:0.000003 t:18.3s
tttg: c242/250 lr:0.000003 t:18.4s
tttg: c243/250 lr:0.000002 t:18.5s
tttg: c244/250 lr:0.000001 t:18.5s
tttg: c245/250 lr:0.000001 t:18.6s
tttg: c246/250 lr:0.000001 t:18.7s
tttg: c247/250 lr:0.000000 t:18.8s
tttg: c248/250 lr:0.000000 t:18.8s
tttg: c249/250 lr:0.000000 t:18.9s
ttpr: phase:3/3 t:294.2s
ttp: b741/782 bl:2.3256 bb:1.0429 rl:2.3160 rb:1.0734 dl:2686-2730 gd:1
ttp: b730/782 bl:2.2846 bb:1.0040 rl:2.3136 rb:1.0679 dl:2352-2376 gd:1
ttp: b722/782 bl:2.3581 bb:1.0567 rl:2.3165 rb:1.0672 dl:2163-2185 gd:1
ttp: b718/782 bl:2.3008 bb:1.0326 rl:2.3155 rb:1.0651 dl:2089-2106 gd:1
ttp: b707/782 bl:2.3657 bb:1.0513 rl:2.3181 rb:1.0643 dl:1910-1923 gd:1
ttp: b697/782 bl:2.3338 bb:1.0355 rl:2.3188 rb:1.0630 dl:1790-1803 gd:1
ttp: b694/782 bl:2.3200 bb:1.0609 rl:2.3189 rb:1.0629 dl:1758-1769 gd:1
ttp: b684/782 bl:2.3796 bb:1.0483 rl:2.3213 rb:1.0623 dl:1658-1665 gd:1
ttp: b677/782 bl:2.3194 bb:1.0392 rl:2.3212 rb:1.0614 dl:1595-1601 gd:1
ttp: b666/782 bl:2.4218 bb:1.0690 rl:2.3245 rb:1.0617 dl:1507-1514 gd:1
ttp: b659/782 bl:2.3160 bb:1.0452 rl:2.3242 rb:1.0612 dl:1459-1466 gd:1
ttp: b652/782 bl:2.2589 bb:1.0268 rl:2.3223 rb:1.0602 dl:1411-1419 gd:1
ttp: b643/782 bl:2.3645 bb:1.0297 rl:2.3235 rb:1.0593 dl:1356-1362 gd:1
ttp: b634/782 bl:2.3920 bb:1.0530 rl:2.3252 rb:1.0591 dl:1302-1308 gd:1
ttp: b625/782 bl:2.4153 bb:1.0539 rl:2.3274 rb:1.0590 dl:1255-1260 gd:1
ttp: b617/782 bl:2.3196 bb:1.0251 rl:2.3272 rb:1.0582 dl:1211-1216 gd:1
ttp: b609/782 bl:2.2837 bb:1.0231 rl:2.3263 rb:1.0575 dl:1172-1177 gd:1
ttp: b601/782 bl:2.3380 bb:1.0235 rl:2.3265 rb:1.0567 dl:1137-1141 gd:1
ttp: b597/782 bl:2.3768 bb:1.0569 rl:2.3275 rb:1.0567 dl:1119-1124 gd:1
ttp: b588/782 bl:2.3314 bb:1.0493 rl:2.3276 rb:1.0566 dl:1081-1086 gd:1
ttp: b580/782 bl:2.3181 bb:1.0170 rl:2.3274 rb:1.0559 dl:1048-1052 gd:1
ttp: b574/782 bl:2.3774 bb:1.0669 rl:2.3283 rb:1.0561 dl:1025-1029 gd:1
ttp: b566/782 bl:2.3098 bb:1.0317 rl:2.3280 rb:1.0557 dl:997-1001 gd:1
ttp: b560/782 bl:2.2786 bb:1.0140 rl:2.3272 rb:1.0550 dl:975-979 gd:1
ttp: b553/782 bl:2.2942 bb:1.0343 rl:2.3267 rb:1.0547 dl:952-955 gd:1
ttp: b546/782 bl:2.3374 bb:1.0392 rl:2.3268 rb:1.0545 dl:930-934 gd:1
ttp: b538/782 bl:2.3495 bb:1.0519 rl:2.3272 rb:1.0544 dl:905-909 gd:1
ttp: b516/782 bl:2.3632 bb:1.0487 rl:2.3276 rb:1.0543 dl:841-843 gd:1
ttp: b508/782 bl:2.4057 bb:1.0577 rl:2.3286 rb:1.0544 dl:817-820 gd:1
ttp: b500/782 bl:2.3326 bb:1.0675 rl:2.3286 rb:1.0545 dl:796-799 gd:1
ttp: b493/782 bl:2.3749 bb:1.0484 rl:2.3292 rb:1.0545 dl:778-780 gd:1
ttp: b486/782 bl:2.4142 bb:1.0847 rl:2.3301 rb:1.0548 dl:761-764 gd:1
ttp: b478/782 bl:2.3401 bb:1.0776 rl:2.3302 rb:1.0550 dl:742-744 gd:1
ttp: b470/782 bl:2.3659 bb:1.0648 rl:2.3306 rb:1.0551 dl:724-726 gd:1
ttp: b462/782 bl:2.3484 bb:1.0423 rl:2.3307 rb:1.0550 dl:706-708 gd:1
ttp: b454/782 bl:2.3954 bb:1.0879 rl:2.3314 rb:1.0553 dl:689-691 gd:1
ttp: b446/782 bl:2.3065 bb:1.0842 rl:2.3311 rb:1.0556 dl:672-674 gd:1
ttp: b438/782 bl:2.3198 bb:1.0587 rl:2.3310 rb:1.0556 dl:655-657 gd:1
ttp: b430/782 bl:2.3896 bb:1.0449 rl:2.3315 rb:1.0555 dl:640-642 gd:1
ttp: b422/782 bl:2.3165 bb:1.0931 rl:2.3314 rb:1.0558 dl:624-626 gd:1
ttp: b414/782 bl:2.2128 bb:1.0131 rl:2.3305 rb:1.0555 dl:609-611 gd:1
ttp: b406/782 bl:2.3188 bb:1.0678 rl:2.3304 rb:1.0556 dl:593-595 gd:1
ttp: b398/782 bl:2.2572 bb:1.0080 rl:2.3298 rb:1.0552 dl:579-581 gd:1
ttp: b390/782 bl:2.3652 bb:1.0656 rl:2.3301 rb:1.0553 dl:564-566 gd:1
ttp: b383/782 bl:2.2872 bb:1.0487 rl:2.3298 rb:1.0552 dl:552-554 gd:1
ttp: b375/782 bl:2.4125 bb:1.0760 rl:2.3303 rb:1.0554 dl:538-540 gd:1
ttp: b368/782 bl:2.3749 bb:1.1061 rl:2.3306 rb:1.0557 dl:527-528 gd:1
ttp: b361/782 bl:2.3622 bb:1.1028 rl:2.3308 rb:1.0560 dl:515-517 gd:1
ttp: b353/782 bl:2.2098 bb:1.0105 rl:2.3301 rb:1.0557 dl:501-503 gd:1
ttp: b345/782 bl:2.3698 bb:1.0788 rl:2.3303 rb:1.0559 dl:489-491 gd:1
ttp: b337/782 bl:2.3314 bb:1.0609 rl:2.3303 rb:1.0559 dl:477-478 gd:1
ttp: b330/782 bl:2.2438 bb:1.0692 rl:2.3298 rb:1.0560 dl:466-468 gd:1
ttp: b323/782 bl:2.3911 bb:1.0796 rl:2.3302 rb:1.0561 dl:457-458 gd:1
ttp: b316/782 bl:2.3816 bb:1.0865 rl:2.3304 rb:1.0563 dl:445-446 gd:1
ttp: b309/782 bl:2.4156 bb:1.1084 rl:2.3309 rb:1.0565 dl:435-437 gd:1
ttp: b301/782 bl:2.3603 bb:1.0957 rl:2.3310 rb:1.0567 dl:422-424 gd:1
ttp: b293/782 bl:2.4437 bb:1.1018 rl:2.3316 rb:1.0570 dl:410-412 gd:1
ttp: b285/782 bl:2.3845 bb:1.0863 rl:2.3319 rb:1.0571 dl:399-400 gd:1
ttp: b277/782 bl:2.2744 bb:1.0711 rl:2.3316 rb:1.0572 dl:388-389 gd:1
ttp: b269/782 bl:2.3532 bb:1.1165 rl:2.3317 rb:1.0574 dl:378-379 gd:1
ttp: b261/782 bl:2.4329 bb:1.1199 rl:2.3321 rb:1.0577 dl:367-369 gd:1
ttp: b254/782 bl:2.3487 bb:1.1134 rl:2.3322 rb:1.0579 dl:358-360 gd:1
ttp: b246/782 bl:2.3653 bb:1.1056 rl:2.3323 rb:1.0581 dl:349-350 gd:1
ttp: b238/782 bl:2.3314 bb:1.1120 rl:2.3323 rb:1.0583 dl:338-340 gd:1
ttp: b230/782 bl:2.4647 bb:1.1565 rl:2.3328 rb:1.0587 dl:329-330 gd:1
ttp: b222/782 bl:2.3820 bb:1.1134 rl:2.3330 rb:1.0589 dl:320-321 gd:1
ttp: b214/782 bl:2.3485 bb:1.1238 rl:2.3331 rb:1.0591 dl:310-312 gd:1
ttp: b206/782 bl:2.4175 bb:1.1122 rl:2.3334 rb:1.0593 dl:302-303 gd:1
ttp: b198/782 bl:2.4092 bb:1.0658 rl:2.3336 rb:1.0593 dl:294-295 gd:1
ttp: b190/782 bl:2.3537 bb:1.0822 rl:2.3337 rb:1.0594 dl:284-285 gd:1
ttp: b183/782 bl:2.3371 bb:1.0763 rl:2.3337 rb:1.0594 dl:277-278 gd:1
ttp: b176/782 bl:2.3283 bb:1.1308 rl:2.3337 rb:1.0596 dl:270-271 gd:1
ttp: b169/782 bl:2.3880 bb:1.1224 rl:2.3338 rb:1.0598 dl:263-264 gd:1
ttp: b162/782 bl:2.4062 bb:1.1203 rl:2.3340 rb:1.0600 dl:256-257 gd:1
ttp: b155/782 bl:2.4087 bb:1.1136 rl:2.3343 rb:1.0601 dl:250-251 gd:1
ttp: b147/782 bl:2.4771 bb:1.1266 rl:2.3346 rb:1.0603 dl:242-243 gd:1
ttp: b139/782 bl:2.4468 bb:1.1399 rl:2.3349 rb:1.0605 dl:234-235 gd:1
ttp: b131/782 bl:2.3996 bb:1.1586 rl:2.3351 rb:1.0607 dl:227-228 gd:1
ttp: b123/782 bl:2.4004 bb:1.1671 rl:2.3353 rb:1.0610 dl:219-220 gd:1
ttp: b115/782 bl:2.4757 bb:1.1716 rl:2.3356 rb:1.0612 dl:212-213 gd:1
ttp: b107/782 bl:2.4507 bb:1.1736 rl:2.3359 rb:1.0615 dl:205-206 gd:1
ttp: b99/782 bl:2.5025 bb:1.1786 rl:2.3362 rb:1.0617 dl:198-199 gd:1
ttp: b91/782 bl:2.4672 bb:1.1564 rl:2.3365 rb:1.0619 dl:190-191 gd:1
ttp: b83/782 bl:2.4444 bb:1.1536 rl:2.3367 rb:1.0621 dl:183-184 gd:1
ttp: b75/782 bl:2.5764 bb:1.1945 rl:2.3372 rb:1.0623 dl:176-177 gd:1
ttp: b67/782 bl:2.5403 bb:1.2026 rl:2.3375 rb:1.0626 dl:169-170 gd:1
ttp: b59/782 bl:2.5127 bb:1.1970 rl:2.3379 rb:1.0628 dl:162-163 gd:1
ttp: b52/782 bl:2.6867 bb:1.2541 rl:2.3384 rb:1.0631 dl:155-156 gd:1
ttp: b44/782 bl:2.5641 bb:1.1965 rl:2.3388 rb:1.0633 dl:147-148 gd:1
ttp: b35/782 bl:2.6343 bb:1.2779 rl:2.3393 rb:1.0636 dl:138-139 gd:1
ttp: b27/782 bl:2.5852 bb:1.2221 rl:2.3396 rb:1.0638 dl:130-131 gd:1
ttp: b21/782 bl:2.6201 bb:1.2360 rl:2.3400 rb:1.0641 dl:123-124 gd:1
ttp: b13/782 bl:2.6946 bb:1.2208 rl:2.3404 rb:1.0643 dl:112-114 gd:1
ttp: b4/782 bl:2.7427 bb:1.2289 rl:2.3408 rb:1.0644 dl:93-96 gd:1
quantized_ttt_phased val_loss:2.33002446 val_bpb:1.06473025 eval_time:399334ms
total_eval_time:399.3s
[W419 09:23:58.674766786 AllocatorConfig.cpp:28] Warning: PYTORCH_CUDA_ALLOC_CONF is deprecated, use PYTORCH_ALLOC_CONF instead (function operator())
[W419 09:23:58.698191361 AllocatorConfig.cpp:28] Warning: PYTORCH_CUDA_ALLOC_CONF is deprecated, use PYTORCH_ALLOC_CONF instead (function operator())
[W419 09:23:59.733087197 AllocatorConfig.cpp:28] Warning: PYTORCH_CUDA_ALLOC_CONF is deprecated, use PYTORCH_ALLOC_CONF instead (function operator())
[W419 09:23:59.845981625 AllocatorConfig.cpp:28] Warning: PYTORCH_CUDA_ALLOC_CONF is deprecated, use PYTORCH_ALLOC_CONF instead (function operator())
[W419 09:23:59.904826910 AllocatorConfig.cpp:28] Warning: PYTORCH_CUDA_ALLOC_CONF is deprecated, use PYTORCH_ALLOC_CONF instead (function operator())
[W419 09:23:59.056241562 AllocatorConfig.cpp:28] Warning: PYTORCH_CUDA_ALLOC_CONF is deprecated, use PYTORCH_ALLOC_CONF instead (function operator())
[W419 09:23:59.143216334 AllocatorConfig.cpp:28] Warning: PYTORCH_CUDA_ALLOC_CONF is deprecated, use PYTORCH_ALLOC_CONF instead (function operator())
[W419 09:23:59.193282509 AllocatorConfig.cpp:28] Warning: PYTORCH_CUDA_ALLOC_CONF is deprecated, use PYTORCH_ALLOC_CONF instead (function operator())
[W419 09:24:01.177472844 AllocatorConfig.cpp:28] Warning: PYTORCH_CUDA_ALLOC_CONF is deprecated, use PYTORCH_ALLOC_CONF instead (function operator())
