W0418 20:36:48.591000 258212 torch/distributed/run.py:803] 
W0418 20:36:48.591000 258212 torch/distributed/run.py:803] *****************************************
W0418 20:36:48.591000 258212 torch/distributed/run.py:803] Setting OMP_NUM_THREADS environment variable for each process to be 1 in default, to avoid your system being overloaded, please further tune the variable for optimal performance in your application as needed. 
W0418 20:36:48.591000 258212 torch/distributed/run.py:803] *****************************************
Hyperparameters:
  adam_eps: 1e-08
  adam_wd: 0.02
  artifact_dir: 
  attn_clip_sigmas: 13.0
  beta1: 0.9
  beta2: 0.95
  compressor: brotli
  data_dir: ./data/
  datasets_dir: /workspace/caseops_export/datasets/fineweb10B_sp8192_lossless_caps_caseops_v1_reserved
  default_datasets_dir: ./data/datasets/fineweb10B_sp8192
  distributed: True
  ema_decay: 0.9965
  embed_bits: 7
  embed_clip_sigmas: 15.0
  embed_lr: 0.6
  embed_wd: 0.085
  enable_looping_at: 0.35
  eval_seq_len: 2048
  eval_stride: 64
  global_ttt_batch_seqs: 32
  global_ttt_chunk_tokens: 32768
  global_ttt_epochs: 1
  global_ttt_grad_clip: 1.0
  global_ttt_lr: 0.001
  global_ttt_momentum: 0.9
  global_ttt_respect_doc_boundaries: True
  global_ttt_warmup_chunks: 0
  global_ttt_warmup_start_lr: 0.0
  gptq_calibration_batches: 16
  gptq_reserve_seconds: 4.0
  grad_accum_steps: 1
  grad_clip_norm: 0.3
  is_main_process: True
  iterations: 20000
  ln_scale: True
  local_rank: 0
  logfile: logs/pr1626_caseops_seed42_0418.txt
  logit_softcap: 30.0
  loop_end: 5
  loop_start: 3
  matrix_bits: 6
  matrix_clip_sigmas: 12.85
  matrix_lr: 0.026
  max_wallclock_seconds: 600.0
  min_lr: 0.0
  mlp_clip_sigmas: 12.0
  mlp_mult: 4.0
  model_dim: 512
  model_path: final_model.pt
  muon_backend_steps: 5
  muon_momentum: 0.97
  muon_momentum_warmup_start: 0.92
  muon_momentum_warmup_steps: 1500
  muon_row_normalize: True
  muon_wd: 0.095
  num_heads: 8
  num_kv_heads: 4
  num_layers: 11
  num_loops: 2
  parallel_final_lane: mean
  parallel_start_layer: 8
  phased_ttt_enabled: True
  phased_ttt_num_phases: 3
  phased_ttt_prefix_docs: 2000
  qk_gain_init: 5.0
  quantized_model_path: final_model.int6.ptz
  rank: 0
  rope_base: 10000.0
  rope_dims: 16
  rope_train_seq_len: 2048
  rope_yarn: False
  run_id: pr1626_caseops_seed42_0418
  scalar_lr: 0.02
  seed: 42
  skip_gates_enabled: True
  skip_post_train_eval: False
  sliding_window_enabled: False
  tie_embeddings: True
  tied_embed_init_std: 0.005
  tied_embed_lr: 0.03
  tokenizer_path: /workspace/caseops_export/tokenizers/fineweb_8192_bpe_lossless_caps_caseops_v1_reserved.model
  train_batch_tokens: 786432
  train_files: /workspace/caseops_export/datasets/fineweb10B_sp8192_lossless_caps_caseops_v1_reserved/fineweb_train_*.bin
  train_log_every: 500
  train_seq_len: 2048
  ttt_batch_size: 64
  ttt_beta1: 0.0
  ttt_beta2: 0.999
  ttt_chunk_size: 48
  ttt_enabled: True
  ttt_eval_batches: 
  ttt_eval_seq_len: 2048
  ttt_grad_steps: 1
  ttt_k_lora: True
  ttt_lora_lr: 0.0001
  ttt_lora_rank: 96
  ttt_mlp_lora: True
  ttt_o_lora: True
  ttt_only: False
  ttt_optimizer: adam
  ttt_weight_decay: 0.5
  val_batch_tokens: 524288
  val_doc_fraction: 1.0
  val_files: /workspace/caseops_export/datasets/fineweb10B_sp8192_lossless_caps_caseops_v1_reserved/fineweb_val_[0-9][0-9][0-9][0-9][0-9][0-9].bin
  val_loss_every: 4000
  vocab_size: 8192
  warmdown_frac: 0.75
  warmup_steps: 20
  wd_taper_final_mult: 0.5
  wd_taper_start_frac: 0.7
  world_size: 8
  xsa_last_n: 11
val_bpb:byte_sidecar:enabled
train_shards: 80
val_tokens: 47851520
model_params:35944602
gptq:reserving 4s, effective=596000ms
warmup_cu_buckets:64,128,192,256 iters_each:3
warmup_step: 1/20
warmup_step: 2/20
warmup_step: 3/20
warmup_step: 4/20
warmup_step: 5/20
warmup_step: 6/20
warmup_step: 10/20
warmup_step: 20/20
loop_warmup:enabled encoder:[0, 1, 2, 3, 4, 5, 3, 4] decoder:[5, 3, 4, 5, 6, 7, 8, 9, 10]
loop_warmup_step: 1/20
loop_warmup_step: 2/20
loop_warmup_step: 3/20
loop_warmup_step: 4/20
loop_warmup_step: 5/20
loop_warmup_step: 6/20
loop_warmup_step: 10/20
loop_warmup_step: 20/20
0/20000 val_loss: 9.0157 val_bpb: 4.1195
1/20000 train_loss: 9.0168 train_time: 0.0m tok/s: 16488651
2/20000 train_loss: 12.8302 train_time: 0.0m tok/s: 12713043
3/20000 train_loss: 10.1939 train_time: 0.0m tok/s: 10865487
4/20000 train_loss: 8.7032 train_time: 0.0m tok/s: 10180692
5/20000 train_loss: 7.9755 train_time: 0.0m tok/s: 9788163
500/20000 train_loss: 2.5896 train_time: 0.8m tok/s: 8222012
1000/20000 train_loss: 2.8187 train_time: 1.6m tok/s: 8168135
1500/20000 train_loss: 2.6433 train_time: 2.4m tok/s: 8152138
2000/20000 train_loss: 2.6747 train_time: 3.2m tok/s: 8149134
layer_loop:enabled step:2160 frac:0.350 encoder:[0, 1, 2, 3, 4, 5, 3, 4] decoder:[5, 3, 4, 5, 6, 7, 8, 9, 10]
2500/20000 train_loss: 2.5609 train_time: 4.3m tok/s: 7666950
3000/20000 train_loss: 2.5778 train_time: 5.4m tok/s: 7216013
3500/20000 train_loss: 2.5785 train_time: 6.6m tok/s: 6926721
4000/20000 train_loss: 2.4198 train_time: 7.8m tok/s: 6723552
4000/20000 val_loss: 2.4406 val_bpb: 1.1152
4500/20000 train_loss: 2.2894 train_time: 9.0m tok/s: 6537333
4866/20000 val_loss: 2.3441 val_bpb: 1.0711
stopping_early: wallclock_cap train_time: 596114ms step: 4866/20000
peak memory allocated: 40029 MiB reserved: 44036 MiB
ema:applying EMA weights
diagnostic pre-quantization post-ema val_loss:2.34314321 val_bpb:1.07065549 eval_time:10659ms
Serialized model: 135409136 bytes
Code size (uncompressed): 125670 bytes
Code size (compressed): 30985 bytes
GPTQ:collecting Hessians from calibration data...
GPTQ:collected 67 Hessians in 3.4s
Quantized weights:
  gptq (int6): blocks.attn.c_k.weight, blocks.attn.c_q.weight, blocks.attn.c_v.weight, blocks.attn.proj.weight, blocks.mlp.fc.weight, blocks.mlp.proj.weight
  gptq (int7): tok_emb.weight
  passthrough (float16): blocks.attn.q_gain, blocks.attn_scale, blocks.mlp_scale, blocks.resid_mix, parallel_post_lambdas, parallel_resid_lambdas, skip_gates, skip_weights
Serialized model quantized+brotli: 15904817 bytes
Total submission size quantized+brotli: 15935802 bytes
diagnostic quantized val_loss:2.36734699 val_bpb:1.08171495 eval_time:56304ms
ttt_lora:warming up compile (random tokens, no val data)
ttt_lora:compile warmup done (151.4s)

beginning TTT eval timer
ttt_phased: total_docs:50000 prefix_docs:2000 suffix_docs:48000 num_phases:3 boundaries:[666, 1333, 2000]
ttp: b781/782 bl:2.1720 bb:1.0627 rl:2.1720 rb:1.0627 dl:17258-30330 gd:0
ttpp: phase:1/3 pd:1104 gd:666 t:213.1s
tttg: c1/111 lr:0.001000 t:0.3s
tttg: c2/111 lr:0.001000 t:0.4s
tttg: c3/111 lr:0.000999 t:0.5s
tttg: c4/111 lr:0.000998 t:0.6s
tttg: c5/111 lr:0.000997 t:0.7s
tttg: c6/111 lr:0.000995 t:0.7s
tttg: c7/111 lr:0.000993 t:0.8s
tttg: c8/111 lr:0.000990 t:0.9s
tttg: c9/111 lr:0.000987 t:1.0s
tttg: c10/111 lr:0.000984 t:1.0s
tttg: c11/111 lr:0.000980 t:1.1s
tttg: c12/111 lr:0.000976 t:1.2s
tttg: c13/111 lr:0.000971 t:1.3s
tttg: c14/111 lr:0.000966 t:1.3s
tttg: c15/111 lr:0.000961 t:1.4s
tttg: c16/111 lr:0.000955 t:1.5s
tttg: c17/111 lr:0.000949 t:1.5s
tttg: c18/111 lr:0.000942 t:1.6s
tttg: c19/111 lr:0.000935 t:1.7s
tttg: c20/111 lr:0.000928 t:1.8s
tttg: c21/111 lr:0.000921 t:1.8s
tttg: c22/111 lr:0.000913 t:1.9s
tttg: c23/111 lr:0.000905 t:2.0s
tttg: c24/111 lr:0.000896 t:2.1s
tttg: c25/111 lr:0.000887 t:2.1s
tttg: c26/111 lr:0.000878 t:2.2s
tttg: c27/111 lr:0.000868 t:2.3s
tttg: c28/111 lr:0.000859 t:2.3s
tttg: c29/111 lr:0.000848 t:2.4s
tttg: c30/111 lr:0.000838 t:2.5s
tttg: c31/111 lr:0.000827 t:2.6s
tttg: c32/111 lr:0.000817 t:2.6s
tttg: c33/111 lr:0.000805 t:2.7s
tttg: c34/111 lr:0.000794 t:2.8s
tttg: c35/111 lr:0.000782 t:2.9s
tttg: c36/111 lr:0.000770 t:2.9s
tttg: c37/111 lr:0.000758 t:3.0s
tttg: c38/111 lr:0.000746 t:3.1s
tttg: c39/111 lr:0.000733 t:3.1s
tttg: c40/111 lr:0.000721 t:3.2s
tttg: c41/111 lr:0.000708 t:3.3s
tttg: c42/111 lr:0.000695 t:3.4s
tttg: c43/111 lr:0.000681 t:3.4s
tttg: c44/111 lr:0.000668 t:3.5s
tttg: c45/111 lr:0.000655 t:3.6s
tttg: c46/111 lr:0.000641 t:3.6s
tttg: c47/111 lr:0.000627 t:3.7s
tttg: c48/111 lr:0.000613 t:3.8s
tttg: c49/111 lr:0.000599 t:3.9s
tttg: c50/111 lr:0.000585 t:3.9s
tttg: c51/111 lr:0.000571 t:4.0s
tttg: c52/111 lr:0.000557 t:4.1s
tttg: c53/111 lr:0.000543 t:4.1s
tttg: c54/111 lr:0.000529 t:4.2s
tttg: c55/111 lr:0.000514 t:4.3s
tttg: c56/111 lr:0.000500 t:4.4s
tttg: c57/111 lr:0.000486 t:4.4s
tttg: c58/111 lr:0.000471 t:4.5s
tttg: c59/111 lr:0.000457 t:4.6s
tttg: c60/111 lr:0.000443 t:4.7s
tttg: c61/111 lr:0.000429 t:4.7s
tttg: c62/111 lr:0.000415 t:4.8s
tttg: c63/111 lr:0.000401 t:4.9s
tttg: c64/111 lr:0.000387 t:5.0s
tttg: c65/111 lr:0.000373 t:5.0s
tttg: c66/111 lr:0.000359 t:5.1s
tttg: c67/111 lr:0.000345 t:5.2s
tttg: c68/111 lr:0.000332 t:5.2s
tttg: c69/111 lr:0.000319 t:5.3s
tttg: c70/111 lr:0.000305 t:5.4s
tttg: c71/111 lr:0.000292 t:5.5s
tttg: c72/111 lr:0.000279 t:5.5s
tttg: c73/111 lr:0.000267 t:5.6s
tttg: c74/111 lr:0.000254 t:5.7s
tttg: c75/111 lr:0.000242 t:5.7s
tttg: c76/111 lr:0.000230 t:5.8s
tttg: c77/111 lr:0.000218 t:5.9s
tttg: c78/111 lr:0.000206 t:6.0s
tttg: c79/111 lr:0.000195 t:6.0s
tttg: c80/111 lr:0.000183 t:6.1s
tttg: c81/111 lr:0.000173 t:6.2s
tttg: c82/111 lr:0.000162 t:6.3s
tttg: c83/111 lr:0.000152 t:6.3s
tttg: c84/111 lr:0.000141 t:6.4s
tttg: c85/111 lr:0.000132 t:6.5s
tttg: c86/111 lr:0.000122 t:6.6s
tttg: c87/111 lr:0.000113 t:6.6s
tttg: c88/111 lr:0.000104 t:6.7s
tttg: c89/111 lr:0.000095 t:6.8s
tttg: c90/111 lr:0.000087 t:6.8s
tttg: c91/111 lr:0.000079 t:6.9s
tttg: c92/111 lr:0.000072 t:7.0s
tttg: c93/111 lr:0.000065 t:7.1s
tttg: c94/111 lr:0.000058 t:7.1s
tttg: c95/111 lr:0.000051 t:7.2s
tttg: c96/111 lr:0.000045 t:7.3s
tttg: c97/111 lr:0.000039 t:7.3s
tttg: c98/111 lr:0.000034 t:7.4s
tttg: c99/111 lr:0.000029 t:7.5s
tttg: c100/111 lr:0.000024 t:7.6s
tttg: c101/111 lr:0.000020 t:7.6s
tttg: c102/111 lr:0.000016 t:7.7s
tttg: c103/111 lr:0.000013 t:7.8s
tttg: c104/111 lr:0.000010 t:7.9s
tttg: c105/111 lr:0.000007 t:7.9s
tttg: c106/111 lr:0.000005 t:8.0s
tttg: c107/111 lr:0.000003 t:8.1s
tttg: c108/111 lr:0.000002 t:8.2s
tttg: c109/111 lr:0.000001 t:8.2s
tttg: c110/111 lr:0.000000 t:8.3s
ttpr: phase:1/3 t:223.5s
ttp: b758/782 bl:2.3195 bb:1.0811 rl:2.1931 rb:1.0655 dl:3634-3740 gd:0
ttp: b754/782 bl:2.3002 bb:1.0640 rl:2.2055 rb:1.0653 dl:3345-3397 gd:0
ttpp: phase:2/3 pd:1808 gd:1333 t:332.1s
tttg: c1/185 lr:0.001000 t:0.1s
tttg: c2/185 lr:0.001000 t:0.2s
tttg: c3/185 lr:0.001000 t:0.2s
tttg: c4/185 lr:0.000999 t:0.3s
tttg: c5/185 lr:0.000999 t:0.4s
tttg: c6/185 lr:0.000998 t:0.4s
tttg: c7/185 lr:0.000997 t:0.5s
tttg: c8/185 lr:0.000996 t:0.6s
tttg: c9/185 lr:0.000995 t:0.7s
tttg: c10/185 lr:0.000994 t:0.7s
tttg: c11/185 lr:0.000993 t:0.8s
tttg: c12/185 lr:0.000991 t:0.9s
tttg: c13/185 lr:0.000990 t:0.9s
tttg: c14/185 lr:0.000988 t:1.0s
tttg: c15/185 lr:0.000986 t:1.1s
tttg: c16/185 lr:0.000984 t:1.2s
tttg: c17/185 lr:0.000981 t:1.2s
tttg: c18/185 lr:0.000979 t:1.3s
tttg: c19/185 lr:0.000977 t:1.4s
tttg: c20/185 lr:0.000974 t:1.5s
tttg: c21/185 lr:0.000971 t:1.5s
tttg: c22/185 lr:0.000968 t:1.6s
tttg: c23/185 lr:0.000965 t:1.7s
tttg: c24/185 lr:0.000962 t:1.8s
tttg: c25/185 lr:0.000959 t:1.8s
tttg: c26/185 lr:0.000955 t:1.9s
tttg: c27/185 lr:0.000952 t:2.0s
tttg: c28/185 lr:0.000948 t:2.0s
tttg: c29/185 lr:0.000944 t:2.1s
tttg: c30/185 lr:0.000940 t:2.2s
tttg: c31/185 lr:0.000936 t:2.3s
tttg: c32/185 lr:0.000932 t:2.3s
tttg: c33/185 lr:0.000927 t:2.4s
tttg: c34/185 lr:0.000923 t:2.5s
tttg: c35/185 lr:0.000918 t:2.6s
tttg: c36/185 lr:0.000913 t:2.6s
tttg: c37/185 lr:0.000908 t:2.7s
tttg: c38/185 lr:0.000904 t:2.8s
tttg: c39/185 lr:0.000898 t:2.8s
tttg: c40/185 lr:0.000893 t:2.9s
tttg: c41/185 lr:0.000888 t:3.0s
tttg: c42/185 lr:0.000882 t:3.1s
tttg: c43/185 lr:0.000877 t:3.1s
tttg: c44/185 lr:0.000871 t:3.2s
tttg: c45/185 lr:0.000865 t:3.3s
tttg: c46/185 lr:0.000860 t:3.3s
tttg: c47/185 lr:0.000854 t:3.4s
tttg: c48/185 lr:0.000847 t:3.5s
tttg: c49/185 lr:0.000841 t:3.6s
tttg: c50/185 lr:0.000835 t:3.6s
tttg: c51/185 lr:0.000829 t:3.7s
tttg: c52/185 lr:0.000822 t:3.8s
tttg: c53/185 lr:0.000816 t:3.9s
tttg: c54/185 lr:0.000809 t:3.9s
tttg: c55/185 lr:0.000802 t:4.0s
tttg: c56/185 lr:0.000795 t:4.1s
tttg: c57/185 lr:0.000788 t:4.1s
tttg: c58/185 lr:0.000781 t:4.2s
tttg: c59/185 lr:0.000774 t:4.3s
tttg: c60/185 lr:0.000767 t:4.4s
tttg: c61/185 lr:0.000760 t:4.4s
tttg: c62/185 lr:0.000752 t:4.5s
tttg: c63/185 lr:0.000745 t:4.6s
tttg: c64/185 lr:0.000738 t:4.6s
tttg: c65/185 lr:0.000730 t:4.7s
tttg: c66/185 lr:0.000722 t:4.8s
tttg: c67/185 lr:0.000715 t:4.9s
tttg: c68/185 lr:0.000707 t:4.9s
tttg: c69/185 lr:0.000699 t:5.0s
tttg: c70/185 lr:0.000691 t:5.1s
tttg: c71/185 lr:0.000683 t:5.2s
tttg: c72/185 lr:0.000675 t:5.2s
tttg: c73/185 lr:0.000667 t:5.3s
tttg: c74/185 lr:0.000659 t:5.4s
tttg: c75/185 lr:0.000651 t:5.4s
tttg: c76/185 lr:0.000643 t:5.5s
tttg: c77/185 lr:0.000635 t:5.6s
tttg: c78/185 lr:0.000627 t:5.7s
tttg: c79/185 lr:0.000618 t:5.7s
tttg: c80/185 lr:0.000610 t:5.8s
tttg: c81/185 lr:0.000602 t:5.9s
tttg: c82/185 lr:0.000593 t:5.9s
tttg: c83/185 lr:0.000585 t:6.0s
tttg: c84/185 lr:0.000577 t:6.1s
tttg: c85/185 lr:0.000568 t:6.2s
tttg: c86/185 lr:0.000560 t:6.2s
tttg: c87/185 lr:0.000551 t:6.3s
tttg: c88/185 lr:0.000543 t:6.4s
tttg: c89/185 lr:0.000534 t:6.5s
tttg: c90/185 lr:0.000526 t:6.5s
tttg: c91/185 lr:0.000517 t:6.6s
tttg: c92/185 lr:0.000509 t:6.7s
tttg: c93/185 lr:0.000500 t:6.7s
tttg: c94/185 lr:0.000491 t:6.8s
tttg: c95/185 lr:0.000483 t:6.9s
tttg: c96/185 lr:0.000474 t:7.0s
tttg: c97/185 lr:0.000466 t:7.0s
tttg: c98/185 lr:0.000457 t:7.1s
tttg: c99/185 lr:0.000449 t:7.2s
tttg: c100/185 lr:0.000440 t:7.3s
tttg: c101/185 lr:0.000432 t:7.3s
tttg: c102/185 lr:0.000423 t:7.4s
tttg: c103/185 lr:0.000415 t:7.5s
tttg: c104/185 lr:0.000407 t:7.5s
tttg: c105/185 lr:0.000398 t:7.6s
tttg: c106/185 lr:0.000390 t:7.7s
tttg: c107/185 lr:0.000382 t:7.8s
tttg: c108/185 lr:0.000373 t:7.8s
tttg: c109/185 lr:0.000365 t:7.9s
tttg: c110/185 lr:0.000357 t:8.0s
tttg: c111/185 lr:0.000349 t:8.0s
tttg: c112/185 lr:0.000341 t:8.1s
tttg: c113/185 lr:0.000333 t:8.2s
tttg: c114/185 lr:0.000325 t:8.3s
tttg: c115/185 lr:0.000317 t:8.4s
tttg: c116/185 lr:0.000309 t:8.4s
tttg: c117/185 lr:0.000301 t:8.5s
tttg: c118/185 lr:0.000293 t:8.6s
tttg: c119/185 lr:0.000285 t:8.6s
tttg: c120/185 lr:0.000278 t:8.7s
tttg: c121/185 lr:0.000270 t:8.8s
tttg: c122/185 lr:0.000262 t:8.9s
tttg: c123/185 lr:0.000255 t:8.9s
tttg: c124/185 lr:0.000248 t:9.0s
tttg: c125/185 lr:0.000240 t:9.1s
tttg: c126/185 lr:0.000233 t:9.2s
tttg: c127/185 lr:0.000226 t:9.2s
tttg: c128/185 lr:0.000219 t:9.3s
tttg: c129/185 lr:0.000212 t:9.4s
tttg: c130/185 lr:0.000205 t:9.4s
tttg: c131/185 lr:0.000198 t:9.5s
tttg: c132/185 lr:0.000191 t:9.6s
tttg: c133/185 lr:0.000184 t:9.7s
tttg: c134/185 lr:0.000178 t:9.7s
tttg: c135/185 lr:0.000171 t:9.8s
tttg: c136/185 lr:0.000165 t:9.9s
tttg: c137/185 lr:0.000159 t:10.0s
tttg: c138/185 lr:0.000153 t:10.0s
tttg: c139/185 lr:0.000146 t:10.1s
tttg: c140/185 lr:0.000140 t:10.2s
tttg: c141/185 lr:0.000135 t:10.2s
tttg: c142/185 lr:0.000129 t:10.3s
tttg: c143/185 lr:0.000123 t:10.4s
tttg: c144/185 lr:0.000118 t:10.5s
tttg: c145/185 lr:0.000112 t:10.5s
tttg: c146/185 lr:0.000107 t:10.6s
tttg: c147/185 lr:0.000102 t:10.7s
tttg: c148/185 lr:0.000096 t:10.7s
tttg: c149/185 lr:0.000092 t:10.8s
tttg: c150/185 lr:0.000087 t:10.9s
tttg: c151/185 lr:0.000082 t:11.0s
tttg: c152/185 lr:0.000077 t:11.0s
tttg: c153/185 lr:0.000073 t:11.1s
tttg: c154/185 lr:0.000068 t:11.2s
tttg: c155/185 lr:0.000064 t:11.3s
tttg: c156/185 lr:0.000060 t:11.3s
tttg: c157/185 lr:0.000056 t:11.4s
tttg: c158/185 lr:0.000052 t:11.5s
tttg: c159/185 lr:0.000048 t:11.5s
tttg: c160/185 lr:0.000045 t:11.6s
tttg: c161/185 lr:0.000041 t:11.7s
tttg: c162/185 lr:0.000038 t:11.8s
tttg: c163/185 lr:0.000035 t:11.8s
tttg: c164/185 lr:0.000032 t:11.9s
tttg: c165/185 lr:0.000029 t:12.0s
tttg: c166/185 lr:0.000026 t:12.1s
tttg: c167/185 lr:0.000023 t:12.1s
tttg: c168/185 lr:0.000021 t:12.2s
tttg: c169/185 lr:0.000019 t:12.3s
tttg: c170/185 lr:0.000016 t:12.3s
tttg: c171/185 lr:0.000014 t:12.4s
tttg: c172/185 lr:0.000012 t:12.5s
tttg: c173/185 lr:0.000010 t:12.6s
tttg: c174/185 lr:0.000009 t:12.6s
tttg: c175/185 lr:0.000007 t:12.7s
tttg: c176/185 lr:0.000006 t:12.8s
tttg: c177/185 lr:0.000005 t:12.8s
tttg: c178/185 lr:0.000004 t:12.9s
tttg: c179/185 lr:0.000003 t:13.0s
tttg: c180/185 lr:0.000002 t:13.1s
tttg: c181/185 lr:0.000001 t:13.1s
tttg: c182/185 lr:0.000001 t:13.2s
tttg: c183/185 lr:0.000000 t:13.3s
tttg: c184/185 lr:0.000000 t:13.4s
ttpr: phase:2/3 t:347.6s
ttp: b749/782 bl:2.4089 bb:1.0930 rl:2.2249 rb:1.0681 dl:3039-3089 gd:0
ttpp: phase:3/3 pd:2448 gd:2000 t:364.4s
tttg: c1/250 lr:0.001000 t:0.1s
tttg: c2/250 lr:0.001000 t:0.2s
tttg: c3/250 lr:0.001000 t:0.2s
tttg: c4/250 lr:0.001000 t:0.3s
tttg: c5/250 lr:0.000999 t:0.4s
tttg: c6/250 lr:0.000999 t:0.4s
tttg: c7/250 lr:0.000999 t:0.5s
tttg: c8/250 lr:0.000998 t:0.6s
tttg: c9/250 lr:0.000997 t:0.6s
tttg: c10/250 lr:0.000997 t:0.7s
tttg: c11/250 lr:0.000996 t:0.8s
tttg: c12/250 lr:0.000995 t:0.9s
tttg: c13/250 lr:0.000994 t:0.9s
tttg: c14/250 lr:0.000993 t:1.0s
tttg: c15/250 lr:0.000992 t:1.1s
tttg: c16/250 lr:0.000991 t:1.1s
tttg: c17/250 lr:0.000990 t:1.2s
tttg: c18/250 lr:0.000989 t:1.3s
tttg: c19/250 lr:0.000987 t:1.4s
tttg: c20/250 lr:0.000986 t:1.4s
tttg: c21/250 lr:0.000984 t:1.5s
tttg: c22/250 lr:0.000983 t:1.6s
tttg: c23/250 lr:0.000981 t:1.6s
tttg: c24/250 lr:0.000979 t:1.7s
tttg: c25/250 lr:0.000977 t:1.8s
tttg: c26/250 lr:0.000975 t:1.9s
tttg: c27/250 lr:0.000973 t:1.9s
tttg: c28/250 lr:0.000971 t:2.0s
tttg: c29/250 lr:0.000969 t:2.1s
tttg: c30/250 lr:0.000967 t:2.2s
tttg: c31/250 lr:0.000965 t:2.2s
tttg: c32/250 lr:0.000962 t:2.3s
tttg: c33/250 lr:0.000960 t:2.4s
tttg: c34/250 lr:0.000957 t:2.4s
tttg: c35/250 lr:0.000955 t:2.5s
tttg: c36/250 lr:0.000952 t:2.6s
tttg: c37/250 lr:0.000949 t:2.7s
tttg: c38/250 lr:0.000947 t:2.7s
tttg: c39/250 lr:0.000944 t:2.8s
tttg: c40/250 lr:0.000941 t:2.9s
tttg: c41/250 lr:0.000938 t:3.0s
tttg: c42/250 lr:0.000935 t:3.0s
tttg: c43/250 lr:0.000931 t:3.1s
tttg: c44/250 lr:0.000928 t:3.2s
tttg: c45/250 lr:0.000925 t:3.3s
tttg: c46/250 lr:0.000922 t:3.3s
tttg: c47/250 lr:0.000918 t:3.4s
tttg: c48/250 lr:0.000915 t:3.5s
tttg: c49/250 lr:0.000911 t:3.5s
tttg: c50/250 lr:0.000907 t:3.6s
tttg: c51/250 lr:0.000904 t:3.7s
tttg: c52/250 lr:0.000900 t:3.8s
tttg: c53/250 lr:0.000896 t:3.8s
tttg: c54/250 lr:0.000892 t:3.9s
tttg: c55/250 lr:0.000888 t:4.0s
tttg: c56/250 lr:0.000884 t:4.0s
tttg: c57/250 lr:0.000880 t:4.1s
tttg: c58/250 lr:0.000876 t:4.2s
tttg: c59/250 lr:0.000872 t:4.3s
tttg: c60/250 lr:0.000868 t:4.3s
tttg: c61/250 lr:0.000863 t:4.4s
tttg: c62/250 lr:0.000859 t:4.5s
tttg: c63/250 lr:0.000855 t:4.5s
tttg: c64/250 lr:0.000850 t:4.6s
tttg: c65/250 lr:0.000846 t:4.7s
tttg: c66/250 lr:0.000841 t:4.8s
tttg: c67/250 lr:0.000836 t:4.8s
tttg: c68/250 lr:0.000832 t:4.9s
tttg: c69/250 lr:0.000827 t:5.0s
tttg: c70/250 lr:0.000822 t:5.1s
tttg: c71/250 lr:0.000817 t:5.1s
tttg: c72/250 lr:0.000812 t:5.2s
tttg: c73/250 lr:0.000807 t:5.3s
tttg: c74/250 lr:0.000803 t:5.3s
tttg: c75/250 lr:0.000797 t:5.4s
tttg: c76/250 lr:0.000792 t:5.5s
tttg: c77/250 lr:0.000787 t:5.6s
tttg: c78/250 lr:0.000782 t:5.6s
tttg: c79/250 lr:0.000777 t:5.7s
tttg: c80/250 lr:0.000772 t:5.8s
tttg: c81/250 lr:0.000766 t:5.8s
tttg: c82/250 lr:0.000761 t:5.9s
tttg: c83/250 lr:0.000755 t:6.0s
tttg: c84/250 lr:0.000750 t:6.1s
tttg: c85/250 lr:0.000745 t:6.1s
tttg: c86/250 lr:0.000739 t:6.2s
tttg: c87/250 lr:0.000733 t:6.3s
tttg: c88/250 lr:0.000728 t:6.3s
tttg: c89/250 lr:0.000722 t:6.4s
tttg: c90/250 lr:0.000717 t:6.5s
tttg: c91/250 lr:0.000711 t:6.6s
tttg: c92/250 lr:0.000705 t:6.6s
tttg: c93/250 lr:0.000699 t:6.7s
tttg: c94/250 lr:0.000694 t:6.8s
tttg: c95/250 lr:0.000688 t:6.9s
tttg: c96/250 lr:0.000682 t:6.9s
tttg: c97/250 lr:0.000676 t:7.0s
tttg: c98/250 lr:0.000670 t:7.1s
tttg: c99/250 lr:0.000664 t:7.1s
tttg: c100/250 lr:0.000658 t:7.2s
tttg: c101/250 lr:0.000652 t:7.3s
tttg: c102/250 lr:0.000646 t:7.4s
tttg: c103/250 lr:0.000640 t:7.4s
tttg: c104/250 lr:0.000634 t:7.5s
tttg: c105/250 lr:0.000628 t:7.6s
tttg: c106/250 lr:0.000622 t:7.7s
tttg: c107/250 lr:0.000616 t:7.7s
tttg: c108/250 lr:0.000610 t:7.8s
tttg: c109/250 lr:0.000603 t:7.9s
tttg: c110/250 lr:0.000597 t:7.9s
tttg: c111/250 lr:0.000591 t:8.0s
tttg: c112/250 lr:0.000585 t:8.1s
tttg: c113/250 lr:0.000579 t:8.2s
tttg: c114/250 lr:0.000572 t:8.2s
tttg: c115/250 lr:0.000566 t:8.3s
tttg: c116/250 lr:0.000560 t:8.4s
tttg: c117/250 lr:0.000554 t:8.4s
tttg: c118/250 lr:0.000547 t:8.5s
tttg: c119/250 lr:0.000541 t:8.6s
tttg: c120/250 lr:0.000535 t:8.7s
tttg: c121/250 lr:0.000528 t:8.7s
tttg: c122/250 lr:0.000522 t:8.8s
tttg: c123/250 lr:0.000516 t:8.9s
tttg: c124/250 lr:0.000509 t:9.0s
tttg: c125/250 lr:0.000503 t:9.0s
tttg: c126/250 lr:0.000497 t:9.1s
tttg: c127/250 lr:0.000491 t:9.2s
tttg: c128/250 lr:0.000484 t:9.2s
tttg: c129/250 lr:0.000478 t:9.3s
tttg: c130/250 lr:0.000472 t:9.4s
tttg: c131/250 lr:0.000465 t:9.5s
tttg: c132/250 lr:0.000459 t:9.5s
tttg: c133/250 lr:0.000453 t:9.6s
tttg: c134/250 lr:0.000446 t:9.7s
tttg: c135/250 lr:0.000440 t:9.7s
tttg: c136/250 lr:0.000434 t:9.8s
tttg: c137/250 lr:0.000428 t:9.9s
tttg: c138/250 lr:0.000421 t:10.0s
tttg: c139/250 lr:0.000415 t:10.0s
tttg: c140/250 lr:0.000409 t:10.1s
tttg: c141/250 lr:0.000403 t:10.2s
tttg: c142/250 lr:0.000397 t:10.3s
tttg: c143/250 lr:0.000390 t:10.3s
tttg: c144/250 lr:0.000384 t:10.4s
tttg: c145/250 lr:0.000378 t:10.5s
tttg: c146/250 lr:0.000372 t:10.6s
tttg: c147/250 lr:0.000366 t:10.6s
tttg: c148/250 lr:0.000360 t:10.7s
tttg: c149/250 lr:0.000354 t:10.8s
tttg: c150/250 lr:0.000348 t:10.8s
tttg: c151/250 lr:0.000342 t:10.9s
tttg: c152/250 lr:0.000336 t:11.0s
tttg: c153/250 lr:0.000330 t:11.1s
tttg: c154/250 lr:0.000324 t:11.1s
tttg: c155/250 lr:0.000318 t:11.2s
tttg: c156/250 lr:0.000312 t:11.3s
tttg: c157/250 lr:0.000306 t:11.4s
tttg: c158/250 lr:0.000301 t:11.4s
tttg: c159/250 lr:0.000295 t:11.5s
tttg: c160/250 lr:0.000289 t:11.6s
tttg: c161/250 lr:0.000283 t:11.6s
tttg: c162/250 lr:0.000278 t:11.7s
tttg: c163/250 lr:0.000272 t:11.8s
tttg: c164/250 lr:0.000267 t:11.9s
tttg: c165/250 lr:0.000261 t:11.9s
tttg: c166/250 lr:0.000255 t:12.0s
tttg: c167/250 lr:0.000250 t:12.1s
tttg: c168/250 lr:0.000245 t:12.1s
tttg: c169/250 lr:0.000239 t:12.2s
tttg: c170/250 lr:0.000234 t:12.3s
tttg: c171/250 lr:0.000228 t:12.4s
tttg: c172/250 lr:0.000223 t:12.4s
tttg: c173/250 lr:0.000218 t:12.5s
tttg: c174/250 lr:0.000213 t:12.6s
tttg: c175/250 lr:0.000208 t:12.6s
tttg: c176/250 lr:0.000203 t:12.7s
tttg: c177/250 lr:0.000197 t:12.8s
tttg: c178/250 lr:0.000193 t:12.9s
tttg: c179/250 lr:0.000188 t:12.9s
tttg: c180/250 lr:0.000183 t:13.0s
tttg: c181/250 lr:0.000178 t:13.1s
tttg: c182/250 lr:0.000173 t:13.2s
tttg: c183/250 lr:0.000168 t:13.2s
tttg: c184/250 lr:0.000164 t:13.3s
tttg: c185/250 lr:0.000159 t:13.4s
tttg: c186/250 lr:0.000154 t:13.4s
tttg: c187/250 lr:0.000150 t:13.5s
tttg: c188/250 lr:0.000145 t:13.6s
tttg: c189/250 lr:0.000141 t:13.7s
tttg: c190/250 lr:0.000137 t:13.7s
tttg: c191/250 lr:0.000132 t:13.8s
tttg: c192/250 lr:0.000128 t:13.9s
tttg: c193/250 lr:0.000124 t:14.0s
tttg: c194/250 lr:0.000120 t:14.0s
tttg: c195/250 lr:0.000116 t:14.1s
tttg: c196/250 lr:0.000112 t:14.2s
tttg: c197/250 lr:0.000108 t:14.2s
tttg: c198/250 lr:0.000104 t:14.3s
tttg: c199/250 lr:0.000100 t:14.4s
tttg: c200/250 lr:0.000096 t:14.5s
tttg: c201/250 lr:0.000093 t:14.5s
tttg: c202/250 lr:0.000089 t:14.6s
tttg: c203/250 lr:0.000085 t:14.7s
tttg: c204/250 lr:0.000082 t:14.7s
tttg: c205/250 lr:0.000078 t:14.8s
tttg: c206/250 lr:0.000075 t:14.9s
tttg: c207/250 lr:0.000072 t:15.0s
tttg: c208/250 lr:0.000069 t:15.0s
tttg: c209/250 lr:0.000065 t:15.1s
tttg: c210/250 lr:0.000062 t:15.2s
tttg: c211/250 lr:0.000059 t:15.3s
tttg: c212/250 lr:0.000056 t:15.3s
tttg: c213/250 lr:0.000053 t:15.4s
tttg: c214/250 lr:0.000051 t:15.5s
tttg: c215/250 lr:0.000048 t:15.5s
tttg: c216/250 lr:0.000045 t:15.6s
tttg: c217/250 lr:0.000043 t:15.7s
tttg: c218/250 lr:0.000040 t:15.8s
tttg: c219/250 lr:0.000038 t:15.8s
tttg: c220/250 lr:0.000035 t:15.9s
tttg: c221/250 lr:0.000033 t:16.0s
tttg: c222/250 lr:0.000031 t:16.0s
tttg: c223/250 lr:0.000029 t:16.1s
tttg: c224/250 lr:0.000027 t:16.2s
tttg: c225/250 lr:0.000025 t:16.3s
tttg: c226/250 lr:0.000023 t:16.3s
tttg: c227/250 lr:0.000021 t:16.4s
tttg: c228/250 lr:0.000019 t:16.5s
tttg: c229/250 lr:0.000017 t:16.6s
tttg: c230/250 lr:0.000016 t:16.6s
tttg: c231/250 lr:0.000014 t:16.7s
tttg: c232/250 lr:0.000013 t:16.8s
tttg: c233/250 lr:0.000011 t:16.8s
tttg: c234/250 lr:0.000010 t:16.9s
tttg: c235/250 lr:0.000009 t:17.0s
tttg: c236/250 lr:0.000008 t:17.1s
tttg: c237/250 lr:0.000007 t:17.1s
tttg: c238/250 lr:0.000006 t:17.2s
tttg: c239/250 lr:0.000005 t:17.3s
tttg: c240/250 lr:0.000004 t:17.3s
tttg: c241/250 lr:0.000003 t:17.4s
tttg: c242/250 lr:0.000003 t:17.5s
tttg: c243/250 lr:0.000002 t:17.6s
tttg: c244/250 lr:0.000001 t:17.6s
tttg: c245/250 lr:0.000001 t:17.7s
tttg: c246/250 lr:0.000001 t:17.8s
tttg: c247/250 lr:0.000000 t:17.9s
tttg: c248/250 lr:0.000000 t:17.9s
tttg: c249/250 lr:0.000000 t:18.0s
ttpr: phase:3/3 t:384.5s
ttp: b741/782 bl:2.3315 bb:1.0456 rl:2.2332 rb:1.0662 dl:2686-2730 gd:1
ttp: b730/782 bl:2.2885 bb:1.0057 rl:2.2367 rb:1.0621 dl:2352-2376 gd:1
ttp: b722/782 bl:2.3631 bb:1.0589 rl:2.2436 rb:1.0619 dl:2163-2185 gd:1
ttp: b717/782 bl:2.2705 bb:1.0396 rl:2.2450 rb:1.0607 dl:2070-2088 gd:1
ttp: b706/782 bl:2.4172 bb:1.0811 rl:2.2525 rb:1.0617 dl:1898-1910 gd:1
ttp: b703/782 bl:2.3560 bb:1.0364 rl:2.2568 rb:1.0606 dl:1859-1872 gd:1
ttp: b691/782 bl:2.4665 bb:1.0738 rl:2.2645 rb:1.0611 dl:1725-1737 gd:1
ttp: b681/782 bl:2.3472 bb:1.0494 rl:2.2673 rb:1.0607 dl:1628-1637 gd:1
ttp: b673/782 bl:2.3779 bb:1.0674 rl:2.2708 rb:1.0609 dl:1562-1571 gd:1
ttp: b670/782 bl:2.3598 bb:1.0738 rl:2.2734 rb:1.0613 dl:1537-1544 gd:1
ttp: b656/782 bl:2.3426 bb:1.1175 rl:2.2753 rb:1.0628 dl:1439-1445 gd:1
ttp: b651/782 bl:2.4065 bb:1.0516 rl:2.2787 rb:1.0625 dl:1406-1411 gd:1
ttp: b643/782 bl:2.3715 bb:1.0327 rl:2.2809 rb:1.0617 dl:1356-1362 gd:1
ttp: b634/782 bl:2.3963 bb:1.0549 rl:2.2835 rb:1.0615 dl:1302-1308 gd:1
ttp: b625/782 bl:2.4261 bb:1.0585 rl:2.2866 rb:1.0615 dl:1255-1260 gd:1
ttp: b617/782 bl:2.3246 bb:1.0272 rl:2.2874 rb:1.0607 dl:1211-1216 gd:1
ttp: b609/782 bl:2.2896 bb:1.0257 rl:2.2874 rb:1.0600 dl:1172-1177 gd:1
ttp: b601/782 bl:2.3451 bb:1.0267 rl:2.2885 rb:1.0594 dl:1137-1141 gd:1
ttp: b597/782 bl:2.3850 bb:1.0605 rl:2.2902 rb:1.0594 dl:1119-1124 gd:1
ttp: b588/782 bl:2.3361 bb:1.0514 rl:2.2910 rb:1.0593 dl:1081-1086 gd:1
ttp: b579/782 bl:2.3635 bb:1.0446 rl:2.2921 rb:1.0590 dl:1044-1048 gd:1
ttp: b573/782 bl:2.3840 bb:1.0747 rl:2.2935 rb:1.0593 dl:1021-1025 gd:1
ttp: b564/782 bl:2.3018 bb:1.0242 rl:2.2937 rb:1.0587 dl:990-993 gd:1
ttp: b556/782 bl:2.3966 bb:1.0775 rl:2.2951 rb:1.0590 dl:961-965 gd:1
ttp: b544/782 bl:2.3660 bb:1.0782 rl:2.2961 rb:1.0593 dl:924-927 gd:1
ttp: b536/782 bl:2.3325 bb:1.0503 rl:2.2965 rb:1.0592 dl:899-902 gd:1
ttp: b532/782 bl:2.4048 bb:1.0740 rl:2.2979 rb:1.0593 dl:887-889 gd:1
ttp: b524/782 bl:2.3918 bb:1.0746 rl:2.2990 rb:1.0595 dl:863-866 gd:1
ttp: b512/782 bl:2.3194 bb:1.0711 rl:2.2992 rb:1.0597 dl:829-832 gd:1
ttp: b505/782 bl:2.3451 bb:1.0724 rl:2.2998 rb:1.0598 dl:809-812 gd:1
ttp: b501/782 bl:2.3962 bb:1.0586 rl:2.3008 rb:1.0598 dl:799-802 gd:1
ttp: b493/782 bl:2.3836 bb:1.0522 rl:2.3017 rb:1.0597 dl:778-780 gd:1
ttp: b485/782 bl:2.3091 bb:1.0402 rl:2.3017 rb:1.0595 dl:759-761 gd:1
ttp: b477/782 bl:2.4187 bb:1.0416 rl:2.3029 rb:1.0593 dl:740-742 gd:1
ttp: b469/782 bl:2.3437 bb:1.0307 rl:2.3032 rb:1.0590 dl:721-724 gd:1
ttp: b456/782 bl:2.3700 bb:1.0498 rl:2.3038 rb:1.0590 dl:693-695 gd:1
ttp: b449/782 bl:2.4315 bb:1.0684 rl:2.3049 rb:1.0590 dl:678-680 gd:1
ttp: b441/782 bl:2.3553 bb:1.0502 rl:2.3054 rb:1.0590 dl:662-664 gd:1
ttp: b435/782 bl:2.3307 bb:1.0294 rl:2.3056 rb:1.0587 dl:648-651 gd:1
ttp: b427/782 bl:2.2718 bb:1.0695 rl:2.3053 rb:1.0588 dl:634-636 gd:1
ttp: b419/782 bl:2.3343 bb:1.0583 rl:2.3055 rb:1.0588 dl:618-620 gd:1
ttp: b413/782 bl:2.3860 bb:1.0694 rl:2.3061 rb:1.0589 dl:607-609 gd:1
ttp: b406/782 bl:2.3269 bb:1.0715 rl:2.3063 rb:1.0590 dl:593-595 gd:1
ttp: b398/782 bl:2.2625 bb:1.0104 rl:2.3060 rb:1.0586 dl:579-581 gd:1
ttp: b385/782 bl:2.4218 bb:1.0800 rl:2.3067 rb:1.0588 dl:555-557 gd:1
ttp: b378/782 bl:2.4456 bb:1.0612 rl:2.3076 rb:1.0588 dl:544-545 gd:1
ttp: b370/782 bl:2.3869 bb:1.0927 rl:2.3081 rb:1.0590 dl:530-532 gd:1
ttp: b361/782 bl:2.3646 bb:1.1039 rl:2.3085 rb:1.0593 dl:515-517 gd:1
ttp: b353/782 bl:2.2214 bb:1.0158 rl:2.3080 rb:1.0590 dl:501-503 gd:1
ttp: b346/782 bl:2.3896 bb:1.0789 rl:2.3084 rb:1.0591 dl:491-492 gd:1
ttp: b338/782 bl:2.3737 bb:1.1056 rl:2.3088 rb:1.0594 dl:478-480 gd:1
ttp: b335/782 bl:2.3812 bb:1.0787 rl:2.3092 rb:1.0595 dl:474-476 gd:1
ttp: b327/782 bl:2.3493 bb:1.0924 rl:2.3094 rb:1.0597 dl:462-463 gd:1
ttp: b319/782 bl:2.4123 bb:1.0877 rl:2.3099 rb:1.0598 dl:450-451 gd:1
ttp: b311/782 bl:2.3657 bb:1.0904 rl:2.3102 rb:1.0600 dl:438-439 gd:1
ttp: b301/782 bl:2.3709 bb:1.1007 rl:2.3105 rb:1.0601 dl:422-424 gd:1
ttp: b293/782 bl:2.4505 bb:1.1049 rl:2.3111 rb:1.0604 dl:410-412 gd:1
ttp: b285/782 bl:2.3871 bb:1.0875 rl:2.3115 rb:1.0605 dl:399-400 gd:1
ttp: b277/782 bl:2.2844 bb:1.0758 rl:2.3113 rb:1.0605 dl:388-389 gd:1
ttp: b266/782 bl:2.3944 bb:1.1141 rl:2.3117 rb:1.0608 dl:374-375 gd:1
ttp: b258/782 bl:2.4602 bb:1.1039 rl:2.3123 rb:1.0609 dl:364-365 gd:1
ttp: b250/782 bl:2.3282 bb:1.0795 rl:2.3123 rb:1.0610 dl:354-355 gd:1
ttp: b245/782 bl:2.3881 bb:1.1180 rl:2.3126 rb:1.0612 dl:347-349 gd:1
ttp: b237/782 bl:2.3484 bb:1.1031 rl:2.3128 rb:1.0614 dl:337-338 gd:1
ttp: b227/782 bl:2.5022 bb:1.1617 rl:2.3134 rb:1.0617 dl:325-327 gd:1
ttp: b219/782 bl:2.3540 bb:1.1263 rl:2.3136 rb:1.0619 dl:316-317 gd:1
ttp: b212/782 bl:2.3838 bb:1.0882 rl:2.3138 rb:1.0620 dl:308-309 gd:1
ttp: b205/782 bl:2.3384 bb:1.1196 rl:2.3139 rb:1.0622 dl:301-302 gd:1
ttp: b198/782 bl:2.4119 bb:1.0670 rl:2.3142 rb:1.0622 dl:294-295 gd:1
ttp: b190/782 bl:2.3585 bb:1.0844 rl:2.3143 rb:1.0623 dl:284-285 gd:1
ttp: b182/782 bl:2.3689 bb:1.1263 rl:2.3145 rb:1.0625 dl:276-277 gd:1
ttp: b174/782 bl:2.4707 bb:1.1653 rl:2.3149 rb:1.0627 dl:268-269 gd:1
ttp: b166/782 bl:2.4982 bb:1.1167 rl:2.3154 rb:1.0629 dl:260-262 gd:1
ttp: b157/782 bl:2.3713 bb:1.1357 rl:2.3156 rb:1.0631 dl:252-253 gd:1
ttp: b149/782 bl:2.3831 bb:1.1608 rl:2.3158 rb:1.0633 dl:244-245 gd:1
ttp: b143/782 bl:2.4334 bb:1.1792 rl:2.3160 rb:1.0636 dl:238-239 gd:1
ttp: b135/782 bl:2.4428 bb:1.1837 rl:2.3164 rb:1.0639 dl:231-232 gd:1
ttp: b127/782 bl:2.4943 bb:1.1964 rl:2.3168 rb:1.0642 dl:223-224 gd:1
ttp: b119/782 bl:2.3959 bb:1.1665 rl:2.3169 rb:1.0644 dl:216-217 gd:1
ttp: b112/782 bl:2.4913 bb:1.1891 rl:2.3173 rb:1.0646 dl:210-210 gd:1
ttp: b102/782 bl:2.6016 bb:1.2059 rl:2.3179 rb:1.0649 dl:201-202 gd:1
ttp: b94/782 bl:2.5885 bb:1.2231 rl:2.3185 rb:1.0652 dl:193-194 gd:1
ttp: b85/782 bl:2.5308 bb:1.2120 rl:2.3189 rb:1.0655 dl:185-186 gd:1
ttp: b77/782 bl:2.5322 bb:1.2438 rl:2.3193 rb:1.0658 dl:178-179 gd:1
ttp: b69/782 bl:2.4744 bb:1.2079 rl:2.3195 rb:1.0660 dl:171-172 gd:1
ttp: b61/782 bl:2.4710 bb:1.2231 rl:2.3198 rb:1.0663 dl:164-165 gd:1
ttp: b53/782 bl:2.5304 bb:1.2058 rl:2.3201 rb:1.0665 dl:156-157 gd:1
ttp: b45/782 bl:2.4725 bb:1.1831 rl:2.3204 rb:1.0667 dl:148-149 gd:1
ttp: b37/782 bl:2.5867 bb:1.2192 rl:2.3207 rb:1.0669 dl:140-141 gd:1
ttp: b30/782 bl:2.6136 bb:1.2743 rl:2.3211 rb:1.0672 dl:133-134 gd:1
ttp: b22/782 bl:2.5762 bb:1.2059 rl:2.3215 rb:1.0673 dl:124-126 gd:1
ttp: b14/782 bl:2.6097 bb:1.1913 rl:2.3218 rb:1.0675 dl:114-115 gd:1
ttp: b6/782 bl:2.7466 bb:1.2246 rl:2.3222 rb:1.0676 dl:99-101 gd:1
quantized_ttt_phased val_loss:2.33732420 val_bpb:1.06806595 eval_time:482008ms
total_eval_time:482.0s
