W0416 10:02:17.514000 41119 torch/distributed/run.py:851] 
W0416 10:02:17.514000 41119 torch/distributed/run.py:851] *****************************************
W0416 10:02:17.514000 41119 torch/distributed/run.py:851] Setting OMP_NUM_THREADS environment variable for each process to be 1 in default, to avoid your system being overloaded, please further tune the variable for optimal performance in your application as needed. 
W0416 10:02:17.514000 41119 torch/distributed/run.py:851] *****************************************
Hyperparameters:
  adam_eps: 1e-08
  adam_wd: 0.02
  artifact_dir: 
  attn_clip_sigmas: 13.0
  beta1: 0.9
  beta2: 0.95
  compressor: brotli
  data_dir: ./data/
  datasets_dir: ./data/datasets/fineweb10B_sp8192
  distributed: True
  ema_decay: 0.9965
  embed_bits: 7
  embed_clip_sigmas: 15.0
  embed_lr: 0.6
  embed_wd: 0.085
  embedding_dim: 512
  enable_looping_at: 0.35
  eval_only_path: 
  eval_seq_len: 2048
  eval_stride: 64
  gate_attn_out: True
  gate_attn_src: proj
  gate_mlp_out: False
  gate_width: 12
  gptq_calibration_batches: 64
  gptq_reserve_seconds: 13.0
  grad_accum_steps: 1
  grad_clip_norm: 0.3
  head_lr: 0.008
  is_main_process: True
  iterations: 20000
  ln_scale: True
  local_rank: 0
  logfile: logs/run_v3_rankfix_seed1337.txt
  logit_softcap: 30.0
  loop_end: 5
  loop_start: 3
  matrix_bits: 6
  matrix_clip_sigmas: 12.85
  matrix_lr: 0.026
  max_wallclock_seconds: 600.0
  min_lr: 0.0
  mlp_clip_sigmas: 12.0
  mlp_mult: 4.0
  model_dim: 512
  model_path: final_model.pt
  muon_backend_steps: 5
  muon_beta2: 0.95
  muon_momentum: 0.97
  muon_momentum_warmup_start: 0.92
  muon_momentum_warmup_steps: 1500
  muon_row_normalize: True
  muon_wd: 0.095
  num_heads: 8
  num_kv_heads: 4
  num_layers: 11
  num_loops: 2
  parallel_final_lane: mean
  parallel_start_layer: 8
  qk_gain_init: 5.25
  quantized_model_path: final_model.int6.ptz
  rank: 0
  rope_base: 10000.0
  rope_dims: 16
  rope_train_seq_len: 2048
  rope_yarn: False
  run_id: run_v3_rankfix_seed1337
  scalar_lr: 0.02
  seed: 1337
  skip_gates_enabled: True
  sliding_window_enabled: False
  smear_gate_enabled: True
  smear_gate_width: 12
  tie_embeddings: True
  tied_embed_init_std: 0.005
  tied_embed_lr: 0.03
  tokenizer_path: ./data/tokenizers/fineweb_8192_bpe.model
  train_batch_tokens: 786432
  train_files: ./data/datasets/fineweb10B_sp8192/fineweb_train_*.bin
  train_log_every: 500
  train_seq_len: 2048
  ttt_batch_size: 64
  ttt_beta1: 0.0
  ttt_beta2: 0.999
  ttt_chunk_size: 48
  ttt_enabled: True
  ttt_eval_batches: 
  ttt_eval_seq_len: 2048
  ttt_grad_steps: 1
  ttt_k_lora: True
  ttt_lora_lr: 0.0001
  ttt_lora_rank: 96
  ttt_mlp_lora: True
  ttt_o_lora: True
  ttt_optimizer: adam
  ttt_output_dir: 
  ttt_weight_decay: 0.5
  val_batch_tokens: 524288
  val_doc_fraction: 1.0
  val_files: ./data/datasets/fineweb10B_sp8192/fineweb_val_*.bin
  val_loss_every: 4000
  vocab_size: 8192
  warmdown_frac: 0.75
  warmup_steps: 20
  world_size: 8
  xsa_last_n: 11
train_shards: 80
val_tokens: 40540160
model_params:35945671
gptq:reserving 13s, effective=587000ms
warmup_cu_buckets:64,128,192,256 iters_each:3
warmup_step: 1/20
warmup_step: 2/20
warmup_step: 3/20
warmup_step: 4/20
warmup_step: 5/20
warmup_step: 6/20
warmup_step: 10/20
warmup_step: 20/20
loop_warmup:enabled encoder:[0, 1, 2, 3, 4, 5, 3, 4] decoder:[5, 3, 4, 5, 6, 7, 8, 9, 10]
loop_warmup_step: 1/20
loop_warmup_step: 2/20
loop_warmup_step: 3/20
loop_warmup_step: 4/20
loop_warmup_step: 5/20
loop_warmup_step: 6/20
loop_warmup_step: 10/20
loop_warmup_step: 20/20
0/20000 val_loss: 9.0085 val_bpb: 3.4874
1/20000 train_loss: 9.0082 train_time: 0.0m tok/s: 12223382
2/20000 train_loss: 12.2954 train_time: 0.0m tok/s: 11294894
3/20000 train_loss: 11.2621 train_time: 0.0m tok/s: 10210403
4/20000 train_loss: 9.5972 train_time: 0.0m tok/s: 9653586
5/20000 train_loss: 8.2068 train_time: 0.0m tok/s: 9392016
500/20000 train_loss: 3.2477 train_time: 0.8m tok/s: 8233488
1000/20000 train_loss: 3.0180 train_time: 1.6m tok/s: 8196448
1500/20000 train_loss: 3.0234 train_time: 2.4m tok/s: 8187786
2000/20000 train_loss: 2.9745 train_time: 3.2m tok/s: 8186558
layer_loop:enabled step:2139 frac:0.350 encoder:[0, 1, 2, 3, 4, 5, 3, 4] decoder:[5, 3, 4, 5, 6, 7, 8, 9, 10]
2500/20000 train_loss: 3.0588 train_time: 4.3m tok/s: 7674571
3000/20000 train_loss: 2.8967 train_time: 5.4m tok/s: 7228101
3500/20000 train_loss: 2.9675 train_time: 6.6m tok/s: 6924446
4000/20000 train_loss: 2.8961 train_time: 7.8m tok/s: 6708936
4000/20000 val_loss: 2.8723 val_bpb: 1.1119
4500/20000 train_loss: 2.8491 train_time: 9.0m tok/s: 6566406
4843/20000 val_loss: 2.7670 val_bpb: 1.0711
stopping_early: wallclock_cap train_time: 587083ms step: 4843/20000
peak memory allocated: 40181 MiB reserved: 44268 MiB
ema:applying EMA weights
diagnostic pre-quantization post-ema val_loss:2.76592745 val_bpb:1.07074220 eval_time:6776ms
Serialized model: 135418173 bytes
Code size (uncompressed): 122501 bytes
Code size (compressed): 27555 bytes
GPTQ:collecting Hessians from calibration data...
GPTQ:collected 67 Hessians in 12.9s
Quantized weights:
  gptq (int6): blocks.attn.c_k.weight, blocks.attn.c_q.weight, blocks.attn.c_v.weight, blocks.attn.proj.weight, blocks.mlp.fc.weight, blocks.mlp.proj.weight
  gptq (int7): tok_emb.weight
  passthrough (float16): blocks.attn.attn_gate_proj.weight, blocks.attn.q_gain, blocks.attn_scale, blocks.mlp_scale, blocks.resid_mix, parallel_post_lambdas, parallel_resid_lambdas, skip_gates, skip_weights, smear_gate.weight, smear_lambda
Serialized model quantized+brotli: 15911493 bytes
Total submission size quantized+brotli: 15939048 bytes
diagnostic quantized val_loss:2.79266024 val_bpb:1.08109096 eval_time:10502ms
ttt_lora:warming up compile (random tokens, no val data)
ttt_lora:compile warmup done (98.0s)

beginning TTT eval timer
ttt_lora:docs:50000 rank:96 lr:0.0001 chunk:48
ttt_progress: batch 778/782 batch_loss:2.7818 batch_bpb:1.1128 running_loss:2.7818 running_bpb:1.1128 doc_len:7961-8997
ttt_progress: batch 771/782 batch_loss:2.7540 batch_bpb:1.0768 running_loss:2.7717 running_bpb:1.0996 doc_len:4701-4937
ttt_progress: batch 766/782 batch_loss:2.5542 batch_bpb:1.0000 running_loss:2.7223 running_bpb:1.0767 doc_len:3846-3962
ttt_progress: batch 760/782 batch_loss:2.8379 batch_bpb:1.1145 running_loss:2.7409 running_bpb:1.0828 doc_len:3255-3334
ttt_progress: batch 754/782 batch_loss:2.6815 batch_bpb:1.0522 running_loss:2.7336 running_bpb:1.0791 doc_len:2839-2899
ttt_progress: batch 748/782 batch_loss:2.8008 batch_bpb:1.0725 running_loss:2.7403 running_bpb:1.0784 doc_len:2539-2578
ttt_progress: batch 742/782 batch_loss:2.7778 batch_bpb:1.0640 running_loss:2.7434 running_bpb:1.0772 doc_len:2319-2353
ttt_progress: batch 736/782 batch_loss:2.6689 batch_bpb:1.0403 running_loss:2.7381 running_bpb:1.0745 doc_len:2140-2165
ttt_progress: batch 730/782 batch_loss:2.7568 batch_bpb:1.0853 running_loss:2.7393 running_bpb:1.0752 doc_len:1995-2016
ttt_progress: batch 723/782 batch_loss:2.7734 batch_bpb:1.0581 running_loss:2.7411 running_bpb:1.0742 doc_len:1861-1885
ttt_progress: batch 716/782 batch_loss:2.8061 batch_bpb:1.0355 running_loss:2.7443 running_bpb:1.0722 doc_len:1739-1754
ttt_progress: batch 709/782 batch_loss:2.7775 batch_bpb:1.0553 running_loss:2.7457 running_bpb:1.0715 doc_len:1649-1661
ttt_progress: batch 702/782 batch_loss:2.7946 batch_bpb:1.0630 running_loss:2.7477 running_bpb:1.0711 doc_len:1572-1581
ttt_progress: batch 695/782 batch_loss:2.7744 batch_bpb:1.0756 running_loss:2.7487 running_bpb:1.0713 doc_len:1504-1513
ttt_progress: batch 688/782 batch_loss:2.7401 batch_bpb:1.0453 running_loss:2.7484 running_bpb:1.0704 doc_len:1441-1450
ttt_progress: batch 681/782 batch_loss:2.8114 batch_bpb:1.0674 running_loss:2.7504 running_bpb:1.0703 doc_len:1383-1393
ttt_progress: batch 674/782 batch_loss:2.7745 batch_bpb:1.0528 running_loss:2.7511 running_bpb:1.0698 doc_len:1334-1341
ttt_progress: batch 667/782 batch_loss:2.8101 batch_bpb:1.1008 running_loss:2.7528 running_bpb:1.0706 doc_len:1288-1295
ttt_progress: batch 662/782 batch_loss:2.8034 batch_bpb:1.0697 running_loss:2.7541 running_bpb:1.0706 doc_len:1258-1263
ttt_progress: batch 655/782 batch_loss:2.6765 batch_bpb:1.0181 running_loss:2.7522 running_bpb:1.0693 doc_len:1215-1220
ttt_progress: batch 647/782 batch_loss:2.7409 batch_bpb:1.0434 running_loss:2.7519 running_bpb:1.0686 doc_len:1171-1177
ttt_progress: batch 640/782 batch_loss:2.7786 batch_bpb:1.0814 running_loss:2.7525 running_bpb:1.0689 doc_len:1134-1140
ttt_progress: batch 634/782 batch_loss:2.6938 batch_bpb:1.0399 running_loss:2.7513 running_bpb:1.0683 doc_len:1105-1111
ttt_progress: batch 625/782 batch_loss:2.6641 batch_bpb:1.0009 running_loss:2.7495 running_bpb:1.0669 doc_len:1064-1068
ttt_progress: batch 618/782 batch_loss:2.7328 batch_bpb:1.0477 running_loss:2.7492 running_bpb:1.0665 doc_len:1031-1037
ttt_progress: batch 611/782 batch_loss:2.7523 batch_bpb:1.0655 running_loss:2.7493 running_bpb:1.0665 doc_len:1004-1007
ttt_progress: batch 606/782 batch_loss:2.8121 batch_bpb:1.0820 running_loss:2.7504 running_bpb:1.0668 doc_len:982-986
ttt_progress: batch 599/782 batch_loss:2.7341 batch_bpb:1.0501 running_loss:2.7501 running_bpb:1.0665 doc_len:954-958
ttt_progress: batch 595/782 batch_loss:2.7217 batch_bpb:1.0523 running_loss:2.7496 running_bpb:1.0663 doc_len:940-943
ttt_progress: batch 588/782 batch_loss:2.7327 batch_bpb:1.0426 running_loss:2.7494 running_bpb:1.0659 doc_len:917-921
ttt_progress: batch 578/782 batch_loss:2.7977 batch_bpb:1.0659 running_loss:2.7501 running_bpb:1.0659 doc_len:884-887
ttt_progress: batch 571/782 batch_loss:2.7085 batch_bpb:1.0332 running_loss:2.7495 running_bpb:1.0654 doc_len:862-865
ttt_progress: batch 567/782 batch_loss:2.6675 batch_bpb:1.0274 running_loss:2.7484 running_bpb:1.0649 doc_len:849-852
ttt_progress: batch 560/782 batch_loss:2.8053 batch_bpb:1.0864 running_loss:2.7491 running_bpb:1.0652 doc_len:828-831
ttt_progress: batch 552/782 batch_loss:2.7882 batch_bpb:1.0391 running_loss:2.7496 running_bpb:1.0648 doc_len:804-806
ttt_progress: batch 544/782 batch_loss:2.7471 batch_bpb:1.0404 running_loss:2.7496 running_bpb:1.0645 doc_len:782-785
ttt_progress: batch 536/782 batch_loss:2.7756 batch_bpb:1.0706 running_loss:2.7499 running_bpb:1.0646 doc_len:762-764
ttt_progress: batch 531/782 batch_loss:2.7693 batch_bpb:1.0504 running_loss:2.7501 running_bpb:1.0644 doc_len:750-752
ttt_progress: batch 524/782 batch_loss:2.8062 batch_bpb:1.0487 running_loss:2.7507 running_bpb:1.0643 doc_len:732-735
ttt_progress: batch 517/782 batch_loss:2.7712 batch_bpb:1.0489 running_loss:2.7509 running_bpb:1.0641 doc_len:715-717
ttt_progress: batch 510/782 batch_loss:2.7528 batch_bpb:1.0181 running_loss:2.7510 running_bpb:1.0636 doc_len:698-700
ttt_progress: batch 504/782 batch_loss:2.8649 batch_bpb:1.0978 running_loss:2.7521 running_bpb:1.0639 doc_len:685-686
ttt_progress: batch 498/782 batch_loss:2.6619 batch_bpb:1.0305 running_loss:2.7512 running_bpb:1.0636 doc_len:671-673
ttt_progress: batch 492/782 batch_loss:2.8004 batch_bpb:1.0532 running_loss:2.7517 running_bpb:1.0635 doc_len:657-659
ttt_progress: batch 485/782 batch_loss:2.7794 batch_bpb:1.0460 running_loss:2.7519 running_bpb:1.0634 doc_len:643-645
ttt_progress: batch 477/782 batch_loss:2.7682 batch_bpb:1.0517 running_loss:2.7521 running_bpb:1.0632 doc_len:626-628
ttt_progress: batch 468/782 batch_loss:2.7799 batch_bpb:1.0552 running_loss:2.7523 running_bpb:1.0632 doc_len:608-610
ttt_progress: batch 460/782 batch_loss:2.7885 batch_bpb:1.0577 running_loss:2.7526 running_bpb:1.0631 doc_len:593-595
ttt_progress: batch 453/782 batch_loss:2.7539 batch_bpb:1.0568 running_loss:2.7526 running_bpb:1.0631 doc_len:580-582
ttt_progress: batch 446/782 batch_loss:2.8160 batch_bpb:1.0869 running_loss:2.7531 running_bpb:1.0633 doc_len:568-569
ttt_progress: batch 439/782 batch_loss:2.7387 batch_bpb:1.0380 running_loss:2.7530 running_bpb:1.0631 doc_len:555-556
ttt_progress: batch 432/782 batch_loss:2.7529 batch_bpb:1.0473 running_loss:2.7530 running_bpb:1.0630 doc_len:542-544
ttt_progress: batch 425/782 batch_loss:2.7438 batch_bpb:1.0439 running_loss:2.7529 running_bpb:1.0628 doc_len:530-532
ttt_progress: batch 418/782 batch_loss:2.8031 batch_bpb:1.0692 running_loss:2.7533 running_bpb:1.0629 doc_len:517-519
ttt_progress: batch 411/782 batch_loss:2.8093 batch_bpb:1.0710 running_loss:2.7537 running_bpb:1.0629 doc_len:507-508
ttt_progress: batch 404/782 batch_loss:2.7783 batch_bpb:1.0661 running_loss:2.7538 running_bpb:1.0629 doc_len:495-497
ttt_progress: batch 397/782 batch_loss:2.8802 batch_bpb:1.0942 running_loss:2.7546 running_bpb:1.0631 doc_len:484-486
ttt_progress: batch 390/782 batch_loss:2.8033 batch_bpb:1.0873 running_loss:2.7549 running_bpb:1.0633 doc_len:473-475
ttt_progress: batch 383/782 batch_loss:2.8202 batch_bpb:1.0801 running_loss:2.7553 running_bpb:1.0634 doc_len:463-464
ttt_progress: batch 376/782 batch_loss:2.7052 batch_bpb:1.0389 running_loss:2.7550 running_bpb:1.0632 doc_len:453-454
ttt_progress: batch 369/782 batch_loss:2.9116 batch_bpb:1.0808 running_loss:2.7559 running_bpb:1.0633 doc_len:443-444
ttt_progress: batch 362/782 batch_loss:2.8043 batch_bpb:1.0603 running_loss:2.7562 running_bpb:1.0633 doc_len:433-434
ttt_progress: batch 355/782 batch_loss:2.6969 batch_bpb:1.0626 running_loss:2.7558 running_bpb:1.0633 doc_len:423-424
ttt_progress: batch 348/782 batch_loss:2.8003 batch_bpb:1.0642 running_loss:2.7561 running_bpb:1.0633 doc_len:414-415
ttt_progress: batch 341/782 batch_loss:2.8662 batch_bpb:1.0973 running_loss:2.7566 running_bpb:1.0635 doc_len:404-406
ttt_progress: batch 334/782 batch_loss:2.8588 batch_bpb:1.1001 running_loss:2.7571 running_bpb:1.0637 doc_len:395-396
ttt_progress: batch 327/782 batch_loss:2.7675 batch_bpb:1.0744 running_loss:2.7572 running_bpb:1.0637 doc_len:387-388
ttt_progress: batch 319/782 batch_loss:2.8132 batch_bpb:1.1036 running_loss:2.7574 running_bpb:1.0639 doc_len:376-377
ttt_progress: batch 312/782 batch_loss:2.7280 batch_bpb:1.0649 running_loss:2.7573 running_bpb:1.0639 doc_len:367-368
ttt_progress: batch 305/782 batch_loss:2.8485 batch_bpb:1.0806 running_loss:2.7577 running_bpb:1.0640 doc_len:358-359
ttt_progress: batch 298/782 batch_loss:2.8392 batch_bpb:1.0990 running_loss:2.7580 running_bpb:1.0641 doc_len:349-351
ttt_progress: batch 291/782 batch_loss:2.9449 batch_bpb:1.1118 running_loss:2.7588 running_bpb:1.0643 doc_len:341-342
ttt_progress: batch 284/782 batch_loss:2.8716 batch_bpb:1.0826 running_loss:2.7593 running_bpb:1.0644 doc_len:333-334
ttt_progress: batch 277/782 batch_loss:2.7927 batch_bpb:1.0999 running_loss:2.7594 running_bpb:1.0645 doc_len:325-326
ttt_progress: batch 269/782 batch_loss:2.9122 batch_bpb:1.1225 running_loss:2.7600 running_bpb:1.0648 doc_len:316-318
ttt_progress: batch 262/782 batch_loss:2.8535 batch_bpb:1.1142 running_loss:2.7603 running_bpb:1.0649 doc_len:309-310
ttt_progress: batch 255/782 batch_loss:2.8648 batch_bpb:1.1305 running_loss:2.7607 running_bpb:1.0652 doc_len:300-301
ttt_progress: batch 248/782 batch_loss:2.8785 batch_bpb:1.0985 running_loss:2.7611 running_bpb:1.0653 doc_len:293-294
ttt_progress: batch 241/782 batch_loss:2.8903 batch_bpb:1.1196 running_loss:2.7615 running_bpb:1.0655 doc_len:286-287
ttt_progress: batch 234/782 batch_loss:2.9031 batch_bpb:1.1508 running_loss:2.7620 running_bpb:1.0657 doc_len:279-280
ttt_progress: batch 227/782 batch_loss:2.7997 batch_bpb:1.0858 running_loss:2.7621 running_bpb:1.0658 doc_len:272-273
ttt_progress: batch 220/782 batch_loss:2.8594 batch_bpb:1.1066 running_loss:2.7624 running_bpb:1.0659 doc_len:265-266
ttt_progress: batch 213/782 batch_loss:2.9923 batch_bpb:1.1675 running_loss:2.7631 running_bpb:1.0662 doc_len:258-259
ttt_progress: batch 206/782 batch_loss:2.8709 batch_bpb:1.1113 running_loss:2.7634 running_bpb:1.0664 doc_len:252-253
ttt_progress: batch 198/782 batch_loss:2.9653 batch_bpb:1.1468 running_loss:2.7640 running_bpb:1.0666 doc_len:245-246
ttt_progress: batch 191/782 batch_loss:2.9337 batch_bpb:1.1456 running_loss:2.7644 running_bpb:1.0668 doc_len:238-239
ttt_progress: batch 184/782 batch_loss:2.8870 batch_bpb:1.1463 running_loss:2.7648 running_bpb:1.0670 doc_len:232-233
ttt_progress: batch 177/782 batch_loss:2.9262 batch_bpb:1.1482 running_loss:2.7652 running_bpb:1.0672 doc_len:226-227
ttt_progress: batch 170/782 batch_loss:2.9914 batch_bpb:1.1697 running_loss:2.7657 running_bpb:1.0675 doc_len:220-221
ttt_progress: batch 163/782 batch_loss:2.8799 batch_bpb:1.1304 running_loss:2.7660 running_bpb:1.0676 doc_len:214-215
ttt_progress: batch 156/782 batch_loss:2.8796 batch_bpb:1.1042 running_loss:2.7663 running_bpb:1.0677 doc_len:208-209
ttt_progress: batch 148/782 batch_loss:2.9632 batch_bpb:1.1517 running_loss:2.7667 running_bpb:1.0679 doc_len:202-203
ttt_progress: batch 141/782 batch_loss:2.8984 batch_bpb:1.1427 running_loss:2.7670 running_bpb:1.0681 doc_len:196-197
ttt_progress: batch 135/782 batch_loss:2.9196 batch_bpb:1.1375 running_loss:2.7674 running_bpb:1.0682 doc_len:191-192
ttt_progress: batch 128/782 batch_loss:2.8426 batch_bpb:1.0913 running_loss:2.7675 running_bpb:1.0683 doc_len:186-187
ttt_progress: batch 123/782 batch_loss:2.9337 batch_bpb:1.1721 running_loss:2.7679 running_bpb:1.0685 doc_len:182-183
ttt_progress: batch 116/782 batch_loss:2.9972 batch_bpb:1.1852 running_loss:2.7683 running_bpb:1.0687 doc_len:177-178
ttt_progress: batch 111/782 batch_loss:2.9609 batch_bpb:1.1814 running_loss:2.7687 running_bpb:1.0689 doc_len:173-174
ttt_progress: batch 105/782 batch_loss:3.0515 batch_bpb:1.2224 running_loss:2.7692 running_bpb:1.0692 doc_len:169-170
ttt_progress: batch 99/782 batch_loss:2.9691 batch_bpb:1.1805 running_loss:2.7696 running_bpb:1.0694 doc_len:164-165
ttt_progress: batch 92/782 batch_loss:2.8917 batch_bpb:1.1695 running_loss:2.7698 running_bpb:1.0695 doc_len:159-160
ttt_progress: batch 86/782 batch_loss:3.0279 batch_bpb:1.2602 running_loss:2.7702 running_bpb:1.0698 doc_len:154-155
ttt_progress: batch 79/782 batch_loss:3.0208 batch_bpb:1.1993 running_loss:2.7706 running_bpb:1.0700 doc_len:149-150
ttt_progress: batch 70/782 batch_loss:3.0584 batch_bpb:1.1622 running_loss:2.7711 running_bpb:1.0702 doc_len:142-143
ttt_progress: batch 63/782 batch_loss:3.0021 batch_bpb:1.2108 running_loss:2.7714 running_bpb:1.0704 doc_len:137-138
ttt_progress: batch 55/782 batch_loss:3.0695 batch_bpb:1.2327 running_loss:2.7719 running_bpb:1.0706 doc_len:130-131
ttt_progress: batch 47/782 batch_loss:2.9336 batch_bpb:1.1724 running_loss:2.7721 running_bpb:1.0708 doc_len:124-125
ttt_progress: batch 40/782 batch_loss:2.9842 batch_bpb:1.2003 running_loss:2.7724 running_bpb:1.0709 doc_len:119-119
ttt_progress: batch 30/782 batch_loss:3.1174 batch_bpb:1.2487 running_loss:2.7728 running_bpb:1.0711 doc_len:110-111
ttt_progress: batch 22/782 batch_loss:3.1543 batch_bpb:1.2296 running_loss:2.7732 running_bpb:1.0713 doc_len:103-104
ttt_progress: batch 14/782 batch_loss:3.1186 batch_bpb:1.2265 running_loss:2.7736 running_bpb:1.0715 doc_len:94-95
ttt_progress: batch 9/782 batch_loss:3.1917 batch_bpb:1.2648 running_loss:2.7740 running_bpb:1.0716 doc_len:87-89
ttt_progress: batch 1/782 batch_loss:3.3152 batch_bpb:1.2304 running_loss:2.7743 running_bpb:1.0718 doc_len:45-70
ttt_rank_batches: rank=0 batches=113
ttt_rank_batches: rank=1 batches=110
ttt_rank_batches: rank=2 batches=113
ttt_rank_batches: rank=3 batches=13
ttt_rank_batches: rank=4 batches=113
ttt_rank_batches: rank=5 batches=102
ttt_rank_batches: rank=6 batches=114
ttt_rank_batches: rank=7 batches=104
ttt_total_batches: 782/782 (expect 782)
quantized_ttt_lora val_loss:2.76539833 val_bpb:1.07057187 eval_time:237699ms
total_eval_time:237.7s
