W0416 10:29:00.272000 44785 torch/distributed/run.py:851] 
W0416 10:29:00.272000 44785 torch/distributed/run.py:851] *****************************************
W0416 10:29:00.272000 44785 torch/distributed/run.py:851] Setting OMP_NUM_THREADS environment variable for each process to be 1 in default, to avoid your system being overloaded, please further tune the variable for optimal performance in your application as needed. 
W0416 10:29:00.272000 44785 torch/distributed/run.py:851] *****************************************
Hyperparameters:
  adam_eps: 1e-08
  adam_wd: 0.02
  artifact_dir: 
  attn_clip_sigmas: 13.0
  beta1: 0.9
  beta2: 0.95
  compressor: brotli
  data_dir: ./data/
  datasets_dir: ./data/datasets/fineweb10B_sp8192
  distributed: True
  ema_decay: 0.9965
  embed_bits: 7
  embed_clip_sigmas: 15.0
  embed_lr: 0.6
  embed_wd: 0.085
  embedding_dim: 512
  enable_looping_at: 0.35
  eval_only_path: 
  eval_seq_len: 2048
  eval_stride: 64
  gate_attn_out: True
  gate_attn_src: proj
  gate_mlp_out: False
  gate_width: 12
  gptq_calibration_batches: 64
  gptq_reserve_seconds: 13.0
  grad_accum_steps: 1
  grad_clip_norm: 0.3
  head_lr: 0.008
  is_main_process: True
  iterations: 20000
  ln_scale: True
  local_rank: 0
  logfile: logs/run_v3_rankfix_seed0.txt
  logit_softcap: 30.0
  loop_end: 5
  loop_start: 3
  matrix_bits: 6
  matrix_clip_sigmas: 12.85
  matrix_lr: 0.026
  max_wallclock_seconds: 600.0
  min_lr: 0.0
  mlp_clip_sigmas: 12.0
  mlp_mult: 4.0
  model_dim: 512
  model_path: final_model.pt
  muon_backend_steps: 5
  muon_beta2: 0.95
  muon_momentum: 0.97
  muon_momentum_warmup_start: 0.92
  muon_momentum_warmup_steps: 1500
  muon_row_normalize: True
  muon_wd: 0.095
  num_heads: 8
  num_kv_heads: 4
  num_layers: 11
  num_loops: 2
  parallel_final_lane: mean
  parallel_start_layer: 8
  qk_gain_init: 5.25
  quantized_model_path: final_model.int6.ptz
  rank: 0
  rope_base: 10000.0
  rope_dims: 16
  rope_train_seq_len: 2048
  rope_yarn: False
  run_id: run_v3_rankfix_seed0
  scalar_lr: 0.02
  seed: 0
  skip_gates_enabled: True
  sliding_window_enabled: False
  smear_gate_enabled: True
  smear_gate_width: 12
  tie_embeddings: True
  tied_embed_init_std: 0.005
  tied_embed_lr: 0.03
  tokenizer_path: ./data/tokenizers/fineweb_8192_bpe.model
  train_batch_tokens: 786432
  train_files: ./data/datasets/fineweb10B_sp8192/fineweb_train_*.bin
  train_log_every: 500
  train_seq_len: 2048
  ttt_batch_size: 64
  ttt_beta1: 0.0
  ttt_beta2: 0.999
  ttt_chunk_size: 48
  ttt_enabled: True
  ttt_eval_batches: 
  ttt_eval_seq_len: 2048
  ttt_grad_steps: 1
  ttt_k_lora: True
  ttt_lora_lr: 0.0001
  ttt_lora_rank: 96
  ttt_mlp_lora: True
  ttt_o_lora: True
  ttt_optimizer: adam
  ttt_output_dir: 
  ttt_weight_decay: 0.5
  val_batch_tokens: 524288
  val_doc_fraction: 1.0
  val_files: ./data/datasets/fineweb10B_sp8192/fineweb_val_*.bin
  val_loss_every: 4000
  vocab_size: 8192
  warmdown_frac: 0.75
  warmup_steps: 20
  world_size: 8
  xsa_last_n: 11
train_shards: 80
val_tokens: 40540160
model_params:35945671
gptq:reserving 13s, effective=587000ms
warmup_cu_buckets:64,128,192,256 iters_each:3
warmup_step: 1/20
warmup_step: 2/20
warmup_step: 3/20
warmup_step: 4/20
warmup_step: 5/20
warmup_step: 6/20
warmup_step: 10/20
warmup_step: 20/20
loop_warmup:enabled encoder:[0, 1, 2, 3, 4, 5, 3, 4] decoder:[5, 3, 4, 5, 6, 7, 8, 9, 10]
loop_warmup_step: 1/20
loop_warmup_step: 2/20
loop_warmup_step: 3/20
loop_warmup_step: 4/20
loop_warmup_step: 5/20
loop_warmup_step: 6/20
loop_warmup_step: 10/20
loop_warmup_step: 20/20
0/20000 val_loss: 9.0095 val_bpb: 3.4877
1/20000 train_loss: 9.0093 train_time: 0.0m tok/s: 12237572
2/20000 train_loss: 12.2752 train_time: 0.0m tok/s: 11227998
3/20000 train_loss: 11.2767 train_time: 0.0m tok/s: 10156603
4/20000 train_loss: 9.6468 train_time: 0.0m tok/s: 9634717
5/20000 train_loss: 8.2432 train_time: 0.0m tok/s: 9364250
500/20000 train_loss: 3.2610 train_time: 0.8m tok/s: 8232007
1000/20000 train_loss: 3.0226 train_time: 1.6m tok/s: 8176709
1500/20000 train_loss: 3.0270 train_time: 2.4m tok/s: 8171425
2000/20000 train_loss: 2.9752 train_time: 3.2m tok/s: 8173985
layer_loop:enabled step:2136 frac:0.350 encoder:[0, 1, 2, 3, 4, 5, 3, 4] decoder:[5, 3, 4, 5, 6, 7, 8, 9, 10]
2500/20000 train_loss: 3.0600 train_time: 4.3m tok/s: 7656475
3000/20000 train_loss: 2.9015 train_time: 5.4m tok/s: 7215723
3500/20000 train_loss: 2.9691 train_time: 6.6m tok/s: 6909883
4000/20000 train_loss: 2.8964 train_time: 7.8m tok/s: 6696116
4000/20000 val_loss: 2.8730 val_bpb: 1.1122
4500/20000 train_loss: 2.8476 train_time: 9.0m tok/s: 6554730
4836/20000 val_loss: 2.7691 val_bpb: 1.0720
stopping_early: wallclock_cap train_time: 587101ms step: 4836/20000
peak memory allocated: 40181 MiB reserved: 44268 MiB
ema:applying EMA weights
diagnostic pre-quantization post-ema val_loss:2.76790724 val_bpb:1.07150861 eval_time:6766ms
Serialized model: 135418173 bytes
Code size (uncompressed): 122501 bytes
Code size (compressed): 27555 bytes
GPTQ:collecting Hessians from calibration data...
GPTQ:collected 67 Hessians in 12.8s
Quantized weights:
  gptq (int6): blocks.attn.c_k.weight, blocks.attn.c_q.weight, blocks.attn.c_v.weight, blocks.attn.proj.weight, blocks.mlp.fc.weight, blocks.mlp.proj.weight
  gptq (int7): tok_emb.weight
  passthrough (float16): blocks.attn.attn_gate_proj.weight, blocks.attn.q_gain, blocks.attn_scale, blocks.mlp_scale, blocks.resid_mix, parallel_post_lambdas, parallel_resid_lambdas, skip_gates, skip_weights, smear_gate.weight, smear_lambda
Serialized model quantized+brotli: 15906856 bytes
Total submission size quantized+brotli: 15934411 bytes
diagnostic quantized val_loss:2.79455643 val_bpb:1.08182502 eval_time:10687ms
ttt_lora:warming up compile (random tokens, no val data)
ttt_lora:compile warmup done (96.4s)

beginning TTT eval timer
ttt_lora:docs:50000 rank:96 lr:0.0001 chunk:48
ttt_progress: batch 782/782 batch_loss:2.5597 batch_bpb:1.0335 running_loss:2.5597 running_bpb:1.0335 doc_len:26524-79464
ttt_progress: batch 741/782 batch_loss:2.7989 batch_bpb:1.1018 running_loss:2.6024 running_bpb:1.0459 doc_len:2286-2319
ttt_progress: batch 631/782 batch_loss:2.7615 batch_bpb:1.0603 running_loss:2.6148 running_bpb:1.0471 doc_len:1092-1096
ttt_progress: batch 623/782 batch_loss:2.7842 batch_bpb:1.0716 running_loss:2.6267 running_bpb:1.0489 doc_len:1055-1060
ttt_progress: batch 615/782 batch_loss:2.8315 batch_bpb:1.0631 running_loss:2.6397 running_bpb:1.0498 doc_len:1020-1023
ttt_progress: batch 607/782 batch_loss:2.6910 batch_bpb:1.0371 running_loss:2.6426 running_bpb:1.0491 doc_len:986-990
ttt_progress: batch 599/782 batch_loss:2.7374 batch_bpb:1.0513 running_loss:2.6477 running_bpb:1.0492 doc_len:954-958
ttt_progress: batch 591/782 batch_loss:2.6618 batch_bpb:1.0058 running_loss:2.6484 running_bpb:1.0470 doc_len:927-930
ttt_progress: batch 584/782 batch_loss:2.7577 batch_bpb:1.0361 running_loss:2.6533 running_bpb:1.0464 doc_len:904-907
ttt_progress: batch 576/782 batch_loss:2.7752 batch_bpb:1.0452 running_loss:2.6585 running_bpb:1.0464 doc_len:877-880
ttt_progress: batch 568/782 batch_loss:2.7898 batch_bpb:1.0523 running_loss:2.6637 running_bpb:1.0466 doc_len:852-855
ttt_progress: batch 560/782 batch_loss:2.8056 batch_bpb:1.0865 running_loss:2.6689 running_bpb:1.0481 doc_len:828-831
ttt_progress: batch 552/782 batch_loss:2.7956 batch_bpb:1.0418 running_loss:2.6733 running_bpb:1.0479 doc_len:804-806
ttt_progress: batch 544/782 batch_loss:2.7421 batch_bpb:1.0385 running_loss:2.6756 running_bpb:1.0476 doc_len:782-785
ttt_progress: batch 536/782 batch_loss:2.7714 batch_bpb:1.0690 running_loss:2.6785 running_bpb:1.0483 doc_len:762-764
ttt_progress: batch 528/782 batch_loss:2.7530 batch_bpb:1.0313 running_loss:2.6807 running_bpb:1.0477 doc_len:742-745
ttt_progress: batch 520/782 batch_loss:2.7843 batch_bpb:1.0552 running_loss:2.6835 running_bpb:1.0479 doc_len:723-725
ttt_progress: batch 512/782 batch_loss:2.7721 batch_bpb:1.0524 running_loss:2.6858 running_bpb:1.0481 doc_len:703-705
ttt_progress: batch 504/782 batch_loss:2.8638 batch_bpb:1.0973 running_loss:2.6903 running_bpb:1.0493 doc_len:685-686
ttt_progress: batch 496/782 batch_loss:2.8254 batch_bpb:1.0472 running_loss:2.6934 running_bpb:1.0493 doc_len:666-668
ttt_progress: batch 488/782 batch_loss:2.8127 batch_bpb:1.0482 running_loss:2.6961 running_bpb:1.0492 doc_len:649-651
ttt_progress: batch 481/782 batch_loss:2.7980 batch_bpb:1.1001 running_loss:2.6983 running_bpb:1.0503 doc_len:635-637
ttt_progress: batch 474/782 batch_loss:2.7582 batch_bpb:1.0517 running_loss:2.6995 running_bpb:1.0503 doc_len:620-622
ttt_progress: batch 466/782 batch_loss:2.7998 batch_bpb:1.0644 running_loss:2.7015 running_bpb:1.0506 doc_len:604-606
ttt_progress: batch 458/782 batch_loss:2.8053 batch_bpb:1.0634 running_loss:2.7034 running_bpb:1.0509 doc_len:589-591
ttt_progress: batch 450/782 batch_loss:2.7572 batch_bpb:1.0291 running_loss:2.7044 running_bpb:1.0505 doc_len:575-576
ttt_progress: batch 442/782 batch_loss:2.8019 batch_bpb:1.0523 running_loss:2.7061 running_bpb:1.0505 doc_len:560-562
ttt_progress: batch 434/782 batch_loss:2.7250 batch_bpb:1.0413 running_loss:2.7064 running_bpb:1.0503 doc_len:545-547
ttt_progress: batch 426/782 batch_loss:2.7191 batch_bpb:1.0641 running_loss:2.7066 running_bpb:1.0506 doc_len:532-533
ttt_progress: batch 418/782 batch_loss:2.8021 batch_bpb:1.0689 running_loss:2.7081 running_bpb:1.0508 doc_len:517-519
ttt_progress: batch 410/782 batch_loss:2.7743 batch_bpb:1.0534 running_loss:2.7090 running_bpb:1.0509 doc_len:505-507
ttt_progress: batch 402/782 batch_loss:2.7511 batch_bpb:1.0365 running_loss:2.7096 running_bpb:1.0507 doc_len:492-493
ttt_progress: batch 394/782 batch_loss:2.8823 batch_bpb:1.1116 running_loss:2.7119 running_bpb:1.0515 doc_len:479-481
ttt_progress: batch 386/782 batch_loss:2.7267 batch_bpb:1.0652 running_loss:2.7121 running_bpb:1.0517 doc_len:467-468
ttt_progress: batch 378/782 batch_loss:2.8137 batch_bpb:1.0947 running_loss:2.7134 running_bpb:1.0522 doc_len:456-457
ttt_progress: batch 370/782 batch_loss:2.6740 batch_bpb:1.0403 running_loss:2.7129 running_bpb:1.0521 doc_len:444-446
ttt_progress: batch 362/782 batch_loss:2.8058 batch_bpb:1.0609 running_loss:2.7140 running_bpb:1.0522 doc_len:433-434
ttt_progress: batch 354/782 batch_loss:2.7889 batch_bpb:1.0820 running_loss:2.7148 running_bpb:1.0525 doc_len:422-423
ttt_progress: batch 346/782 batch_loss:2.8419 batch_bpb:1.0845 running_loss:2.7162 running_bpb:1.0529 doc_len:412-413
ttt_progress: batch 338/782 batch_loss:2.8491 batch_bpb:1.1113 running_loss:2.7176 running_bpb:1.0535 doc_len:400-402
ttt_progress: batch 330/782 batch_loss:2.8597 batch_bpb:1.0903 running_loss:2.7190 running_bpb:1.0538 doc_len:390-392
ttt_progress: batch 322/782 batch_loss:2.7493 batch_bpb:1.0743 running_loss:2.7193 running_bpb:1.0540 doc_len:380-381
ttt_progress: batch 314/782 batch_loss:2.7892 batch_bpb:1.0602 running_loss:2.7199 running_bpb:1.0541 doc_len:369-370
ttt_progress: batch 305/782 batch_loss:2.8485 batch_bpb:1.0806 running_loss:2.7211 running_bpb:1.0543 doc_len:358-359
ttt_progress: batch 297/782 batch_loss:2.7864 batch_bpb:1.0556 running_loss:2.7216 running_bpb:1.0543 doc_len:348-349
ttt_progress: batch 288/782 batch_loss:2.8096 batch_bpb:1.1031 running_loss:2.7224 running_bpb:1.0547 doc_len:337-339
ttt_progress: batch 278/782 batch_loss:2.8820 batch_bpb:1.1364 running_loss:2.7236 running_bpb:1.0554 doc_len:326-327
ttt_progress: batch 270/782 batch_loss:2.7821 batch_bpb:1.0918 running_loss:2.7241 running_bpb:1.0556 doc_len:318-319
ttt_progress: batch 262/782 batch_loss:2.8503 batch_bpb:1.1130 running_loss:2.7250 running_bpb:1.0561 doc_len:309-310
ttt_progress: batch 254/782 batch_loss:2.8942 batch_bpb:1.1400 running_loss:2.7262 running_bpb:1.0567 doc_len:299-300
ttt_progress: batch 246/782 batch_loss:2.8897 batch_bpb:1.1318 running_loss:2.7273 running_bpb:1.0572 doc_len:291-292
ttt_progress: batch 239/782 batch_loss:2.8781 batch_bpb:1.1287 running_loss:2.7283 running_bpb:1.0576 doc_len:284-285
ttt_progress: batch 231/782 batch_loss:2.8225 batch_bpb:1.1009 running_loss:2.7289 running_bpb:1.0579 doc_len:276-277
ttt_progress: batch 223/782 batch_loss:2.8273 batch_bpb:1.0885 running_loss:2.7296 running_bpb:1.0581 doc_len:268-269
ttt_progress: batch 215/782 batch_loss:2.8434 batch_bpb:1.1409 running_loss:2.7302 running_bpb:1.0586 doc_len:260-261
ttt_progress: batch 208/782 batch_loss:2.8122 batch_bpb:1.1104 running_loss:2.7307 running_bpb:1.0589 doc_len:254-254
ttt_progress: batch 200/782 batch_loss:2.8517 batch_bpb:1.0960 running_loss:2.7314 running_bpb:1.0591 doc_len:247-247
ttt_progress: batch 191/782 batch_loss:2.9313 batch_bpb:1.1447 running_loss:2.7325 running_bpb:1.0595 doc_len:238-239
ttt_progress: batch 183/782 batch_loss:2.8640 batch_bpb:1.1432 running_loss:2.7331 running_bpb:1.0600 doc_len:231-232
ttt_progress: batch 175/782 batch_loss:2.8430 batch_bpb:1.1145 running_loss:2.7337 running_bpb:1.0602 doc_len:225-225
ttt_progress: batch 166/782 batch_loss:2.9589 batch_bpb:1.1407 running_loss:2.7348 running_bpb:1.0606 doc_len:217-218
ttt_progress: batch 160/782 batch_loss:2.8636 batch_bpb:1.1255 running_loss:2.7354 running_bpb:1.0609 doc_len:212-212
ttt_progress: batch 151/782 batch_loss:2.7913 batch_bpb:1.1001 running_loss:2.7356 running_bpb:1.0611 doc_len:204-205
ttt_progress: batch 143/782 batch_loss:3.0095 batch_bpb:1.1921 running_loss:2.7368 running_bpb:1.0617 doc_len:198-199
ttt_progress: batch 136/782 batch_loss:2.9633 batch_bpb:1.1822 running_loss:2.7378 running_bpb:1.0621 doc_len:192-193
ttt_progress: batch 132/782 batch_loss:2.9406 batch_bpb:1.1317 running_loss:2.7386 running_bpb:1.0624 doc_len:189-189
ttt_progress: batch 126/782 batch_loss:2.9234 batch_bpb:1.1878 running_loss:2.7393 running_bpb:1.0629 doc_len:185-185
ttt_progress: batch 119/782 batch_loss:2.8041 batch_bpb:1.0858 running_loss:2.7396 running_bpb:1.0630 doc_len:179-180
ttt_progress: batch 114/782 batch_loss:2.9952 batch_bpb:1.1858 running_loss:2.7406 running_bpb:1.0635 doc_len:176-176
ttt_progress: batch 106/782 batch_loss:2.9403 batch_bpb:1.1876 running_loss:2.7413 running_bpb:1.0639 doc_len:170-171
ttt_progress: batch 101/782 batch_loss:2.9780 batch_bpb:1.1688 running_loss:2.7421 running_bpb:1.0643 doc_len:166-167
ttt_progress: batch 95/782 batch_loss:2.9945 batch_bpb:1.2194 running_loss:2.7430 running_bpb:1.0648 doc_len:161-162
ttt_progress: batch 90/782 batch_loss:3.0144 batch_bpb:1.1890 running_loss:2.7439 running_bpb:1.0652 doc_len:158-158
ttt_progress: batch 82/782 batch_loss:2.9689 batch_bpb:1.1951 running_loss:2.7446 running_bpb:1.0656 doc_len:151-152
ttt_progress: batch 75/782 batch_loss:3.0805 batch_bpb:1.2095 running_loss:2.7457 running_bpb:1.0660 doc_len:146-147
ttt_progress: batch 67/782 batch_loss:3.0660 batch_bpb:1.2393 running_loss:2.7466 running_bpb:1.0665 doc_len:140-141
ttt_progress: batch 58/782 batch_loss:2.9639 batch_bpb:1.2225 running_loss:2.7472 running_bpb:1.0669 doc_len:133-134
ttt_progress: batch 51/782 batch_loss:3.0269 batch_bpb:1.2099 running_loss:2.7479 running_bpb:1.0673 doc_len:127-128
ttt_progress: batch 44/782 batch_loss:3.1240 batch_bpb:1.2173 running_loss:2.7489 running_bpb:1.0677 doc_len:122-122
ttt_progress: batch 34/782 batch_loss:3.0660 batch_bpb:1.2412 running_loss:2.7496 running_bpb:1.0680 doc_len:114-115
ttt_progress: batch 27/782 batch_loss:3.0856 batch_bpb:1.2318 running_loss:2.7504 running_bpb:1.0684 doc_len:107-108
ttt_progress: batch 19/782 batch_loss:3.1441 batch_bpb:1.2280 running_loss:2.7512 running_bpb:1.0687 doc_len:100-101
ttt_progress: batch 11/782 batch_loss:3.2367 batch_bpb:1.2649 running_loss:2.7521 running_bpb:1.0691 doc_len:90-92
ttt_progress: batch 5/782 batch_loss:3.3040 batch_bpb:1.2887 running_loss:2.7530 running_bpb:1.0695 doc_len:80-82
ttt_rank_batches: rank=0 batches=84
ttt_rank_batches: rank=1 batches=102
ttt_rank_batches: rank=2 batches=103
ttt_rank_batches: rank=3 batches=93
ttt_rank_batches: rank=4 batches=96
ttt_rank_batches: rank=5 batches=104
ttt_rank_batches: rank=6 batches=105
ttt_rank_batches: rank=7 batches=95
ttt_total_batches: 782/782 (expect 782)
quantized_ttt_lora val_loss:2.76751616 val_bpb:1.07139175 eval_time:234066ms
total_eval_time:234.1s
