W0416 09:39:21.024000 35405 torch/distributed/run.py:851] 
W0416 09:39:21.024000 35405 torch/distributed/run.py:851] *****************************************
W0416 09:39:21.024000 35405 torch/distributed/run.py:851] Setting OMP_NUM_THREADS environment variable for each process to be 1 in default, to avoid your system being overloaded, please further tune the variable for optimal performance in your application as needed. 
W0416 09:39:21.024000 35405 torch/distributed/run.py:851] *****************************************
Hyperparameters:
  adam_eps: 1e-08
  adam_wd: 0.02
  artifact_dir: 
  attn_clip_sigmas: 13.0
  beta1: 0.9
  beta2: 0.95
  compressor: brotli
  data_dir: ./data/
  datasets_dir: ./data/datasets/fineweb10B_sp8192
  distributed: True
  ema_decay: 0.9965
  embed_bits: 7
  embed_clip_sigmas: 15.0
  embed_lr: 0.6
  embed_wd: 0.085
  embedding_dim: 512
  enable_looping_at: 0.35
  eval_only_path: 
  eval_seq_len: 2048
  eval_stride: 64
  gate_attn_out: True
  gate_attn_src: proj
  gate_mlp_out: False
  gate_width: 12
  gptq_calibration_batches: 64
  gptq_reserve_seconds: 13.0
  grad_accum_steps: 1
  grad_clip_norm: 0.3
  head_lr: 0.008
  is_main_process: True
  iterations: 20000
  ln_scale: True
  local_rank: 0
  logfile: logs/run_v3_rankfix_seed42.txt
  logit_softcap: 30.0
  loop_end: 5
  loop_start: 3
  matrix_bits: 6
  matrix_clip_sigmas: 12.85
  matrix_lr: 0.026
  max_wallclock_seconds: 600.0
  min_lr: 0.0
  mlp_clip_sigmas: 12.0
  mlp_mult: 4.0
  model_dim: 512
  model_path: final_model.pt
  muon_backend_steps: 5
  muon_beta2: 0.95
  muon_momentum: 0.97
  muon_momentum_warmup_start: 0.92
  muon_momentum_warmup_steps: 1500
  muon_row_normalize: True
  muon_wd: 0.095
  num_heads: 8
  num_kv_heads: 4
  num_layers: 11
  num_loops: 2
  parallel_final_lane: mean
  parallel_start_layer: 8
  qk_gain_init: 5.25
  quantized_model_path: final_model.int6.ptz
  rank: 0
  rope_base: 10000.0
  rope_dims: 16
  rope_train_seq_len: 2048
  rope_yarn: False
  run_id: run_v3_rankfix_seed42
  scalar_lr: 0.02
  seed: 42
  skip_gates_enabled: True
  sliding_window_enabled: False
  smear_gate_enabled: True
  smear_gate_width: 12
  tie_embeddings: True
  tied_embed_init_std: 0.005
  tied_embed_lr: 0.03
  tokenizer_path: ./data/tokenizers/fineweb_8192_bpe.model
  train_batch_tokens: 786432
  train_files: ./data/datasets/fineweb10B_sp8192/fineweb_train_*.bin
  train_log_every: 500
  train_seq_len: 2048
  ttt_batch_size: 64
  ttt_beta1: 0.0
  ttt_beta2: 0.999
  ttt_chunk_size: 48
  ttt_enabled: True
  ttt_eval_batches: 
  ttt_eval_seq_len: 2048
  ttt_grad_steps: 1
  ttt_k_lora: True
  ttt_lora_lr: 0.0001
  ttt_lora_rank: 96
  ttt_mlp_lora: True
  ttt_o_lora: True
  ttt_optimizer: adam
  ttt_output_dir: 
  ttt_weight_decay: 0.5
  val_batch_tokens: 524288
  val_doc_fraction: 1.0
  val_files: ./data/datasets/fineweb10B_sp8192/fineweb_val_*.bin
  val_loss_every: 4000
  vocab_size: 8192
  warmdown_frac: 0.75
  warmup_steps: 20
  world_size: 8
  xsa_last_n: 11
train_shards: 80
val_tokens: 40540160
model_params:35945671
gptq:reserving 13s, effective=587000ms
warmup_cu_buckets:64,128,192,256 iters_each:3
warmup_step: 1/20
warmup_step: 2/20
warmup_step: 3/20
warmup_step: 4/20
warmup_step: 5/20
warmup_step: 6/20
warmup_step: 10/20
warmup_step: 20/20
loop_warmup:enabled encoder:[0, 1, 2, 3, 4, 5, 3, 4] decoder:[5, 3, 4, 5, 6, 7, 8, 9, 10]
loop_warmup_step: 1/20
loop_warmup_step: 2/20
loop_warmup_step: 3/20
loop_warmup_step: 4/20
loop_warmup_step: 5/20
loop_warmup_step: 6/20
loop_warmup_step: 10/20
loop_warmup_step: 20/20
0/20000 val_loss: 9.0074 val_bpb: 3.4869
1/20000 train_loss: 9.0075 train_time: 0.0m tok/s: 12109499
2/20000 train_loss: 12.3654 train_time: 0.0m tok/s: 11232515
3/20000 train_loss: 11.2958 train_time: 0.0m tok/s: 10134997
4/20000 train_loss: 9.6672 train_time: 0.0m tok/s: 9641157
5/20000 train_loss: 8.2627 train_time: 0.0m tok/s: 9372403
500/20000 train_loss: 3.2619 train_time: 0.8m tok/s: 8241611
1000/20000 train_loss: 3.0197 train_time: 1.6m tok/s: 8198405
1500/20000 train_loss: 3.0268 train_time: 2.4m tok/s: 8190188
2000/20000 train_loss: 2.9786 train_time: 3.2m tok/s: 8191756
layer_loop:enabled step:2140 frac:0.350 encoder:[0, 1, 2, 3, 4, 5, 3, 4] decoder:[5, 3, 4, 5, 6, 7, 8, 9, 10]
2500/20000 train_loss: 3.0676 train_time: 4.3m tok/s: 7680526
3000/20000 train_loss: 2.9097 train_time: 5.4m tok/s: 7234255
3500/20000 train_loss: 2.9694 train_time: 6.6m tok/s: 6927532
4000/20000 train_loss: 2.9041 train_time: 7.8m tok/s: 6709893
4000/20000 val_loss: 2.8763 val_bpb: 1.1135
4500/20000 train_loss: 2.8525 train_time: 9.0m tok/s: 6566719
4843/20000 val_loss: 2.7710 val_bpb: 1.0727
stopping_early: wallclock_cap train_time: 587060ms step: 4843/20000
peak memory allocated: 40181 MiB reserved: 44268 MiB
ema:applying EMA weights
diagnostic pre-quantization post-ema val_loss:2.76988357 val_bpb:1.07227369 eval_time:6920ms
Serialized model: 135418173 bytes
Code size (uncompressed): 122501 bytes
Code size (compressed): 27555 bytes
GPTQ:collecting Hessians from calibration data...
GPTQ:collected 67 Hessians in 12.8s
Quantized weights:
  gptq (int6): blocks.attn.c_k.weight, blocks.attn.c_q.weight, blocks.attn.c_v.weight, blocks.attn.proj.weight, blocks.mlp.fc.weight, blocks.mlp.proj.weight
  gptq (int7): tok_emb.weight
  passthrough (float16): blocks.attn.attn_gate_proj.weight, blocks.attn.q_gain, blocks.attn_scale, blocks.mlp_scale, blocks.resid_mix, parallel_post_lambdas, parallel_resid_lambdas, skip_gates, skip_weights, smear_gate.weight, smear_lambda
Serialized model quantized+brotli: 15908674 bytes
Total submission size quantized+brotli: 15936229 bytes
diagnostic quantized val_loss:2.79662069 val_bpb:1.08262413 eval_time:10820ms
ttt_lora:warming up compile (random tokens, no val data)
ttt_lora:compile warmup done (102.4s)

beginning TTT eval timer
ttt_lora:docs:50000 rank:96 lr:0.0001 chunk:48
ttt_progress: batch 782/782 batch_loss:2.5617 batch_bpb:1.0343 running_loss:2.5617 running_bpb:1.0343 doc_len:26524-79464
ttt_progress: batch 741/782 batch_loss:2.8035 batch_bpb:1.1036 running_loss:2.6049 running_bpb:1.0469 doc_len:2286-2319
ttt_progress: batch 623/782 batch_loss:2.7850 batch_bpb:1.0719 running_loss:2.6185 running_bpb:1.0489 doc_len:1055-1060
ttt_progress: batch 615/782 batch_loss:2.8385 batch_bpb:1.0658 running_loss:2.6335 running_bpb:1.0501 doc_len:1020-1023
ttt_progress: batch 607/782 batch_loss:2.6913 batch_bpb:1.0372 running_loss:2.6370 running_bpb:1.0493 doc_len:986-990
ttt_progress: batch 599/782 batch_loss:2.7381 batch_bpb:1.0516 running_loss:2.6427 running_bpb:1.0494 doc_len:954-958
ttt_progress: batch 594/782 batch_loss:2.8964 batch_bpb:1.1000 running_loss:2.6560 running_bpb:1.0522 doc_len:937-940
ttt_progress: batch 586/782 batch_loss:2.7151 batch_bpb:1.0103 running_loss:2.6589 running_bpb:1.0500 doc_len:911-914
ttt_progress: batch 575/782 batch_loss:2.7899 batch_bpb:1.0505 running_loss:2.6647 running_bpb:1.0500 doc_len:874-877
ttt_progress: batch 567/782 batch_loss:2.6736 batch_bpb:1.0298 running_loss:2.6651 running_bpb:1.0492 doc_len:849-852
ttt_progress: batch 562/782 batch_loss:2.7021 batch_bpb:1.0213 running_loss:2.6666 running_bpb:1.0480 doc_len:834-837
ttt_progress: batch 554/782 batch_loss:2.7347 batch_bpb:1.0294 running_loss:2.6690 running_bpb:1.0473 doc_len:809-812
ttt_progress: batch 549/782 batch_loss:2.7521 batch_bpb:1.0589 running_loss:2.6719 running_bpb:1.0477 doc_len:795-798
ttt_progress: batch 541/782 batch_loss:2.7895 batch_bpb:1.0557 running_loss:2.6758 running_bpb:1.0480 doc_len:774-776
ttt_progress: batch 529/782 batch_loss:2.7657 batch_bpb:1.0534 running_loss:2.6785 running_bpb:1.0482 doc_len:745-747
ttt_progress: batch 521/782 batch_loss:2.7614 batch_bpb:1.0478 running_loss:2.6809 running_bpb:1.0482 doc_len:725-727
ttt_progress: batch 513/782 batch_loss:2.7239 batch_bpb:1.0082 running_loss:2.6821 running_bpb:1.0470 doc_len:705-707
ttt_progress: batch 505/782 batch_loss:2.7630 batch_bpb:1.0557 running_loss:2.6841 running_bpb:1.0473 doc_len:686-688
ttt_progress: batch 498/782 batch_loss:2.6732 batch_bpb:1.0349 running_loss:2.6839 running_bpb:1.0469 doc_len:671-673
ttt_progress: batch 496/782 batch_loss:2.8323 batch_bpb:1.0497 running_loss:2.6874 running_bpb:1.0470 doc_len:666-668
ttt_progress: batch 488/782 batch_loss:2.8122 batch_bpb:1.0481 running_loss:2.6903 running_bpb:1.0470 doc_len:649-651
ttt_progress: batch 480/782 batch_loss:2.7955 batch_bpb:1.0553 running_loss:2.6925 running_bpb:1.0472 doc_len:632-635
ttt_progress: batch 471/782 batch_loss:2.8361 batch_bpb:1.0686 running_loss:2.6955 running_bpb:1.0477 doc_len:614-616
ttt_progress: batch 462/782 batch_loss:2.8673 batch_bpb:1.0683 running_loss:2.6989 running_bpb:1.0481 doc_len:597-599
ttt_progress: batch 455/782 batch_loss:2.7912 batch_bpb:1.0704 running_loss:2.7006 running_bpb:1.0485 doc_len:584-586
ttt_progress: batch 446/782 batch_loss:2.8198 batch_bpb:1.0884 running_loss:2.7027 running_bpb:1.0492 doc_len:568-569
ttt_progress: batch 438/782 batch_loss:2.7143 batch_bpb:1.0560 running_loss:2.7029 running_bpb:1.0494 doc_len:553-555
ttt_progress: batch 430/782 batch_loss:2.7600 batch_bpb:1.0478 running_loss:2.7039 running_bpb:1.0493 doc_len:539-540
ttt_progress: batch 422/782 batch_loss:2.7385 batch_bpb:1.0442 running_loss:2.7044 running_bpb:1.0493 doc_len:524-526
ttt_progress: batch 415/782 batch_loss:2.8450 batch_bpb:1.0809 running_loss:2.7066 running_bpb:1.0497 doc_len:513-514
ttt_progress: batch 407/782 batch_loss:2.7643 batch_bpb:1.0523 running_loss:2.7074 running_bpb:1.0498 doc_len:500-501
ttt_progress: batch 399/782 batch_loss:2.7378 batch_bpb:1.0370 running_loss:2.7078 running_bpb:1.0496 doc_len:487-489
ttt_progress: batch 391/782 batch_loss:2.8164 batch_bpb:1.0969 running_loss:2.7093 running_bpb:1.0502 doc_len:475-476
ttt_progress: batch 383/782 batch_loss:2.8312 batch_bpb:1.0843 running_loss:2.7109 running_bpb:1.0507 doc_len:463-464
ttt_progress: batch 375/782 batch_loss:2.8007 batch_bpb:1.1037 running_loss:2.7120 running_bpb:1.0513 doc_len:452-453
ttt_progress: batch 367/782 batch_loss:2.8249 batch_bpb:1.0610 running_loss:2.7134 running_bpb:1.0515 doc_len:440-441
ttt_progress: batch 358/782 batch_loss:2.8096 batch_bpb:1.0860 running_loss:2.7145 running_bpb:1.0519 doc_len:427-429
ttt_progress: batch 350/782 batch_loss:2.7255 batch_bpb:1.0572 running_loss:2.7146 running_bpb:1.0519 doc_len:417-418
ttt_progress: batch 342/782 batch_loss:2.8597 batch_bpb:1.1002 running_loss:2.7162 running_bpb:1.0524 doc_len:406-407
ttt_progress: batch 335/782 batch_loss:2.7123 batch_bpb:1.0871 running_loss:2.7161 running_bpb:1.0528 doc_len:396-398
ttt_progress: batch 327/782 batch_loss:2.7732 batch_bpb:1.0766 running_loss:2.7167 running_bpb:1.0530 doc_len:387-388
ttt_progress: batch 314/782 batch_loss:2.7958 batch_bpb:1.0627 running_loss:2.7175 running_bpb:1.0531 doc_len:369-370
ttt_progress: batch 306/782 batch_loss:2.8768 batch_bpb:1.1382 running_loss:2.7189 running_bpb:1.0539 doc_len:359-361
ttt_progress: batch 299/782 batch_loss:2.9001 batch_bpb:1.1246 running_loss:2.7205 running_bpb:1.0545 doc_len:351-352
ttt_progress: batch 294/782 batch_loss:2.8338 batch_bpb:1.0958 running_loss:2.7215 running_bpb:1.0549 doc_len:345-345
ttt_progress: batch 286/782 batch_loss:2.8838 batch_bpb:1.0955 running_loss:2.7228 running_bpb:1.0552 doc_len:335-336
ttt_progress: batch 278/782 batch_loss:2.8859 batch_bpb:1.1379 running_loss:2.7241 running_bpb:1.0559 doc_len:326-327
ttt_progress: batch 270/782 batch_loss:2.7747 batch_bpb:1.0889 running_loss:2.7245 running_bpb:1.0561 doc_len:318-319
ttt_progress: batch 262/782 batch_loss:2.8535 batch_bpb:1.1142 running_loss:2.7255 running_bpb:1.0565 doc_len:309-310
ttt_progress: batch 254/782 batch_loss:2.9046 batch_bpb:1.1441 running_loss:2.7268 running_bpb:1.0572 doc_len:299-300
ttt_progress: batch 246/782 batch_loss:2.8944 batch_bpb:1.1337 running_loss:2.7280 running_bpb:1.0577 doc_len:291-292
ttt_progress: batch 236/782 batch_loss:2.8389 batch_bpb:1.1034 running_loss:2.7287 running_bpb:1.0580 doc_len:281-282
ttt_progress: batch 228/782 batch_loss:2.8566 batch_bpb:1.1304 running_loss:2.7295 running_bpb:1.0584 doc_len:273-274
ttt_progress: batch 220/782 batch_loss:2.8638 batch_bpb:1.1083 running_loss:2.7303 running_bpb:1.0588 doc_len:265-266
ttt_progress: batch 212/782 batch_loss:2.9243 batch_bpb:1.1445 running_loss:2.7315 running_bpb:1.0593 doc_len:257-258
ttt_progress: batch 204/782 batch_loss:2.8988 batch_bpb:1.1276 running_loss:2.7325 running_bpb:1.0597 doc_len:250-251
ttt_progress: batch 196/782 batch_loss:2.9066 batch_bpb:1.1647 running_loss:2.7334 running_bpb:1.0602 doc_len:243-244
ttt_progress: batch 189/782 batch_loss:2.9639 batch_bpb:1.2029 running_loss:2.7347 running_bpb:1.0610 doc_len:237-237
ttt_progress: batch 180/782 batch_loss:2.9003 batch_bpb:1.1310 running_loss:2.7356 running_bpb:1.0613 doc_len:229-230
ttt_progress: batch 174/782 batch_loss:2.9745 batch_bpb:1.1548 running_loss:2.7368 running_bpb:1.0618 doc_len:224-224
ttt_progress: batch 165/782 batch_loss:2.9322 batch_bpb:1.1603 running_loss:2.7377 running_bpb:1.0623 doc_len:216-217
ttt_progress: batch 157/782 batch_loss:2.8290 batch_bpb:1.1150 running_loss:2.7381 running_bpb:1.0625 doc_len:209-210
ttt_progress: batch 149/782 batch_loss:2.9716 batch_bpb:1.1715 running_loss:2.7392 running_bpb:1.0630 doc_len:203-204
ttt_progress: batch 143/782 batch_loss:3.0103 batch_bpb:1.1924 running_loss:2.7404 running_bpb:1.0636 doc_len:198-199
ttt_progress: batch 136/782 batch_loss:2.9655 batch_bpb:1.1831 running_loss:2.7413 running_bpb:1.0640 doc_len:192-193
ttt_progress: batch 130/782 batch_loss:3.1337 batch_bpb:1.2318 running_loss:2.7430 running_bpb:1.0647 doc_len:187-188
ttt_progress: batch 123/782 batch_loss:2.9586 batch_bpb:1.1821 running_loss:2.7438 running_bpb:1.0652 doc_len:182-183
ttt_progress: batch 117/782 batch_loss:2.8503 batch_bpb:1.1424 running_loss:2.7442 running_bpb:1.0655 doc_len:178-178
ttt_progress: batch 110/782 batch_loss:3.0166 batch_bpb:1.1712 running_loss:2.7453 running_bpb:1.0659 doc_len:173-173
ttt_progress: batch 103/782 batch_loss:2.8861 batch_bpb:1.1170 running_loss:2.7458 running_bpb:1.0661 doc_len:168-168
ttt_progress: batch 95/782 batch_loss:3.0050 batch_bpb:1.2237 running_loss:2.7467 running_bpb:1.0666 doc_len:161-162
ttt_progress: batch 88/782 batch_loss:3.0847 batch_bpb:1.2011 running_loss:2.7478 running_bpb:1.0670 doc_len:156-157
ttt_progress: batch 80/782 batch_loss:2.9111 batch_bpb:1.1924 running_loss:2.7483 running_bpb:1.0674 doc_len:150-151
ttt_progress: batch 71/782 batch_loss:2.9561 batch_bpb:1.1533 running_loss:2.7490 running_bpb:1.0677 doc_len:143-144
ttt_progress: batch 64/782 batch_loss:3.0012 batch_bpb:1.2440 running_loss:2.7497 running_bpb:1.0682 doc_len:138-139
ttt_progress: batch 57/782 batch_loss:3.0347 batch_bpb:1.2233 running_loss:2.7505 running_bpb:1.0686 doc_len:132-133
ttt_progress: batch 48/782 batch_loss:2.9943 batch_bpb:1.1706 running_loss:2.7512 running_bpb:1.0689 doc_len:125-126
ttt_progress: batch 41/782 batch_loss:3.1316 batch_bpb:1.2799 running_loss:2.7521 running_bpb:1.0694 doc_len:119-120
ttt_progress: batch 33/782 batch_loss:3.0973 batch_bpb:1.2125 running_loss:2.7529 running_bpb:1.0697 doc_len:113-114
ttt_progress: batch 26/782 batch_loss:3.0694 batch_bpb:1.2514 running_loss:2.7536 running_bpb:1.0701 doc_len:107-107
ttt_progress: batch 17/782 batch_loss:3.1171 batch_bpb:1.2355 running_loss:2.7544 running_bpb:1.0704 doc_len:98-99
ttt_progress: batch 5/782 batch_loss:3.3127 batch_bpb:1.2921 running_loss:2.7553 running_bpb:1.0708 doc_len:80-82
ttt_rank_batches: rank=0 batches=82
ttt_rank_batches: rank=1 batches=93
ttt_rank_batches: rank=2 batches=103
ttt_rank_batches: rank=3 batches=102
ttt_rank_batches: rank=4 batches=106
ttt_rank_batches: rank=5 batches=101
ttt_rank_batches: rank=6 batches=103
ttt_rank_batches: rank=7 batches=92
ttt_total_batches: 782/782 (expect 782)
quantized_ttt_lora val_loss:2.76962517 val_bpb:1.07220821 eval_time:228818ms
total_eval_time:228.8s
