
*****************************************
Setting OMP_NUM_THREADS environment variable for each process to be 1 in default, to avoid your system being overloaded, please further tune the variable for optimal performance in your application as needed. 
*****************************************
Hyperparameters:
  adam_eps: 1e-08
  adam_wd: 0.02
  artifact_dir: 
  attn_clip_sigmas: 13.0
  attn_out_gate_enabled: False
  attn_out_gate_src: proj
  beta1: 0.9
  beta2: 0.95
  caseops_enabled: True
  compressor: brotli
  data_dir: ./data
  datasets_dir: ./data/datasets/fineweb10B_sp8192_caseops/datasets/datasets/fineweb10B_sp8192_lossless_caps_caseops_v1_reserved
  distributed: True
  ema_decay: 0.9965
  embed_bits: 7
  embed_clip_sigmas: 15.0
  embed_lr: 0.6
  embed_wd: 0.085
  enable_looping_at: 0.35
  eval_seq_len: 2048
  eval_stride: 64
  gate_window: 12
  gated_attn_enabled: True
  gated_attn_init_std: 0.005
  gated_attn_quant_gate: True
  global_ttt_batch_seqs: 32
  global_ttt_chunk_tokens: 32768
  global_ttt_epochs: 1
  global_ttt_grad_clip: 1.0
  global_ttt_lr: 0.001
  global_ttt_momentum: 0.9
  global_ttt_respect_doc_boundaries: True
  global_ttt_warmup_chunks: 0
  global_ttt_warmup_start_lr: 0.0
  gptq_calibration_batches: 16
  gptq_reserve_seconds: 4.0
  grad_accum_steps: 1
  grad_clip_norm: 0.3
  is_main_process: True
  iterations: 20000
  ln_scale: True
  local_rank: 0
  logfile: logs/PR1530_caseops_quantgate_1.txt
  logit_softcap: 30.0
  loop_end: 5
  loop_start: 3
  matrix_bits: 6
  matrix_clip_sigmas: 12.85
  matrix_lr: 0.026
  max_wallclock_seconds: 600.0
  min_lr: 0.0
  mlp_clip_sigmas: 12.0
  mlp_mult: 4.0
  model_dim: 512
  model_path: final_model.pt
  muon_backend_steps: 5
  muon_momentum: 0.97
  muon_momentum_warmup_start: 0.92
  muon_momentum_warmup_steps: 1500
  muon_row_normalize: True
  muon_wd: 0.095
  num_heads: 8
  num_kv_heads: 4
  num_layers: 11
  num_loops: 2
  parallel_final_lane: mean
  parallel_start_layer: 8
  phased_ttt_num_phases: 3
  phased_ttt_prefix_docs: 2000
  qk_gain_init: 5.0
  quantized_model_path: final_model.int6.ptz
  rank: 0
  rope_base: 10000.0
  rope_dims: 16
  rope_train_seq_len: 2048
  rope_yarn: False
  run_id: PR1530_caseops_quantgate_1
  scalar_lr: 0.02
  seed: 1
  skip_gates_enabled: True
  smear_gate_enabled: False
  tie_embeddings: True
  tied_embed_init_std: 0.005
  tied_embed_lr: 0.03
  tokenizer_path: ./data/datasets/fineweb10B_sp8192_caseops/datasets/tokenizers/fineweb_8192_bpe_lossless_caps_caseops_v1_reserved.model
  train_batch_tokens: 786432
  train_files: ./data/datasets/fineweb10B_sp8192_caseops/datasets/datasets/fineweb10B_sp8192_lossless_caps_caseops_v1_reserved/fineweb_train_*.bin
  train_log_every: 500
  train_seq_len: 2048
  ttt_batch_size: 64
  ttt_beta1: 0.0
  ttt_beta2: 0.999
  ttt_chunk_size: 48
  ttt_enabled: True
  ttt_eval_batches: 
  ttt_eval_seq_len: 2048
  ttt_grad_steps: 1
  ttt_k_lora: True
  ttt_lora_lr: 0.0001
  ttt_lora_rank: 96
  ttt_mlp_lora: True
  ttt_o_lora: True
  ttt_optimizer: adam
  ttt_weight_decay: 0.5
  val_batch_tokens: 524288
  val_bytes_files: ./data/datasets/fineweb10B_sp8192_caseops/datasets/datasets/fineweb10B_sp8192_lossless_caps_caseops_v1_reserved/fineweb_val_bytes_*.bin
  val_doc_fraction: 1.0
  val_files: ./data/datasets/fineweb10B_sp8192_caseops/datasets/datasets/fineweb10B_sp8192_lossless_caps_caseops_v1_reserved/fineweb_val_*.bin
  val_loss_every: 4000
  vocab_size: 8192
  warmdown_frac: 0.75
  warmup_steps: 20
  world_size: 8
  xsa_last_n: 11
train_shards: 80
val_tokens: 47851520
model_params:35989658
gptq:reserving 4s, effective=596000ms
warmup_cu_buckets:64,128,192,256 iters_each:3
warmup_step: 1/20
warmup_step: 2/20
warmup_step: 3/20
warmup_step: 4/20
warmup_step: 5/20
warmup_step: 6/20
warmup_step: 10/20
warmup_step: 20/20
loop_warmup:enabled encoder:[0, 1, 2, 3, 4, 5, 3, 4] decoder:[5, 3, 4, 5, 6, 7, 8, 9, 10]
loop_warmup_step: 1/20
loop_warmup_step: 2/20
loop_warmup_step: 3/20
loop_warmup_step: 4/20
loop_warmup_step: 5/20
loop_warmup_step: 6/20
loop_warmup_step: 10/20
loop_warmup_step: 20/20
0/20000 val_loss: 9.0092 val_bpb: 4.1166
1/20000 train_loss: 9.0103 train_time: 0.0m tok/s: 12467504
2/20000 train_loss: 12.9455 train_time: 0.0m tok/s: 11384703
3/20000 train_loss: 10.1731 train_time: 0.0m tok/s: 10130582
4/20000 train_loss: 8.7266 train_time: 0.0m tok/s: 9642214
5/20000 train_loss: 7.9770 train_time: 0.0m tok/s: 9352507
500/20000 train_loss: 2.5812 train_time: 0.8m tok/s: 8128673
1000/20000 train_loss: 2.8098 train_time: 1.6m tok/s: 8109031
1500/20000 train_loss: 2.6340 train_time: 2.4m tok/s: 8096757
2000/20000 train_loss: 2.6695 train_time: 3.2m tok/s: 8093268
layer_loop:enabled step:2147 frac:0.350 encoder:[0, 1, 2, 3, 4, 5, 3, 4] decoder:[5, 3, 4, 5, 6, 7, 8, 9, 10]
2500/20000 train_loss: 2.5536 train_time: 4.3m tok/s: 7593662
3000/20000 train_loss: 2.5658 train_time: 5.5m tok/s: 7146870
3500/20000 train_loss: 2.5699 train_time: 6.7m tok/s: 6859285
4000/20000 train_loss: 2.4117 train_time: 7.9m tok/s: 6658617
4000/20000 val_loss: 2.4334 val_bpb: 1.1119
4500/20000 train_loss: 2.2818 train_time: 9.1m tok/s: 6511181
4869/20000 val_loss: 2.3386 val_bpb: 1.0686
stopping_early: wallclock_cap train_time: 596056ms step: 4869/20000
peak memory allocated: 40032 MiB reserved: 40040 MiB
ema:applying EMA weights
diagnostic pre-quantization post-ema val_loss:2.33748885 val_bpb:1.06807183 eval_time:6480ms
Serialized model: 135592891 bytes
Code size (uncompressed): 131887 bytes
Code size (compressed): 28025 bytes
GPTQ:collecting Hessians from calibration data...
GPTQ:collected 67 Hessians in 3.4s
Quantized weights:
  gate_int8_row: blocks.attn.attn_gate_w
  gptq (int6): blocks.attn.c_k.weight, blocks.attn.c_q.weight, blocks.attn.c_v.weight, blocks.attn.proj.weight, blocks.mlp.fc.weight, blocks.mlp.proj.weight
  gptq (int7): tok_emb.weight
  passthrough (float16): blocks.attn.q_gain, blocks.attn_scale, blocks.mlp_scale, blocks.resid_mix, parallel_post_lambdas, parallel_resid_lambdas, skip_gates, skip_weights
Serialized model quantized+brotli: 15951157 bytes
Total submission size quantized+brotli: 15979182 bytes
diagnostic quantized val_loss:2.35811363 val_bpb:1.07749594 eval_time:9895ms
ttt_lora:warming up compile (random tokens, no val data)
ttt_lora:compile warmup done (87.4s)

beginning TTT eval timer
ttt_phased: total_docs:50000 prefix_docs:2000 suffix_docs:48000 num_phases:3 boundaries:[666, 1333, 2000]
ttp: b782/782 bl:2.1558 bb:1.0208 rl:2.1558 rb:1.0208 dl:30339-97114 gd:0
ttpp: phase:1/3 pd:1104 gd:666 t:164.9s
tttg: c1/111 lr:0.001000 t:0.3s
tttg: c2/111 lr:0.001000 t:0.4s
tttg: c3/111 lr:0.000999 t:0.4s
tttg: c4/111 lr:0.000998 t:0.5s
tttg: c5/111 lr:0.000997 t:0.6s
tttg: c6/111 lr:0.000995 t:0.7s
tttg: c7/111 lr:0.000993 t:0.7s
tttg: c8/111 lr:0.000990 t:0.8s
tttg: c9/111 lr:0.000987 t:0.9s
tttg: c10/111 lr:0.000984 t:0.9s
tttg: c11/111 lr:0.000980 t:1.0s
tttg: c12/111 lr:0.000976 t:1.1s
tttg: c13/111 lr:0.000971 t:1.2s
tttg: c14/111 lr:0.000966 t:1.2s
tttg: c15/111 lr:0.000961 t:1.3s
tttg: c16/111 lr:0.000955 t:1.4s
tttg: c17/111 lr:0.000949 t:1.5s
tttg: c18/111 lr:0.000942 t:1.5s
tttg: c19/111 lr:0.000935 t:1.6s
tttg: c20/111 lr:0.000928 t:1.7s
tttg: c21/111 lr:0.000921 t:1.7s
tttg: c22/111 lr:0.000913 t:1.8s
tttg: c23/111 lr:0.000905 t:1.9s
tttg: c24/111 lr:0.000896 t:2.0s
tttg: c25/111 lr:0.000887 t:2.0s
tttg: c26/111 lr:0.000878 t:2.1s
tttg: c27/111 lr:0.000868 t:2.2s
tttg: c28/111 lr:0.000859 t:2.3s
tttg: c29/111 lr:0.000848 t:2.3s
tttg: c30/111 lr:0.000838 t:2.4s
tttg: c31/111 lr:0.000827 t:2.5s
tttg: c32/111 lr:0.000817 t:2.5s
tttg: c33/111 lr:0.000805 t:2.6s
tttg: c34/111 lr:0.000794 t:2.7s
tttg: c35/111 lr:0.000782 t:2.8s
tttg: c36/111 lr:0.000770 t:2.8s
tttg: c37/111 lr:0.000758 t:2.9s
tttg: c38/111 lr:0.000746 t:3.0s
tttg: c39/111 lr:0.000733 t:3.0s
tttg: c40/111 lr:0.000721 t:3.1s
tttg: c41/111 lr:0.000708 t:3.2s
tttg: c42/111 lr:0.000695 t:3.3s
tttg: c43/111 lr:0.000681 t:3.3s
tttg: c44/111 lr:0.000668 t:3.4s
tttg: c45/111 lr:0.000655 t:3.5s
tttg: c46/111 lr:0.000641 t:3.6s
tttg: c47/111 lr:0.000627 t:3.6s
tttg: c48/111 lr:0.000613 t:3.7s
tttg: c49/111 lr:0.000599 t:3.8s
tttg: c50/111 lr:0.000585 t:3.8s
tttg: c51/111 lr:0.000571 t:3.9s
tttg: c52/111 lr:0.000557 t:4.0s
tttg: c53/111 lr:0.000543 t:4.1s
tttg: c54/111 lr:0.000529 t:4.1s
tttg: c55/111 lr:0.000514 t:4.2s
tttg: c56/111 lr:0.000500 t:4.3s
tttg: c57/111 lr:0.000486 t:4.4s
tttg: c58/111 lr:0.000471 t:4.4s
tttg: c59/111 lr:0.000457 t:4.5s
tttg: c60/111 lr:0.000443 t:4.6s
tttg: c61/111 lr:0.000429 t:4.6s
tttg: c62/111 lr:0.000415 t:4.7s
tttg: c63/111 lr:0.000401 t:4.8s
tttg: c64/111 lr:0.000387 t:4.9s
tttg: c65/111 lr:0.000373 t:4.9s
tttg: c66/111 lr:0.000359 t:5.0s
tttg: c67/111 lr:0.000345 t:5.1s
tttg: c68/111 lr:0.000332 t:5.1s
tttg: c69/111 lr:0.000319 t:5.2s
tttg: c70/111 lr:0.000305 t:5.3s
tttg: c71/111 lr:0.000292 t:5.4s
tttg: c72/111 lr:0.000279 t:5.4s
tttg: c73/111 lr:0.000267 t:5.5s
tttg: c74/111 lr:0.000254 t:5.6s
tttg: c75/111 lr:0.000242 t:5.7s
tttg: c76/111 lr:0.000230 t:5.7s
tttg: c77/111 lr:0.000218 t:5.8s
tttg: c78/111 lr:0.000206 t:5.9s
tttg: c79/111 lr:0.000195 t:5.9s
tttg: c80/111 lr:0.000183 t:6.0s
tttg: c81/111 lr:0.000173 t:6.1s
tttg: c82/111 lr:0.000162 t:6.2s
tttg: c83/111 lr:0.000152 t:6.2s
tttg: c84/111 lr:0.000141 t:6.3s
tttg: c85/111 lr:0.000132 t:6.4s
tttg: c86/111 lr:0.000122 t:6.5s
tttg: c87/111 lr:0.000113 t:6.5s
tttg: c88/111 lr:0.000104 t:6.6s
tttg: c89/111 lr:0.000095 t:6.7s
tttg: c90/111 lr:0.000087 t:6.7s
tttg: c91/111 lr:0.000079 t:6.8s
tttg: c92/111 lr:0.000072 t:6.9s
tttg: c93/111 lr:0.000065 t:7.0s
tttg: c94/111 lr:0.000058 t:7.0s
tttg: c95/111 lr:0.000051 t:7.1s
tttg: c96/111 lr:0.000045 t:7.2s
tttg: c97/111 lr:0.000039 t:7.2s
tttg: c98/111 lr:0.000034 t:7.3s
tttg: c99/111 lr:0.000029 t:7.4s
tttg: c100/111 lr:0.000024 t:7.5s
tttg: c101/111 lr:0.000020 t:7.5s
tttg: c102/111 lr:0.000016 t:7.6s
tttg: c103/111 lr:0.000013 t:7.7s
tttg: c104/111 lr:0.000010 t:7.8s
tttg: c105/111 lr:0.000007 t:7.8s
tttg: c106/111 lr:0.000005 t:7.9s
tttg: c107/111 lr:0.000003 t:8.0s
tttg: c108/111 lr:0.000002 t:8.0s
tttg: c109/111 lr:0.000001 t:8.1s
tttg: c110/111 lr:0.000000 t:8.2s
ttpr: phase:1/3 t:174.9s
ttp: b764/782 bl:2.3001 bb:1.0774 rl:2.1934 rb:1.0357 dl:4284-4392 gd:0
ttpp: phase:2/3 pd:1808 gd:1333 t:236.6s
tttg: c1/185 lr:0.001000 t:0.1s
tttg: c2/185 lr:0.001000 t:0.1s
tttg: c3/185 lr:0.001000 t:0.2s
tttg: c4/185 lr:0.000999 t:0.3s
tttg: c5/185 lr:0.000999 t:0.4s
tttg: c6/185 lr:0.000998 t:0.4s
tttg: c7/185 lr:0.000997 t:0.5s
tttg: c8/185 lr:0.000996 t:0.6s
tttg: c9/185 lr:0.000995 t:0.6s
tttg: c10/185 lr:0.000994 t:0.7s
tttg: c11/185 lr:0.000993 t:0.8s
tttg: c12/185 lr:0.000991 t:0.9s
tttg: c13/185 lr:0.000990 t:0.9s
tttg: c14/185 lr:0.000988 t:1.0s
tttg: c15/185 lr:0.000986 t:1.1s
tttg: c16/185 lr:0.000984 t:1.1s
tttg: c17/185 lr:0.000981 t:1.2s
tttg: c18/185 lr:0.000979 t:1.3s
tttg: c19/185 lr:0.000977 t:1.4s
tttg: c20/185 lr:0.000974 t:1.4s
tttg: c21/185 lr:0.000971 t:1.5s
tttg: c22/185 lr:0.000968 t:1.6s
tttg: c23/185 lr:0.000965 t:1.6s
tttg: c24/185 lr:0.000962 t:1.7s
tttg: c25/185 lr:0.000959 t:1.8s
tttg: c26/185 lr:0.000955 t:1.9s
tttg: c27/185 lr:0.000952 t:1.9s
tttg: c28/185 lr:0.000948 t:2.0s
tttg: c29/185 lr:0.000944 t:2.1s
tttg: c30/185 lr:0.000940 t:2.1s
tttg: c31/185 lr:0.000936 t:2.2s
tttg: c32/185 lr:0.000932 t:2.3s
tttg: c33/185 lr:0.000927 t:2.3s
tttg: c34/185 lr:0.000923 t:2.4s
tttg: c35/185 lr:0.000918 t:2.5s
tttg: c36/185 lr:0.000913 t:2.6s
tttg: c37/185 lr:0.000908 t:2.6s
tttg: c38/185 lr:0.000904 t:2.7s
tttg: c39/185 lr:0.000898 t:2.8s
tttg: c40/185 lr:0.000893 t:2.8s
tttg: c41/185 lr:0.000888 t:2.9s
tttg: c42/185 lr:0.000882 t:3.0s
tttg: c43/185 lr:0.000877 t:3.1s
tttg: c44/185 lr:0.000871 t:3.1s
tttg: c45/185 lr:0.000865 t:3.2s
tttg: c46/185 lr:0.000860 t:3.3s
tttg: c47/185 lr:0.000854 t:3.3s
tttg: c48/185 lr:0.000847 t:3.4s
tttg: c49/185 lr:0.000841 t:3.5s
tttg: c50/185 lr:0.000835 t:3.6s
tttg: c51/185 lr:0.000829 t:3.6s
tttg: c52/185 lr:0.000822 t:3.7s
tttg: c53/185 lr:0.000816 t:3.8s
tttg: c54/185 lr:0.000809 t:3.8s
tttg: c55/185 lr:0.000802 t:3.9s
tttg: c56/185 lr:0.000795 t:4.0s
tttg: c57/185 lr:0.000788 t:4.1s
tttg: c58/185 lr:0.000781 t:4.1s
tttg: c59/185 lr:0.000774 t:4.2s
tttg: c60/185 lr:0.000767 t:4.3s
tttg: c61/185 lr:0.000760 t:4.3s
tttg: c62/185 lr:0.000752 t:4.4s
tttg: c63/185 lr:0.000745 t:4.5s
tttg: c64/185 lr:0.000738 t:4.6s
tttg: c65/185 lr:0.000730 t:4.6s
tttg: c66/185 lr:0.000722 t:4.7s
tttg: c67/185 lr:0.000715 t:4.8s
tttg: c68/185 lr:0.000707 t:4.8s
tttg: c69/185 lr:0.000699 t:4.9s
tttg: c70/185 lr:0.000691 t:5.0s
tttg: c71/185 lr:0.000683 t:5.1s
tttg: c72/185 lr:0.000675 t:5.1s
tttg: c73/185 lr:0.000667 t:5.2s
tttg: c74/185 lr:0.000659 t:5.3s
tttg: c75/185 lr:0.000651 t:5.3s
tttg: c76/185 lr:0.000643 t:5.4s
tttg: c77/185 lr:0.000635 t:5.5s
tttg: c78/185 lr:0.000627 t:5.6s
tttg: c79/185 lr:0.000618 t:5.6s
tttg: c80/185 lr:0.000610 t:5.7s
tttg: c81/185 lr:0.000602 t:5.8s
tttg: c82/185 lr:0.000593 t:5.9s
tttg: c83/185 lr:0.000585 t:5.9s
tttg: c84/185 lr:0.000577 t:6.0s
tttg: c85/185 lr:0.000568 t:6.1s
tttg: c86/185 lr:0.000560 t:6.1s
tttg: c87/185 lr:0.000551 t:6.2s
tttg: c88/185 lr:0.000543 t:6.3s
tttg: c89/185 lr:0.000534 t:6.3s
tttg: c90/185 lr:0.000526 t:6.4s
tttg: c91/185 lr:0.000517 t:6.5s
tttg: c92/185 lr:0.000509 t:6.6s
tttg: c93/185 lr:0.000500 t:6.6s
tttg: c94/185 lr:0.000491 t:6.7s
tttg: c95/185 lr:0.000483 t:6.8s
tttg: c96/185 lr:0.000474 t:6.8s
tttg: c97/185 lr:0.000466 t:6.9s
tttg: c98/185 lr:0.000457 t:7.0s
tttg: c99/185 lr:0.000449 t:7.1s
tttg: c100/185 lr:0.000440 t:7.1s
tttg: c101/185 lr:0.000432 t:7.2s
tttg: c102/185 lr:0.000423 t:7.3s
tttg: c103/185 lr:0.000415 t:7.3s
tttg: c104/185 lr:0.000407 t:7.4s
tttg: c105/185 lr:0.000398 t:7.5s
tttg: c106/185 lr:0.000390 t:7.6s
tttg: c107/185 lr:0.000382 t:7.6s
tttg: c108/185 lr:0.000373 t:7.7s
tttg: c109/185 lr:0.000365 t:7.8s
tttg: c110/185 lr:0.000357 t:7.8s
tttg: c111/185 lr:0.000349 t:7.9s
tttg: c112/185 lr:0.000341 t:8.0s
tttg: c113/185 lr:0.000333 t:8.1s
tttg: c114/185 lr:0.000325 t:8.1s
tttg: c115/185 lr:0.000317 t:8.2s
tttg: c116/185 lr:0.000309 t:8.3s
tttg: c117/185 lr:0.000301 t:8.3s
tttg: c118/185 lr:0.000293 t:8.4s
tttg: c119/185 lr:0.000285 t:8.5s
tttg: c120/185 lr:0.000278 t:8.6s
tttg: c121/185 lr:0.000270 t:8.6s
tttg: c122/185 lr:0.000262 t:8.7s
tttg: c123/185 lr:0.000255 t:8.8s
tttg: c124/185 lr:0.000248 t:8.8s
tttg: c125/185 lr:0.000240 t:8.9s
tttg: c126/185 lr:0.000233 t:9.0s
tttg: c127/185 lr:0.000226 t:9.1s
tttg: c128/185 lr:0.000219 t:9.1s
tttg: c129/185 lr:0.000212 t:9.2s
tttg: c130/185 lr:0.000205 t:9.3s
tttg: c131/185 lr:0.000198 t:9.3s
tttg: c132/185 lr:0.000191 t:9.4s
tttg: c133/185 lr:0.000184 t:9.5s
tttg: c134/185 lr:0.000178 t:9.6s
tttg: c135/185 lr:0.000171 t:9.6s
tttg: c136/185 lr:0.000165 t:9.7s
tttg: c137/185 lr:0.000159 t:9.8s
tttg: c138/185 lr:0.000153 t:9.8s
tttg: c139/185 lr:0.000146 t:9.9s
tttg: c140/185 lr:0.000140 t:10.0s
tttg: c141/185 lr:0.000135 t:10.1s
tttg: c142/185 lr:0.000129 t:10.1s
tttg: c143/185 lr:0.000123 t:10.2s
tttg: c144/185 lr:0.000118 t:10.3s
tttg: c145/185 lr:0.000112 t:10.3s
tttg: c146/185 lr:0.000107 t:10.4s
tttg: c147/185 lr:0.000102 t:10.5s
tttg: c148/185 lr:0.000096 t:10.6s
tttg: c149/185 lr:0.000092 t:10.6s
tttg: c150/185 lr:0.000087 t:10.7s
tttg: c151/185 lr:0.000082 t:10.8s
tttg: c152/185 lr:0.000077 t:10.8s
tttg: c153/185 lr:0.000073 t:10.9s
tttg: c154/185 lr:0.000068 t:11.0s
tttg: c155/185 lr:0.000064 t:11.1s
tttg: c156/185 lr:0.000060 t:11.1s
tttg: c157/185 lr:0.000056 t:11.2s
tttg: c158/185 lr:0.000052 t:11.3s
tttg: c159/185 lr:0.000048 t:11.3s
tttg: c160/185 lr:0.000045 t:11.4s
tttg: c161/185 lr:0.000041 t:11.5s
tttg: c162/185 lr:0.000038 t:11.6s
tttg: c163/185 lr:0.000035 t:11.6s
tttg: c164/185 lr:0.000032 t:11.7s
tttg: c165/185 lr:0.000029 t:11.8s
tttg: c166/185 lr:0.000026 t:11.8s
tttg: c167/185 lr:0.000023 t:11.9s
tttg: c168/185 lr:0.000021 t:12.0s
tttg: c169/185 lr:0.000019 t:12.1s
tttg: c170/185 lr:0.000016 t:12.1s
tttg: c171/185 lr:0.000014 t:12.2s
tttg: c172/185 lr:0.000012 t:12.3s
tttg: c173/185 lr:0.000010 t:12.3s
tttg: c174/185 lr:0.000009 t:12.4s
tttg: c175/185 lr:0.000007 t:12.5s
tttg: c176/185 lr:0.000006 t:12.6s
tttg: c177/185 lr:0.000005 t:12.6s
tttg: c178/185 lr:0.000004 t:12.7s
tttg: c179/185 lr:0.000003 t:12.8s
tttg: c180/185 lr:0.000002 t:12.8s
tttg: c181/185 lr:0.000001 t:12.9s
tttg: c182/185 lr:0.000001 t:13.0s
tttg: c183/185 lr:0.000000 t:13.1s
tttg: c184/185 lr:0.000000 t:13.1s
ttpr: phase:2/3 t:251.5s
ttp: b751/782 bl:2.3233 bb:1.0401 rl:2.2143 rb:1.0364 dl:3150-3221 gd:0
ttpp: phase:3/3 pd:2448 gd:2000 t:268.6s
tttg: c1/250 lr:0.001000 t:0.1s
tttg: c2/250 lr:0.001000 t:0.1s
tttg: c3/250 lr:0.001000 t:0.2s
tttg: c4/250 lr:0.001000 t:0.3s
tttg: c5/250 lr:0.000999 t:0.4s
tttg: c6/250 lr:0.000999 t:0.4s
tttg: c7/250 lr:0.000999 t:0.5s
tttg: c8/250 lr:0.000998 t:0.6s
tttg: c9/250 lr:0.000997 t:0.6s
tttg: c10/250 lr:0.000997 t:0.7s
tttg: c11/250 lr:0.000996 t:0.8s
tttg: c12/250 lr:0.000995 t:0.9s
tttg: c13/250 lr:0.000994 t:0.9s
tttg: c14/250 lr:0.000993 t:1.0s
tttg: c15/250 lr:0.000992 t:1.1s
tttg: c16/250 lr:0.000991 t:1.1s
tttg: c17/250 lr:0.000990 t:1.2s
tttg: c18/250 lr:0.000989 t:1.3s
tttg: c19/250 lr:0.000987 t:1.4s
tttg: c20/250 lr:0.000986 t:1.4s
tttg: c21/250 lr:0.000984 t:1.5s
tttg: c22/250 lr:0.000983 t:1.6s
tttg: c23/250 lr:0.000981 t:1.6s
tttg: c24/250 lr:0.000979 t:1.7s
tttg: c25/250 lr:0.000977 t:1.8s
tttg: c26/250 lr:0.000975 t:1.9s
tttg: c27/250 lr:0.000973 t:1.9s
tttg: c28/250 lr:0.000971 t:2.0s
tttg: c29/250 lr:0.000969 t:2.1s
tttg: c30/250 lr:0.000967 t:2.1s
tttg: c31/250 lr:0.000965 t:2.2s
tttg: c32/250 lr:0.000962 t:2.3s
tttg: c33/250 lr:0.000960 t:2.3s
tttg: c34/250 lr:0.000957 t:2.4s
tttg: c35/250 lr:0.000955 t:2.5s
tttg: c36/250 lr:0.000952 t:2.6s
tttg: c37/250 lr:0.000949 t:2.6s
tttg: c38/250 lr:0.000947 t:2.7s
tttg: c39/250 lr:0.000944 t:2.8s
tttg: c40/250 lr:0.000941 t:2.8s
tttg: c41/250 lr:0.000938 t:2.9s
tttg: c42/250 lr:0.000935 t:3.0s
tttg: c43/250 lr:0.000931 t:3.1s
tttg: c44/250 lr:0.000928 t:3.1s
tttg: c45/250 lr:0.000925 t:3.2s
tttg: c46/250 lr:0.000922 t:3.3s
tttg: c47/250 lr:0.000918 t:3.3s
tttg: c48/250 lr:0.000915 t:3.4s
tttg: c49/250 lr:0.000911 t:3.5s
tttg: c50/250 lr:0.000907 t:3.6s
tttg: c51/250 lr:0.000904 t:3.6s
tttg: c52/250 lr:0.000900 t:3.7s
tttg: c53/250 lr:0.000896 t:3.8s
tttg: c54/250 lr:0.000892 t:3.8s
tttg: c55/250 lr:0.000888 t:3.9s
tttg: c56/250 lr:0.000884 t:4.0s
tttg: c57/250 lr:0.000880 t:4.1s
tttg: c58/250 lr:0.000876 t:4.1s
tttg: c59/250 lr:0.000872 t:4.2s
tttg: c60/250 lr:0.000868 t:4.3s
tttg: c61/250 lr:0.000863 t:4.3s
tttg: c62/250 lr:0.000859 t:4.4s
tttg: c63/250 lr:0.000855 t:4.5s
tttg: c64/250 lr:0.000850 t:4.6s
tttg: c65/250 lr:0.000846 t:4.6s
tttg: c66/250 lr:0.000841 t:4.7s
tttg: c67/250 lr:0.000836 t:4.8s
tttg: c68/250 lr:0.000832 t:4.8s
tttg: c69/250 lr:0.000827 t:4.9s
tttg: c70/250 lr:0.000822 t:5.0s
tttg: c71/250 lr:0.000817 t:5.1s
tttg: c72/250 lr:0.000812 t:5.1s
tttg: c73/250 lr:0.000807 t:5.2s
tttg: c74/250 lr:0.000803 t:5.3s
tttg: c75/250 lr:0.000797 t:5.3s
tttg: c76/250 lr:0.000792 t:5.4s
tttg: c77/250 lr:0.000787 t:5.5s
tttg: c78/250 lr:0.000782 t:5.6s
tttg: c79/250 lr:0.000777 t:5.6s
tttg: c80/250 lr:0.000772 t:5.7s
tttg: c81/250 lr:0.000766 t:5.8s
tttg: c82/250 lr:0.000761 t:5.8s
tttg: c83/250 lr:0.000755 t:5.9s
tttg: c84/250 lr:0.000750 t:6.0s
tttg: c85/250 lr:0.000745 t:6.1s
tttg: c86/250 lr:0.000739 t:6.1s
tttg: c87/250 lr:0.000733 t:6.2s
tttg: c88/250 lr:0.000728 t:6.3s
tttg: c89/250 lr:0.000722 t:6.3s
tttg: c90/250 lr:0.000717 t:6.4s
tttg: c91/250 lr:0.000711 t:6.5s
tttg: c92/250 lr:0.000705 t:6.6s
tttg: c93/250 lr:0.000699 t:6.6s
tttg: c94/250 lr:0.000694 t:6.7s
tttg: c95/250 lr:0.000688 t:6.8s
tttg: c96/250 lr:0.000682 t:6.8s
tttg: c97/250 lr:0.000676 t:6.9s
tttg: c98/250 lr:0.000670 t:7.0s
tttg: c99/250 lr:0.000664 t:7.1s
tttg: c100/250 lr:0.000658 t:7.1s
tttg: c101/250 lr:0.000652 t:7.2s
tttg: c102/250 lr:0.000646 t:7.3s
tttg: c103/250 lr:0.000640 t:7.3s
tttg: c104/250 lr:0.000634 t:7.4s
tttg: c105/250 lr:0.000628 t:7.5s
tttg: c106/250 lr:0.000622 t:7.6s
tttg: c107/250 lr:0.000616 t:7.6s
tttg: c108/250 lr:0.000610 t:7.7s
tttg: c109/250 lr:0.000603 t:7.8s
tttg: c110/250 lr:0.000597 t:7.8s
tttg: c111/250 lr:0.000591 t:7.9s
tttg: c112/250 lr:0.000585 t:8.0s
tttg: c113/250 lr:0.000579 t:8.0s
tttg: c114/250 lr:0.000572 t:8.1s
tttg: c115/250 lr:0.000566 t:8.2s
tttg: c116/250 lr:0.000560 t:8.3s
tttg: c117/250 lr:0.000554 t:8.3s
tttg: c118/250 lr:0.000547 t:8.4s
tttg: c119/250 lr:0.000541 t:8.5s
tttg: c120/250 lr:0.000535 t:8.5s
tttg: c121/250 lr:0.000528 t:8.6s
tttg: c122/250 lr:0.000522 t:8.7s
tttg: c123/250 lr:0.000516 t:8.8s
tttg: c124/250 lr:0.000509 t:8.8s
tttg: c125/250 lr:0.000503 t:8.9s
tttg: c126/250 lr:0.000497 t:9.0s
tttg: c127/250 lr:0.000491 t:9.0s
tttg: c128/250 lr:0.000484 t:9.1s
tttg: c129/250 lr:0.000478 t:9.2s
tttg: c130/250 lr:0.000472 t:9.3s
tttg: c131/250 lr:0.000465 t:9.3s
tttg: c132/250 lr:0.000459 t:9.4s
tttg: c133/250 lr:0.000453 t:9.5s
tttg: c134/250 lr:0.000446 t:9.5s
tttg: c135/250 lr:0.000440 t:9.6s
tttg: c136/250 lr:0.000434 t:9.7s
tttg: c137/250 lr:0.000428 t:9.8s
tttg: c138/250 lr:0.000421 t:9.8s
tttg: c139/250 lr:0.000415 t:9.9s
tttg: c140/250 lr:0.000409 t:10.0s
tttg: c141/250 lr:0.000403 t:10.0s
tttg: c142/250 lr:0.000397 t:10.1s
tttg: c143/250 lr:0.000390 t:10.2s
tttg: c144/250 lr:0.000384 t:10.2s
tttg: c145/250 lr:0.000378 t:10.3s
tttg: c146/250 lr:0.000372 t:10.4s
tttg: c147/250 lr:0.000366 t:10.5s
tttg: c148/250 lr:0.000360 t:10.5s
tttg: c149/250 lr:0.000354 t:10.6s
tttg: c150/250 lr:0.000348 t:10.7s
tttg: c151/250 lr:0.000342 t:10.8s
tttg: c152/250 lr:0.000336 t:10.8s
tttg: c153/250 lr:0.000330 t:10.9s
tttg: c154/250 lr:0.000324 t:11.0s
tttg: c155/250 lr:0.000318 t:11.0s
tttg: c156/250 lr:0.000312 t:11.1s
tttg: c157/250 lr:0.000306 t:11.2s
tttg: c158/250 lr:0.000301 t:11.2s
tttg: c159/250 lr:0.000295 t:11.3s
tttg: c160/250 lr:0.000289 t:11.4s
tttg: c161/250 lr:0.000283 t:11.5s
tttg: c162/250 lr:0.000278 t:11.5s
tttg: c163/250 lr:0.000272 t:11.6s
tttg: c164/250 lr:0.000267 t:11.7s
tttg: c165/250 lr:0.000261 t:11.7s
tttg: c166/250 lr:0.000255 t:11.8s
tttg: c167/250 lr:0.000250 t:11.9s
tttg: c168/250 lr:0.000245 t:12.0s
tttg: c169/250 lr:0.000239 t:12.0s
tttg: c170/250 lr:0.000234 t:12.1s
tttg: c171/250 lr:0.000228 t:12.2s
tttg: c172/250 lr:0.000223 t:12.2s
tttg: c173/250 lr:0.000218 t:12.3s
tttg: c174/250 lr:0.000213 t:12.4s
tttg: c175/250 lr:0.000208 t:12.5s
tttg: c176/250 lr:0.000203 t:12.5s
tttg: c177/250 lr:0.000197 t:12.6s
tttg: c178/250 lr:0.000193 t:12.7s
tttg: c179/250 lr:0.000188 t:12.7s
tttg: c180/250 lr:0.000183 t:12.8s
tttg: c181/250 lr:0.000178 t:12.9s
tttg: c182/250 lr:0.000173 t:13.0s
tttg: c183/250 lr:0.000168 t:13.0s
tttg: c184/250 lr:0.000164 t:13.1s
tttg: c185/250 lr:0.000159 t:13.2s
tttg: c186/250 lr:0.000154 t:13.2s
tttg: c187/250 lr:0.000150 t:13.3s
tttg: c188/250 lr:0.000145 t:13.4s
tttg: c189/250 lr:0.000141 t:13.5s
tttg: c190/250 lr:0.000137 t:13.5s
tttg: c191/250 lr:0.000132 t:13.6s
tttg: c192/250 lr:0.000128 t:13.7s
tttg: c193/250 lr:0.000124 t:13.8s
tttg: c194/250 lr:0.000120 t:13.8s
tttg: c195/250 lr:0.000116 t:13.9s
tttg: c196/250 lr:0.000112 t:14.0s
tttg: c197/250 lr:0.000108 t:14.0s
tttg: c198/250 lr:0.000104 t:14.1s
tttg: c199/250 lr:0.000100 t:14.2s
tttg: c200/250 lr:0.000096 t:14.2s
tttg: c201/250 lr:0.000093 t:14.3s
tttg: c202/250 lr:0.000089 t:14.4s
tttg: c203/250 lr:0.000085 t:14.5s
tttg: c204/250 lr:0.000082 t:14.5s
tttg: c205/250 lr:0.000078 t:14.6s
tttg: c206/250 lr:0.000075 t:14.7s
tttg: c207/250 lr:0.000072 t:14.7s
tttg: c208/250 lr:0.000069 t:14.8s
tttg: c209/250 lr:0.000065 t:14.9s
tttg: c210/250 lr:0.000062 t:15.0s
tttg: c211/250 lr:0.000059 t:15.0s
tttg: c212/250 lr:0.000056 t:15.1s
tttg: c213/250 lr:0.000053 t:15.2s
tttg: c214/250 lr:0.000051 t:15.2s
tttg: c215/250 lr:0.000048 t:15.3s
tttg: c216/250 lr:0.000045 t:15.4s
tttg: c217/250 lr:0.000043 t:15.5s
tttg: c218/250 lr:0.000040 t:15.5s
tttg: c219/250 lr:0.000038 t:15.6s
tttg: c220/250 lr:0.000035 t:15.7s
tttg: c221/250 lr:0.000033 t:15.7s
tttg: c222/250 lr:0.000031 t:15.8s
tttg: c223/250 lr:0.000029 t:15.9s
tttg: c224/250 lr:0.000027 t:16.0s
tttg: c225/250 lr:0.000025 t:16.0s
tttg: c226/250 lr:0.000023 t:16.1s
tttg: c227/250 lr:0.000021 t:16.2s
tttg: c228/250 lr:0.000019 t:16.2s
tttg: c229/250 lr:0.000017 t:16.3s
tttg: c230/250 lr:0.000016 t:16.4s
tttg: c231/250 lr:0.000014 t:16.5s
tttg: c232/250 lr:0.000013 t:16.5s
tttg: c233/250 lr:0.000011 t:16.6s
tttg: c234/250 lr:0.000010 t:16.7s
tttg: c235/250 lr:0.000009 t:16.7s
tttg: c236/250 lr:0.000008 t:16.8s
tttg: c237/250 lr:0.000007 t:16.9s
tttg: c238/250 lr:0.000006 t:16.9s
tttg: c239/250 lr:0.000005 t:17.0s
tttg: c240/250 lr:0.000004 t:17.1s
tttg: c241/250 lr:0.000003 t:17.2s
tttg: c242/250 lr:0.000003 t:17.2s
tttg: c243/250 lr:0.000002 t:17.3s
tttg: c244/250 lr:0.000001 t:17.4s
tttg: c245/250 lr:0.000001 t:17.5s
tttg: c246/250 lr:0.000001 t:17.5s
tttg: c247/250 lr:0.000000 t:17.6s
tttg: c248/250 lr:0.000000 t:17.7s
tttg: c249/250 lr:0.000000 t:17.7s
ttpr: phase:3/3 t:288.1s
ttp: b741/782 bl:2.3254 bb:1.0428 rl:2.2276 rb:1.0372 dl:2686-2730 gd:1
ttp: b730/782 bl:2.2834 bb:1.0035 rl:2.2329 rb:1.0339 dl:2352-2376 gd:1
ttp: b721/782 bl:2.3182 bb:1.0295 rl:2.2397 rb:1.0335 dl:2144-2163 gd:1
ttp: b716/782 bl:2.2568 bb:1.0429 rl:2.2409 rb:1.0342 dl:2054-2069 gd:1
ttp: b705/782 bl:2.3709 bb:1.0657 rl:2.2489 rb:1.0361 dl:1885-1898 gd:1
ttp: b702/782 bl:2.4406 bb:1.0876 rl:2.2597 rb:1.0391 dl:1847-1858 gd:1
ttp: b689/782 bl:2.4012 bb:1.0811 rl:2.2667 rb:1.0412 dl:1706-1715 gd:1
ttp: b685/782 bl:2.3120 bb:1.0346 rl:2.2688 rb:1.0409 dl:1665-1675 gd:1
ttp: b678/782 bl:2.3567 bb:1.0316 rl:2.2725 rb:1.0405 dl:1601-1610 gd:1
ttp: b665/782 bl:2.3396 bb:1.0510 rl:2.2751 rb:1.0409 dl:1500-1507 gd:1
ttp: b659/782 bl:2.3156 bb:1.0450 rl:2.2765 rb:1.0411 dl:1459-1466 gd:1
ttp: b652/782 bl:2.2605 bb:1.0275 rl:2.2760 rb:1.0406 dl:1411-1419 gd:1
ttp: b643/782 bl:2.3650 bb:1.0299 rl:2.2787 rb:1.0403 dl:1356-1362 gd:1
ttp: b634/782 bl:2.3900 bb:1.0522 rl:2.2820 rb:1.0406 dl:1302-1308 gd:1
ttp: b624/782 bl:2.3624 bb:1.0694 rl:2.2842 rb:1.0414 dl:1249-1255 gd:1
ttp: b616/782 bl:2.4116 bb:1.0461 rl:2.2874 rb:1.0415 dl:1205-1211 gd:1
ttp: b608/782 bl:2.3574 bb:1.0831 rl:2.2891 rb:1.0425 dl:1168-1172 gd:1
ttp: b600/782 bl:2.2721 bb:1.0181 rl:2.2887 rb:1.0420 dl:1133-1137 gd:1
ttp: b593/782 bl:2.3025 bb:1.0164 rl:2.2890 rb:1.0414 dl:1103-1107 gd:1
ttp: b584/782 bl:2.3099 bb:1.0444 rl:2.2894 rb:1.0414 dl:1064-1069 gd:1
ttp: b576/782 bl:2.3893 bb:1.0990 rl:2.2914 rb:1.0426 dl:1033-1037 gd:1
ttp: b569/782 bl:2.3129 bb:1.0458 rl:2.2918 rb:1.0426 dl:1007-1010 gd:1
ttp: b560/782 bl:2.2764 bb:1.0130 rl:2.2915 rb:1.0421 dl:975-979 gd:1
ttp: b546/782 bl:2.3340 bb:1.0377 rl:2.2922 rb:1.0420 dl:930-934 gd:1
ttp: b538/782 bl:2.3476 bb:1.0510 rl:2.2931 rb:1.0422 dl:905-909 gd:1
ttp: b530/782 bl:2.4215 bb:1.0891 rl:2.2951 rb:1.0429 dl:882-884 gd:1
ttp: b522/782 bl:2.3149 bb:1.0382 rl:2.2954 rb:1.0428 dl:858-860 gd:1
ttp: b514/782 bl:2.3185 bb:1.0703 rl:2.2957 rb:1.0432 dl:835-838 gd:1
ttp: b506/782 bl:2.3569 bb:1.0177 rl:2.2965 rb:1.0428 dl:812-814 gd:1
ttp: b498/782 bl:2.3640 bb:1.0565 rl:2.2974 rb:1.0430 dl:791-794 gd:1
ttp: b490/782 bl:2.4000 bb:1.0599 rl:2.2987 rb:1.0432 dl:771-773 gd:1
ttp: b482/782 bl:2.3400 bb:1.0520 rl:2.2992 rb:1.0433 dl:752-754 gd:1
ttp: b474/782 bl:2.3502 bb:1.0761 rl:2.2998 rb:1.0437 dl:733-735 gd:1
ttp: b466/782 bl:2.3994 bb:1.0345 rl:2.3009 rb:1.0436 dl:714-717 gd:1
ttp: b458/782 bl:2.2114 bb:1.0256 rl:2.2999 rb:1.0434 dl:697-700 gd:1
ttp: b450/782 bl:2.3745 bb:1.0409 rl:2.3007 rb:1.0434 dl:680-682 gd:1
ttp: b442/782 bl:2.2675 bb:1.0348 rl:2.3004 rb:1.0433 dl:664-666 gd:1
ttp: b434/782 bl:2.3778 bb:1.0556 rl:2.3011 rb:1.0434 dl:647-648 gd:1
ttp: b426/782 bl:2.2626 bb:1.0470 rl:2.3008 rb:1.0435 dl:632-634 gd:1
ttp: b418/782 bl:2.2913 bb:1.0404 rl:2.3007 rb:1.0434 dl:617-618 gd:1
ttp: b410/782 bl:2.3242 bb:1.0205 rl:2.3009 rb:1.0432 dl:601-603 gd:1
ttp: b402/782 bl:2.2515 bb:1.0020 rl:2.3005 rb:1.0429 dl:586-588 gd:1
ttp: b394/782 bl:2.2616 bb:0.9957 rl:2.3001 rb:1.0425 dl:571-573 gd:1
ttp: b388/782 bl:2.3192 bb:1.0459 rl:2.3003 rb:1.0425 dl:561-562 gd:1
ttp: b379/782 bl:2.4260 bb:1.0905 rl:2.3013 rb:1.0429 dl:545-547 gd:1
ttp: b370/782 bl:2.3742 bb:1.0869 rl:2.3018 rb:1.0432 dl:530-532 gd:1
ttp: b362/782 bl:2.3672 bb:1.0819 rl:2.3023 rb:1.0435 dl:517-518 gd:1
ttp: b354/782 bl:2.3203 bb:1.0735 rl:2.3024 rb:1.0437 dl:503-504 gd:1
ttp: b346/782 bl:2.3844 bb:1.0765 rl:2.3030 rb:1.0439 dl:491-492 gd:1
ttp: b339/782 bl:2.3520 bb:1.0860 rl:2.3033 rb:1.0442 dl:480-482 gd:1
ttp: b332/782 bl:2.3179 bb:1.0492 rl:2.3034 rb:1.0442 dl:469-471 gd:1
ttp: b325/782 bl:2.3565 bb:1.0839 rl:2.3037 rb:1.0444 dl:459-461 gd:1
ttp: b318/782 bl:2.3561 bb:1.0767 rl:2.3040 rb:1.0446 dl:448-450 gd:1
ttp: b310/782 bl:2.3024 bb:1.1037 rl:2.3040 rb:1.0450 dl:437-438 gd:1
ttp: b302/782 bl:2.3114 bb:1.0631 rl:2.3041 rb:1.0451 dl:424-426 gd:1
ttp: b294/782 bl:2.3200 bb:1.0837 rl:2.3041 rb:1.0453 dl:412-414 gd:1
ttp: b287/782 bl:2.4137 bb:1.0997 rl:2.3047 rb:1.0455 dl:402-403 gd:1
ttp: b280/782 bl:2.3417 bb:1.0918 rl:2.3049 rb:1.0458 dl:392-394 gd:1
ttp: b274/782 bl:2.3081 bb:1.0729 rl:2.3049 rb:1.0459 dl:384-385 gd:1
ttp: b268/782 bl:2.3648 bb:1.0804 rl:2.3052 rb:1.0461 dl:376-378 gd:1
ttp: b262/782 bl:2.4545 bb:1.1482 rl:2.3059 rb:1.0465 dl:369-370 gd:1
ttp: b256/782 bl:2.5467 bb:1.1242 rl:2.3070 rb:1.0469 dl:361-362 gd:1
ttp: b249/782 bl:2.4543 bb:1.1055 rl:2.3077 rb:1.0472 dl:352-354 gd:1
ttp: b242/782 bl:2.3890 bb:1.1059 rl:2.3081 rb:1.0474 dl:344-345 gd:1
ttp: b234/782 bl:2.4225 bb:1.1479 rl:2.3085 rb:1.0478 dl:334-335 gd:1
ttp: b228/782 bl:2.3462 bb:1.0923 rl:2.3087 rb:1.0480 dl:327-328 gd:1
ttp: b219/782 bl:2.3486 bb:1.1237 rl:2.3088 rb:1.0483 dl:316-317 gd:1
ttp: b211/782 bl:2.4198 bb:1.1023 rl:2.3093 rb:1.0485 dl:307-308 gd:1
ttp: b203/782 bl:2.4410 bb:1.1136 rl:2.3098 rb:1.0487 dl:299-300 gd:1
ttp: b194/782 bl:2.4554 bb:1.1249 rl:2.3103 rb:1.0490 dl:289-290 gd:1
ttp: b187/782 bl:2.4615 bb:1.1375 rl:2.3108 rb:1.0493 dl:281-282 gd:1
ttp: b180/782 bl:2.4377 bb:1.1168 rl:2.3112 rb:1.0495 dl:274-275 gd:1
ttp: b173/782 bl:2.4834 bb:1.1370 rl:2.3118 rb:1.0498 dl:267-268 gd:1
ttp: b166/782 bl:2.4773 bb:1.1073 rl:2.3123 rb:1.0500 dl:260-262 gd:1
ttp: b158/782 bl:2.3526 bb:1.1123 rl:2.3124 rb:1.0502 dl:253-254 gd:1
ttp: b151/782 bl:2.4806 bb:1.1467 rl:2.3130 rb:1.0505 dl:246-247 gd:1
ttp: b144/782 bl:2.3658 bb:1.1120 rl:2.3131 rb:1.0507 dl:239-240 gd:1
ttp: b138/782 bl:2.3881 bb:1.1111 rl:2.3133 rb:1.0508 dl:233-234 gd:1
ttp: b131/782 bl:2.3978 bb:1.1578 rl:2.3135 rb:1.0511 dl:227-228 gd:1
ttp: b125/782 bl:2.4829 bb:1.1439 rl:2.3140 rb:1.0513 dl:222-222 gd:1
ttp: b117/782 bl:2.4802 bb:1.2051 rl:2.3144 rb:1.0517 dl:214-215 gd:1
ttp: b110/782 bl:2.3852 bb:1.1320 rl:2.3146 rb:1.0519 dl:208-208 gd:1
ttp: b101/782 bl:2.5263 bb:1.1612 rl:2.3151 rb:1.0522 dl:200-201 gd:1
ttp: b93/782 bl:2.4743 bb:1.1868 rl:2.3155 rb:1.0524 dl:192-193 gd:1
ttp: b84/782 bl:2.5230 bb:1.1997 rl:2.3159 rb:1.0528 dl:184-185 gd:1
ttp: b76/782 bl:2.5017 bb:1.1750 rl:2.3163 rb:1.0530 dl:177-178 gd:1
ttp: b68/782 bl:2.5184 bb:1.1753 rl:2.3167 rb:1.0532 dl:170-171 gd:1
ttp: b59/782 bl:2.5190 bb:1.2000 rl:2.3171 rb:1.0535 dl:162-163 gd:1
ttp: b50/782 bl:2.3970 bb:1.1616 rl:2.3172 rb:1.0537 dl:153-154 gd:1
ttp: b42/782 bl:2.4775 bb:1.2064 rl:2.3175 rb:1.0539 dl:145-146 gd:1
ttp: b34/782 bl:2.6374 bb:1.2074 rl:2.3180 rb:1.0542 dl:137-138 gd:1
ttp: b26/782 bl:2.6038 bb:1.2961 rl:2.3185 rb:1.0545 dl:129-130 gd:1
ttp: b18/782 bl:2.6452 bb:1.2061 rl:2.3189 rb:1.0547 dl:119-121 gd:1
ttp: b10/782 bl:2.6267 bb:1.1768 rl:2.3193 rb:1.0549 dl:107-109 gd:1
ttp: b2/782 bl:2.8333 bb:1.2453 rl:2.3198 rb:1.0551 dl:83-89 gd:1
quantized_ttt_phased val_loss:2.33082656 val_bpb:1.06509678 eval_time:391198ms
total_eval_time:391.2s
[W420 05:27:52.330961080 AllocatorConfig.cpp:28] Warning: PYTORCH_CUDA_ALLOC_CONF is deprecated, use PYTORCH_ALLOC_CONF instead (function operator())
[W420 05:27:52.434805375 AllocatorConfig.cpp:28] Warning: PYTORCH_CUDA_ALLOC_CONF is deprecated, use PYTORCH_ALLOC_CONF instead (function operator())
[W420 05:27:52.444147126 AllocatorConfig.cpp:28] Warning: PYTORCH_CUDA_ALLOC_CONF is deprecated, use PYTORCH_ALLOC_CONF instead (function operator())
[W420 05:27:52.447992809 AllocatorConfig.cpp:28] Warning: PYTORCH_CUDA_ALLOC_CONF is deprecated, use PYTORCH_ALLOC_CONF instead (function operator())
[W420 05:27:52.679831421 AllocatorConfig.cpp:28] Warning: PYTORCH_CUDA_ALLOC_CONF is deprecated, use PYTORCH_ALLOC_CONF instead (function operator())
[W420 05:27:52.680239623 AllocatorConfig.cpp:28] Warning: PYTORCH_CUDA_ALLOC_CONF is deprecated, use PYTORCH_ALLOC_CONF instead (function operator())
[W420 05:27:52.694855738 AllocatorConfig.cpp:28] Warning: PYTORCH_CUDA_ALLOC_CONF is deprecated, use PYTORCH_ALLOC_CONF instead (function operator())
[W420 05:27:53.288379974 AllocatorConfig.cpp:28] Warning: PYTORCH_CUDA_ALLOC_CONF is deprecated, use PYTORCH_ALLOC_CONF instead (function operator())
[W420 05:27:55.805432452 AllocatorConfig.cpp:28] Warning: PYTORCH_CUDA_ALLOC_CONF is deprecated, use PYTORCH_ALLOC_CONF instead (function operator())
