nohup: ignoring input
W0427 04:43:16.977000 185990 torch/distributed/run.py:803] 
W0427 04:43:16.977000 185990 torch/distributed/run.py:803] *****************************************
W0427 04:43:16.977000 185990 torch/distributed/run.py:803] Setting OMP_NUM_THREADS environment variable for each process to be 1 in default, to avoid your system being overloaded, please further tune the variable for optimal performance in your application as needed. 
W0427 04:43:16.977000 185990 torch/distributed/run.py:803] *****************************************
Hyperparameters:
  adam_eps: 1e-08
  adam_wd: 0.02
  artifact_dir: 
  attn_clip_sigmas: 13.0
  attn_out_gate_enabled: False
  attn_out_gate_src: proj
  beta1: 0.9
  beta2: 0.95
  caseops_enabled: True
  compressor: brotli
  data_dir: ./data/
  datasets_dir: /dev/shm/pgolf_data
  distributed: True
  ema_decay: 0.9965
  embed_bits: 7
  embed_clip_sigmas: 15.0
  embed_lr: 0.6
  embed_wd: 0.085
  enable_looping_at: 0.35
  eval_seq_len: 2048
  eval_stride: 64
  fused_ce_enabled: True
  gate_window: 12
  gated_attn_enabled: False
  gated_attn_init_std: 0.01
  gated_attn_quant_gate: False
  global_ttt_batch_seqs: 32
  global_ttt_chunk_tokens: 32768
  global_ttt_epochs: 1
  global_ttt_grad_clip: 1.0
  global_ttt_lr: 0.001
  global_ttt_momentum: 0.9
  global_ttt_respect_doc_boundaries: True
  global_ttt_warmup_chunks: 0
  global_ttt_warmup_start_lr: 0.0
  gptq_calibration_batches: 16
  gptq_reserve_seconds: 0.5
  grad_accum_steps: 1
  grad_clip_norm: 0.3
  is_main_process: True
  iterations: 20000
  ln_scale: True
  local_rank: 0
  logfile: logs/340ad5c9-cc29-4e8b-918a-9786cbc866be.txt
  logit_softcap: 30.0
  loop_end: 5
  loop_start: 3
  lqer_asym_enabled: True
  lqer_asym_group: 64
  lqer_enabled: True
  lqer_factor_bits: 4
  lqer_rank: 4
  lqer_top_k: 3
  matrix_bits: 6
  matrix_clip_sigmas: 12.85
  matrix_lr: 0.026
  max_wallclock_seconds: 600.0
  min_lr: 0.1
  mlp_clip_sigmas: 12.0
  mlp_mult: 4.0
  model_dim: 512
  model_path: final_model.pt
  muon_backend_steps: 5
  muon_momentum: 0.97
  muon_momentum_warmup_start: 0.92
  muon_momentum_warmup_steps: 1500
  muon_row_normalize: True
  muon_wd: 0.095
  num_heads: 8
  num_kv_heads: 4
  num_layers: 11
  num_loops: 2
  parallel_final_lane: mean
  parallel_start_layer: 8
  phased_ttt_num_phases: 3
  phased_ttt_prefix_docs: 2000
  qk_gain_init: 5.0
  quantized_model_path: final_model.int6.ptz
  rank: 0
  rope_base: 10000.0
  rope_dims: 16
  rope_train_seq_len: 2048
  rope_yarn: False
  run_id: 340ad5c9-cc29-4e8b-918a-9786cbc866be
  scalar_lr: 0.02
  seed: 42
  skip_gates_enabled: True
  smear_gate_enabled: True
  sparse_attn_gate_enabled: True
  sparse_attn_gate_init_std: 0.0
  sparse_attn_gate_scale: 1.0
  tie_embeddings: True
  tied_embed_init_std: 0.005
  tied_embed_lr: 0.03
  tokenizer_path: /dev/shm/pgolf_tokenizers/fineweb_8192_bpe_lossless_caps_caseops_v1_reserved.model
  train_batch_tokens: 786432
  train_files: /dev/shm/pgolf_data/fineweb_train_*.bin
  train_log_every: 500
  train_seq_len: 2048
  ttt_batch_size: 64
  ttt_beta1: 0.0
  ttt_beta2: 0.999
  ttt_chunk_size: 48
  ttt_enabled: True
  ttt_eval_batches: 
  ttt_eval_seq_len: 2048
  ttt_grad_steps: 1
  ttt_k_lora: True
  ttt_lora_lr: 0.0001
  ttt_lora_rank: 96
  ttt_mlp_lora: True
  ttt_o_lora: True
  ttt_optimizer: adam
  ttt_weight_decay: 1.0
  val_batch_tokens: 524288
  val_bytes_files: /dev/shm/pgolf_data/fineweb_val_bytes_*.bin
  val_doc_fraction: 1.0
  val_files: /dev/shm/pgolf_data/fineweb_val_*.bin
  val_loss_every: 4000
  vocab_size: 8192
  warmdown_frac: 0.75
  warmup_steps: 20
  world_size: 8
  xsa_last_n: 11
train_shards: 39
val_tokens: 47851520
model_params:35945671
gptq:reserving 0s, effective=599500ms
warmup_cu_buckets:64,128,192,256 iters_each:3
warmup_step: 1/20
warmup_step: 2/20
warmup_step: 3/20
warmup_step: 4/20
warmup_step: 5/20
warmup_step: 6/20
warmup_step: 10/20
warmup_step: 20/20
loop_warmup:enabled encoder:[0, 1, 2, 3, 4, 5, 3, 4] decoder:[5, 3, 4, 5, 6, 7, 8, 9, 10]
loop_warmup_step: 1/20
loop_warmup_step: 2/20
loop_warmup_step: 3/20
loop_warmup_step: 4/20
loop_warmup_step: 5/20
loop_warmup_step: 6/20
loop_warmup_step: 10/20
loop_warmup_step: 20/20
0/20000 val_loss: 9.0076 val_bpb: 4.1159
1/20000 train_loss: 9.0087 train_time: 0.0m tok/s: 12535509
2/20000 train_loss: 12.8485 train_time: 0.0m tok/s: 10830895
3/20000 train_loss: 10.2683 train_time: 0.0m tok/s: 9514405
4/20000 train_loss: 8.7315 train_time: 0.0m tok/s: 8959951
5/20000 train_loss: 7.9453 train_time: 0.0m tok/s: 8662131
500/20000 train_loss: 2.5698 train_time: 0.8m tok/s: 8216992
1000/20000 train_loss: 2.8006 train_time: 1.6m tok/s: 8178350
1500/20000 train_loss: 2.6344 train_time: 2.4m tok/s: 8163805
2000/20000 train_loss: 2.6634 train_time: 3.2m tok/s: 8157405
layer_loop:enabled step:2173 frac:0.350 encoder:[0, 1, 2, 3, 4, 5, 3, 4] decoder:[5, 3, 4, 5, 6, 7, 8, 9, 10]
2500/20000 train_loss: 2.5534 train_time: 4.3m tok/s: 7653758
3000/20000 train_loss: 2.5637 train_time: 5.5m tok/s: 7164309
3500/20000 train_loss: 2.5657 train_time: 6.7m tok/s: 6864774
4000/20000 train_loss: 2.4112 train_time: 7.9m tok/s: 6658543
4000/20000 val_loss: 2.4294 val_bpb: 1.1101
4500/20000 train_loss: 2.2778 train_time: 9.1m tok/s: 6516065
4900/20000 val_loss: 2.3541 val_bpb: 1.0757
stopping_early: wallclock_cap train_time: 599623ms step: 4900/20000
peak memory allocated: 41709 MiB reserved: 47026 MiB
ema:applying EMA weights
diagnostic pre-quantization post-ema val_loss:2.33055251 val_bpb:1.06490240 eval_time:7779ms
Serialized model: 135417533 bytes
Code size (uncompressed): 151766 bytes
Code size (compressed): 31250 bytes
GPTQ:collecting Hessians from calibration data...
GPTQ:collected 67 Hessians in 3.5s
Quantized weights:
  gptq (int6): blocks.attn.c_k.weight, blocks.attn.c_q.weight, blocks.attn.c_v.weight, blocks.attn.proj.weight, blocks.mlp.fc.weight, blocks.mlp.proj.weight
  gptq (int6)+lqer_asym: blocks.mlp.fc.weight
  gptq (int7)+lqer_asym: tok_emb.weight
  passthrough (float16): blocks.attn.attn_gate_w, blocks.attn.q_gain, blocks.attn_scale, blocks.mlp_scale, blocks.resid_mix, parallel_post_lambdas, parallel_resid_lambdas, skip_gates, skip_weights, smear_gate.weight, smear_lambda
Serialized model quantized+brotli: 15920836 bytes
Total submission size quantized+brotli: 15952086 bytes
diagnostic quantized val_loss:2.35058660 val_bpb:1.07405660 eval_time:63234ms
ttt_lora:warming up compile (random tokens, no val data)
ttt_lora:compile warmup done (156.2s)

beginning TTT eval timer
ttt_phased: total_docs:50000 prefix_docs:2000 suffix_docs:48000 num_phases:3 boundaries:[666, 1333, 2000]
ttp: b775/782 bl:2.2782 bb:1.0591 rl:2.2782 rb:1.0591 dl:6892-7524 gd:0
ttp: b771/782 bl:2.3090 bb:1.0606 rl:2.2918 rb:1.0598 dl:5523-5749 gd:0
ttp: b765/782 bl:2.3185 bb:1.0843 rl:2.2987 rb:1.0660 dl:4393-4510 gd:0
ttpp: phase:1/3 pd:1104 gd:666 t:218.0s
tttg: c1/111 lr:0.001000 t:2.4s
tttg: c2/111 lr:0.001000 t:2.5s
tttg: c3/111 lr:0.000999 t:2.6s
tttg: c4/111 lr:0.000998 t:2.7s
tttg: c5/111 lr:0.000997 t:2.8s
tttg: c6/111 lr:0.000995 t:3.0s
tttg: c7/111 lr:0.000993 t:3.1s
tttg: c8/111 lr:0.000990 t:3.2s
tttg: c9/111 lr:0.000987 t:3.3s
tttg: c10/111 lr:0.000984 t:3.5s
tttg: c11/111 lr:0.000980 t:3.6s
tttg: c12/111 lr:0.000976 t:3.7s
tttg: c13/111 lr:0.000971 t:3.9s
tttg: c14/111 lr:0.000966 t:4.0s
tttg: c15/111 lr:0.000961 t:4.1s
tttg: c16/111 lr:0.000955 t:4.3s
tttg: c17/111 lr:0.000949 t:4.4s
tttg: c18/111 lr:0.000942 t:4.5s
tttg: c19/111 lr:0.000935 t:4.6s
tttg: c20/111 lr:0.000928 t:4.8s
tttg: c21/111 lr:0.000921 t:4.9s
tttg: c22/111 lr:0.000913 t:5.0s
tttg: c23/111 lr:0.000905 t:5.1s
tttg: c24/111 lr:0.000896 t:5.3s
tttg: c25/111 lr:0.000887 t:5.4s
tttg: c26/111 lr:0.000878 t:5.5s
tttg: c27/111 lr:0.000868 t:5.8s
tttg: c28/111 lr:0.000859 t:5.9s
tttg: c29/111 lr:0.000848 t:6.1s
tttg: c30/111 lr:0.000838 t:6.2s
tttg: c31/111 lr:0.000827 t:6.3s
tttg: c32/111 lr:0.000817 t:6.4s
tttg: c33/111 lr:0.000805 t:6.6s
tttg: c34/111 lr:0.000794 t:7.0s
tttg: c35/111 lr:0.000782 t:7.2s
tttg: c36/111 lr:0.000770 t:7.3s
tttg: c37/111 lr:0.000758 t:7.4s
tttg: c38/111 lr:0.000746 t:7.5s
tttg: c39/111 lr:0.000733 t:7.7s
tttg: c40/111 lr:0.000721 t:7.8s
tttg: c41/111 lr:0.000708 t:7.9s
tttg: c42/111 lr:0.000695 t:8.0s
tttg: c43/111 lr:0.000681 t:8.2s
tttg: c44/111 lr:0.000668 t:8.3s
tttg: c45/111 lr:0.000655 t:8.4s
tttg: c46/111 lr:0.000641 t:8.5s
tttg: c47/111 lr:0.000627 t:8.6s
tttg: c48/111 lr:0.000613 t:8.8s
tttg: c49/111 lr:0.000599 t:8.9s
tttg: c50/111 lr:0.000585 t:9.0s
tttg: c51/111 lr:0.000571 t:9.2s
tttg: c52/111 lr:0.000557 t:9.3s
tttg: c53/111 lr:0.000543 t:9.4s
tttg: c54/111 lr:0.000529 t:9.6s
tttg: c55/111 lr:0.000514 t:9.7s
tttg: c56/111 lr:0.000500 t:9.8s
tttg: c57/111 lr:0.000486 t:9.9s
tttg: c58/111 lr:0.000471 t:10.1s
tttg: c59/111 lr:0.000457 t:10.2s
tttg: c60/111 lr:0.000443 t:10.3s
tttg: c61/111 lr:0.000429 t:10.4s
tttg: c62/111 lr:0.000415 t:10.5s
tttg: c63/111 lr:0.000401 t:10.7s
tttg: c64/111 lr:0.000387 t:10.8s
tttg: c65/111 lr:0.000373 t:10.9s
tttg: c66/111 lr:0.000359 t:11.0s
tttg: c67/111 lr:0.000345 t:11.1s
tttg: c68/111 lr:0.000332 t:11.2s
tttg: c69/111 lr:0.000319 t:11.3s
tttg: c70/111 lr:0.000305 t:11.4s
tttg: c71/111 lr:0.000292 t:11.6s
tttg: c72/111 lr:0.000279 t:11.7s
tttg: c73/111 lr:0.000267 t:11.8s
tttg: c74/111 lr:0.000254 t:11.9s
tttg: c75/111 lr:0.000242 t:12.0s
tttg: c76/111 lr:0.000230 t:12.1s
tttg: c77/111 lr:0.000218 t:12.2s
tttg: c78/111 lr:0.000206 t:12.3s
tttg: c79/111 lr:0.000195 t:12.4s
tttg: c80/111 lr:0.000183 t:12.5s
tttg: c81/111 lr:0.000173 t:12.6s
tttg: c82/111 lr:0.000162 t:12.7s
tttg: c83/111 lr:0.000152 t:12.8s
tttg: c84/111 lr:0.000141 t:12.9s
tttg: c85/111 lr:0.000132 t:13.0s
tttg: c86/111 lr:0.000122 t:13.1s
tttg: c87/111 lr:0.000113 t:13.2s
tttg: c88/111 lr:0.000104 t:13.3s
tttg: c89/111 lr:0.000095 t:13.4s
tttg: c90/111 lr:0.000087 t:13.5s
tttg: c91/111 lr:0.000079 t:13.6s
tttg: c92/111 lr:0.000072 t:13.7s
tttg: c93/111 lr:0.000065 t:13.9s
tttg: c94/111 lr:0.000058 t:14.0s
tttg: c95/111 lr:0.000051 t:14.1s
tttg: c96/111 lr:0.000045 t:14.2s
tttg: c97/111 lr:0.000039 t:14.3s
tttg: c98/111 lr:0.000034 t:14.4s
tttg: c99/111 lr:0.000029 t:14.5s
tttg: c100/111 lr:0.000024 t:14.6s
tttg: c101/111 lr:0.000020 t:14.7s
tttg: c102/111 lr:0.000016 t:14.8s
tttg: c103/111 lr:0.000013 t:14.9s
tttg: c104/111 lr:0.000010 t:15.0s
tttg: c105/111 lr:0.000007 t:15.1s
tttg: c106/111 lr:0.000005 t:15.2s
tttg: c107/111 lr:0.000003 t:15.3s
tttg: c108/111 lr:0.000002 t:15.4s
tttg: c109/111 lr:0.000001 t:15.5s
tttg: c110/111 lr:0.000000 t:15.6s
ttpr: phase:1/3 t:236.2s
ttp: b757/782 bl:2.2825 bb:1.0625 rl:2.2959 rb:1.0654 dl:3550-3633 gd:0
ttpp: phase:2/3 pd:1808 gd:1333 t:340.9s
tttg: c1/185 lr:0.001000 t:0.1s
tttg: c2/185 lr:0.001000 t:0.1s
tttg: c3/185 lr:0.001000 t:0.2s
tttg: c4/185 lr:0.000999 t:0.4s
tttg: c5/185 lr:0.000999 t:0.6s
tttg: c6/185 lr:0.000998 t:0.7s
tttg: c7/185 lr:0.000997 t:0.8s
tttg: c8/185 lr:0.000996 t:0.9s
tttg: c9/185 lr:0.000995 t:1.6s
tttg: c10/185 lr:0.000994 t:1.7s
tttg: c11/185 lr:0.000993 t:1.8s
tttg: c12/185 lr:0.000991 t:2.0s
tttg: c13/185 lr:0.000990 t:2.1s
tttg: c14/185 lr:0.000988 t:2.2s
tttg: c15/185 lr:0.000986 t:2.3s
tttg: c16/185 lr:0.000984 t:2.4s
tttg: c17/185 lr:0.000981 t:2.5s
tttg: c18/185 lr:0.000979 t:2.6s
tttg: c19/185 lr:0.000977 t:2.7s
tttg: c20/185 lr:0.000974 t:2.8s
tttg: c21/185 lr:0.000971 t:2.9s
tttg: c22/185 lr:0.000968 t:3.0s
tttg: c23/185 lr:0.000965 t:3.2s
tttg: c24/185 lr:0.000962 t:3.3s
tttg: c25/185 lr:0.000959 t:3.4s
tttg: c26/185 lr:0.000955 t:3.5s
tttg: c27/185 lr:0.000952 t:3.6s
tttg: c28/185 lr:0.000948 t:4.6s
tttg: c29/185 lr:0.000944 t:4.7s
tttg: c30/185 lr:0.000940 t:4.8s
tttg: c31/185 lr:0.000936 t:4.9s
tttg: c32/185 lr:0.000932 t:5.0s
tttg: c33/185 lr:0.000927 t:5.1s
tttg: c34/185 lr:0.000923 t:5.2s
tttg: c35/185 lr:0.000918 t:5.3s
tttg: c36/185 lr:0.000913 t:5.4s
tttg: c37/185 lr:0.000908 t:5.5s
tttg: c38/185 lr:0.000904 t:5.6s
tttg: c39/185 lr:0.000898 t:5.7s
tttg: c40/185 lr:0.000893 t:5.8s
tttg: c41/185 lr:0.000888 t:5.9s
tttg: c42/185 lr:0.000882 t:6.1s
tttg: c43/185 lr:0.000877 t:6.2s
tttg: c44/185 lr:0.000871 t:6.3s
tttg: c45/185 lr:0.000865 t:6.4s
tttg: c46/185 lr:0.000860 t:6.5s
tttg: c47/185 lr:0.000854 t:6.6s
tttg: c48/185 lr:0.000847 t:6.7s
tttg: c49/185 lr:0.000841 t:6.8s
tttg: c50/185 lr:0.000835 t:6.9s
tttg: c51/185 lr:0.000829 t:7.0s
tttg: c52/185 lr:0.000822 t:7.1s
tttg: c53/185 lr:0.000816 t:7.2s
tttg: c54/185 lr:0.000809 t:7.3s
tttg: c55/185 lr:0.000802 t:7.4s
tttg: c56/185 lr:0.000795 t:7.5s
tttg: c57/185 lr:0.000788 t:7.7s
tttg: c58/185 lr:0.000781 t:7.8s
tttg: c59/185 lr:0.000774 t:7.9s
tttg: c60/185 lr:0.000767 t:8.0s
tttg: c61/185 lr:0.000760 t:8.1s
tttg: c62/185 lr:0.000752 t:8.2s
tttg: c63/185 lr:0.000745 t:8.3s
tttg: c64/185 lr:0.000738 t:8.4s
tttg: c65/185 lr:0.000730 t:8.5s
tttg: c66/185 lr:0.000722 t:8.6s
tttg: c67/185 lr:0.000715 t:8.9s
tttg: c68/185 lr:0.000707 t:9.0s
tttg: c69/185 lr:0.000699 t:9.1s
tttg: c70/185 lr:0.000691 t:9.2s
tttg: c71/185 lr:0.000683 t:9.3s
tttg: c72/185 lr:0.000675 t:9.4s
tttg: c73/185 lr:0.000667 t:9.5s
tttg: c74/185 lr:0.000659 t:9.6s
tttg: c75/185 lr:0.000651 t:9.7s
tttg: c76/185 lr:0.000643 t:9.8s
tttg: c77/185 lr:0.000635 t:9.9s
tttg: c78/185 lr:0.000627 t:10.0s
tttg: c79/185 lr:0.000618 t:10.1s
tttg: c80/185 lr:0.000610 t:10.2s
tttg: c81/185 lr:0.000602 t:10.3s
tttg: c82/185 lr:0.000593 t:10.5s
tttg: c83/185 lr:0.000585 t:10.6s
tttg: c84/185 lr:0.000577 t:10.7s
tttg: c85/185 lr:0.000568 t:10.8s
tttg: c86/185 lr:0.000560 t:10.9s
tttg: c87/185 lr:0.000551 t:11.0s
tttg: c88/185 lr:0.000543 t:11.1s
tttg: c89/185 lr:0.000534 t:11.2s
tttg: c90/185 lr:0.000526 t:11.3s
tttg: c91/185 lr:0.000517 t:11.4s
tttg: c92/185 lr:0.000509 t:11.5s
tttg: c93/185 lr:0.000500 t:11.6s
tttg: c94/185 lr:0.000491 t:11.7s
tttg: c95/185 lr:0.000483 t:11.8s
tttg: c96/185 lr:0.000474 t:11.9s
tttg: c97/185 lr:0.000466 t:12.0s
tttg: c98/185 lr:0.000457 t:12.1s
tttg: c99/185 lr:0.000449 t:12.2s
tttg: c100/185 lr:0.000440 t:12.3s
tttg: c101/185 lr:0.000432 t:12.4s
tttg: c102/185 lr:0.000423 t:12.6s
tttg: c103/185 lr:0.000415 t:12.7s
tttg: c104/185 lr:0.000407 t:12.8s
tttg: c105/185 lr:0.000398 t:12.9s
tttg: c106/185 lr:0.000390 t:13.0s
tttg: c107/185 lr:0.000382 t:13.1s
tttg: c108/185 lr:0.000373 t:13.2s
tttg: c109/185 lr:0.000365 t:13.3s
tttg: c110/185 lr:0.000357 t:13.4s
tttg: c111/185 lr:0.000349 t:13.5s
tttg: c112/185 lr:0.000341 t:13.6s
tttg: c113/185 lr:0.000333 t:15.5s
tttg: c114/185 lr:0.000325 t:15.6s
tttg: c115/185 lr:0.000317 t:15.7s
tttg: c116/185 lr:0.000309 t:15.8s
tttg: c117/185 lr:0.000301 t:15.9s
tttg: c118/185 lr:0.000293 t:16.0s
tttg: c119/185 lr:0.000285 t:16.1s
tttg: c120/185 lr:0.000278 t:16.2s
tttg: c121/185 lr:0.000270 t:16.3s
tttg: c122/185 lr:0.000262 t:16.4s
tttg: c123/185 lr:0.000255 t:16.5s
tttg: c124/185 lr:0.000248 t:16.6s
tttg: c125/185 lr:0.000240 t:16.7s
tttg: c126/185 lr:0.000233 t:16.8s
tttg: c127/185 lr:0.000226 t:16.9s
tttg: c128/185 lr:0.000219 t:17.1s
tttg: c129/185 lr:0.000212 t:17.2s
tttg: c130/185 lr:0.000205 t:17.3s
tttg: c131/185 lr:0.000198 t:17.4s
tttg: c132/185 lr:0.000191 t:17.5s
tttg: c133/185 lr:0.000184 t:18.3s
tttg: c134/185 lr:0.000178 t:18.4s
tttg: c135/185 lr:0.000171 t:18.5s
tttg: c136/185 lr:0.000165 t:18.7s
tttg: c137/185 lr:0.000159 t:18.8s
tttg: c138/185 lr:0.000153 t:18.9s
tttg: c139/185 lr:0.000146 t:19.0s
tttg: c140/185 lr:0.000140 t:19.1s
tttg: c141/185 lr:0.000135 t:19.2s
tttg: c142/185 lr:0.000129 t:19.3s
tttg: c143/185 lr:0.000123 t:19.4s
tttg: c144/185 lr:0.000118 t:19.5s
tttg: c145/185 lr:0.000112 t:19.6s
tttg: c146/185 lr:0.000107 t:19.7s
tttg: c147/185 lr:0.000102 t:19.8s
tttg: c148/185 lr:0.000096 t:19.9s
tttg: c149/185 lr:0.000092 t:20.0s
tttg: c150/185 lr:0.000087 t:20.1s
tttg: c151/185 lr:0.000082 t:20.2s
tttg: c152/185 lr:0.000077 t:20.3s
tttg: c153/185 lr:0.000073 t:20.4s
tttg: c154/185 lr:0.000068 t:20.5s
tttg: c155/185 lr:0.000064 t:20.6s
tttg: c156/185 lr:0.000060 t:20.7s
tttg: c157/185 lr:0.000056 t:20.9s
tttg: c158/185 lr:0.000052 t:21.0s
tttg: c159/185 lr:0.000048 t:21.1s
tttg: c160/185 lr:0.000045 t:21.2s
tttg: c161/185 lr:0.000041 t:21.3s
tttg: c162/185 lr:0.000038 t:21.4s
tttg: c163/185 lr:0.000035 t:21.5s
tttg: c164/185 lr:0.000032 t:21.6s
tttg: c165/185 lr:0.000029 t:21.7s
tttg: c166/185 lr:0.000026 t:21.8s
tttg: c167/185 lr:0.000023 t:21.9s
tttg: c168/185 lr:0.000021 t:22.0s
tttg: c169/185 lr:0.000019 t:22.1s
tttg: c170/185 lr:0.000016 t:22.2s
tttg: c171/185 lr:0.000014 t:22.3s
tttg: c172/185 lr:0.000012 t:22.4s
tttg: c173/185 lr:0.000010 t:22.5s
tttg: c174/185 lr:0.000009 t:22.6s
tttg: c175/185 lr:0.000007 t:22.7s
tttg: c176/185 lr:0.000006 t:22.8s
tttg: c177/185 lr:0.000005 t:22.9s
tttg: c178/185 lr:0.000004 t:23.0s
tttg: c179/185 lr:0.000003 t:23.1s
tttg: c180/185 lr:0.000002 t:23.3s
tttg: c181/185 lr:0.000001 t:23.4s
tttg: c182/185 lr:0.000001 t:23.5s
tttg: c183/185 lr:0.000000 t:23.6s
tttg: c184/185 lr:0.000000 t:23.7s
ttpr: phase:2/3 t:367.2s
ttp: b746/782 bl:2.4164 bb:1.0648 rl:2.3107 rb:1.0653 dl:2884-2943 gd:0
ttp: b745/782 bl:2.2362 bb:1.0238 rl:2.3027 rb:1.0609 dl:2842-2883 gd:0
ttpp: phase:3/3 pd:2448 gd:2000 t:384.3s
tttg: c1/250 lr:0.001000 t:0.1s
tttg: c2/250 lr:0.001000 t:0.1s
tttg: c3/250 lr:0.001000 t:0.2s
tttg: c4/250 lr:0.001000 t:0.3s
tttg: c5/250 lr:0.000999 t:0.4s
tttg: c6/250 lr:0.000999 t:0.5s
tttg: c7/250 lr:0.000999 t:0.8s
tttg: c8/250 lr:0.000998 t:0.9s
tttg: c9/250 lr:0.000997 t:1.1s
tttg: c10/250 lr:0.000997 t:1.2s
tttg: c11/250 lr:0.000996 t:1.3s
tttg: c12/250 lr:0.000995 t:1.4s
tttg: c13/250 lr:0.000994 t:1.5s
tttg: c14/250 lr:0.000993 t:1.6s
tttg: c15/250 lr:0.000992 t:1.7s
tttg: c16/250 lr:0.000991 t:1.8s
tttg: c17/250 lr:0.000990 t:1.9s
tttg: c18/250 lr:0.000989 t:2.0s
tttg: c19/250 lr:0.000987 t:2.1s
tttg: c20/250 lr:0.000986 t:2.2s
tttg: c21/250 lr:0.000984 t:2.3s
tttg: c22/250 lr:0.000983 t:2.4s
tttg: c23/250 lr:0.000981 t:2.5s
tttg: c24/250 lr:0.000979 t:2.6s
tttg: c25/250 lr:0.000977 t:2.7s
tttg: c26/250 lr:0.000975 t:2.8s
tttg: c27/250 lr:0.000973 t:2.9s
tttg: c28/250 lr:0.000971 t:3.1s
tttg: c29/250 lr:0.000969 t:3.2s
tttg: c30/250 lr:0.000967 t:3.3s
tttg: c31/250 lr:0.000965 t:3.4s
tttg: c32/250 lr:0.000962 t:3.5s
tttg: c33/250 lr:0.000960 t:3.6s
tttg: c34/250 lr:0.000957 t:3.7s
tttg: c35/250 lr:0.000955 t:3.8s
tttg: c36/250 lr:0.000952 t:3.9s
tttg: c37/250 lr:0.000949 t:4.0s
tttg: c38/250 lr:0.000947 t:4.1s
tttg: c39/250 lr:0.000944 t:4.2s
tttg: c40/250 lr:0.000941 t:4.3s
tttg: c41/250 lr:0.000938 t:4.4s
tttg: c42/250 lr:0.000935 t:4.6s
tttg: c43/250 lr:0.000931 t:4.7s
tttg: c44/250 lr:0.000928 t:4.8s
tttg: c45/250 lr:0.000925 t:4.9s
tttg: c46/250 lr:0.000922 t:5.0s
tttg: c47/250 lr:0.000918 t:5.1s
tttg: c48/250 lr:0.000915 t:5.2s
tttg: c49/250 lr:0.000911 t:5.3s
tttg: c50/250 lr:0.000907 t:5.4s
tttg: c51/250 lr:0.000904 t:5.5s
tttg: c52/250 lr:0.000900 t:5.6s
tttg: c53/250 lr:0.000896 t:5.7s
tttg: c54/250 lr:0.000892 t:5.8s
tttg: c55/250 lr:0.000888 t:5.9s
tttg: c56/250 lr:0.000884 t:6.0s
tttg: c57/250 lr:0.000880 t:6.1s
tttg: c58/250 lr:0.000876 t:6.2s
tttg: c59/250 lr:0.000872 t:6.3s
tttg: c60/250 lr:0.000868 t:8.1s
tttg: c61/250 lr:0.000863 t:8.2s
tttg: c62/250 lr:0.000859 t:8.3s
tttg: c63/250 lr:0.000855 t:8.4s
tttg: c64/250 lr:0.000850 t:8.5s
tttg: c65/250 lr:0.000846 t:8.7s
tttg: c66/250 lr:0.000841 t:8.8s
tttg: c67/250 lr:0.000836 t:8.9s
tttg: c68/250 lr:0.000832 t:9.0s
tttg: c69/250 lr:0.000827 t:9.1s
tttg: c70/250 lr:0.000822 t:9.2s
tttg: c71/250 lr:0.000817 t:9.3s
tttg: c72/250 lr:0.000812 t:9.4s
tttg: c73/250 lr:0.000807 t:9.5s
tttg: c74/250 lr:0.000803 t:9.6s
tttg: c75/250 lr:0.000797 t:9.7s
tttg: c76/250 lr:0.000792 t:9.8s
tttg: c77/250 lr:0.000787 t:9.9s
tttg: c78/250 lr:0.000782 t:10.0s
tttg: c79/250 lr:0.000777 t:10.1s
tttg: c80/250 lr:0.000772 t:10.2s
tttg: c81/250 lr:0.000766 t:10.4s
tttg: c82/250 lr:0.000761 t:11.3s
tttg: c83/250 lr:0.000755 t:11.4s
tttg: c84/250 lr:0.000750 t:11.5s
tttg: c85/250 lr:0.000745 t:11.6s
tttg: c86/250 lr:0.000739 t:11.8s
tttg: c87/250 lr:0.000733 t:11.9s
tttg: c88/250 lr:0.000728 t:12.0s
tttg: c89/250 lr:0.000722 t:12.1s
tttg: c90/250 lr:0.000717 t:12.2s
tttg: c91/250 lr:0.000711 t:12.3s
tttg: c92/250 lr:0.000705 t:12.4s
tttg: c93/250 lr:0.000699 t:12.5s
tttg: c94/250 lr:0.000694 t:12.6s
tttg: c95/250 lr:0.000688 t:12.7s
tttg: c96/250 lr:0.000682 t:12.8s
tttg: c97/250 lr:0.000676 t:12.9s
tttg: c98/250 lr:0.000670 t:13.0s
tttg: c99/250 lr:0.000664 t:13.1s
tttg: c100/250 lr:0.000658 t:13.2s
tttg: c101/250 lr:0.000652 t:13.3s
tttg: c102/250 lr:0.000646 t:13.4s
tttg: c103/250 lr:0.000640 t:13.5s
tttg: c104/250 lr:0.000634 t:13.6s
tttg: c105/250 lr:0.000628 t:13.8s
tttg: c106/250 lr:0.000622 t:13.9s
tttg: c107/250 lr:0.000616 t:14.0s
tttg: c108/250 lr:0.000610 t:14.1s
tttg: c109/250 lr:0.000603 t:14.2s
tttg: c110/250 lr:0.000597 t:14.9s
tttg: c111/250 lr:0.000591 t:15.0s
tttg: c112/250 lr:0.000585 t:15.1s
tttg: c113/250 lr:0.000579 t:15.2s
tttg: c114/250 lr:0.000572 t:15.3s
tttg: c115/250 lr:0.000566 t:15.5s
tttg: c116/250 lr:0.000560 t:15.6s
tttg: c117/250 lr:0.000554 t:15.7s
tttg: c118/250 lr:0.000547 t:15.8s
tttg: c119/250 lr:0.000541 t:15.9s
tttg: c120/250 lr:0.000535 t:16.0s
tttg: c121/250 lr:0.000528 t:16.1s
tttg: c122/250 lr:0.000522 t:16.2s
tttg: c123/250 lr:0.000516 t:16.3s
tttg: c124/250 lr:0.000509 t:16.4s
tttg: c125/250 lr:0.000503 t:16.5s
tttg: c126/250 lr:0.000497 t:16.6s
tttg: c127/250 lr:0.000491 t:16.7s
tttg: c128/250 lr:0.000484 t:16.8s
tttg: c129/250 lr:0.000478 t:16.9s
tttg: c130/250 lr:0.000472 t:17.0s
tttg: c131/250 lr:0.000465 t:17.1s
tttg: c132/250 lr:0.000459 t:17.3s
tttg: c133/250 lr:0.000453 t:17.4s
tttg: c134/250 lr:0.000446 t:17.5s
tttg: c135/250 lr:0.000440 t:17.6s
tttg: c136/250 lr:0.000434 t:17.7s
tttg: c137/250 lr:0.000428 t:17.8s
tttg: c138/250 lr:0.000421 t:17.9s
tttg: c139/250 lr:0.000415 t:18.0s
tttg: c140/250 lr:0.000409 t:18.1s
tttg: c141/250 lr:0.000403 t:18.2s
tttg: c142/250 lr:0.000397 t:18.3s
tttg: c143/250 lr:0.000390 t:18.4s
tttg: c144/250 lr:0.000384 t:18.5s
tttg: c145/250 lr:0.000378 t:18.6s
tttg: c146/250 lr:0.000372 t:18.7s
tttg: c147/250 lr:0.000366 t:18.8s
tttg: c148/250 lr:0.000360 t:18.9s
tttg: c149/250 lr:0.000354 t:19.0s
tttg: c150/250 lr:0.000348 t:19.1s
tttg: c151/250 lr:0.000342 t:19.2s
tttg: c152/250 lr:0.000336 t:19.3s
tttg: c153/250 lr:0.000330 t:19.5s
tttg: c154/250 lr:0.000324 t:19.6s
tttg: c155/250 lr:0.000318 t:19.7s
tttg: c156/250 lr:0.000312 t:19.8s
tttg: c157/250 lr:0.000306 t:19.9s
tttg: c158/250 lr:0.000301 t:20.0s
tttg: c159/250 lr:0.000295 t:20.1s
tttg: c160/250 lr:0.000289 t:20.2s
tttg: c161/250 lr:0.000283 t:20.3s
tttg: c162/250 lr:0.000278 t:20.4s
tttg: c163/250 lr:0.000272 t:20.5s
tttg: c164/250 lr:0.000267 t:20.6s
tttg: c165/250 lr:0.000261 t:20.7s
tttg: c166/250 lr:0.000255 t:20.8s
tttg: c167/250 lr:0.000250 t:20.9s
tttg: c168/250 lr:0.000245 t:21.0s
tttg: c169/250 lr:0.000239 t:21.2s
tttg: c170/250 lr:0.000234 t:21.3s
tttg: c171/250 lr:0.000228 t:21.4s
tttg: c172/250 lr:0.000223 t:21.5s
tttg: c173/250 lr:0.000218 t:21.6s
tttg: c174/250 lr:0.000213 t:21.7s
tttg: c175/250 lr:0.000208 t:21.8s
tttg: c176/250 lr:0.000203 t:21.9s
tttg: c177/250 lr:0.000197 t:22.0s
tttg: c178/250 lr:0.000193 t:22.1s
tttg: c179/250 lr:0.000188 t:22.2s
tttg: c180/250 lr:0.000183 t:22.3s
tttg: c181/250 lr:0.000178 t:22.4s
tttg: c182/250 lr:0.000173 t:22.5s
tttg: c183/250 lr:0.000168 t:22.6s
tttg: c184/250 lr:0.000164 t:22.7s
tttg: c185/250 lr:0.000159 t:22.8s
tttg: c186/250 lr:0.000154 t:23.0s
tttg: c187/250 lr:0.000150 t:23.1s
tttg: c188/250 lr:0.000145 t:23.2s
tttg: c189/250 lr:0.000141 t:23.3s
tttg: c190/250 lr:0.000137 t:23.4s
tttg: c191/250 lr:0.000132 t:23.5s
tttg: c192/250 lr:0.000128 t:23.6s
tttg: c193/250 lr:0.000124 t:23.7s
tttg: c194/250 lr:0.000120 t:23.8s
tttg: c195/250 lr:0.000116 t:23.9s
tttg: c196/250 lr:0.000112 t:24.0s
tttg: c197/250 lr:0.000108 t:24.1s
tttg: c198/250 lr:0.000104 t:24.2s
tttg: c199/250 lr:0.000100 t:24.3s
tttg: c200/250 lr:0.000096 t:24.4s
tttg: c201/250 lr:0.000093 t:24.5s
tttg: c202/250 lr:0.000089 t:24.6s
tttg: c203/250 lr:0.000085 t:24.7s
tttg: c204/250 lr:0.000082 t:24.8s
tttg: c205/250 lr:0.000078 t:24.9s
tttg: c206/250 lr:0.000075 t:25.0s
tttg: c207/250 lr:0.000072 t:25.1s
tttg: c208/250 lr:0.000069 t:25.2s
tttg: c209/250 lr:0.000065 t:25.3s
tttg: c210/250 lr:0.000062 t:25.4s
tttg: c211/250 lr:0.000059 t:25.5s
tttg: c212/250 lr:0.000056 t:25.6s
tttg: c213/250 lr:0.000053 t:25.7s
tttg: c214/250 lr:0.000051 t:25.8s
tttg: c215/250 lr:0.000048 t:25.9s
tttg: c216/250 lr:0.000045 t:26.0s
tttg: c217/250 lr:0.000043 t:26.1s
tttg: c218/250 lr:0.000040 t:26.3s
tttg: c219/250 lr:0.000038 t:26.4s
tttg: c220/250 lr:0.000035 t:26.5s
tttg: c221/250 lr:0.000033 t:26.6s
tttg: c222/250 lr:0.000031 t:26.7s
tttg: c223/250 lr:0.000029 t:26.8s
tttg: c224/250 lr:0.000027 t:26.9s
tttg: c225/250 lr:0.000025 t:27.0s
tttg: c226/250 lr:0.000023 t:27.1s
tttg: c227/250 lr:0.000021 t:27.2s
tttg: c228/250 lr:0.000019 t:27.3s
tttg: c229/250 lr:0.000017 t:27.4s
tttg: c230/250 lr:0.000016 t:27.5s
tttg: c231/250 lr:0.000014 t:27.6s
tttg: c232/250 lr:0.000013 t:27.7s
tttg: c233/250 lr:0.000011 t:27.8s
tttg: c234/250 lr:0.000010 t:27.9s
tttg: c235/250 lr:0.000009 t:28.0s
tttg: c236/250 lr:0.000008 t:28.1s
tttg: c237/250 lr:0.000007 t:28.2s
tttg: c238/250 lr:0.000006 t:28.3s
tttg: c239/250 lr:0.000005 t:28.4s
tttg: c240/250 lr:0.000004 t:28.5s
tttg: c241/250 lr:0.000003 t:28.6s
tttg: c242/250 lr:0.000003 t:28.7s
tttg: c243/250 lr:0.000002 t:28.9s
tttg: c244/250 lr:0.000001 t:29.0s
tttg: c245/250 lr:0.000001 t:29.1s
tttg: c246/250 lr:0.000001 t:29.2s
tttg: c247/250 lr:0.000000 t:29.3s
tttg: c248/250 lr:0.000000 t:29.4s
tttg: c249/250 lr:0.000000 t:29.5s
ttpr: phase:3/3 t:416.3s
ttp: b736/782 bl:2.2480 bb:1.0591 rl:2.2979 rb:1.0607 dl:2526-2550 gd:1
ttp: b735/782 bl:2.3872 bb:1.0983 rl:2.3050 rb:1.0637 dl:2495-2526 gd:1
ttp: b721/782 bl:2.3122 bb:1.0268 rl:2.3054 rb:1.0613 dl:2144-2163 gd:1
ttp: b717/782 bl:2.2557 bb:1.0328 rl:2.3026 rb:1.0596 dl:2070-2088 gd:1
ttp: b708/782 bl:2.3067 bb:1.0318 rl:2.3028 rb:1.0581 dl:1924-1937 gd:1
ttp: b698/782 bl:2.2529 bb:1.0312 rl:2.3005 rb:1.0569 dl:1803-1814 gd:1
ttp: b691/782 bl:2.4523 bb:1.0676 rl:2.3068 rb:1.0574 dl:1725-1737 gd:1
ttp: b682/782 bl:2.3446 bb:1.0580 rl:2.3083 rb:1.0574 dl:1638-1646 gd:1
ttp: b675/782 bl:2.3667 bb:1.0584 rl:2.3104 rb:1.0574 dl:1578-1586 gd:1
ttp: b665/782 bl:2.3308 bb:1.0471 rl:2.3110 rb:1.0571 dl:1500-1507 gd:1
ttp: b658/782 bl:2.2574 bb:1.0219 rl:2.3094 rb:1.0560 dl:1452-1459 gd:1
ttp: b650/782 bl:2.3121 bb:1.0500 rl:2.3095 rb:1.0558 dl:1398-1406 gd:1
ttp: b642/782 bl:2.3215 bb:1.0394 rl:2.3098 rb:1.0554 dl:1349-1356 gd:1
ttp: b633/782 bl:2.2780 bb:1.0235 rl:2.3090 rb:1.0546 dl:1297-1302 gd:1
ttp: b624/782 bl:2.3592 bb:1.0679 rl:2.3102 rb:1.0549 dl:1249-1255 gd:1
ttp: b616/782 bl:2.4002 bb:1.0411 rl:2.3122 rb:1.0546 dl:1205-1211 gd:1
ttp: b608/782 bl:2.3460 bb:1.0779 rl:2.3129 rb:1.0551 dl:1168-1172 gd:1
ttp: b600/782 bl:2.2620 bb:1.0135 rl:2.3119 rb:1.0542 dl:1133-1137 gd:1
ttp: b595/782 bl:2.3530 bb:1.0621 rl:2.3127 rb:1.0544 dl:1110-1115 gd:1
ttp: b586/782 bl:2.2570 bb:1.0320 rl:2.3116 rb:1.0540 dl:1073-1076 gd:1
ttp: b577/782 bl:2.2922 bb:1.0317 rl:2.3113 rb:1.0536 dl:1037-1041 gd:1
ttp: b569/782 bl:2.3087 bb:1.0439 rl:2.3113 rb:1.0534 dl:1007-1010 gd:1
ttp: b561/782 bl:2.2442 bb:1.0123 rl:2.3102 rb:1.0527 dl:979-983 gd:1
ttp: b553/782 bl:2.2848 bb:1.0301 rl:2.3098 rb:1.0524 dl:952-955 gd:1
ttp: b545/782 bl:2.3329 bb:1.0316 rl:2.3101 rb:1.0521 dl:927-930 gd:1
ttp: b537/782 bl:2.3809 bb:1.0739 rl:2.3111 rb:1.0524 dl:902-905 gd:1
ttp: b529/782 bl:2.3119 bb:1.0156 rl:2.3111 rb:1.0519 dl:878-882 gd:1
ttp: b521/782 bl:2.3568 bb:1.0682 rl:2.3117 rb:1.0521 dl:854-858 gd:1
ttp: b513/782 bl:2.3634 bb:1.0375 rl:2.3124 rb:1.0519 dl:832-835 gd:1
ttp: b500/782 bl:2.3225 bb:1.0629 rl:2.3125 rb:1.0520 dl:796-799 gd:1
ttp: b490/782 bl:2.3885 bb:1.0548 rl:2.3134 rb:1.0521 dl:771-773 gd:1
ttp: b482/782 bl:2.3332 bb:1.0489 rl:2.3136 rb:1.0520 dl:752-754 gd:1
ttp: b474/782 bl:2.3407 bb:1.0717 rl:2.3139 rb:1.0522 dl:733-735 gd:1
ttp: b466/782 bl:2.3903 bb:1.0305 rl:2.3146 rb:1.0520 dl:714-717 gd:1
ttp: b458/782 bl:2.2071 bb:1.0236 rl:2.3136 rb:1.0517 dl:697-700 gd:1
ttp: b450/782 bl:2.3669 bb:1.0375 rl:2.3141 rb:1.0516 dl:680-682 gd:1
ttp: b442/782 bl:2.2549 bb:1.0290 rl:2.3135 rb:1.0514 dl:664-666 gd:1
ttp: b434/782 bl:2.3689 bb:1.0517 rl:2.3140 rb:1.0514 dl:647-648 gd:1
ttp: b426/782 bl:2.2544 bb:1.0432 rl:2.3135 rb:1.0513 dl:632-634 gd:1
ttp: b418/782 bl:2.2852 bb:1.0376 rl:2.3133 rb:1.0512 dl:617-618 gd:1
ttp: b410/782 bl:2.3228 bb:1.0199 rl:2.3134 rb:1.0509 dl:601-603 gd:1
ttp: b402/782 bl:2.2406 bb:0.9971 rl:2.3128 rb:1.0505 dl:586-588 gd:1
ttp: b394/782 bl:2.2488 bb:0.9901 rl:2.3123 rb:1.0501 dl:571-573 gd:1
ttp: b386/782 bl:2.3407 bb:1.0992 rl:2.3125 rb:1.0504 dl:557-559 gd:1
ttp: b377/782 bl:2.2269 bb:1.0202 rl:2.3119 rb:1.0502 dl:542-544 gd:1
ttp: b368/782 bl:2.3656 bb:1.1017 rl:2.3123 rb:1.0505 dl:527-528 gd:1
ttp: b360/782 bl:2.3111 bb:1.0812 rl:2.3123 rb:1.0507 dl:513-515 gd:1
ttp: b352/782 bl:2.4255 bb:1.0976 rl:2.3130 rb:1.0510 dl:499-501 gd:1
ttp: b344/782 bl:2.3746 bb:1.0583 rl:2.3134 rb:1.0511 dl:488-489 gd:1
ttp: b313/782 bl:2.2866 bb:1.0774 rl:2.3132 rb:1.0512 dl:440-442 gd:1
ttp: b305/782 bl:2.3406 bb:1.0879 rl:2.3134 rb:1.0514 dl:429-430 gd:1
ttp: b296/782 bl:2.3843 bb:1.0978 rl:2.3137 rb:1.0516 dl:415-417 gd:1
ttp: b286/782 bl:2.3777 bb:1.1091 rl:2.3141 rb:1.0519 dl:400-402 gd:1
ttp: b279/782 bl:2.3160 bb:1.0943 rl:2.3141 rb:1.0521 dl:391-392 gd:1
ttp: b272/782 bl:2.3667 bb:1.0932 rl:2.3143 rb:1.0523 dl:382-383 gd:1
ttp: b265/782 bl:2.3699 bb:1.1027 rl:2.3146 rb:1.0525 dl:372-374 gd:1
ttp: b243/782 bl:2.3602 bb:1.0830 rl:2.3147 rb:1.0526 dl:345-346 gd:1
ttp: b234/782 bl:2.4219 bb:1.1476 rl:2.3152 rb:1.0530 dl:334-335 gd:1
ttp: b226/782 bl:2.3706 bb:1.0995 rl:2.3154 rb:1.0532 dl:324-325 gd:1
ttp: b215/782 bl:2.3956 bb:1.0981 rl:2.3157 rb:1.0533 dl:312-313 gd:1
ttp: b205/782 bl:2.3235 bb:1.1125 rl:2.3157 rb:1.0536 dl:301-302 gd:1
ttp: b197/782 bl:2.3620 bb:1.1165 rl:2.3159 rb:1.0538 dl:292-294 gd:1
ttp: b188/782 bl:2.3497 bb:1.1034 rl:2.3160 rb:1.0539 dl:282-283 gd:1
ttp: b179/782 bl:2.3625 bb:1.1263 rl:2.3161 rb:1.0541 dl:273-274 gd:1
ttp: b171/782 bl:2.4757 bb:1.1416 rl:2.3166 rb:1.0544 dl:266-266 gd:1
ttp: b160/782 bl:2.3845 bb:1.1135 rl:2.3168 rb:1.0546 dl:255-255 gd:1
ttp: b150/782 bl:2.3287 bb:1.1057 rl:2.3169 rb:1.0547 dl:245-246 gd:1
ttp: b142/782 bl:2.3897 bb:1.1123 rl:2.3171 rb:1.0549 dl:237-238 gd:1
ttp: b134/782 bl:2.4242 bb:1.1368 rl:2.3174 rb:1.0551 dl:230-231 gd:1
ttp: b126/782 bl:2.3995 bb:1.1431 rl:2.3176 rb:1.0553 dl:222-223 gd:1
ttp: b118/782 bl:2.4664 bb:1.1258 rl:2.3179 rb:1.0555 dl:215-216 gd:1
ttp: b109/782 bl:2.4918 bb:1.1875 rl:2.3184 rb:1.0558 dl:207-208 gd:1
ttp: b103/782 bl:2.4594 bb:1.1838 rl:2.3187 rb:1.0561 dl:202-202 gd:1
ttp: b93/782 bl:2.4711 bb:1.1852 rl:2.3190 rb:1.0563 dl:192-193 gd:1
ttp: b85/782 bl:2.4965 bb:1.1956 rl:2.3194 rb:1.0566 dl:185-186 gd:1
ttp: b77/782 bl:2.5144 bb:1.2350 rl:2.3198 rb:1.0569 dl:178-179 gd:1
ttp: b68/782 bl:2.5108 bb:1.1718 rl:2.3202 rb:1.0572 dl:170-171 gd:1
ttp: b57/782 bl:2.4643 bb:1.1604 rl:2.3204 rb:1.0573 dl:160-161 gd:1
ttp: b49/782 bl:2.4542 bb:1.1670 rl:2.3207 rb:1.0575 dl:152-153 gd:1
ttp: b39/782 bl:2.4482 bb:1.1851 rl:2.3209 rb:1.0577 dl:142-143 gd:1
ttp: b30/782 bl:2.5960 bb:1.2657 rl:2.3213 rb:1.0580 dl:133-134 gd:1
ttp: b20/782 bl:2.5784 bb:1.2347 rl:2.3216 rb:1.0582 dl:122-123 gd:1
ttp: b10/782 bl:2.6238 bb:1.1755 rl:2.3220 rb:1.0584 dl:107-109 gd:1
ttp: b1/782 bl:2.8421 bb:1.1831 rl:2.3224 rb:1.0585 dl:27-83 gd:1
quantized_ttt_phased val_loss:2.32247803 val_bpb:1.06128183 eval_time:519546ms
total_eval_time:519.5s
